<<<<<<< HEAD
BLOCK00/SES000/SA000S13	SES000	-6.54326
BLOCK00/SES000/SA000S14	SES000	-5.41062
BLOCK00/SES000/SA000S22	SES000	-7.25875
BLOCK00/SES000/SA000S24	SES000	-8.41935
BLOCK00/SES000/SA000S28	SES000	-5.76884
BLOCK00/SES001/SA001S14	SES001	-7.13831
BLOCK00/SES001/SA001S15	SES001	-5.32512
BLOCK00/SES001/SA001S24	SES205	-7.50345
BLOCK00/SES001/SA001S27	SES001	-3.64902
BLOCK00/SES001/SA001S29	SES001	-7.30823
BLOCK00/SES002/SA002S12	SES002	-5.8555
BLOCK00/SES002/SA002S13	SES002	-6.9256
BLOCK00/SES002/SA002S23	SES002	-6.65962
BLOCK00/SES002/SA002S26	SES002	-9.01272
BLOCK00/SES002/SA002S28	SES002	-8.34607
BLOCK00/SES003/SA003S11	SES003	-4.23897
BLOCK00/SES003/SA003S15	SES002	-5.85347
BLOCK00/SES003/SA003S22	SES003	-5.72351
BLOCK00/SES003/SA003S25	SES003	-5.69168
BLOCK00/SES003/SA003S29	SES003	-4.53088
BLOCK00/SES004/SA004S12	SES004	-3.91728
BLOCK00/SES004/SA004S17	SES004	-4.79423
BLOCK00/SES004/SA004S24	SES004	-5.35145
BLOCK00/SES004/SA004S26	SES004	-5.32406
BLOCK00/SES004/SA004S28	SES184	-1.6632
BLOCK00/SES005/SA005S12	SES083	-5.77554
BLOCK00/SES005/SA005S13	SES005	-3.98165
BLOCK00/SES005/SA005S20	SES005	-5.24174
BLOCK00/SES005/SA005S24	SES005	-5.98525
BLOCK00/SES005/SA005S28	SES184	-3.38707
BLOCK00/SES006/SA006S10	SES006	-9.43988
BLOCK00/SES006/SA006S11	SES006	-7.4415
BLOCK00/SES006/SA006S23	SES006	-8.10147
BLOCK00/SES006/SA006S26	SES006	-6.12667
BLOCK00/SES006/SA006S28	SES006	-8.01275
BLOCK00/SES007/SA007S14	SES007	-5.82759
BLOCK00/SES007/SA007S15	SES007	-6.60901
BLOCK00/SES007/SA007S24	SES007	-5.49914
BLOCK00/SES007/SA007S27	SES160	-7.90193
BLOCK00/SES007/SA007S29	SES007	-5.41295
BLOCK00/SES008/SA008S11	SES008	-3.29889
BLOCK00/SES008/SA008S12	SES008	-4.44516
BLOCK00/SES008/SA008S19	SES008	-3.5856
BLOCK00/SES008/SA008S22	SES008	-5.18806
BLOCK00/SES008/SA008S29	SES008	-2.90775
BLOCK00/SES009/SA009S12	SES009	-7.5543
BLOCK00/SES009/SA009S15	SES009	-6.7562
BLOCK00/SES009/SA009S24	SES009	-7.7644
BLOCK00/SES009/SA009S26	SES009	-7.03251
BLOCK00/SES009/SA009S29	SES009	-6.74162
BLOCK01/SES010/SA010S11	SES010	-4.588
BLOCK01/SES010/SA010S12	SES010	-5.83505
BLOCK01/SES010/SA010S20	SES010	-5.99335
BLOCK01/SES010/SA010S24	SES010	-6.86295
BLOCK01/SES010/SA010S29	SES010	-4.9528
BLOCK01/SES011/SA011S10	SES011	-10.377
BLOCK01/SES011/SA011S11	SES011	-8.16853
BLOCK01/SES011/SA011S22	SES011	-8.4295
BLOCK01/SES011/SA011S24	SES011	-8.43385
BLOCK01/SES011/SA011S27	SES011	-7.29044
BLOCK01/SES012/SA012S11	SES012	-5.69841
BLOCK01/SES012/SA012S14	SES012	-7.37344
BLOCK01/SES012/SA012S24	SES012	-10.112
BLOCK01/SES012/SA012S26	SES012	-8.68668
BLOCK01/SES012/SA012S29	SES273	-3.68538
BLOCK01/SES013/SA013S16	SES013	-8.49175
BLOCK01/SES013/SA013S17	SES013	-6.01532
BLOCK01/SES013/SA013S23	SES013	-6.36186
BLOCK01/SES013/SA013S25	SES013	-6.02456
BLOCK01/SES013/SA013S29	SES013	-6.73437
BLOCK01/SES014/SA014S10	SES014	-5.59923
BLOCK01/SES014/SA014S12	SES014	-4.89599
BLOCK01/SES014/SA014S24	SES014	-5.48997
BLOCK01/SES014/SA014S26	SES014	-6.33809
BLOCK01/SES014/SA014S28	SES014	-2.77541
BLOCK01/SES015/SA015S11	SES015	-4.52195
BLOCK01/SES015/SA015S12	SES015	-6.43338
BLOCK01/SES015/SA015S23	SES015	-4.85511
BLOCK01/SES015/SA015S25	SES024	-6.4632
BLOCK01/SES015/SA015S29	SES291	-10.3976
BLOCK01/SES016/SA016S12	SES016	-8.30981
BLOCK01/SES016/SA016S13	SES016	-6.95634
BLOCK01/SES016/SA016S22	SES016	-7.14311
BLOCK01/SES016/SA016S25	SES016	-4.93699
BLOCK01/SES016/SA016S27	SES016	-8.19194
BLOCK01/SES017/SA017S11	SES017	-6.47421
BLOCK01/SES017/SA017S12	SES017	-6.24709
BLOCK01/SES017/SA017S19	SES017	-3.00878
BLOCK01/SES017/SA017S23	SES017	-4.99885
BLOCK01/SES017/SA017S27	SES017	-7.75723
BLOCK01/SES019/SA019S13	SES019	-5.8824
BLOCK01/SES019/SA019S14	SES019	-6.5052
BLOCK01/SES019/SA019S22	SES019	-4.89622
BLOCK01/SES019/SA019S25	SES019	-6.15497
BLOCK01/SES019/SA019S29	SES019	-7.65148
BLOCK02/SES020/SA020S15	SES020	-3.57837
BLOCK02/SES020/SA020S16	SES020	-6.66295
BLOCK02/SES020/SA020S24	SES020	-5.90844
BLOCK02/SES020/SA020S26	SES020	-6.07296
BLOCK02/SES020/SA020S29	SES020	-5.68231
BLOCK02/SES021/SA021S13	SES002	-6.83622
BLOCK02/SES021/SA021S15	SES021	-5.13391
BLOCK02/SES021/SA021S23	SES021	-6.4068
BLOCK02/SES021/SA021S27	SES021	-4.20967
BLOCK02/SES021/SA021S29	SES021	-5.60295
BLOCK02/SES022/SA022S13	SES022	-8.31996
BLOCK02/SES022/SA022S14	SES022	-5.24101
BLOCK02/SES022/SA022S23	SES022	-4.93793
BLOCK02/SES022/SA022S25	SES294	-5.99014
BLOCK02/SES022/SA022S29	SES022	-6.28166
BLOCK02/SES023/SA023S11	SES023	-4.59198
BLOCK02/SES023/SA023S13	SES023	-7.88156
BLOCK02/SES023/SA023S24	SES023	-6.1181
BLOCK02/SES023/SA023S26	SES023	-10.981
BLOCK02/SES023/SA023S28	SES023	-5.59013
BLOCK02/SES024/SA024S10	SES278	-8.70046
BLOCK02/SES024/SA024S11	SES024	-5.74717
BLOCK02/SES024/SA024S19	SES024	-4.71464
BLOCK02/SES024/SA024S26	SES024	-5.61555
BLOCK02/SES024/SA024S28	SES024	-4.16647
BLOCK02/SES025/SA025S10	SES025	-5.52103
BLOCK02/SES025/SA025S13	SES025	-5.58536
BLOCK02/SES025/SA025S21	SES025	-5.30518
BLOCK02/SES025/SA025S24	SES025	-4.40065
BLOCK02/SES025/SA025S29	SES020	-5.50258
BLOCK02/SES026/SA026S12	SES026	-7.64526
BLOCK02/SES026/SA026S13	SES026	-9.04683
BLOCK02/SES026/SA026S21	SES026	-8.19224
BLOCK02/SES026/SA026S26	SES026	-8.43614
BLOCK02/SES026/SA026S28	SES026	-7.66065
BLOCK02/SES027/SA027S11	SES027	-3.77511
BLOCK02/SES027/SA027S12	SES025	-4.85809
BLOCK02/SES027/SA027S21	SES027	-5.27265
BLOCK02/SES027/SA027S23	SES002	-6.36486
BLOCK02/SES027/SA027S25	SES027	-3.11912
BLOCK02/SES029/SA029S11	SES029	-4.69285
BLOCK02/SES029/SA029S12	SES029	-6.61461
BLOCK02/SES029/SA029S20	SES029	-3.93617
BLOCK02/SES029/SA029S25	SES029	-5.99878
BLOCK02/SES029/SA029S28	SES029	-5.96049
BLOCK04/SES040/SA040S08	SES040	-5.87766
BLOCK04/SES040/SA040S09	SES040	-5.00775
BLOCK04/SES040/SA040S20	SES040	-5.64672
BLOCK04/SES040/SA040S23	SES040	-5.58333
BLOCK04/SES040/SA040S27	SES040	-6.78384
BLOCK04/SES042/SA042S12	SES042	-5.62602
BLOCK04/SES042/SA042S15	SES042	-6.28452
BLOCK04/SES042/SA042S22	SES042	-9.74638
BLOCK04/SES042/SA042S25	SES042	-8.42858
BLOCK04/SES042/SA042S27	SES042	-8.95185
BLOCK04/SES043/SA043S09	SES043	-7.4987
BLOCK04/SES043/SA043S11	SES043	-3.98457
BLOCK04/SES043/SA043S23	SES043	-4.75205
BLOCK04/SES043/SA043S26	SES043	-9.24049
BLOCK04/SES043/SA043S28	SES043	-6.87786
BLOCK04/SES044/SA044S10	SES044	-8.13326
BLOCK04/SES044/SA044S11	SES044	-7.03922
BLOCK04/SES044/SA044S24	SES044	-7.02954
BLOCK04/SES044/SA044S26	SES044	-3.81094
BLOCK04/SES044/SA044S29	SES044	-5.97762
BLOCK04/SES045/SA045S11	SES045	-5.47054
BLOCK04/SES045/SA045S13	SES045	-4.6615
BLOCK04/SES045/SA045S22	SES045	-6.52287
BLOCK04/SES045/SA045S25	SES045	-5.93005
BLOCK04/SES045/SA045S29	SES045	-8.65761
BLOCK04/SES046/SA046S13	SES046	-7.6722
BLOCK04/SES046/SA046S15	SES133	-4.66585
BLOCK04/SES046/SA046S22	SES046	-6.56479
BLOCK04/SES046/SA046S25	SES046	-4.24818
BLOCK04/SES046/SA046S28	SES102	-5.93489
BLOCK04/SES047/SA047S10	SES047	-6.7004
BLOCK04/SES047/SA047S11	SES047	-4.15379
BLOCK04/SES047/SA047S22	SES047	-4.87158
BLOCK04/SES047/SA047S24	SES047	-7.69986
BLOCK04/SES047/SA047S27	SES047	-5.56655
BLOCK04/SES048/SA048S11	SES048	-4.52441
BLOCK04/SES048/SA048S12	SES048	-6.69559
BLOCK04/SES048/SA048S20	SES048	-5.80936
BLOCK04/SES048/SA048S23	SES048	-4.30273
BLOCK04/SES048/SA048S27	SES101	-6.94173
BLOCK04/SES049/SA049S16	SES049	-8.04748
BLOCK04/SES049/SA049S18	SES131	-7.21842
BLOCK04/SES049/SA049S25	SES049	-7.18729
BLOCK04/SES049/SA049S27	SES049	-1.5677
BLOCK04/SES049/SA049S29	SES049	-3.36394
BLOCK06/SES060/SA060S11	SES060	-6.52546
BLOCK06/SES060/SA060S12	SES022	-8.60849
BLOCK06/SES060/SA060S22	SES085	-7.95815
BLOCK06/SES060/SA060S24	SES060	-4.16236
BLOCK06/SES060/SA060S28	SES060	-3.16293
BLOCK06/SES061/SA061S10	SES061	-9.54187
BLOCK06/SES061/SA061S11	SES061	-8.56371
BLOCK06/SES061/SA061S18	SES061	-11.9435
BLOCK06/SES061/SA061S23	SES061	-9.31003
BLOCK06/SES061/SA061S26	SES061	-7.39245
BLOCK06/SES062/SA062S10	SES290	-6.58726
BLOCK06/SES062/SA062S11	SES221	-7.84132
BLOCK06/SES062/SA062S21	SES062	-3.05357
BLOCK06/SES062/SA062S26	SES062	-5.51396
BLOCK06/SES062/SA062S29	SES062	-4.25902
BLOCK06/SES063/SA063S09	SES063	-7.70131
BLOCK06/SES063/SA063S10	SES063	-7.17774
BLOCK06/SES063/SA063S20	SES063	-7.75772
BLOCK06/SES063/SA063S24	SES063	-8.15553
BLOCK06/SES063/SA063S27	SES063	-8.24301
BLOCK06/SES064/SA064S12	SES064	-7.00641
BLOCK06/SES064/SA064S14	SES064	-5.20855
BLOCK06/SES064/SA064S22	SES064	-5.35613
BLOCK06/SES064/SA064S26	SES064	-4.45421
BLOCK06/SES064/SA064S29	SES064	-4.3632
BLOCK06/SES065/SA065S11	SES065	-6.0479
BLOCK06/SES065/SA065S13	SES065	-5.74797
BLOCK06/SES065/SA065S22	SES065	-5.40525
BLOCK06/SES065/SA065S24	SES085	-5.81689
BLOCK06/SES065/SA065S29	SES065	-8.31116
BLOCK06/SES066/SA066S13	SES021	-11.256
BLOCK06/SES066/SA066S14	SES066	-6.05053
BLOCK06/SES066/SA066S21	SES066	-2.7552
BLOCK06/SES066/SA066S25	SES066	-5.63046
BLOCK06/SES066/SA066S29	SES066	-7.98854
BLOCK06/SES067/SA067S12	SES067	-4.88861
BLOCK06/SES067/SA067S14	SES067	-1.90704
BLOCK06/SES067/SA067S21	SES067	-6.48504
BLOCK06/SES067/SA067S25	SES067	-6.83571
BLOCK06/SES067/SA067S29	SES067	-6.78347
BLOCK06/SES068/SA068S14	SES068	-5.90196
BLOCK06/SES068/SA068S15	SES068	-5.65605
BLOCK06/SES068/SA068S23	SES068	-6.41289
BLOCK06/SES068/SA068S27	SES068	-5.23295
BLOCK06/SES068/SA068S29	SES068	-6.85571
BLOCK06/SES069/SA069S12	SES069	-4.14805
BLOCK06/SES069/SA069S13	SES069	-3.21157
BLOCK06/SES069/SA069S23	SES069	-1.62706
BLOCK06/SES069/SA069S25	SES020	-4.43841
BLOCK06/SES069/SA069S27	SES069	-5.47094
BLOCK08/SES080/SA080S11	SES080	-8.07351
BLOCK08/SES080/SA080S12	SES080	-7.23585
BLOCK08/SES080/SA080S21	SES080	-7.36212
BLOCK08/SES080/SA080S25	SES080	-8.04932
BLOCK08/SES080/SA080S28	SES023	-10.3173
BLOCK08/SES081/SA081S11	SES081	-7.61797
BLOCK08/SES081/SA081S13	SES081	-5.56013
BLOCK08/SES081/SA081S24	SES081	-6.47212
BLOCK08/SES081/SA081S27	SES081	-10.5075
BLOCK08/SES081/SA081S29	SES081	-9.66321
BLOCK08/SES082/SA082S12	SES157	-5.91639
BLOCK08/SES082/SA082S14	SES082	-5.67589
BLOCK08/SES082/SA082S21	SES082	-5.3396
BLOCK08/SES082/SA082S24	SES082	-6.80615
BLOCK08/SES082/SA082S28	SES082	-7.06333
BLOCK08/SES083/SA083S14	SES275	-4.86873
BLOCK08/SES083/SA083S15	SES083	-6.5024
BLOCK08/SES083/SA083S24	SES083	-6.49861
BLOCK08/SES083/SA083S26	SES083	-8.62318
BLOCK08/SES083/SA083S29	SES083	-7.19922
BLOCK08/SES084/SA084S14	SES084	-6.9641
BLOCK08/SES084/SA084S15	SES084	-5.2618
BLOCK08/SES084/SA084S22	SES084	-4.7139
BLOCK08/SES084/SA084S27	SES084	-5.61774
BLOCK08/SES084/SA084S29	SES084	-5.84772
BLOCK08/SES085/SA085S10	SES085	-4.10119
BLOCK08/SES085/SA085S13	SES016	-7.78508
BLOCK08/SES085/SA085S22	SES085	-4.51858
BLOCK08/SES085/SA085S26	SES068	-7.78889
BLOCK08/SES085/SA085S28	SES085	-4.76778
BLOCK08/SES086/SA086S11	SES279	-9.30789
BLOCK08/SES086/SA086S12	SES086	-7.04245
BLOCK08/SES086/SA086S20	SES086	-7.01825
BLOCK08/SES086/SA086S24	SES086	-7.29973
BLOCK08/SES086/SA086S28	SES086	-4.72837
BLOCK08/SES087/SA087S15	SES087	-6.09163
BLOCK08/SES087/SA087S16	SES087	-4.97879
BLOCK08/SES087/SA087S24	SES278	-9.10806
BLOCK08/SES087/SA087S26	SES087	-5.96818
BLOCK08/SES087/SA087S29	SES087	-4.2009
BLOCK08/SES088/SA088S15	SES088	-7.65286
BLOCK08/SES088/SA088S17	SES088	-8.40055
BLOCK08/SES088/SA088S24	SES088	-6.93564
BLOCK08/SES088/SA088S27	SES088	-6.79915
BLOCK08/SES088/SA088S29	SES081	-7.74033
BLOCK08/SES089/SA089S13	SES089	-7.20835
BLOCK08/SES089/SA089S14	SES066	-6.95513
BLOCK08/SES089/SA089S23	SES089	-9.27984
BLOCK08/SES089/SA089S25	SES089	-5.85724
BLOCK08/SES089/SA089S28	SES089	-5.45713
BLOCK09/SES097/SA097S11	SES097	-4.3713
BLOCK09/SES097/SA097S14	SES097	-4.12748
BLOCK09/SES097/SA097S22	SES097	-5.22879
BLOCK09/SES097/SA097S26	SES097	-4.77265
BLOCK09/SES097/SA097S28	SES097	-4.99702
BLOCK09/SES098/SA098S11	SES098	-5.97366
BLOCK09/SES098/SA098S12	SES098	-8.43183
BLOCK09/SES098/SA098S20	SES098	-9.08953
BLOCK09/SES098/SA098S23	SES098	-7.67314
BLOCK09/SES098/SA098S27	SES098	-8.67311
BLOCK09/SES099/SA099S15	SES099	-6.91593
BLOCK09/SES099/SA099S16	SES099	-3.97258
BLOCK09/SES099/SA099S24	SES099	-5.12407
BLOCK09/SES099/SA099S26	SES099	-6.15053
BLOCK09/SES099/SA099S29	SES099	-6.38699
BLOCK10/SES100/SA100S13	SES100	-6.54789
BLOCK10/SES100/SA100S14	SES100	-9.73673
BLOCK10/SES100/SA100S24	SES100	-7.23678
BLOCK10/SES100/SA100S27	SES100	-7.52176
BLOCK10/SES100/SA100S29	SES104	-7.54987
BLOCK10/SES101/SA101S11	SES101	-5.99464
BLOCK10/SES101/SA101S13	SES101	-2.30316
BLOCK10/SES101/SA101S22	SES101	-5.90528
BLOCK10/SES101/SA101S24	SES101	-5.80256
BLOCK10/SES101/SA101S28	SES101	-5.29033
BLOCK10/SES102/SA102S13	SES103	-9.38715
BLOCK10/SES102/SA102S14	SES098	-5.23041
BLOCK10/SES102/SA102S22	SES102	-6.88451
BLOCK10/SES102/SA102S25	SES102	-6.8473
BLOCK10/SES102/SA102S27	SES102	-5.10737
BLOCK10/SES103/SA103S14	SES103	-10.3454
BLOCK10/SES103/SA103S15	SES103	-9.45498
BLOCK10/SES103/SA103S24	SES103	-6.09297
BLOCK10/SES103/SA103S26	SES103	-7.179
BLOCK10/SES103/SA103S28	SES103	-7.96601
BLOCK10/SES104/SA104S11	SES104	-4.71749
BLOCK10/SES104/SA104S12	SES104	-5.84296
BLOCK10/SES104/SA104S21	SES104	-5.23735
BLOCK10/SES104/SA104S24	SES012	-8.80356
BLOCK10/SES104/SA104S28	SES104	-8.12916
BLOCK10/SES105/SA105S12	SES105	-6.75878
BLOCK10/SES105/SA105S13	SES105	-6.7161
BLOCK10/SES105/SA105S22	SES105	-6.74565
BLOCK10/SES105/SA105S26	SES048	-7.96238
BLOCK10/SES105/SA105S29	SES105	-4.68359
BLOCK10/SES106/SA106S09	SES106	-8.61568
BLOCK10/SES106/SA106S11	SES106	-6.00902
BLOCK10/SES106/SA106S22	SES106	-8.68904
BLOCK10/SES106/SA106S27	SES106	-5.48659
BLOCK10/SES106/SA106S29	SES106	-6.26765
BLOCK10/SES107/SA107S08	SES107	-4.97369
BLOCK10/SES107/SA107S09	SES107	-7.84332
BLOCK10/SES107/SA107S20	SES107	-8.00443
BLOCK10/SES107/SA107S24	SES107	-6.85879
BLOCK10/SES107/SA107S28	SES107	-7.24405
BLOCK10/SES108/SA108S13	SES108	-8.59524
BLOCK10/SES108/SA108S14	SES108	-6.5338
BLOCK10/SES108/SA108S24	SES108	-7.03184
BLOCK10/SES108/SA108S27	SES108	-6.99448
BLOCK10/SES108/SA108S29	SES108	-11.2462
BLOCK10/SES109/SA109S14	SES146	-8.93262
BLOCK10/SES109/SA109S15	SES177	-6.97808
BLOCK10/SES109/SA109S21	SES109	-9.00829
BLOCK10/SES109/SA109S25	SES109	-9.0433
BLOCK10/SES109/SA109S28	SES109	-8.65949
BLOCK11/SES117/SA117S12	SES117	-7.03094
BLOCK11/SES117/SA117S13	SES117	-5.82081
BLOCK11/SES117/SA117S23	SES117	-8.64704
BLOCK11/SES117/SA117S25	SES117	-6.44211
BLOCK11/SES117/SA117S28	SES117	-8.42093
BLOCK11/SES118/SA118S14	SES118	-5.32329
BLOCK11/SES118/SA118S16	SES118	-5.51248
BLOCK11/SES118/SA118S23	SES068	-5.81071
BLOCK11/SES118/SA118S26	SES118	-6.28288
BLOCK11/SES118/SA118S29	SES144	-8.22471
BLOCK11/SES119/SA119S10	SES119	-3.60934
BLOCK11/SES119/SA119S12	SES119	-4.20078
BLOCK11/SES119/SA119S19	SES119	-2.9795
BLOCK11/SES119/SA119S22	SES119	-6.36911
BLOCK11/SES119/SA119S27	SES119	-5.84811
BLOCK12/SES120/SA120S08	SES120	-9.14476
BLOCK12/SES120/SA120S11	SES120	-12.7369
BLOCK12/SES120/SA120S22	SES120	-6.20749
BLOCK12/SES120/SA120S24	SES120	-10.443
BLOCK12/SES120/SA120S28	SES120	-9.31535
BLOCK12/SES121/SA121S12	SES121	-6.25737
BLOCK12/SES121/SA121S14	SES121	-10.2721
BLOCK12/SES121/SA121S23	SES121	-7.27465
BLOCK12/SES121/SA121S25	SES121	-9.37684
BLOCK12/SES121/SA121S27	SES121	-9.57146
BLOCK12/SES122/SA122S11	SES122	-9.46638
BLOCK12/SES122/SA122S13	SES122	-9.88585
BLOCK12/SES122/SA122S22	SES122	-8.74796
BLOCK12/SES122/SA122S24	SES122	-7.35005
BLOCK12/SES122/SA122S27	SES122	-8.23238
BLOCK12/SES123/SA123S10	SES123	-6.71194
BLOCK12/SES123/SA123S12	SES123	-6.41207
BLOCK12/SES123/SA123S23	SES123	-6.95103
BLOCK12/SES123/SA123S26	SES123	-6.12768
BLOCK12/SES123/SA123S29	SES123	-6.03543
BLOCK12/SES124/SA124S16	SES124	-6.00967
BLOCK12/SES124/SA124S17	SES124	-8.08951
BLOCK12/SES124/SA124S23	SES124	-3.08097
BLOCK12/SES124/SA124S26	SES124	-5.65424
BLOCK12/SES124/SA124S28	SES124	-4.46804
BLOCK12/SES125/SA125S13	SES125	-8.61441
BLOCK12/SES125/SA125S14	SES125	-9.68538
BLOCK12/SES125/SA125S25	SES125	-7.16099
BLOCK12/SES125/SA125S27	SES125	-7.55244
BLOCK12/SES125/SA125S29	SES125	-5.9576
BLOCK12/SES126/SA126S13	SES126	-8.08952
BLOCK12/SES126/SA126S14	SES126	-6.73026
BLOCK12/SES126/SA126S20	SES126	-3.80508
BLOCK12/SES126/SA126S24	SES126	-5.2573
BLOCK12/SES126/SA126S26	SES126	-4.81167
BLOCK12/SES127/SA127S11	SES127	-4.98487
BLOCK12/SES127/SA127S12	SES127	-2.62204
BLOCK12/SES127/SA127S23	SES127	-4.19666
BLOCK12/SES127/SA127S25	SES276	-4.10693
BLOCK12/SES127/SA127S27	SES127	-4.11133
BLOCK12/SES128/SA128S10	SES128	-5.83401
BLOCK12/SES128/SA128S12	SES012	-8.19355
BLOCK12/SES128/SA128S21	SES128	-6.87012
BLOCK12/SES128/SA128S24	SES128	-7.65309
BLOCK12/SES128/SA128S27	SES128	-6.89702
BLOCK12/SES129/SA129S11	SES129	-3.91993
BLOCK12/SES129/SA129S12	SES129	-3.60446
BLOCK12/SES129/SA129S22	SES129	-4.0204
BLOCK12/SES129/SA129S27	SES129	-3.62822
BLOCK12/SES129/SA129S29	SES129	-8.2782
BLOCK13/SES130/SA130S13	SES102	-7.44959
BLOCK13/SES130/SA130S15	SES130	-5.31456
BLOCK13/SES130/SA130S23	SES130	-4.49438
BLOCK13/SES130/SA130S25	SES119	-3.24669
BLOCK13/SES130/SA130S28	SES119	-6.16519
BLOCK13/SES131/SA131S13	SES131	-6.04992
BLOCK13/SES131/SA131S14	SES131	-1.39852
BLOCK13/SES131/SA131S20	SES131	-7.59892
BLOCK13/SES131/SA131S22	SES131	-5.67083
BLOCK13/SES131/SA131S29	SES131	-8.62361
BLOCK13/SES132/SA132S11	SES132	-9.02926
BLOCK13/SES132/SA132S12	SES132	-5.66104
BLOCK13/SES132/SA132S22	SES132	-6.92111
BLOCK13/SES132/SA132S24	SES132	-5.60725
BLOCK13/SES132/SA132S27	SES209	-8.29371
BLOCK13/SES133/SA133S12	SES133	-5.8264
BLOCK13/SES133/SA133S14	SES133	-2.75912
BLOCK13/SES133/SA133S22	SES133	-3.44633
BLOCK13/SES133/SA133S24	SES144	-6.78424
BLOCK13/SES133/SA133S28	SES133	-2.88582
BLOCK14/SES140/SA140S10	SES169	-7.53428
BLOCK14/SES140/SA140S13	SES170	-5.4964
BLOCK14/SES140/SA140S20	SES140	-4.24517
BLOCK14/SES140/SA140S22	SES140	-5.62023
BLOCK14/SES140/SA140S28	SES169	-5.58627
BLOCK14/SES141/SA141S09	SES141	-5.47939
BLOCK14/SES141/SA141S15	SES141	-6.04197
BLOCK14/SES141/SA141S24	SES141	-7.46964
BLOCK14/SES141/SA141S26	SES141	-7.5702
BLOCK14/SES141/SA141S29	SES141	-5.78941
BLOCK14/SES142/SA142S11	SES142	-4.54271
BLOCK14/SES142/SA142S12	SES142	-8.454
BLOCK14/SES142/SA142S24	SES142	-7.39797
BLOCK14/SES142/SA142S27	SES142	-7.18724
BLOCK14/SES142/SA142S29	SES142	-6.89044
BLOCK14/SES143/SA143S12	SES143	-5.68451
BLOCK14/SES143/SA143S13	SES143	-5.3608
BLOCK14/SES143/SA143S23	SES143	-5.94316
BLOCK14/SES143/SA143S25	SES143	-7.9663
BLOCK14/SES143/SA143S28	SES143	-7.26112
BLOCK14/SES144/SA144S09	SES144	-5.19268
BLOCK14/SES144/SA144S11	SES144	-5.438
BLOCK14/SES144/SA144S21	SES144	-5.37838
BLOCK14/SES144/SA144S25	SES144	-5.24817
BLOCK14/SES144/SA144S29	SES160	-7.00497
BLOCK14/SES145/SA145S12	SES145	-3.79943
BLOCK14/SES145/SA145S13	SES145	-3.64195
BLOCK14/SES145/SA145S23	SES145	-5.73882
BLOCK14/SES145/SA145S25	SES145	-2.91788
BLOCK14/SES145/SA145S28	SES145	-3.79355
BLOCK14/SES146/SA146S14	SES146	-6.49962
BLOCK14/SES146/SA146S15	SES146	-7.66471
BLOCK14/SES146/SA146S24	SES146	-7.00327
BLOCK14/SES146/SA146S26	SES146	-6.4593
BLOCK14/SES146/SA146S29	SES146	-8.0221
BLOCK14/SES147/SA147S11	SES147	-6.9171
BLOCK14/SES147/SA147S13	SES147	-4.14568
BLOCK14/SES147/SA147S23	SES147	-5.15245
BLOCK14/SES147/SA147S26	SES147	-4.58765
BLOCK14/SES147/SA147S28	SES147	-3.09638
BLOCK14/SES148/SA148S10	SES148	-4.27645
BLOCK14/SES148/SA148S12	SES148	-5.66011
BLOCK14/SES148/SA148S22	SES148	-3.94417
BLOCK14/SES148/SA148S26	SES157	-3.07838
BLOCK14/SES148/SA148S29	SES148	-6.85609
BLOCK14/SES149/SA149S13	SES271	-4.97819
BLOCK14/SES149/SA149S14	SES149	-4.42311
BLOCK14/SES149/SA149S24	SES149	-5.10313
BLOCK14/SES149/SA149S26	SES149	-5.64778
BLOCK14/SES149/SA149S28	SES149	-1.42274
BLOCK15/SES157/SA157S08	SES157	-4.98946
BLOCK15/SES157/SA157S11	SES157	-5.90252
BLOCK15/SES157/SA157S21	SES157	-3.40504
BLOCK15/SES157/SA157S24	SES157	-6.28838
BLOCK15/SES157/SA157S26	SES157	-5.02501
BLOCK15/SES158/SA158S13	SES158	-7.94684
BLOCK15/SES158/SA158S14	SES158	-8.76351
BLOCK15/SES158/SA158S23	SES158	-6.50127
BLOCK15/SES158/SA158S26	SES158	-8.4876
BLOCK15/SES158/SA158S28	SES158	-7.8708
BLOCK15/SES159/SA159S10	SES159	-8.00444
BLOCK15/SES159/SA159S12	SES159	-8.18625
BLOCK15/SES159/SA159S22	SES159	-8.69106
BLOCK15/SES159/SA159S25	SES159	-6.60171
BLOCK15/SES159/SA159S28	SES159	-7.52426
BLOCK16/SES160/SA160S12	SES005	-6.3145
BLOCK16/SES160/SA160S14	SES160	-8.76356
BLOCK16/SES160/SA160S24	SES160	-12.5318
BLOCK16/SES160/SA160S26	SES160	-7.46964
BLOCK16/SES160/SA160S28	SES160	-8.99689
BLOCK16/SES161/SA161S10	SES161	-6.627
BLOCK16/SES161/SA161S12	SES161	-7.60329
BLOCK16/SES161/SA161S20	SES161	-9.41968
BLOCK16/SES161/SA161S23	SES161	-7.99151
BLOCK16/SES161/SA161S28	SES161	-8.96716
BLOCK16/SES162/SA162S10	SES162	-7.31119
BLOCK16/SES162/SA162S11	SES162	-4.52927
BLOCK16/SES162/SA162S21	SES162	-4.86667
BLOCK16/SES162/SA162S24	SES162	-4.45976
BLOCK16/SES162/SA162S27	SES162	-7.47327
BLOCK16/SES163/SA163S11	SES163	-7.6964
BLOCK16/SES163/SA163S13	SES163	-4.41311
BLOCK16/SES163/SA163S22	SES163	-7.83915
BLOCK16/SES163/SA163S25	SES163	-5.79854
BLOCK16/SES163/SA163S27	SES163	-7.60023
BLOCK16/SES164/SA164S11	SES164	-2.60218
BLOCK16/SES164/SA164S13	SES164	-4.33795
BLOCK16/SES164/SA164S24	SES164	-3.29517
BLOCK16/SES164/SA164S27	SES164	-3.73054
BLOCK16/SES164/SA164S29	SES164	-3.27568
BLOCK16/SES165/SA165S08	SES165	-2.16191
BLOCK16/SES165/SA165S09	SES165	-6.35852
BLOCK16/SES165/SA165S21	SES165	-9.18218
BLOCK16/SES165/SA165S23	SES165	-6.38239
BLOCK16/SES165/SA165S26	SES165	-6.53783
BLOCK16/SES166/SA166S12	SES166	-7.16845
BLOCK16/SES166/SA166S14	SES166	-7.78181
BLOCK16/SES166/SA166S23	SES147	-6.60667
BLOCK16/SES166/SA166S25	SES166	-6.13857
BLOCK16/SES166/SA166S27	SES166	-7.6294
BLOCK16/SES167/SA167S14	SES167	-3.34158
BLOCK16/SES167/SA167S15	SES167	-2.42532
BLOCK16/SES167/SA167S21	SES167	-2.01205
BLOCK16/SES167/SA167S25	SES167	-3.56674
BLOCK16/SES167/SA167S29	SES167	-1.0996
BLOCK16/SES168/SA168S10	SES168	-2.6337
BLOCK16/SES168/SA168S11	SES168	-3.63743
BLOCK16/SES168/SA168S21	SES168	-4.99485
BLOCK16/SES168/SA168S25	SES168	-2.8849
BLOCK16/SES168/SA168S28	SES168	-3.77085
BLOCK16/SES169/SA169S13	SES169	-8.13542
BLOCK16/SES169/SA169S14	SES169	-4.26688
BLOCK16/SES169/SA169S24	SES169	-6.5502
BLOCK16/SES169/SA169S27	SES169	-6.46367
BLOCK16/SES169/SA169S29	SES169	-4.23781
BLOCK17/SES170/SA170S09	SES170	-3.86524
BLOCK17/SES170/SA170S10	SES170	-4.8927
BLOCK17/SES170/SA170S22	SES170	-5.39522
BLOCK17/SES170/SA170S24	SES170	-4.16841
BLOCK17/SES170/SA170S28	SES170	-6.79463
BLOCK17/SES171/SA171S12	SES171	-6.56156
BLOCK17/SES171/SA171S15	SES171	-6.09462
BLOCK17/SES171/SA171S22	SES184	-3.7152
BLOCK17/SES171/SA171S25	SES171	-8.12506
BLOCK17/SES171/SA171S27	SES171	-7.17939
BLOCK17/SES172/SA172S12	SES172	-6.60696
BLOCK17/SES172/SA172S13	SES172	-6.92704
BLOCK17/SES172/SA172S23	SES172	-4.1442
BLOCK17/SES172/SA172S27	SES172	-7.668
BLOCK17/SES172/SA172S29	SES172	-4.81359
BLOCK17/SES173/SA173S13	SES173	-5.80347
BLOCK17/SES173/SA173S14	SES173	-5.64518
BLOCK17/SES173/SA173S24	SES173	-6.56361
BLOCK17/SES173/SA173S27	SES173	-7.00643
BLOCK17/SES173/SA173S29	SES173	-3.6707
BLOCK17/SES175/SA175S11	SES175	-7.4623
BLOCK17/SES175/SA175S13	SES175	-2.2271
BLOCK17/SES175/SA175S23	SES175	-4.07796
BLOCK17/SES175/SA175S25	SES175	-6.36514
BLOCK17/SES175/SA175S28	SES175	-5.38806
BLOCK17/SES177/SA177S15	SES177	-6.85703
BLOCK17/SES177/SA177S17	SES177	-6.95553
BLOCK17/SES177/SA177S23	SES177	-6.7149
BLOCK17/SES177/SA177S26	SES177	-3.50991
BLOCK17/SES177/SA177S28	SES083	-7.88889
BLOCK18/SES180/SA180S13	SES180	-8.77615
BLOCK18/SES180/SA180S15	SES180	-4.67875
BLOCK18/SES180/SA180S24	SES180	-4.49987
BLOCK18/SES180/SA180S26	SES083	-6.30661
BLOCK18/SES180/SA180S29	SES180	-8.19359
BLOCK18/SES182/SA182S10	SES182	-6.24396
BLOCK18/SES182/SA182S12	SES182	-7.22036
BLOCK18/SES182/SA182S21	SES182	-8.1012
BLOCK18/SES182/SA182S23	SES182	-9.74069
BLOCK18/SES182/SA182S25	SES182	-7.08459
BLOCK18/SES183/SA183S13	SES183	-5.93187
BLOCK18/SES183/SA183S14	SES183	-6.08072
BLOCK18/SES183/SA183S24	SES183	-7.49591
BLOCK18/SES183/SA183S27	SES183	-6.58257
BLOCK18/SES183/SA183S29	SES183	-4.83036
BLOCK18/SES184/SA184S12	SES184	-5.29853
BLOCK18/SES184/SA184S13	SES184	-6.54645
BLOCK18/SES184/SA184S22	SES184	-5.98447
BLOCK18/SES184/SA184S25	SES184	-4.74835
BLOCK18/SES184/SA184S27	SES184	-5.07037
BLOCK18/SES185/SA185S12	SES290	-6.28612
BLOCK18/SES185/SA185S13	SES185	-6.96474
BLOCK18/SES185/SA185S23	SES185	-5.41913
BLOCK18/SES185/SA185S27	SES185	-6.06717
BLOCK18/SES185/SA185S29	SES185	-7.32372
BLOCK18/SES186/SA186S14	SES186	-7.66627
BLOCK18/SES186/SA186S15	SES186	-7.86545
BLOCK18/SES186/SA186S23	SES186	-3.90229
BLOCK18/SES186/SA186S26	SES186	-6.928
BLOCK18/SES186/SA186S28	SES186	-7.70197
BLOCK18/SES187/SA187S13	SES187	-7.87205
BLOCK18/SES187/SA187S14	SES187	-8.01007
BLOCK18/SES187/SA187S24	SES187	-7.23038
BLOCK18/SES187/SA187S27	SES187	-6.5787
BLOCK18/SES187/SA187S29	SES187	-9.21828
BLOCK18/SES188/SA188S10	SES188	-5.29217
BLOCK18/SES188/SA188S14	SES188	-4.81462
BLOCK18/SES188/SA188S22	SES171	-7.98742
BLOCK18/SES188/SA188S24	SES159	-8.43923
BLOCK18/SES188/SA188S26	SES188	-8.02265
BLOCK18/SES189/SA189S10	SES189	-7.27976
BLOCK18/SES189/SA189S13	SES189	-11.1243
BLOCK18/SES189/SA189S24	SES189	-6.92069
BLOCK18/SES189/SA189S26	SES189	-7.56838
BLOCK18/SES189/SA189S29	SES189	-6.65355
BLOCK20/SES200/SA200S10	SES200	-2.11212
BLOCK20/SES200/SA200S11	SES200	-2.64762
BLOCK20/SES200/SA200S20	SES200	-4.39033
BLOCK20/SES200/SA200S25	SES200	-2.73191
BLOCK20/SES200/SA200S29	SES200	-6.55568
BLOCK20/SES201/SA201S12	SES201	-6.98919
BLOCK20/SES201/SA201S15	SES201	-6.34427
BLOCK20/SES201/SA201S23	SES201	-8.72221
BLOCK20/SES201/SA201S25	SES201	-3.0714
BLOCK20/SES201/SA201S29	SES201	-8.54067
BLOCK20/SES202/SA202S12	SES202	-8.779
BLOCK20/SES202/SA202S14	SES202	-7.61594
BLOCK20/SES202/SA202S24	SES202	-8.39249
BLOCK20/SES202/SA202S27	SES202	-5.39308
BLOCK20/SES202/SA202S29	SES202	-5.94664
BLOCK20/SES203/SA203S10	SES203	-8.18094
BLOCK20/SES203/SA203S11	SES203	-6.9903
BLOCK20/SES203/SA203S22	SES162	-8.59645
BLOCK20/SES203/SA203S24	SES004	-3.45269
BLOCK20/SES203/SA203S27	SES203	-5.62133
BLOCK20/SES204/SA204S12	SES204	-5.22732
BLOCK20/SES204/SA204S14	SES204	-3.66348
BLOCK20/SES204/SA204S22	SES204	-5.74617
BLOCK20/SES204/SA204S25	SES204	-5.73865
BLOCK20/SES204/SA204S27	SES204	-5.62393
BLOCK20/SES205/SA205S12	SES205	-6.79256
BLOCK20/SES205/SA205S13	SES205	-7.27738
BLOCK20/SES205/SA205S21	SES205	-9.00515
BLOCK20/SES205/SA205S24	SES205	-7.78618
BLOCK20/SES205/SA205S26	SES205	-3.16474
BLOCK20/SES206/SA206S15	SES023	-4.81096
BLOCK20/SES206/SA206S17	SES206	-6.76616
BLOCK20/SES206/SA206S24	SES206	-5.24969
BLOCK20/SES206/SA206S27	SES206	-7.5778
BLOCK20/SES206/SA206S29	SES206	-7.77642
BLOCK20/SES207/SA207S10	SES207	-6.01803
BLOCK20/SES207/SA207S11	SES207	-4.29951
BLOCK20/SES207/SA207S25	SES207	-6.85735
BLOCK20/SES207/SA207S27	SES207	-8.42321
BLOCK20/SES207/SA207S29	SES207	-4.29462
BLOCK20/SES209/SA209S12	SES221	-6.97184
BLOCK20/SES209/SA209S13	SES209	-9.7388
BLOCK20/SES209/SA209S21	SES209	-6.13173
BLOCK20/SES209/SA209S25	SES209	-6.50621
BLOCK20/SES209/SA209S28	SES209	-3.57087
BLOCK22/SES220/SA220S10	SES220	-6.84818
BLOCK22/SES220/SA220S13	SES220	-8.24949
BLOCK22/SES220/SA220S24	SES220	-7.55396
BLOCK22/SES220/SA220S26	SES083	-7.03628
BLOCK22/SES220/SA220S28	SES220	-6.17727
BLOCK22/SES221/SA221S12	SES221	-5.37145
BLOCK22/SES221/SA221S15	SES221	-5.57343
BLOCK22/SES221/SA221S23	SES221	-5.69141
BLOCK22/SES221/SA221S27	SES221	-5.87023
BLOCK22/SES221/SA221S29	SES221	-7.43134
BLOCK22/SES223/SA223S11	SES223	-7.27868
BLOCK22/SES223/SA223S13	SES068	-9.36723
BLOCK22/SES223/SA223S22	SES223	-6.41966
BLOCK22/SES223/SA223S25	SES223	-6.70684
BLOCK22/SES223/SA223S27	SES223	-7.62701
BLOCK22/SES225/SA225S12	SES225	-5.20618
BLOCK22/SES225/SA225S13	SES225	-5.01576
BLOCK22/SES225/SA225S21	SES225	-3.36255
BLOCK22/SES225/SA225S25	SES225	-3.62127
BLOCK22/SES225/SA225S28	SES225	-7.26118
BLOCK22/SES226/SA226S12	SES226	-5.46791
BLOCK22/SES226/SA226S13	SES002	-5.76802
BLOCK22/SES226/SA226S20	SES226	-5.78396
BLOCK22/SES226/SA226S23	SES226	-4.8829
BLOCK22/SES226/SA226S28	SES226	-5.00655
BLOCK22/SES227/SA227S14	SES227	-6.80066
BLOCK22/SES227/SA227S15	SES227	-3.9508
BLOCK22/SES227/SA227S23	SES227	-6.09833
BLOCK22/SES227/SA227S26	SES227	-3.97929
BLOCK22/SES227/SA227S29	SES227	-5.2183
BLOCK25/SES257/SA257S11	SES257	-8.37139
BLOCK25/SES257/SA257S13	SES257	-5.3615
BLOCK25/SES257/SA257S20	SES257	-4.82367
BLOCK25/SES257/SA257S22	SES257	-5.99756
BLOCK25/SES257/SA257S29	SES257	-6.7345
BLOCK25/SES258/SA258S10	SES258	-3.4196
BLOCK25/SES258/SA258S11	SES258	-3.87844
BLOCK25/SES258/SA258S20	SES258	-5.30167
BLOCK25/SES258/SA258S25	SES258	-4.18702
BLOCK25/SES258/SA258S28	SES258	-7.24402
BLOCK25/SES259/SA259S13	SES259	-5.64621
BLOCK25/SES259/SA259S14	SES259	-5.18305
BLOCK25/SES259/SA259S22	SES259	-5.44659
BLOCK25/SES259/SA259S24	SES259	-6.67646
BLOCK25/SES259/SA259S28	SES259	-6.09602
BLOCK27/SES270/SA270S14	SES270	-5.47187
BLOCK27/SES270/SA270S16	SES270	-5.31924
BLOCK27/SES270/SA270S22	SES270	-5.14778
BLOCK27/SES270/SA270S26	SES270	-6.26221
BLOCK27/SES270/SA270S28	SES270	-3.89313
BLOCK27/SES271/SA271S14	SES271	-4.99014
BLOCK27/SES271/SA271S15	SES175	-5.74254
BLOCK27/SES271/SA271S22	SES271	-4.53517
BLOCK27/SES271/SA271S27	SES160	-7.38418
BLOCK27/SES271/SA271S29	SES271	-4.13551
BLOCK27/SES272/SA272S10	SES025	-4.87956
BLOCK27/SES272/SA272S13	SES272	-3.96712
BLOCK27/SES272/SA272S21	SES272	-3.69451
BLOCK27/SES272/SA272S24	SES272	-5.9547
BLOCK27/SES272/SA272S29	SES272	-3.62681
BLOCK27/SES273/SA273S12	SES273	-7.07281
BLOCK27/SES273/SA273S13	SES273	-3.71402
BLOCK27/SES273/SA273S21	SES273	-5.57754
BLOCK27/SES273/SA273S25	SES273	-6.97056
BLOCK27/SES273/SA273S27	SES273	-3.21941
BLOCK27/SES274/SA274S10	SES274	-3.0576
BLOCK27/SES274/SA274S11	SES274	-6.25852
BLOCK27/SES274/SA274S21	SES274	-4.76744
BLOCK27/SES274/SA274S24	SES274	-5.33382
BLOCK27/SES274/SA274S29	SES273	-6.00715
BLOCK27/SES275/SA275S17	SES275	-5.68249
BLOCK27/SES275/SA275S18	SES275	-6.55442
BLOCK27/SES275/SA275S24	SES275	-6.38715
BLOCK27/SES275/SA275S26	SES275	-5.35289
BLOCK27/SES275/SA275S28	SES105	-6.15058
BLOCK27/SES276/SA276S16	SES172	-5.75276
BLOCK27/SES276/SA276S17	SES276	-5.8193
BLOCK27/SES276/SA276S24	SES276	-5.27574
BLOCK27/SES276/SA276S26	SES276	-2.74254
BLOCK27/SES276/SA276S28	SES276	-3.20719
BLOCK27/SES277/SA277S12	SES277	-7.96252
BLOCK27/SES277/SA277S14	SES277	-7.38154
BLOCK27/SES277/SA277S21	SES277	-6.00208
BLOCK27/SES277/SA277S24	SES277	-7.63008
BLOCK27/SES277/SA277S29	SES277	-3.42644
BLOCK27/SES278/SA278S12	SES278	-9.46691
BLOCK27/SES278/SA278S16	SES278	-6.73291
BLOCK27/SES278/SA278S24	SES278	-6.60962
BLOCK27/SES278/SA278S26	SES278	-6.02939
BLOCK27/SES278/SA278S29	SES278	-6.68916
BLOCK27/SES279/SA279S09	SES206	-4.96127
BLOCK27/SES279/SA279S10	SES279	-5.95387
BLOCK27/SES279/SA279S20	SES292	-7.85471
BLOCK27/SES279/SA279S26	SES279	-7.1097
BLOCK27/SES279/SA279S28	SES279	-2.71933
BLOCK29/SES290/SA290S12	SES290	-5.52823
BLOCK29/SES290/SA290S13	SES290	-5.69949
BLOCK29/SES290/SA290S22	SES290	-5.37171
BLOCK29/SES290/SA290S25	SES290	-6.5081
BLOCK29/SES290/SA290S29	SES290	-3.62978
BLOCK29/SES291/SA291S11	SES291	-7.89495
BLOCK29/SES291/SA291S12	SES291	-8.32572
BLOCK29/SES291/SA291S22	SES291	-5.94975
BLOCK29/SES291/SA291S24	SES291	-6.48273
BLOCK29/SES291/SA291S27	SES291	-4.60903
BLOCK29/SES292/SA292S10	SES292	-6.50283
BLOCK29/SES292/SA292S12	SES292	-7.80638
BLOCK29/SES292/SA292S22	SES292	-6.76935
BLOCK29/SES292/SA292S24	SES292	-4.56651
BLOCK29/SES292/SA292S27	SES273	-5.93646
BLOCK29/SES294/SA294S13	SES294	-5.03215
BLOCK29/SES294/SA294S14	SES276	-4.79719
BLOCK29/SES294/SA294S23	SES294	-6.75541
BLOCK29/SES294/SA294S25	SES294	-6.33786
BLOCK29/SES294/SA294S28	SES177	-6.29435
nerr=83	ntot=785	error_rate=10.57%
=======
BLOCK00/SES000/SA000S13	SES000	-8.39299
BLOCK00/SES000/SA000S14	SES000	-6.99888
BLOCK00/SES000/SA000S22	SES000	-7.89117
BLOCK00/SES000/SA000S24	SES000	-8.22572
BLOCK00/SES000/SA000S28	SES000	-7.25207
BLOCK00/SES001/SA001S14	SES001	-7.72582
BLOCK00/SES001/SA001S15	SES001	-6.8052
BLOCK00/SES001/SA001S24	SES080	-7.29036
BLOCK00/SES001/SA001S27	SES001	-5.63033
BLOCK00/SES001/SA001S29	SES001	-7.6044
BLOCK00/SES002/SA002S12	SES002	-7.76866
BLOCK00/SES002/SA002S13	SES002	-7.92614
BLOCK00/SES002/SA002S23	SES002	-7.89522
BLOCK00/SES002/SA002S26	SES011	-9.49609
BLOCK00/SES002/SA002S28	SES002	-8.23627
BLOCK00/SES003/SA003S11	SES003	-7.55764
BLOCK00/SES003/SA003S15	SES002	-7.04809
BLOCK00/SES003/SA003S22	SES003	-7.38799
BLOCK00/SES003/SA003S25	SES020	-8.43473
BLOCK00/SES003/SA003S29	SES003	-7.68071
BLOCK00/SES004/SA004S12	SES004	-6.72116
BLOCK00/SES004/SA004S17	SES004	-7.41877
BLOCK00/SES004/SA004S24	SES004	-7.05748
BLOCK00/SES004/SA004S26	SES004	-6.83763
BLOCK00/SES004/SA004S28	SES184	-6.60468
BLOCK00/SES005/SA005S12	SES005	-6.5717
BLOCK00/SES005/SA005S13	SES005	-7.00556
BLOCK00/SES005/SA005S20	SES005	-7.47424
BLOCK00/SES005/SA005S24	SES016	-7.21589
BLOCK00/SES005/SA005S28	SES005	-6.79989
BLOCK00/SES006/SA006S10	SES006	-8.17706
BLOCK00/SES006/SA006S11	SES006	-8.04112
BLOCK00/SES006/SA006S23	SES006	-9.20436
BLOCK00/SES006/SA006S26	SES006	-7.87756
BLOCK00/SES006/SA006S28	SES006	-8.24377
BLOCK00/SES007/SA007S14	SES007	-6.5556
BLOCK00/SES007/SA007S15	SES007	-7.64041
BLOCK00/SES007/SA007S24	SES007	-6.98094
BLOCK00/SES007/SA007S27	SES160	-8.4182
BLOCK00/SES007/SA007S29	SES005	-7.18727
BLOCK00/SES008/SA008S11	SES008	-6.68633
BLOCK00/SES008/SA008S12	SES008	-7.63073
BLOCK00/SES008/SA008S19	SES008	-7.07272
BLOCK00/SES008/SA008S22	SES008	-7.44998
BLOCK00/SES008/SA008S29	SES008	-6.66443
BLOCK00/SES009/SA009S12	SES009	-7.07143
BLOCK00/SES009/SA009S15	SES009	-6.88445
BLOCK00/SES009/SA009S24	SES009	-7.5502
BLOCK00/SES009/SA009S26	SES009	-7.45471
BLOCK00/SES009/SA009S29	SES009	-7.51186
BLOCK01/SES010/SA010S11	SES010	-6.61084
BLOCK01/SES010/SA010S12	SES010	-6.62715
BLOCK01/SES010/SA010S20	SES010	-7.36769
BLOCK01/SES010/SA010S24	SES010	-7.45729
BLOCK01/SES010/SA010S29	SES010	-6.80582
BLOCK01/SES011/SA011S10	SES042	-8.3558
BLOCK01/SES011/SA011S11	SES011	-7.50808
BLOCK01/SES011/SA011S22	SES011	-7.91316
BLOCK01/SES011/SA011S24	SES011	-7.07703
BLOCK01/SES011/SA011S27	SES011	-7.46553
BLOCK01/SES012/SA012S11	SES012	-6.97469
BLOCK01/SES012/SA012S14	SES012	-7.93403
BLOCK01/SES012/SA012S24	SES012	-9.16913
BLOCK01/SES012/SA012S26	SES012	-7.75496
BLOCK01/SES012/SA012S29	SES082	-6.66873
BLOCK01/SES013/SA013S16	SES013	-9.04773
BLOCK01/SES013/SA013S17	SES013	-7.57953
BLOCK01/SES013/SA013S23	SES013	-7.66017
BLOCK01/SES013/SA013S25	SES013	-7.10172
BLOCK01/SES013/SA013S29	SES013	-7.69792
BLOCK01/SES014/SA014S10	SES014	-7.39333
BLOCK01/SES014/SA014S12	SES014	-6.93695
BLOCK01/SES014/SA014S24	SES014	-7.45612
BLOCK01/SES014/SA014S26	SES014	-6.66097
BLOCK01/SES014/SA014S28	SES014	-6.03711
BLOCK01/SES015/SA015S11	SES015	-6.23154
BLOCK01/SES015/SA015S12	SES015	-8.02485
BLOCK01/SES015/SA015S23	SES015	-6.2803
BLOCK01/SES015/SA015S25	SES024	-8.38828
BLOCK01/SES015/SA015S29	SES015	-7.71683
BLOCK01/SES016/SA016S12	SES016	-8.99809
BLOCK01/SES016/SA016S13	SES016	-7.27845
BLOCK01/SES016/SA016S22	SES016	-6.94807
BLOCK01/SES016/SA016S25	SES016	-5.57514
BLOCK01/SES016/SA016S27	SES016	-6.82132
BLOCK01/SES017/SA017S11	SES017	-7.31586
BLOCK01/SES017/SA017S12	SES017	-7.60181
BLOCK01/SES017/SA017S19	SES017	-6.07772
BLOCK01/SES017/SA017S23	SES017	-6.51854
BLOCK01/SES017/SA017S27	SES017	-8.31681
BLOCK01/SES019/SA019S13	SES019	-6.4102
BLOCK01/SES019/SA019S14	SES019	-8.3772
BLOCK01/SES019/SA019S22	SES019	-6.84751
BLOCK01/SES019/SA019S25	SES019	-7.28112
BLOCK01/SES019/SA019S29	SES019	-6.79876
BLOCK02/SES020/SA020S15	SES020	-7.82613
BLOCK02/SES020/SA020S16	SES020	-8.55166
BLOCK02/SES020/SA020S24	SES020	-8.45551
BLOCK02/SES020/SA020S26	SES020	-8.89314
BLOCK02/SES020/SA020S29	SES020	-8.69856
BLOCK02/SES021/SA021S13	SES021	-8.10281
BLOCK02/SES021/SA021S15	SES021	-6.99795
BLOCK02/SES021/SA021S23	SES021	-8.4959
BLOCK02/SES021/SA021S27	SES021	-7.02556
BLOCK02/SES021/SA021S29	SES021	-7.90158
BLOCK02/SES022/SA022S13	SES022	-7.98656
BLOCK02/SES022/SA022S14	SES022	-7.92807
BLOCK02/SES022/SA022S23	SES022	-6.18026
BLOCK02/SES022/SA022S25	SES294	-7.94601
BLOCK02/SES022/SA022S29	SES022	-7.13901
BLOCK02/SES023/SA023S11	SES023	-8.2417
BLOCK02/SES023/SA023S13	SES023	-8.06536
BLOCK02/SES023/SA023S24	SES023	-7.36415
BLOCK02/SES023/SA023S26	SES082	-9.36889
BLOCK02/SES023/SA023S28	SES023	-7.65559
BLOCK02/SES024/SA024S10	SES024	-8.30569
BLOCK02/SES024/SA024S11	SES024	-7.72346
BLOCK02/SES024/SA024S19	SES024	-6.98111
BLOCK02/SES024/SA024S26	SES024	-7.55123
BLOCK02/SES024/SA024S28	SES024	-7.28678
BLOCK02/SES025/SA025S10	SES025	-6.93113
BLOCK02/SES025/SA025S13	SES025	-7.86023
BLOCK02/SES025/SA025S21	SES025	-7.96591
BLOCK02/SES025/SA025S24	SES025	-6.84296
BLOCK02/SES025/SA025S29	SES020	-7.60323
BLOCK02/SES026/SA026S12	SES026	-8.46246
BLOCK02/SES026/SA026S13	SES026	-8.82891
BLOCK02/SES026/SA026S21	SES026	-8.5701
BLOCK02/SES026/SA026S26	SES026	-8.44453
BLOCK02/SES026/SA026S28	SES026	-8.00716
BLOCK02/SES027/SA027S11	SES000	-7.76398
BLOCK02/SES027/SA027S12	SES025	-8.19809
BLOCK02/SES027/SA027S21	SES027	-7.92009
BLOCK02/SES027/SA027S23	SES027	-8.00655
BLOCK02/SES027/SA027S25	SES027	-7.21057
BLOCK02/SES029/SA029S11	SES029	-6.72123
BLOCK02/SES029/SA029S12	SES029	-7.25328
BLOCK02/SES029/SA029S20	SES029	-6.71547
BLOCK02/SES029/SA029S25	SES029	-7.50593
BLOCK02/SES029/SA029S28	SES029	-7.58727
BLOCK04/SES040/SA040S08	SES040	-6.24819
BLOCK04/SES040/SA040S09	SES040	-6.63077
BLOCK04/SES040/SA040S20	SES088	-6.60221
BLOCK04/SES040/SA040S23	SES040	-6.80953
BLOCK04/SES040/SA040S27	SES040	-6.47567
BLOCK04/SES042/SA042S12	SES011	-7.15293
BLOCK04/SES042/SA042S15	SES042	-6.2065
BLOCK04/SES042/SA042S22	SES042	-7.58795
BLOCK04/SES042/SA042S25	SES061	-8.86875
BLOCK04/SES042/SA042S27	SES042	-7.96651
BLOCK04/SES043/SA043S09	SES043	-8.21143
BLOCK04/SES043/SA043S11	SES043	-6.6188
BLOCK04/SES043/SA043S23	SES043	-7.11612
BLOCK04/SES043/SA043S26	SES043	-8.57748
BLOCK04/SES043/SA043S28	SES043	-8.06316
BLOCK04/SES044/SA044S10	SES044	-7.8022
BLOCK04/SES044/SA044S11	SES044	-7.3423
BLOCK04/SES044/SA044S24	SES044	-7.63594
BLOCK04/SES044/SA044S26	SES044	-7.20501
BLOCK04/SES044/SA044S29	SES044	-7.27196
BLOCK04/SES045/SA045S11	SES045	-7.51484
BLOCK04/SES045/SA045S13	SES045	-6.99051
BLOCK04/SES045/SA045S22	SES045	-7.80096
BLOCK04/SES045/SA045S25	SES045	-6.8678
BLOCK04/SES045/SA045S29	SES277	-9.30704
BLOCK04/SES046/SA046S13	SES101	-9.03018
BLOCK04/SES046/SA046S15	SES177	-6.67617
BLOCK04/SES046/SA046S22	SES046	-7.79787
BLOCK04/SES046/SA046S25	SES046	-7.31127
BLOCK04/SES046/SA046S28	SES046	-7.13134
BLOCK04/SES047/SA047S10	SES047	-7.58119
BLOCK04/SES047/SA047S11	SES047	-6.74609
BLOCK04/SES047/SA047S22	SES047	-7.96561
BLOCK04/SES047/SA047S24	SES274	-7.41524
BLOCK04/SES047/SA047S27	SES047	-8.2785
BLOCK04/SES048/SA048S11	SES048	-6.44315
BLOCK04/SES048/SA048S12	SES048	-8.12629
BLOCK04/SES048/SA048S20	SES048	-6.85439
BLOCK04/SES048/SA048S23	SES048	-7.22886
BLOCK04/SES048/SA048S27	SES048	-7.80818
BLOCK04/SES049/SA049S16	SES049	-9.28951
BLOCK04/SES049/SA049S18	SES099	-8.47705
BLOCK04/SES049/SA049S25	SES049	-8.63255
BLOCK04/SES049/SA049S27	SES049	-6.66006
BLOCK04/SES049/SA049S29	SES049	-6.90323
BLOCK06/SES060/SA060S11	SES060	-7.18666
BLOCK06/SES060/SA060S12	SES060	-7.9443
BLOCK06/SES060/SA060S22	SES118	-8.56621
BLOCK06/SES060/SA060S24	SES060	-5.95024
BLOCK06/SES060/SA060S28	SES060	-5.97483
BLOCK06/SES061/SA061S10	SES061	-8.26886
BLOCK06/SES061/SA061S11	SES061	-8.65974
BLOCK06/SES061/SA061S18	SES128	-10.2331
BLOCK06/SES061/SA061S23	SES061	-8.72485
BLOCK06/SES061/SA061S26	SES061	-7.34983
BLOCK06/SES062/SA062S10	SES062	-7.47784
BLOCK06/SES062/SA062S11	SES062	-8.26448
BLOCK06/SES062/SA062S21	SES062	-5.85805
BLOCK06/SES062/SA062S26	SES029	-7.78935
BLOCK06/SES062/SA062S29	SES062	-6.58968
BLOCK06/SES063/SA063S09	SES063	-8.35269
BLOCK06/SES063/SA063S10	SES063	-8.00799
BLOCK06/SES063/SA063S20	SES063	-8.06499
BLOCK06/SES063/SA063S24	SES063	-9.02925
BLOCK06/SES063/SA063S27	SES063	-7.96659
BLOCK06/SES064/SA064S12	SES064	-8.09503
BLOCK06/SES064/SA064S14	SES064	-7.18151
BLOCK06/SES064/SA064S22	SES064	-6.95916
BLOCK06/SES064/SA064S26	SES064	-7.85088
BLOCK06/SES064/SA064S29	SES064	-7.20073
BLOCK06/SES065/SA065S11	SES065	-7.2453
BLOCK06/SES065/SA065S13	SES065	-7.51879
BLOCK06/SES065/SA065S22	SES065	-7.69214
BLOCK06/SES065/SA065S24	SES065	-6.84432
BLOCK06/SES065/SA065S29	SES065	-8.79378
BLOCK06/SES066/SA066S13	SES063	-10.1766
BLOCK06/SES066/SA066S14	SES066	-7.81745
BLOCK06/SES066/SA066S21	SES066	-5.92507
BLOCK06/SES066/SA066S25	SES066	-6.98815
BLOCK06/SES066/SA066S29	SES066	-9.84856
BLOCK06/SES067/SA067S12	SES067	-5.96788
BLOCK06/SES067/SA067S14	SES067	-4.68831
BLOCK06/SES067/SA067S21	SES067	-7.8342
BLOCK06/SES067/SA067S25	SES067	-6.96732
BLOCK06/SES067/SA067S29	SES067	-7.10702
BLOCK06/SES068/SA068S14	SES068	-7.78482
BLOCK06/SES068/SA068S15	SES068	-7.40055
BLOCK06/SES068/SA068S23	SES065	-7.68604
BLOCK06/SES068/SA068S27	SES068	-6.52519
BLOCK06/SES068/SA068S29	SES068	-7.57649
BLOCK06/SES069/SA069S12	SES069	-6.85102
BLOCK06/SES069/SA069S13	SES069	-6.84408
BLOCK06/SES069/SA069S23	SES069	-6.00631
BLOCK06/SES069/SA069S25	SES069	-6.88561
BLOCK06/SES069/SA069S27	SES069	-7.15589
BLOCK08/SES080/SA080S11	SES080	-7.41135
BLOCK08/SES080/SA080S12	SES291	-8.05996
BLOCK08/SES080/SA080S21	SES080	-7.46314
BLOCK08/SES080/SA080S25	SES205	-8.47868
BLOCK08/SES080/SA080S28	SES021	-8.27369
BLOCK08/SES081/SA081S11	SES081	-7.86913
BLOCK08/SES081/SA081S13	SES081	-6.55013
BLOCK08/SES081/SA081S24	SES081	-7.43194
BLOCK08/SES081/SA081S27	SES081	-7.89806
BLOCK08/SES081/SA081S29	SES160	-8.5094
BLOCK08/SES082/SA082S12	SES082	-8.37784
BLOCK08/SES082/SA082S14	SES279	-8.25653
BLOCK08/SES082/SA082S21	SES082	-7.4976
BLOCK08/SES082/SA082S24	SES082	-7.88979
BLOCK08/SES082/SA082S28	SES082	-7.7687
BLOCK08/SES083/SA083S14	SES275	-7.44718
BLOCK08/SES083/SA083S15	SES083	-7.13537
BLOCK08/SES083/SA083S24	SES083	-7.61381
BLOCK08/SES083/SA083S26	SES083	-8.34877
BLOCK08/SES083/SA083S29	SES083	-8.20116
BLOCK08/SES084/SA084S14	SES084	-8.39186
BLOCK08/SES084/SA084S15	SES084	-7.35247
BLOCK08/SES084/SA084S22	SES084	-6.56899
BLOCK08/SES084/SA084S27	SES084	-6.56591
BLOCK08/SES084/SA084S29	SES085	-6.65622
BLOCK08/SES085/SA085S10	SES085	-6.32732
BLOCK08/SES085/SA085S13	SES085	-8.42928
BLOCK08/SES085/SA085S22	SES085	-7.27056
BLOCK08/SES085/SA085S26	SES142	-7.58907
BLOCK08/SES085/SA085S28	SES085	-7.35545
BLOCK08/SES086/SA086S11	SES086	-9.06669
BLOCK08/SES086/SA086S12	SES086	-8.1677
BLOCK08/SES086/SA086S20	SES086	-7.56665
BLOCK08/SES086/SA086S24	SES086	-8.17287
BLOCK08/SES086/SA086S28	SES086	-6.60815
BLOCK08/SES087/SA087S15	SES087	-7.87171
BLOCK08/SES087/SA087S16	SES087	-8.0066
BLOCK08/SES087/SA087S24	SES087	-7.47365
BLOCK08/SES087/SA087S26	SES087	-6.98642
BLOCK08/SES087/SA087S29	SES087	-6.68517
BLOCK08/SES088/SA088S15	SES088	-8.49863
BLOCK08/SES088/SA088S17	SES088	-8.33098
BLOCK08/SES088/SA088S24	SES088	-7.58675
BLOCK08/SES088/SA088S27	SES088	-8.61754
BLOCK08/SES088/SA088S29	SES088	-8.22548
BLOCK08/SES089/SA089S13	SES089	-8.56551
BLOCK08/SES089/SA089S14	SES204	-8.19548
BLOCK08/SES089/SA089S23	SES064	-9.83136
BLOCK08/SES089/SA089S25	SES089	-7.53294
BLOCK08/SES089/SA089S28	SES089	-7.27065
BLOCK09/SES097/SA097S11	SES097	-7.78809
BLOCK09/SES097/SA097S14	SES097	-7.48171
BLOCK09/SES097/SA097S22	SES145	-8.01888
BLOCK09/SES097/SA097S26	SES097	-8.04646
BLOCK09/SES097/SA097S28	SES097	-7.57073
BLOCK09/SES098/SA098S11	SES098	-7.19911
BLOCK09/SES098/SA098S12	SES098	-8.21661
BLOCK09/SES098/SA098S20	SES098	-7.77548
BLOCK09/SES098/SA098S23	SES098	-8.1238
BLOCK09/SES098/SA098S27	SES098	-8.48029
BLOCK09/SES099/SA099S15	SES099	-8.19912
BLOCK09/SES099/SA099S16	SES099	-7.57515
BLOCK09/SES099/SA099S24	SES099	-7.97903
BLOCK09/SES099/SA099S26	SES099	-7.35158
BLOCK09/SES099/SA099S29	SES099	-8.1728
BLOCK10/SES100/SA100S13	SES100	-7.51384
BLOCK10/SES100/SA100S14	SES120	-8.13248
BLOCK10/SES100/SA100S24	SES100	-8.81981
BLOCK10/SES100/SA100S27	SES100	-7.69276
BLOCK10/SES100/SA100S29	SES104	-8.26953
BLOCK10/SES101/SA101S11	SES101	-6.67962
BLOCK10/SES101/SA101S13	SES101	-5.88911
BLOCK10/SES101/SA101S22	SES101	-7.97844
BLOCK10/SES101/SA101S24	SES277	-6.9044
BLOCK10/SES101/SA101S28	SES101	-7.44869
BLOCK10/SES102/SA102S13	SES189	-9.20192
BLOCK10/SES102/SA102S14	SES102	-5.96547
BLOCK10/SES102/SA102S22	SES102	-7.58887
BLOCK10/SES102/SA102S25	SES102	-7.09595
BLOCK10/SES102/SA102S27	SES102	-7.78766
BLOCK10/SES103/SA103S14	SES103	-8.513
BLOCK10/SES103/SA103S15	SES103	-9.46773
BLOCK10/SES103/SA103S24	SES103	-7.69176
BLOCK10/SES103/SA103S26	SES103	-7.58626
BLOCK10/SES103/SA103S28	SES103	-7.87333
BLOCK10/SES104/SA104S11	SES104	-7.21675
BLOCK10/SES104/SA104S12	SES104	-7.79344
BLOCK10/SES104/SA104S21	SES104	-7.96077
BLOCK10/SES104/SA104S24	SES104	-8.39828
BLOCK10/SES104/SA104S28	SES104	-7.8894
BLOCK10/SES105/SA105S12	SES105	-8.02046
BLOCK10/SES105/SA105S13	SES105	-7.50651
BLOCK10/SES105/SA105S22	SES105	-8.36226
BLOCK10/SES105/SA105S26	SES105	-8.15478
BLOCK10/SES105/SA105S29	SES105	-6.55941
BLOCK10/SES106/SA106S09	SES106	-8.06128
BLOCK10/SES106/SA106S11	SES106	-7.22959
BLOCK10/SES106/SA106S22	SES106	-7.68673
BLOCK10/SES106/SA106S27	SES106	-7.39807
BLOCK10/SES106/SA106S29	SES106	-7.05869
BLOCK10/SES107/SA107S08	SES107	-6.86169
BLOCK10/SES107/SA107S09	SES107	-8.56548
BLOCK10/SES107/SA107S20	SES107	-8.69173
BLOCK10/SES107/SA107S24	SES107	-7.82079
BLOCK10/SES107/SA107S28	SES107	-8.20932
BLOCK10/SES108/SA108S13	SES108	-9.04969
BLOCK10/SES108/SA108S14	SES108	-8.29984
BLOCK10/SES108/SA108S24	SES108	-8.35369
BLOCK10/SES108/SA108S27	SES108	-8.32868
BLOCK10/SES108/SA108S29	SES108	-10.0946
BLOCK10/SES109/SA109S14	SES109	-8.51934
BLOCK10/SES109/SA109S15	SES169	-7.72433
BLOCK10/SES109/SA109S21	SES109	-8.79535
BLOCK10/SES109/SA109S25	SES109	-8.6241
BLOCK10/SES109/SA109S28	SES109	-8.34242
BLOCK11/SES117/SA117S12	SES117	-8.14063
BLOCK11/SES117/SA117S13	SES117	-8.43626
BLOCK11/SES117/SA117S23	SES117	-8.57631
BLOCK11/SES117/SA117S25	SES117	-7.96411
BLOCK11/SES117/SA117S28	SES117	-7.88213
BLOCK11/SES118/SA118S14	SES118	-7.47846
BLOCK11/SES118/SA118S16	SES118	-7.28137
BLOCK11/SES118/SA118S23	SES118	-7.17533
BLOCK11/SES118/SA118S26	SES118	-7.43068
BLOCK11/SES118/SA118S29	SES118	-8.61491
BLOCK11/SES119/SA119S10	SES119	-7.71001
BLOCK11/SES119/SA119S12	SES119	-6.99721
BLOCK11/SES119/SA119S19	SES119	-7.04598
BLOCK11/SES119/SA119S22	SES119	-8.87042
BLOCK11/SES119/SA119S27	SES119	-7.61529
BLOCK12/SES120/SA120S08	SES120	-8.13191
BLOCK12/SES120/SA120S11	SES061	-10.0983
BLOCK12/SES120/SA120S22	SES120	-7.21001
BLOCK12/SES120/SA120S24	SES120	-8.17686
BLOCK12/SES120/SA120S28	SES120	-8.57021
BLOCK12/SES121/SA121S12	SES121	-7.79528
BLOCK12/SES121/SA121S14	SES121	-8.70363
BLOCK12/SES121/SA121S23	SES121	-7.70665
BLOCK12/SES121/SA121S25	SES121	-7.9355
BLOCK12/SES121/SA121S27	SES121	-7.8468
BLOCK12/SES122/SA122S11	SES122	-7.81726
BLOCK12/SES122/SA122S13	SES122	-8.32709
BLOCK12/SES122/SA122S22	SES122	-8.35292
BLOCK12/SES122/SA122S24	SES122	-7.83861
BLOCK12/SES122/SA122S27	SES122	-7.75643
BLOCK12/SES123/SA123S10	SES123	-7.20643
BLOCK12/SES123/SA123S12	SES123	-6.9624
BLOCK12/SES123/SA123S23	SES123	-7.11304
BLOCK12/SES123/SA123S26	SES123	-7.14992
BLOCK12/SES123/SA123S29	SES123	-7.17046
BLOCK12/SES124/SA124S16	SES010	-6.82882
BLOCK12/SES124/SA124S17	SES124	-7.18727
BLOCK12/SES124/SA124S23	SES124	-5.91769
BLOCK12/SES124/SA124S26	SES124	-7.09472
BLOCK12/SES124/SA124S28	SES124	-6.81915
BLOCK12/SES125/SA125S13	SES125	-7.33414
BLOCK12/SES125/SA125S14	SES125	-8.08211
BLOCK12/SES125/SA125S25	SES125	-8.17419
BLOCK12/SES125/SA125S27	SES125	-7.14345
BLOCK12/SES125/SA125S29	SES125	-7.53885
BLOCK12/SES126/SA126S13	SES160	-8.38777
BLOCK12/SES126/SA126S14	SES126	-6.98212
BLOCK12/SES126/SA126S20	SES126	-6.62704
BLOCK12/SES126/SA126S24	SES126	-6.59424
BLOCK12/SES126/SA126S26	SES126	-7.2193
BLOCK12/SES127/SA127S11	SES127	-7.79425
BLOCK12/SES127/SA127S12	SES127	-6.17688
BLOCK12/SES127/SA127S23	SES127	-6.80043
BLOCK12/SES127/SA127S25	SES127	-6.91411
BLOCK12/SES127/SA127S27	SES127	-6.99803
BLOCK12/SES128/SA128S10	SES128	-7.9577
BLOCK12/SES128/SA128S12	SES128	-7.79328
BLOCK12/SES128/SA128S21	SES128	-7.70234
BLOCK12/SES128/SA128S24	SES128	-8.00218
BLOCK12/SES128/SA128S27	SES128	-7.11986
BLOCK12/SES129/SA129S11	SES129	-6.37008
BLOCK12/SES129/SA129S12	SES044	-6.13786
BLOCK12/SES129/SA129S22	SES129	-7.2503
BLOCK12/SES129/SA129S27	SES129	-6.88935
BLOCK12/SES129/SA129S29	SES101	-7.90161
BLOCK13/SES130/SA130S13	SES130	-8.73189
BLOCK13/SES130/SA130S15	SES130	-6.9527
BLOCK13/SES130/SA130S23	SES130	-7.879
BLOCK13/SES130/SA130S25	SES130	-6.6211
BLOCK13/SES130/SA130S28	SES119	-8.17726
BLOCK13/SES131/SA131S13	SES131	-7.65047
BLOCK13/SES131/SA131S14	SES131	-5.45263
BLOCK13/SES131/SA131S20	SES131	-8.28387
BLOCK13/SES131/SA131S22	SES015	-7.31673
BLOCK13/SES131/SA131S29	SES020	-9.08711
BLOCK13/SES132/SA132S11	SES132	-7.51721
BLOCK13/SES132/SA132S12	SES132	-6.96595
BLOCK13/SES132/SA132S22	SES132	-7.37472
BLOCK13/SES132/SA132S24	SES132	-6.62941
BLOCK13/SES132/SA132S27	SES132	-8.14911
BLOCK13/SES133/SA133S12	SES133	-7.87812
BLOCK13/SES133/SA133S14	SES133	-6.80553
BLOCK13/SES133/SA133S22	SES133	-7.26147
BLOCK13/SES133/SA133S24	SES133	-7.72332
BLOCK13/SES133/SA133S28	SES133	-7.08676
BLOCK14/SES140/SA140S10	SES169	-7.98965
BLOCK14/SES140/SA140S13	SES140	-6.85102
BLOCK14/SES140/SA140S20	SES169	-6.40035
BLOCK14/SES140/SA140S22	SES140	-6.74742
BLOCK14/SES140/SA140S28	SES169	-7.12615
BLOCK14/SES141/SA141S09	SES141	-6.91474
BLOCK14/SES141/SA141S15	SES141	-7.60694
BLOCK14/SES141/SA141S24	SES141	-7.40702
BLOCK14/SES141/SA141S26	SES141	-8.05308
BLOCK14/SES141/SA141S29	SES142	-7.25523
BLOCK14/SES142/SA142S11	SES142	-6.55958
BLOCK14/SES142/SA142S12	SES142	-7.63994
BLOCK14/SES142/SA142S24	SES142	-6.82456
BLOCK14/SES142/SA142S27	SES142	-6.65938
BLOCK14/SES142/SA142S29	SES142	-6.48712
BLOCK14/SES143/SA143S12	SES143	-7.22354
BLOCK14/SES143/SA143S13	SES143	-7.53008
BLOCK14/SES143/SA143S23	SES143	-7.54962
BLOCK14/SES143/SA143S25	SES143	-7.60416
BLOCK14/SES143/SA143S28	SES143	-7.4579
BLOCK14/SES144/SA144S09	SES144	-7.64382
BLOCK14/SES144/SA144S11	SES144	-7.46531
BLOCK14/SES144/SA144S21	SES169	-8.30596
BLOCK14/SES144/SA144S25	SES144	-7.86579
BLOCK14/SES144/SA144S29	SES081	-8.38848
BLOCK14/SES145/SA145S12	SES145	-6.87217
BLOCK14/SES145/SA145S13	SES145	-7.51531
BLOCK14/SES145/SA145S23	SES145	-8.04932
BLOCK14/SES145/SA145S25	SES145	-7.00341
BLOCK14/SES145/SA145S28	SES145	-7.3301
BLOCK14/SES146/SA146S14	SES146	-8.12932
BLOCK14/SES146/SA146S15	SES146	-8.20688
BLOCK14/SES146/SA146S24	SES146	-7.79888
BLOCK14/SES146/SA146S26	SES146	-7.87527
BLOCK14/SES146/SA146S29	SES146	-8.21954
BLOCK14/SES147/SA147S11	SES147	-7.79289
BLOCK14/SES147/SA147S13	SES147	-6.75459
BLOCK14/SES147/SA147S23	SES147	-7.48007
BLOCK14/SES147/SA147S26	SES147	-7.35504
BLOCK14/SES147/SA147S28	SES147	-6.6761
BLOCK14/SES148/SA148S10	SES148	-6.98901
BLOCK14/SES148/SA148S12	SES148	-8.1808
BLOCK14/SES148/SA148S22	SES148	-6.90231
BLOCK14/SES148/SA148S26	SES148	-6.5684
BLOCK14/SES148/SA148S29	SES272	-7.78825
BLOCK14/SES149/SA149S13	SES271	-6.74048
BLOCK14/SES149/SA149S14	SES149	-6.87602
BLOCK14/SES149/SA149S24	SES149	-7.38838
BLOCK14/SES149/SA149S26	SES149	-6.26367
BLOCK14/SES149/SA149S28	SES149	-5.70672
BLOCK15/SES157/SA157S08	SES157	-6.71767
BLOCK15/SES157/SA157S11	SES157	-7.88569
BLOCK15/SES157/SA157S21	SES157	-6.90326
BLOCK15/SES157/SA157S24	SES157	-7.81187
BLOCK15/SES157/SA157S26	SES157	-7.19894
BLOCK15/SES158/SA158S13	SES158	-7.2202
BLOCK15/SES158/SA158S14	SES158	-8.23229
BLOCK15/SES158/SA158S23	SES158	-6.57039
BLOCK15/SES158/SA158S26	SES158	-7.6628
BLOCK15/SES158/SA158S28	SES291	-7.74557
BLOCK15/SES159/SA159S10	SES159	-7.7801
BLOCK15/SES159/SA159S12	SES159	-7.85489
BLOCK15/SES159/SA159S22	SES159	-7.87917
BLOCK15/SES159/SA159S25	SES159	-7.24506
BLOCK15/SES159/SA159S28	SES159	-7.98947
BLOCK16/SES160/SA160S12	SES005	-7.73869
BLOCK16/SES160/SA160S14	SES160	-8.3987
BLOCK16/SES160/SA160S24	SES160	-8.37057
BLOCK16/SES160/SA160S26	SES007	-7.48922
BLOCK16/SES160/SA160S28	SES160	-8.49177
BLOCK16/SES161/SA161S10	SES161	-7.45637
BLOCK16/SES161/SA161S12	SES161	-7.77157
BLOCK16/SES161/SA161S20	SES161	-8.2779
BLOCK16/SES161/SA161S23	SES161	-8.39789
BLOCK16/SES161/SA161S28	SES161	-7.64995
BLOCK16/SES162/SA162S10	SES162	-8.47801
BLOCK16/SES162/SA162S11	SES162	-6.91255
BLOCK16/SES162/SA162S21	SES162	-7.28827
BLOCK16/SES162/SA162S24	SES162	-7.3059
BLOCK16/SES162/SA162S27	SES162	-8.22405
BLOCK16/SES163/SA163S11	SES163	-7.7008
BLOCK16/SES163/SA163S13	SES163	-6.88894
BLOCK16/SES163/SA163S22	SES125	-8.23632
BLOCK16/SES163/SA163S25	SES163	-7.61829
BLOCK16/SES163/SA163S27	SES001	-8.47367
BLOCK16/SES164/SA164S11	SES164	-6.33319
BLOCK16/SES164/SA164S13	SES164	-6.31067
BLOCK16/SES164/SA164S24	SES164	-6.05921
BLOCK16/SES164/SA164S27	SES164	-6.50521
BLOCK16/SES164/SA164S29	SES164	-6.3291
BLOCK16/SES165/SA165S08	SES165	-6.50822
BLOCK16/SES165/SA165S09	SES165	-7.92271
BLOCK16/SES165/SA165S21	SES165	-8.95919
BLOCK16/SES165/SA165S23	SES165	-8.0899
BLOCK16/SES165/SA165S26	SES165	-8.10488
BLOCK16/SES166/SA166S12	SES043	-8.29511
BLOCK16/SES166/SA166S14	SES166	-8.57048
BLOCK16/SES166/SA166S23	SES169	-8.1036
BLOCK16/SES166/SA166S25	SES166	-8.0648
BLOCK16/SES166/SA166S27	SES166	-7.90785
BLOCK16/SES167/SA167S14	SES167	-6.62455
BLOCK16/SES167/SA167S15	SES167	-6.42731
BLOCK16/SES167/SA167S21	SES167	-6.40401
BLOCK16/SES167/SA167S25	SES167	-6.56844
BLOCK16/SES167/SA167S29	SES167	-5.88333
BLOCK16/SES168/SA168S10	SES168	-6.21611
BLOCK16/SES168/SA168S11	SES168	-6.62892
BLOCK16/SES168/SA168S21	SES168	-6.99609
BLOCK16/SES168/SA168S25	SES168	-6.25417
BLOCK16/SES168/SA168S28	SES168	-6.72738
BLOCK16/SES169/SA169S13	SES275	-8.30889
BLOCK16/SES169/SA169S14	SES169	-6.83465
BLOCK16/SES169/SA169S24	SES169	-8.20714
BLOCK16/SES169/SA169S27	SES169	-7.46319
BLOCK16/SES169/SA169S29	SES169	-7.0363
BLOCK17/SES170/SA170S09	SES170	-7.023
BLOCK17/SES170/SA170S10	SES170	-6.93145
BLOCK17/SES170/SA170S22	SES170	-6.5946
BLOCK17/SES170/SA170S24	SES170	-6.35847
BLOCK17/SES170/SA170S28	SES170	-7.33672
BLOCK17/SES171/SA171S12	SES200	-8.4611
BLOCK17/SES171/SA171S15	SES171	-8.07287
BLOCK17/SES171/SA171S22	SES171	-6.45794
BLOCK17/SES171/SA171S25	SES171	-8.49526
BLOCK17/SES171/SA171S27	SES171	-8.59608
BLOCK17/SES172/SA172S12	SES172	-7.92445
BLOCK17/SES172/SA172S13	SES172	-7.82392
BLOCK17/SES172/SA172S23	SES172	-7.11764
BLOCK17/SES172/SA172S27	SES172	-8.72171
BLOCK17/SES172/SA172S29	SES172	-7.13427
BLOCK17/SES173/SA173S13	SES173	-6.97444
BLOCK17/SES173/SA173S14	SES173	-6.94365
BLOCK17/SES173/SA173S24	SES173	-7.56331
BLOCK17/SES173/SA173S27	SES173	-7.2004
BLOCK17/SES173/SA173S29	SES173	-7.69038
BLOCK17/SES175/SA175S11	SES175	-7.78008
BLOCK17/SES175/SA175S13	SES175	-5.58135
BLOCK17/SES175/SA175S23	SES175	-6.54489
BLOCK17/SES175/SA175S25	SES175	-8.32764
BLOCK17/SES175/SA175S28	SES175	-6.8973
BLOCK17/SES177/SA177S15	SES177	-8.34327
BLOCK17/SES177/SA177S17	SES177	-7.95463
BLOCK17/SES177/SA177S23	SES177	-8.26609
BLOCK17/SES177/SA177S26	SES177	-5.81746
BLOCK17/SES177/SA177S28	SES177	-7.88624
BLOCK18/SES180/SA180S13	SES180	-8.45473
BLOCK18/SES180/SA180S15	SES180	-7.38286
BLOCK18/SES180/SA180S24	SES180	-6.44336
BLOCK18/SES180/SA180S26	SES180	-6.90845
BLOCK18/SES180/SA180S29	SES294	-8.14581
BLOCK18/SES182/SA182S10	SES182	-6.64325
BLOCK18/SES182/SA182S12	SES146	-7.24642
BLOCK18/SES182/SA182S21	SES182	-8.50906
BLOCK18/SES182/SA182S23	SES182	-8.44182
BLOCK18/SES182/SA182S25	SES182	-7.76804
BLOCK18/SES183/SA183S13	SES183	-7.35792
BLOCK18/SES183/SA183S14	SES043	-7.48723
BLOCK18/SES183/SA183S24	SES183	-7.84516
BLOCK18/SES183/SA183S27	SES183	-8.19804
BLOCK18/SES183/SA183S29	SES183	-7.19138
BLOCK18/SES184/SA184S12	SES085	-7.74387
BLOCK18/SES184/SA184S13	SES184	-7.93535
BLOCK18/SES184/SA184S22	SES143	-7.75007
BLOCK18/SES184/SA184S25	SES184	-7.59158
BLOCK18/SES184/SA184S27	SES184	-7.5932
BLOCK18/SES185/SA185S12	SES185	-7.70141
BLOCK18/SES185/SA185S13	SES185	-7.4972
BLOCK18/SES185/SA185S23	SES185	-7.08345
BLOCK18/SES185/SA185S27	SES185	-7.79088
BLOCK18/SES185/SA185S29	SES177	-8.18565
BLOCK18/SES186/SA186S14	SES186	-7.37034
BLOCK18/SES186/SA186S15	SES186	-7.36582
BLOCK18/SES186/SA186S23	SES186	-7.39236
BLOCK18/SES186/SA186S26	SES186	-7.51462
BLOCK18/SES186/SA186S28	SES186	-7.20598
BLOCK18/SES187/SA187S13	SES159	-8.87456
BLOCK18/SES187/SA187S14	SES187	-8.72089
BLOCK18/SES187/SA187S24	SES187	-8.58063
BLOCK18/SES187/SA187S27	SES187	-8.90752
BLOCK18/SES187/SA187S29	SES187	-9.04406
BLOCK18/SES188/SA188S10	SES188	-6.23104
BLOCK18/SES188/SA188S14	SES220	-6.0432
BLOCK18/SES188/SA188S22	SES188	-7.6938
BLOCK18/SES188/SA188S24	SES188	-7.70426
BLOCK18/SES188/SA188S26	SES188	-7.80469
BLOCK18/SES189/SA189S10	SES189	-8.10368
BLOCK18/SES189/SA189S13	SES189	-9.28584
BLOCK18/SES189/SA189S24	SES189	-7.19364
BLOCK18/SES189/SA189S26	SES189	-7.45168
BLOCK18/SES189/SA189S29	SES189	-7.22563
BLOCK20/SES200/SA200S10	SES200	-5.10029
BLOCK20/SES200/SA200S11	SES200	-6.05245
BLOCK20/SES200/SA200S20	SES200	-6.89716
BLOCK20/SES200/SA200S25	SES200	-6.30992
BLOCK20/SES200/SA200S29	SES200	-7.75621
BLOCK20/SES201/SA201S12	SES201	-7.63084
BLOCK20/SES201/SA201S15	SES201	-6.94063
BLOCK20/SES201/SA201S23	SES201	-7.82363
BLOCK20/SES201/SA201S25	SES201	-5.46515
BLOCK20/SES201/SA201S29	SES201	-7.73099
BLOCK20/SES202/SA202S12	SES202	-7.66336
BLOCK20/SES202/SA202S14	SES202	-7.33755
BLOCK20/SES202/SA202S24	SES202	-8.33539
BLOCK20/SES202/SA202S27	SES202	-7.16175
BLOCK20/SES202/SA202S29	SES202	-7.19066
BLOCK20/SES203/SA203S10	SES203	-7.93721
BLOCK20/SES203/SA203S11	SES203	-7.70862
BLOCK20/SES203/SA203S22	SES203	-7.62541
BLOCK20/SES203/SA203S24	SES203	-6.47849
BLOCK20/SES203/SA203S27	SES203	-6.7852
BLOCK20/SES204/SA204S12	SES204	-6.56855
BLOCK20/SES204/SA204S14	SES204	-5.49848
BLOCK20/SES204/SA204S22	SES017	-6.68283
BLOCK20/SES204/SA204S25	SES204	-6.50362
BLOCK20/SES204/SA204S27	SES204	-7.17396
BLOCK20/SES205/SA205S12	SES205	-7.87093
BLOCK20/SES205/SA205S13	SES205	-7.30788
BLOCK20/SES205/SA205S21	SES205	-7.87732
BLOCK20/SES205/SA205S24	SES205	-7.6344
BLOCK20/SES205/SA205S26	SES205	-5.16508
BLOCK20/SES206/SA206S15	SES226	-7.36611
BLOCK20/SES206/SA206S17	SES206	-8.03505
BLOCK20/SES206/SA206S24	SES206	-6.44179
BLOCK20/SES206/SA206S27	SES206	-7.82294
BLOCK20/SES206/SA206S29	SES206	-6.69802
BLOCK20/SES207/SA207S10	SES207	-7.07365
BLOCK20/SES207/SA207S11	SES207	-7.6872
BLOCK20/SES207/SA207S25	SES207	-8.60017
BLOCK20/SES207/SA207S27	SES207	-8.12603
BLOCK20/SES207/SA207S29	SES207	-7.62443
BLOCK20/SES209/SA209S12	SES221	-7.37573
BLOCK20/SES209/SA209S13	SES209	-6.86551
BLOCK20/SES209/SA209S21	SES209	-6.5086
BLOCK20/SES209/SA209S25	SES221	-7.6937
BLOCK20/SES209/SA209S28	SES209	-6.43241
BLOCK22/SES220/SA220S10	SES220	-7.8632
BLOCK22/SES220/SA220S13	SES189	-8.56915
BLOCK22/SES220/SA220S24	SES220	-7.96472
BLOCK22/SES220/SA220S26	SES220	-7.94759
BLOCK22/SES220/SA220S28	SES189	-7.75879
BLOCK22/SES221/SA221S12	SES221	-6.74482
BLOCK22/SES221/SA221S15	SES221	-6.73453
BLOCK22/SES221/SA221S23	SES221	-6.86609
BLOCK22/SES221/SA221S27	SES221	-7.4857
BLOCK22/SES221/SA221S29	SES221	-6.61687
BLOCK22/SES223/SA223S11	SES223	-7.44189
BLOCK22/SES223/SA223S13	SES221	-7.65339
BLOCK22/SES223/SA223S22	SES223	-7.63074
BLOCK22/SES223/SA223S25	SES221	-7.48979
BLOCK22/SES223/SA223S27	SES223	-8.1813
BLOCK22/SES225/SA225S12	SES225	-6.64662
BLOCK22/SES225/SA225S13	SES225	-7.26676
BLOCK22/SES225/SA225S21	SES225	-6.54807
BLOCK22/SES225/SA225S25	SES225	-6.76914
BLOCK22/SES225/SA225S28	SES225	-7.25198
BLOCK22/SES226/SA226S12	SES226	-7.67512
BLOCK22/SES226/SA226S13	SES002	-7.75263
BLOCK22/SES226/SA226S20	SES226	-7.74247
BLOCK22/SES226/SA226S23	SES226	-7.16488
BLOCK22/SES226/SA226S28	SES226	-6.76046
BLOCK22/SES227/SA227S14	SES227	-8.08091
BLOCK22/SES227/SA227S15	SES227	-7.50999
BLOCK22/SES227/SA227S23	SES227	-7.17605
BLOCK22/SES227/SA227S26	SES227	-6.9635
BLOCK22/SES227/SA227S29	SES227	-7.68521
BLOCK25/SES257/SA257S11	SES257	-8.31543
BLOCK25/SES257/SA257S13	SES257	-7.30439
BLOCK25/SES257/SA257S20	SES257	-7.06317
BLOCK25/SES257/SA257S22	SES257	-7.32397
BLOCK25/SES257/SA257S29	SES257	-7.67375
BLOCK25/SES258/SA258S10	SES258	-7.60127
BLOCK25/SES258/SA258S11	SES258	-6.65262
BLOCK25/SES258/SA258S20	SES258	-7.96573
BLOCK25/SES258/SA258S25	SES258	-7.09959
BLOCK25/SES258/SA258S28	SES258	-7.90267
BLOCK25/SES259/SA259S13	SES259	-6.8503
BLOCK25/SES259/SA259S14	SES259	-6.5474
BLOCK25/SES259/SA259S22	SES259	-6.6592
BLOCK25/SES259/SA259S24	SES259	-7.47467
BLOCK25/SES259/SA259S28	SES259	-7.44607
BLOCK27/SES270/SA270S14	SES270	-7.42552
BLOCK27/SES270/SA270S16	SES227	-7.12142
BLOCK27/SES270/SA270S22	SES270	-6.59201
BLOCK27/SES270/SA270S26	SES270	-7.4172
BLOCK27/SES270/SA270S28	SES270	-7.24075
BLOCK27/SES271/SA271S14	SES271	-6.455
BLOCK27/SES271/SA271S15	SES175	-7.73675
BLOCK27/SES271/SA271S22	SES271	-6.62496
BLOCK27/SES271/SA271S27	SES160	-8.45922
BLOCK27/SES271/SA271S29	SES271	-6.16431
BLOCK27/SES272/SA272S10	SES272	-7.89442
BLOCK27/SES272/SA272S13	SES272	-7.60332
BLOCK27/SES272/SA272S21	SES272	-7.35332
BLOCK27/SES272/SA272S24	SES272	-8.08818
BLOCK27/SES272/SA272S29	SES272	-7.63154
BLOCK27/SES273/SA273S12	SES291	-7.31974
BLOCK27/SES273/SA273S13	SES273	-7.02337
BLOCK27/SES273/SA273S21	SES273	-8.08311
BLOCK27/SES273/SA273S25	SES273	-8.27969
BLOCK27/SES273/SA273S27	SES273	-6.47756
BLOCK27/SES274/SA274S10	SES274	-6.40526
BLOCK27/SES274/SA274S11	SES274	-6.70315
BLOCK27/SES274/SA274S21	SES274	-6.71107
BLOCK27/SES274/SA274S24	SES274	-7.50904
BLOCK27/SES274/SA274S29	SES273	-7.77657
BLOCK27/SES275/SA275S17	SES275	-7.20145
BLOCK27/SES275/SA275S18	SES275	-7.57783
BLOCK27/SES275/SA275S24	SES275	-7.9071
BLOCK27/SES275/SA275S26	SES275	-7.45004
BLOCK27/SES275/SA275S28	SES105	-7.53075
BLOCK27/SES276/SA276S16	SES276	-7.2688
BLOCK27/SES276/SA276S17	SES276	-7.94989
BLOCK27/SES276/SA276S24	SES202	-6.90656
BLOCK27/SES276/SA276S26	SES276	-6.619
BLOCK27/SES276/SA276S28	SES276	-6.91723
BLOCK27/SES277/SA277S12	SES277	-8.53935
BLOCK27/SES277/SA277S14	SES277	-8.71723
BLOCK27/SES277/SA277S21	SES277	-7.6157
BLOCK27/SES277/SA277S24	SES277	-8.04224
BLOCK27/SES277/SA277S29	SES277	-6.13655
BLOCK27/SES278/SA278S12	SES278	-8.04005
BLOCK27/SES278/SA278S16	SES278	-7.8677
BLOCK27/SES278/SA278S24	SES278	-8.3084
BLOCK27/SES278/SA278S26	SES278	-7.40978
BLOCK27/SES278/SA278S29	SES278	-8.01431
BLOCK27/SES279/SA279S09	SES012	-6.97621
BLOCK27/SES279/SA279S10	SES279	-7.45328
BLOCK27/SES279/SA279S20	SES279	-8.03405
BLOCK27/SES279/SA279S26	SES279	-7.6908
BLOCK27/SES279/SA279S28	SES279	-6.58263
BLOCK29/SES290/SA290S12	SES290	-5.89972
BLOCK29/SES290/SA290S13	SES175	-6.78353
BLOCK29/SES290/SA290S22	SES290	-6.68562
BLOCK29/SES290/SA290S25	SES290	-6.85017
BLOCK29/SES290/SA290S29	SES290	-6.03172
BLOCK29/SES291/SA291S11	SES291	-7.99156
BLOCK29/SES291/SA291S12	SES291	-7.12667
BLOCK29/SES291/SA291S22	SES291	-7.19574
BLOCK29/SES291/SA291S24	SES291	-6.97097
BLOCK29/SES291/SA291S27	SES291	-6.58321
BLOCK29/SES292/SA292S10	SES029	-7.2747
BLOCK29/SES292/SA292S12	SES292	-8.69644
BLOCK29/SES292/SA292S22	SES012	-8.15112
BLOCK29/SES292/SA292S24	SES292	-7.78968
BLOCK29/SES292/SA292S27	SES273	-7.78713
BLOCK29/SES294/SA294S13	SES046	-8.05447
BLOCK29/SES294/SA294S14	SES294	-7.1577
BLOCK29/SES294/SA294S23	SES294	-8.3049
BLOCK29/SES294/SA294S25	SES187	-7.97547
BLOCK29/SES294/SA294S28	SES159	-7.46371
nerr=102	ntot=785	error_rate=12.99%
>>>>>>> 15ca2e2b4568d2929aa83f497d809dca75f8cb4c
