BLOCK00/SES002/SA002S12	SES002	-0.271043	-10.3684	-10.0974
BLOCK00/SES002/SA002S13	SES002	0.665836	-11.0934	-11.7592
BLOCK00/SES002/SA002S23	SES002	0.117736	-10.5185	-10.6362
BLOCK00/SES002/SA002S26	SES002	0.197918	-11.6804	-11.8783
BLOCK00/SES002/SA002S28	SES002	0.362997	-9.89214	-10.2551
BLOCK00/SES007/SA007S14	SES007	0.320157	-9.16105	-9.4812
BLOCK00/SES007/SA007S15	SES007	0.258746	-9.90381	-10.1626
BLOCK00/SES007/SA007S24	SES007	0.171222	-9.56985	-9.74107
BLOCK00/SES007/SA007S27	SES007	0.059679	-11.3475	-11.4072
BLOCK00/SES007/SA007S29	SES007	0.0509672	-9.21898	-9.26995
BLOCK00/SES008/SA008S11	SES008	0.8465	-8.14964	-8.99614
BLOCK00/SES008/SA008S12	SES008	0.438576	-8.6777	-9.11627
BLOCK00/SES008/SA008S19	SES008	0.760818	-8.87828	-9.6391
BLOCK00/SES008/SA008S22	SES008	0.699308	-9.27008	-9.96939
BLOCK00/SES008/SA008S29	SES008	0.938989	-8.48683	-9.42582
BLOCK01/SES014/SA014S10	SES014	0.76267	-9.8372	-10.5999
BLOCK01/SES014/SA014S12	SES014	0.260903	-10.4463	-10.7072
BLOCK01/SES014/SA014S24	SES014	1.2098	-10.0858	-11.2956
BLOCK01/SES014/SA014S26	SES014	0.359335	-10.8765	-11.2359
BLOCK01/SES014/SA014S28	SES014	0.956273	-9.30141	-10.2577
BLOCK01/SES016/SA016S12	SES016	1.02502	-11.9885	-13.0135
BLOCK01/SES016/SA016S13	SES016	0.890865	-9.93799	-10.8289
BLOCK01/SES016/SA016S22	SES016	0.597905	-9.6785	-10.2764
BLOCK01/SES016/SA016S25	SES016	0.0815582	-8.95514	-9.03669
BLOCK01/SES016/SA016S27	SES016	0.531596	-9.88931	-10.4209
BLOCK01/SES019/SA019S13	SES019	1.92651	-9.27589	-11.2024
BLOCK01/SES019/SA019S14	SES019	1.1158	-10.398	-11.5138
BLOCK01/SES019/SA019S22	SES019	1.58997	-9.47305	-11.063
BLOCK01/SES019/SA019S25	SES019	0.867569	-10.3376	-11.2052
BLOCK01/SES019/SA019S29	SES019	2.16955	-10.3914	-12.561
BLOCK02/SES029/SA029S11	SES029	-0.0880737	-9.77232	-9.68424
BLOCK02/SES029/SA029S12	SES029	-0.0206261	-9.66761	-9.64698
BLOCK02/SES029/SA029S20	SES029	0.182972	-9.33733	-9.5203
BLOCK02/SES029/SA029S25	SES029	0.0912523	-9.89252	-9.98378
BLOCK02/SES029/SA029S28	SES029	-0.360258	-10.0926	-9.73233
BLOCK04/SES042/SA042S12	SES042	0.466587	-9.67802	-10.1446
BLOCK04/SES042/SA042S15	SES042	0.605666	-9.09234	-9.698
BLOCK04/SES042/SA042S22	SES042	1.55665	-10.7197	-12.2763
BLOCK04/SES042/SA042S25	SES042	0.931341	-11.163	-12.0944
BLOCK04/SES042/SA042S27	SES042	1.11793	-11.0579	-12.1759
BLOCK04/SES048/SA048S11	SES048	0.211426	-9.46742	-9.67884
BLOCK04/SES048/SA048S12	SES048	0.049243	-10.1312	-10.1804
BLOCK04/SES048/SA048S20	SES048	0.446162	-9.84058	-10.2867
BLOCK04/SES048/SA048S23	SES048	0.0958681	-9.82446	-9.92033
BLOCK04/SES048/SA048S27	SES048	-0.272208	-10.4881	-10.2159
BLOCK06/SES060/SA060S11	SES060	1.05297	-9.44178	-10.4948
BLOCK06/SES060/SA060S12	SES060	1.01879	-9.9809	-10.9997
BLOCK06/SES060/SA060S22	SES060	-1.03324	-11.9498	-10.9166
BLOCK06/SES060/SA060S24	SES060	0.316119	-8.77096	-9.08708
BLOCK06/SES060/SA060S28	SES060	0.496394	-8.57803	-9.07443
BLOCK06/SES062/SA062S10	SES062	0.205622	-9.8338	-10.0394
BLOCK06/SES062/SA062S11	SES062	0.149536	-10.1817	-10.3313
BLOCK06/SES062/SA062S21	SES062	0.552948	-8.29778	-8.85073
BLOCK06/SES062/SA062S26	SES062	0.223364	-9.59166	-9.81503
BLOCK06/SES062/SA062S29	SES062	0.465403	-9.02333	-9.48873
BLOCK06/SES068/SA068S14	SES068	-0.180382	-10.2168	-10.0364
BLOCK06/SES068/SA068S15	SES068	0.175367	-10.0435	-10.2189
BLOCK06/SES068/SA068S23	SES068	-0.184164	-10.1429	-9.95873
BLOCK06/SES068/SA068S27	SES068	0.63493	-9.61149	-10.2464
BLOCK06/SES068/SA068S29	SES068	0.350788	-9.82899	-10.1798
BLOCK08/SES082/SA082S12	SES082	-0.116464	-9.91124	-9.79477
BLOCK08/SES082/SA082S14	SES082	0.29987	-10.1867	-10.4865
BLOCK08/SES082/SA082S21	SES082	0.134035	-9.46738	-9.60142
BLOCK08/SES082/SA082S24	SES082	0.103395	-9.66074	-9.76414
BLOCK08/SES082/SA082S28	SES082	0.260375	-9.98567	-10.246
BLOCK08/SES083/SA083S14	SES083	0.122252	-10.7888	-10.911
BLOCK08/SES083/SA083S15	SES083	0.107911	-9.75757	-9.86548
BLOCK08/SES083/SA083S24	SES083	0.279949	-9.74657	-10.0265
BLOCK08/SES083/SA083S26	SES083	0.336107	-10.6786	-11.0147
BLOCK08/SES083/SA083S29	SES083	-0.207731	-10.5972	-10.3894
BLOCK08/SES085/SA085S10	SES085	0.159551	-9.13072	-9.29027
BLOCK08/SES085/SA085S13	SES085	0.0740423	-10.1515	-10.2255
BLOCK08/SES085/SA085S22	SES085	0.960329	-9.06816	-10.0285
BLOCK08/SES085/SA085S26	SES085	-0.0595856	-10.6315	-10.5719
BLOCK08/SES085/SA085S28	SES085	-0.0388546	-9.75117	-9.71232
BLOCK08/SES087/SA087S15	SES087	1.3541	-10.0937	-11.4478
BLOCK08/SES087/SA087S16	SES087	1.34079	-10.7221	-12.0629
BLOCK08/SES087/SA087S24	SES087	1.94058	-10.4183	-12.3589
BLOCK08/SES087/SA087S26	SES087	1.19321	-9.7199	-10.9131
BLOCK08/SES087/SA087S29	SES087	1.06588	-9.48186	-10.5477
BLOCK09/SES099/SA099S15	SES099	0.991684	-11.0107	-12.0024
BLOCK09/SES099/SA099S16	SES099	0.546309	-9.91522	-10.4615
BLOCK09/SES099/SA099S24	SES099	0.914263	-10.2658	-11.1801
BLOCK09/SES099/SA099S26	SES099	0.884952	-10.3019	-11.1869
BLOCK09/SES099/SA099S29	SES099	0.85245	-10.4415	-11.2939
BLOCK10/SES101/SA101S11	SES101	-0.0853586	-9.58875	-9.50339
BLOCK10/SES101/SA101S13	SES101	-0.164233	-9.5729	-9.40866
BLOCK10/SES101/SA101S22	SES101	0.905272	-10.6168	-11.5221
BLOCK10/SES101/SA101S24	SES101	1.07352	-9.50415	-10.5777
BLOCK10/SES101/SA101S28	SES101	0.787665	-9.87028	-10.6579
BLOCK10/SES104/SA104S11	SES104	-0.0543385	-9.65125	-9.59691
BLOCK10/SES104/SA104S12	SES104	0.243641	-9.84027	-10.0839
BLOCK10/SES104/SA104S21	SES104	0.376375	-10.6614	-11.0377
BLOCK10/SES104/SA104S24	SES104	0.128473	-10.6753	-10.8038
BLOCK10/SES104/SA104S28	SES104	0.622246	-10.48	-11.1022
BLOCK10/SES105/SA105S12	SES105	0.40652	-10.1364	-10.5429
BLOCK10/SES105/SA105S13	SES105	-0.166838	-10.1969	-10.0301
BLOCK10/SES105/SA105S22	SES105	0.0810289	-10.7024	-10.7834
BLOCK10/SES105/SA105S26	SES105	0.259698	-11.0328	-11.2925
BLOCK10/SES105/SA105S29	SES105	0.221517	-9.6525	-9.87401
BLOCK10/SES106/SA106S09	SES106	0.657071	-10.6632	-11.3202
BLOCK10/SES106/SA106S11	SES106	0.525598	-10.0597	-10.5853
BLOCK10/SES106/SA106S22	SES106	0.962625	-10.9332	-11.8959
BLOCK10/SES106/SA106S27	SES106	0.720643	-9.57428	-10.2949
BLOCK10/SES106/SA106S29	SES106	0.513106	-8.76352	-9.27662
BLOCK11/SES117/SA117S12	SES117	-0.262872	-11.1792	-10.9164
BLOCK11/SES117/SA117S13	SES117	-0.532994	-11.1011	-10.5681
BLOCK11/SES117/SA117S23	SES117	0.822447	-10.4028	-11.2253
BLOCK11/SES117/SA117S25	SES117	0.510831	-9.71785	-10.2287
BLOCK11/SES117/SA117S28	SES117	0.517321	-10.0566	-10.5739
BLOCK12/SES120/SA120S08	SES120	0.560103	-10.7532	-11.3133
BLOCK12/SES120/SA120S11	SES120	2.13464	-13.0097	-15.1444
BLOCK12/SES120/SA120S22	SES120	0.0418129	-9.44047	-9.48228
BLOCK12/SES120/SA120S24	SES120	-0.141885	-10.8792	-10.7374
BLOCK12/SES120/SA120S28	SES120	-0.264688	-11.1666	-10.9019
BLOCK12/SES125/SA125S13	SES125	0.645202	-9.84834	-10.4935
BLOCK12/SES125/SA125S14	SES125	0.775871	-10.2642	-11.0401
BLOCK12/SES125/SA125S25	SES125	1.19717	-9.91806	-11.1152
BLOCK12/SES125/SA125S27	SES125	0.617081	-9.28461	-9.90169
BLOCK12/SES125/SA125S29	SES125	0.51646	-9.38487	-9.90133
BLOCK12/SES127/SA127S11	SES127	0.571499	-9.5978	-10.1693
BLOCK12/SES127/SA127S12	SES127	-0.00104523	-8.62201	-8.62097
BLOCK12/SES127/SA127S23	SES127	0.201591	-8.79219	-8.99378
BLOCK12/SES127/SA127S25	SES127	-0.198411	-9.29802	-9.09961
BLOCK12/SES127/SA127S27	SES127	0.792402	-8.62244	-9.41485
BLOCK12/SES129/SA129S11	SES129	0.936881	-8.43525	-9.37213
BLOCK12/SES129/SA129S12	SES129	0.536471	-8.59269	-9.12916
BLOCK12/SES129/SA129S22	SES129	0.518261	-9.60671	-10.125
BLOCK12/SES129/SA129S27	SES129	0.874593	-8.46959	-9.34418
BLOCK12/SES129/SA129S29	SES129	0.380956	-10.3203	-10.7013
BLOCK14/SES142/SA142S11	SES142	0.00695419	-8.94643	-8.95339
BLOCK14/SES142/SA142S12	SES142	-0.150039	-9.7941	-9.64407
BLOCK14/SES142/SA142S24	SES142	0.275455	-9.12764	-9.40309
BLOCK14/SES142/SA142S27	SES142	-0.41948	-9.7032	-9.28372
BLOCK14/SES142/SA142S29	SES142	0.136355	-9.01014	-9.1465
BLOCK14/SES143/SA143S12	SES143	0.686976	-9.69536	-10.3823
BLOCK14/SES143/SA143S13	SES143	0.68469	-9.38346	-10.0681
BLOCK14/SES143/SA143S23	SES143	0.704268	-9.61728	-10.3216
BLOCK14/SES143/SA143S25	SES143	0.463541	-10.1772	-10.6407
BLOCK14/SES143/SA143S28	SES143	0.321254	-10.1832	-10.5045
BLOCK14/SES144/SA144S09	SES144	0.163965	-9.93543	-10.0994
BLOCK14/SES144/SA144S11	SES144	-0.260731	-10.3566	-10.0959
BLOCK14/SES144/SA144S21	SES144	-0.662501	-10.6542	-9.99166
BLOCK14/SES144/SA144S25	SES144	0.284025	-9.6093	-9.89333
BLOCK14/SES144/SA144S29	SES144	-0.690551	-11.1091	-10.4186
BLOCK14/SES146/SA146S14	SES146	-0.361497	-10.7583	-10.3968
BLOCK14/SES146/SA146S15	SES146	-0.441741	-11.4114	-10.9697
BLOCK14/SES146/SA146S24	SES146	-0.323355	-10.5657	-10.2423
BLOCK14/SES146/SA146S26	SES146	0.381539	-10.2568	-10.6383
BLOCK14/SES146/SA146S29	SES146	-0.366655	-11.173	-10.8064
BLOCK14/SES147/SA147S11	SES147	-0.17442	-10.3645	-10.1901
BLOCK14/SES147/SA147S13	SES147	0.326047	-9.46045	-9.7865
BLOCK14/SES147/SA147S23	SES147	0.475002	-9.36261	-9.83761
BLOCK14/SES147/SA147S26	SES147	0.567724	-9.30729	-9.87502
BLOCK14/SES147/SA147S28	SES147	0.534072	-8.73742	-9.27149
BLOCK14/SES148/SA148S10	SES148	-0.188855	-9.39861	-9.20976
BLOCK14/SES148/SA148S12	SES148	0.837934	-9.96557	-10.8035
BLOCK14/SES148/SA148S22	SES148	0.00996017	-9.68276	-9.69272
BLOCK14/SES148/SA148S26	SES148	-0.0999231	-9.094	-8.99408
BLOCK14/SES148/SA148S29	SES148	0.137027	-10.2492	-10.3862
BLOCK14/SES149/SA149S13	SES149	0.321137	-9.46368	-9.78482
BLOCK14/SES149/SA149S14	SES149	-0.0584049	-9.95529	-9.89688
BLOCK14/SES149/SA149S24	SES149	0.257901	-9.71876	-9.97666
BLOCK14/SES149/SA149S26	SES149	0.29772	-9.48487	-9.78259
BLOCK14/SES149/SA149S28	SES149	0.0936699	-9.21728	-9.31095
BLOCK15/SES158/SA158S13	SES158	0.357669	-10.6349	-10.9926
BLOCK15/SES158/SA158S14	SES158	-0.210599	-12.0156	-11.805
BLOCK15/SES158/SA158S23	SES158	-0.0794792	-9.91903	-9.83955
BLOCK15/SES158/SA158S26	SES158	0.181534	-10.5243	-10.7058
BLOCK15/SES158/SA158S28	SES158	-0.0961399	-10.7155	-10.6193
BLOCK16/SES162/SA162S10	SES162	0.341339	-10.149	-10.4903
BLOCK16/SES162/SA162S11	SES162	0.340826	-9.23874	-9.57956
BLOCK16/SES162/SA162S21	SES162	0.570075	-9.15027	-9.72034
BLOCK16/SES162/SA162S24	SES162	0.79382	-9.09868	-9.8925
BLOCK16/SES162/SA162S27	SES162	0.665149	-9.90271	-10.5679
BLOCK16/SES167/SA167S14	SES167	0.758614	-7.9725	-8.73111
BLOCK16/SES167/SA167S15	SES167	0.888798	-7.8435	-8.7323
BLOCK16/SES167/SA167S21	SES167	0.617126	-7.9398	-8.55692
BLOCK16/SES167/SA167S25	SES167	1.13181	-8.42395	-9.55576
BLOCK16/SES167/SA167S29	SES167	1.24091	-7.2375	-8.47841
BLOCK17/SES172/SA172S12	SES172	0.138019	-10.6044	-10.7424
BLOCK17/SES172/SA172S13	SES172	0.429358	-10.3551	-10.7844
BLOCK17/SES172/SA172S23	SES172	0.339223	-9.1792	-9.51842
BLOCK17/SES172/SA172S27	SES172	0.223433	-10.9209	-11.1443
BLOCK17/SES172/SA172S29	SES172	0.731864	-9.51441	-10.2463
BLOCK17/SES175/SA175S11	SES175	0.306045	-10.4039	-10.7099
BLOCK17/SES175/SA175S13	SES175	0.162703	-8.44149	-8.60419
BLOCK17/SES175/SA175S23	SES175	0.84221	-8.76895	-9.61116
BLOCK17/SES175/SA175S25	SES175	-0.11905	-10.4652	-10.3461
BLOCK17/SES175/SA175S28	SES175	0.620156	-9.30726	-9.92741
BLOCK17/SES177/SA177S15	SES177	0.118183	-10.5145	-10.6327
BLOCK17/SES177/SA177S17	SES177	0.211164	-10.5478	-10.759
BLOCK17/SES177/SA177S23	SES177	0.00533581	-10.1418	-10.1472
BLOCK17/SES177/SA177S26	SES177	0.537862	-9.05455	-9.59241
BLOCK17/SES177/SA177S28	SES177	0.694465	-9.72177	-10.4162
BLOCK18/SES180/SA180S13	SES180	0.247779	-11.1918	-11.4395
BLOCK18/SES180/SA180S15	SES180	0.500541	-9.4527	-9.95324
BLOCK18/SES180/SA180S24	SES180	0.670636	-8.74594	-9.41658
BLOCK18/SES180/SA180S26	SES180	-0.24976	-9.77545	-9.52569
BLOCK18/SES180/SA180S29	SES180	-0.595435	-10.8945	-10.299
BLOCK18/SES183/SA183S13	SES183	0.332783	-9.59856	-9.93134
BLOCK18/SES183/SA183S14	SES183	-0.082593	-10.4509	-10.3683
BLOCK18/SES183/SA183S24	SES183	0.676778	-10.0528	-10.7296
BLOCK18/SES183/SA183S27	SES183	0.519292	-10.2023	-10.7216
BLOCK18/SES183/SA183S29	SES183	0.612058	-9.55056	-10.1626
BLOCK18/SES187/SA187S13	SES187	-0.103455	-11.1627	-11.0592
BLOCK18/SES187/SA187S14	SES187	0.0815353	-11.1878	-11.2693
BLOCK18/SES187/SA187S24	SES187	0.188511	-10.4495	-10.638
BLOCK18/SES187/SA187S27	SES187	0.274245	-10.7281	-11.0024
BLOCK18/SES187/SA187S29	SES187	0.315844	-12.2366	-12.5524
BLOCK18/SES189/SA189S10	SES189	0.740848	-10.5436	-11.2844
BLOCK18/SES189/SA189S13	SES189	0.956935	-11.9107	-12.8676
BLOCK18/SES189/SA189S24	SES189	0.513546	-10.1506	-10.6641
BLOCK18/SES189/SA189S26	SES189	0.392558	-10.0843	-10.4768
BLOCK18/SES189/SA189S29	SES189	0.895359	-9.71162	-10.607
BLOCK20/SES202/SA202S12	SES202	-0.727162	-10.6055	-9.87836
BLOCK20/SES202/SA202S14	SES202	-0.629585	-10.6947	-10.0651
BLOCK20/SES202/SA202S24	SES202	-0.00250244	-10.4704	-10.4679
BLOCK20/SES202/SA202S27	SES202	-0.328831	-9.96642	-9.63759
BLOCK20/SES202/SA202S29	SES202	-0.602458	-10.4406	-9.83819
BLOCK20/SES206/SA206S15	SES206	-0.143412	-9.60297	-9.45956
BLOCK20/SES206/SA206S17	SES206	0.483541	-10.7448	-11.2283
BLOCK20/SES206/SA206S24	SES206	0.436809	-9.67021	-10.107
BLOCK20/SES206/SA206S27	SES206	0.644144	-10.7189	-11.363
BLOCK20/SES206/SA206S29	SES206	0.841125	-10.5781	-11.4192
BLOCK22/SES226/SA226S12	SES226	0.95001	-9.99199	-10.942
BLOCK22/SES226/SA226S13	SES226	-0.579883	-11.4627	-10.8829
BLOCK22/SES226/SA226S20	SES226	-0.209064	-11.0042	-10.7951
BLOCK22/SES226/SA226S23	SES226	0.480279	-10.1026	-10.5829
BLOCK22/SES226/SA226S28	SES226	0.269564	-9.95887	-10.2284
BLOCK25/SES259/SA259S13	SES259	0.454041	-10.4687	-10.9227
BLOCK25/SES259/SA259S14	SES259	0.535836	-9.81939	-10.3552
BLOCK25/SES259/SA259S22	SES259	1.39437	-9.92622	-11.3206
BLOCK25/SES259/SA259S24	SES259	0.147492	-10.7106	-10.8581
BLOCK25/SES259/SA259S28	SES259	1.05771	-9.93151	-10.9892
BLOCK27/SES270/SA270S14	SES270	1.03234	-10.5261	-11.5584
BLOCK27/SES270/SA270S16	SES270	0.350325	-9.54631	-9.89664
BLOCK27/SES270/SA270S22	SES270	0.99705	-10.1288	-11.1259
BLOCK27/SES270/SA270S26	SES270	1.43514	-9.14853	-10.5837
BLOCK27/SES270/SA270S28	SES270	0.548693	-9.63806	-10.1868
BLOCK27/SES275/SA275S17	SES275	0.158706	-9.50799	-9.6667
BLOCK27/SES275/SA275S18	SES275	-0.137756	-10.1111	-9.97335
BLOCK27/SES275/SA275S24	SES275	-0.135814	-10.1711	-10.0353
BLOCK27/SES275/SA275S26	SES275	0.386752	-9.44241	-9.82916
BLOCK27/SES275/SA275S28	SES275	-0.0954714	-10.0488	-9.95334
BLOCK29/SES292/SA292S10	SES292	-0.465437	-9.96485	-9.49941
BLOCK29/SES292/SA292S12	SES292	0.510615	-11.4261	-11.9367
BLOCK29/SES292/SA292S22	SES292	0.138714	-10.6894	-10.8282
BLOCK29/SES292/SA292S24	SES292	0.407472	-10.7252	-11.1327
BLOCK29/SES292/SA292S27	SES292	-0.175379	-9.93778	-9.7624
BLOCK00/SES001/SA001S14	SES062	-0.932847	-11.6663	-10.7335
BLOCK00/SES001/SA001S14	SES082	0.0101118	-10.7234	-10.7335
BLOCK00/SES001/SA001S14	SES106	-0.557912	-11.2914	-10.7335
BLOCK00/SES001/SA001S14	SES206	-0.112194	-10.8457	-10.7335
BLOCK00/SES001/SA001S15	SES062	-0.298573	-9.84839	-9.54981
BLOCK00/SES001/SA001S15	SES104	-0.138343	-9.68816	-9.54981
BLOCK00/SES001/SA001S15	SES106	-0.146045	-9.69586	-9.54981
BLOCK00/SES001/SA001S15	SES206	-0.453851	-10.0037	-9.54981
BLOCK00/SES001/SA001S24	SES062	-0.299233	-10.192	-9.89281
BLOCK00/SES001/SA001S24	SES082	0.0212364	-9.87157	-9.89281
BLOCK00/SES001/SA001S24	SES087	-0.957857	-10.8507	-9.89281
BLOCK00/SES001/SA001S24	SES206	-0.391642	-10.2844	-9.89281
BLOCK00/SES001/SA001S27	SES062	-0.244006	-8.74078	-8.49677
BLOCK00/SES001/SA001S27	SES082	-0.0328703	-8.52964	-8.49677
BLOCK00/SES001/SA001S27	SES087	-0.364008	-8.86078	-8.49677
BLOCK00/SES001/SA001S27	SES206	-0.215666	-8.71244	-8.49677
BLOCK00/SES001/SA001S29	SES062	-0.55417	-10.966	-10.4118
BLOCK00/SES001/SA001S29	SES082	-0.0627317	-10.4745	-10.4118
BLOCK00/SES001/SA001S29	SES158	-0.103532	-10.5153	-10.4118
BLOCK00/SES001/SA001S29	SES206	-0.0657301	-10.4775	-10.4118
BLOCK00/SES003/SA003S11	SES002	0.223165	-9.50205	-9.72522
BLOCK00/SES003/SA003S11	SES019	-0.764348	-10.4896	-9.72522
BLOCK00/SES003/SA003S11	SES082	-0.104535	-9.82975	-9.72522
BLOCK00/SES003/SA003S11	SES125	-0.108258	-9.83348	-9.72522
BLOCK00/SES003/SA003S15	SES016	-1.10855	-10.8086	-9.70006
BLOCK00/SES003/SA003S15	SES019	-1.99931	-11.6994	-9.70006
BLOCK00/SES003/SA003S15	SES062	-0.111996	-9.81205	-9.70006
BLOCK00/SES003/SA003S15	SES206	0.0117197	-9.68834	-9.70006
BLOCK00/SES003/SA003S22	SES002	0.043334	-9.75787	-9.8012
BLOCK00/SES003/SA003S22	SES062	0.610636	-9.19056	-9.8012
BLOCK00/SES003/SA003S22	SES082	0.038868	-9.76233	-9.8012
BLOCK00/SES003/SA003S22	SES087	-0.51914	-10.3203	-9.8012
BLOCK00/SES003/SA003S25	SES062	0.107713	-11.8274	-11.9351
BLOCK00/SES003/SA003S25	SES082	-0.70274	-12.6378	-11.9351
BLOCK00/SES003/SA003S25	SES087	1.15568	-10.7794	-11.9351
BLOCK00/SES003/SA003S25	SES206	-0.234693	-12.1698	-11.9351
BLOCK00/SES003/SA003S29	SES002	0.355825	-9.77535	-10.1312
BLOCK00/SES003/SA003S29	SES062	-0.156086	-10.2873	-10.1312
BLOCK00/SES003/SA003S29	SES082	-0.226959	-10.3581	-10.1312
BLOCK00/SES003/SA003S29	SES087	-0.337859	-10.469	-10.1312
BLOCK00/SES004/SA004S12	SES083	-0.755729	-10.0683	-9.31262
BLOCK00/SES004/SA004S12	SES148	-0.427519	-9.74014	-9.31262
BLOCK00/SES004/SA004S12	SES172	-0.0347958	-9.34741	-9.31262
BLOCK00/SES004/SA004S12	SES292	-0.659985	-9.9726	-9.31262
BLOCK00/SES004/SA004S17	SES083	-0.67863	-10.0911	-9.41249
BLOCK00/SES004/SA004S17	SES162	-0.385624	-9.79811	-9.41249
BLOCK00/SES004/SA004S17	SES172	-0.0141373	-9.42662	-9.41249
BLOCK00/SES004/SA004S17	SES292	-0.42393	-9.83642	-9.41249
BLOCK00/SES004/SA004S24	SES083	-0.213147	-9.60161	-9.38846
BLOCK00/SES004/SA004S24	SES148	-0.990174	-10.3786	-9.38846
BLOCK00/SES004/SA004S24	SES172	-0.230238	-9.6187	-9.38846
BLOCK00/SES004/SA004S24	SES292	-0.478206	-9.86667	-9.38846
BLOCK00/SES004/SA004S26	SES083	-0.5211	-10.4704	-9.94934
BLOCK00/SES004/SA004S26	SES127	0.0443649	-9.90497	-9.94934
BLOCK00/SES004/SA004S26	SES148	-0.927542	-10.8769	-9.94934
BLOCK00/SES004/SA004S26	SES292	-0.712409	-10.6617	-9.94934
BLOCK00/SES004/SA004S28	SES083	-1.51889	-11.0698	-9.5509
BLOCK00/SES004/SA004S28	SES127	-0.408229	-9.95913	-9.5509
BLOCK00/SES004/SA004S28	SES187	0.470521	-9.08038	-9.5509
BLOCK00/SES004/SA004S28	SES292	-0.471248	-10.0221	-9.5509
BLOCK00/SES006/SA006S10	SES014	-0.811155	-12.5146	-11.7035
BLOCK00/SES006/SA006S10	SES158	-0.150546	-11.854	-11.7035
BLOCK00/SES006/SA006S10	SES226	-0.431985	-12.1355	-11.7035
BLOCK00/SES006/SA006S10	SES270	-0.00887203	-11.7124	-11.7035
BLOCK00/SES006/SA006S11	SES158	0.0672417	-11.4723	-11.5396
BLOCK00/SES006/SA006S11	SES226	-0.138478	-11.6781	-11.5396
BLOCK00/SES006/SA006S11	SES270	0.417172	-11.1224	-11.5396
BLOCK00/SES006/SA006S11	SES275	-0.426461	-11.966	-11.5396
BLOCK00/SES006/SA006S23	SES062	-1.42327	-13.5069	-12.0836
BLOCK00/SES006/SA006S23	SES105	-0.970596	-13.0542	-12.0836
BLOCK00/SES006/SA006S23	SES158	-0.238456	-12.322	-12.0836
BLOCK00/SES006/SA006S23	SES275	-0.6908	-12.7744	-12.0836
BLOCK00/SES006/SA006S26	SES104	0.149977	-11.4666	-11.6165
BLOCK00/SES006/SA006S26	SES158	0.322233	-11.2943	-11.6165
BLOCK00/SES006/SA006S26	SES270	0.327176	-11.2894	-11.6165
BLOCK00/SES006/SA006S26	SES275	-0.332366	-11.9489	-11.6165
BLOCK00/SES006/SA006S28	SES007	-0.402549	-12.2338	-11.8313
BLOCK00/SES006/SA006S28	SES105	-0.232124	-12.0634	-11.8313
BLOCK00/SES006/SA006S28	SES158	0.0982676	-11.733	-11.8313
BLOCK00/SES006/SA006S28	SES275	-0.430707	-12.262	-11.8313
BLOCK00/SES009/SA009S12	SES083	-1.43934	-11.8862	-10.4468
BLOCK00/SES009/SA009S12	SES148	-2.18619	-12.633	-10.4468
BLOCK00/SES009/SA009S12	SES177	-0.18265	-10.6295	-10.4468
BLOCK00/SES009/SA009S12	SES292	-0.546081	-10.9929	-10.4468
BLOCK00/SES009/SA009S15	SES007	0.0354462	-9.73793	-9.77338
BLOCK00/SES009/SA009S15	SES099	-2.40511	-12.1785	-9.77338
BLOCK00/SES009/SA009S15	SES148	-2.02932	-11.8027	-9.77338
BLOCK00/SES009/SA009S15	SES172	-0.294118	-10.0675	-9.77338
BLOCK00/SES009/SA009S24	SES146	-0.432504	-10.9592	-10.5267
BLOCK00/SES009/SA009S24	SES148	-1.65265	-12.1793	-10.5267
BLOCK00/SES009/SA009S24	SES177	-0.00890732	-10.5356	-10.5267
BLOCK00/SES009/SA009S24	SES292	-0.427648	-10.9543	-10.5267
BLOCK00/SES009/SA009S26	SES083	-1.05866	-10.9525	-9.89385
BLOCK00/SES009/SA009S26	SES101	-0.980837	-10.8747	-9.89385
BLOCK00/SES009/SA009S26	SES120	-0.388214	-10.2821	-9.89385
BLOCK00/SES009/SA009S26	SES177	-0.16748	-10.0613	-9.89385
BLOCK00/SES009/SA009S29	SES083	-1.09519	-10.9804	-9.8852
BLOCK00/SES009/SA009S29	SES101	-0.868363	-10.7536	-9.8852
BLOCK00/SES009/SA009S29	SES177	0.0156975	-9.8695	-9.8852
BLOCK00/SES009/SA009S29	SES292	-0.424897	-10.3101	-9.8852
BLOCK01/SES011/SA011S10	SES019	-2.10169	-14.1877	-12.086
BLOCK01/SES011/SA011S10	SES042	0.919529	-11.1664	-12.086
BLOCK01/SES011/SA011S10	SES082	-0.0888586	-12.1748	-12.086
BLOCK01/SES011/SA011S10	SES206	0.56341	-11.5226	-12.086
BLOCK01/SES011/SA011S11	SES019	-1.48373	-11.7245	-10.2408
BLOCK01/SES011/SA011S11	SES042	0.301453	-9.93934	-10.2408
BLOCK01/SES011/SA011S11	SES082	0.105145	-10.1356	-10.2408
BLOCK01/SES011/SA011S11	SES206	-0.12058	-10.3614	-10.2408
BLOCK01/SES011/SA011S22	SES019	-0.639226	-11.6332	-10.9939
BLOCK01/SES011/SA011S22	SES042	0.497254	-10.4967	-10.9939
BLOCK01/SES011/SA011S22	SES082	-0.209077	-11.203	-10.9939
BLOCK01/SES011/SA011S22	SES206	-0.0986385	-11.0926	-10.9939
BLOCK01/SES011/SA011S24	SES019	-1.80704	-12.1648	-10.3578
BLOCK01/SES011/SA011S24	SES042	0.797146	-9.56063	-10.3578
BLOCK01/SES011/SA011S24	SES104	0.442214	-9.91556	-10.3578
BLOCK01/SES011/SA011S24	SES206	0.311716	-10.0461	-10.3578
BLOCK01/SES011/SA011S27	SES082	0.110689	-10.1106	-10.2212
BLOCK01/SES011/SA011S27	SES087	-1.29131	-11.5126	-10.2212
BLOCK01/SES011/SA011S27	SES125	0.00361633	-10.2176	-10.2212
BLOCK01/SES011/SA011S27	SES206	-0.286859	-10.5081	-10.2212
BLOCK01/SES012/SA012S11	SES007	0.0735922	-9.52913	-9.60273
BLOCK01/SES012/SA012S11	SES082	0.31241	-9.29031	-9.60273
BLOCK01/SES012/SA012S11	SES083	-0.80417	-10.4069	-9.60273
BLOCK01/SES012/SA012S11	SES206	0.166908	-9.43582	-9.60273
BLOCK01/SES012/SA012S14	SES082	0.0190563	-11.0253	-11.0444
BLOCK01/SES012/SA012S14	SES087	-0.574951	-11.6193	-11.0444
BLOCK01/SES012/SA012S14	SES206	0.535364	-10.509	-11.0444
BLOCK01/SES012/SA012S14	SES292	-0.595461	-11.6398	-11.0444
BLOCK01/SES012/SA012S24	SES082	0.311009	-10.5309	-10.8419
BLOCK01/SES012/SA012S24	SES087	-0.861214	-11.7031	-10.8419
BLOCK01/SES012/SA012S24	SES120	-0.349185	-11.1911	-10.8419
BLOCK01/SES012/SA012S24	SES206	0.0606518	-10.7812	-10.8419
BLOCK01/SES012/SA012S26	SES019	-2.96524	-15.1513	-12.1861
BLOCK01/SES012/SA012S26	SES082	-0.0879297	-12.274	-12.1861
BLOCK01/SES012/SA012S26	SES206	0.857656	-11.3285	-12.1861
BLOCK01/SES012/SA012S26	SES292	-0.764401	-12.9505	-12.1861
BLOCK01/SES012/SA012S29	SES062	-0.303863	-9.62394	-9.32007
BLOCK01/SES012/SA012S29	SES082	0.179013	-9.14106	-9.32007
BLOCK01/SES012/SA012S29	SES083	-0.860382	-10.1805	-9.32007
BLOCK01/SES012/SA012S29	SES206	0.0978861	-9.22219	-9.32007
BLOCK01/SES013/SA013S16	SES062	-1.50655	-13.8992	-12.3927
BLOCK01/SES013/SA013S16	SES106	0.103424	-12.2892	-12.3927
BLOCK01/SES013/SA013S16	SES206	-0.0748014	-12.4675	-12.3927
BLOCK01/SES013/SA013S16	SES226	-0.469089	-12.8618	-12.3927
BLOCK01/SES013/SA013S17	SES062	-0.423187	-11.2056	-10.7824
BLOCK01/SES013/SA013S17	SES106	0.0836983	-10.6987	-10.7824
BLOCK01/SES013/SA013S17	SES206	-0.146224	-10.9286	-10.7824
BLOCK01/SES013/SA013S17	SES226	-0.238648	-11.0211	-10.7824
BLOCK01/SES013/SA013S23	SES104	-0.0847712	-11.9467	-11.8619
BLOCK01/SES013/SA013S23	SES106	0.1382	-11.7237	-11.8619
BLOCK01/SES013/SA013S23	SES206	-0.693433	-12.5553	-11.8619
BLOCK01/SES013/SA013S23	SES270	-1.09124	-12.9531	-11.8619
BLOCK01/SES013/SA013S25	SES042	-0.890749	-12.0686	-11.1779
BLOCK01/SES013/SA013S25	SES104	0.236031	-10.9418	-11.1779
BLOCK01/SES013/SA013S25	SES106	0.43123	-10.7466	-11.1779
BLOCK01/SES013/SA013S25	SES206	-0.214433	-11.3923	-11.1779
BLOCK01/SES013/SA013S29	SES062	-0.648492	-12.2491	-11.6006
BLOCK01/SES013/SA013S29	SES104	0.0901461	-11.5105	-11.6006
BLOCK01/SES013/SA013S29	SES106	0.353278	-11.2474	-11.6006
BLOCK01/SES013/SA013S29	SES206	-0.545628	-12.1463	-11.6006
BLOCK02/SES021/SA021S13	SES016	-0.172027	-10.5694	-10.3974
BLOCK02/SES021/SA021S13	SES029	-0.436845	-10.8342	-10.3974
BLOCK02/SES021/SA021S13	SES087	-2.61924	-13.0166	-10.3974
BLOCK02/SES021/SA021S13	SES206	-0.984653	-11.382	-10.3974
BLOCK02/SES021/SA021S15	SES087	-1.12456	-11.2087	-10.0841
BLOCK02/SES021/SA021S15	SES125	-0.212718	-10.2968	-10.0841
BLOCK02/SES021/SA021S15	SES206	-0.405389	-10.4895	-10.0841
BLOCK02/SES021/SA021S15	SES226	-0.517884	-10.602	-10.0841
BLOCK02/SES021/SA021S23	SES062	-1.42456	-12.827	-11.4025
BLOCK02/SES021/SA021S23	SES087	-0.175301	-11.5778	-11.4025
BLOCK02/SES021/SA021S23	SES206	-0.0428019	-11.4453	-11.4025
BLOCK02/SES021/SA021S23	SES226	0.152205	-11.2503	-11.4025
BLOCK02/SES021/SA021S27	SES002	-0.446486	-10.6974	-10.2509
BLOCK02/SES021/SA021S27	SES016	-0.995779	-11.2467	-10.2509
BLOCK02/SES021/SA021S27	SES019	-0.644667	-10.8956	-10.2509
BLOCK02/SES021/SA021S27	SES062	-0.564129	-10.8151	-10.2509
BLOCK02/SES021/SA021S29	SES087	-0.541947	-12.6158	-12.0739
BLOCK02/SES021/SA021S29	SES125	-0.157369	-12.2313	-12.0739
BLOCK02/SES021/SA021S29	SES206	0.131201	-11.9427	-12.0739
BLOCK02/SES021/SA021S29	SES226	0.109474	-11.9644	-12.0739
BLOCK04/SES043/SA043S09	SES083	0.267284	-10.5273	-10.7946
BLOCK04/SES043/SA043S09	SES101	0.179324	-10.6153	-10.7946
BLOCK04/SES043/SA043S09	SES144	0.280274	-10.5143	-10.7946
BLOCK04/SES043/SA043S09	SES172	-0.128524	-10.9231	-10.7946
BLOCK04/SES043/SA043S11	SES083	0.0822449	-9.56093	-9.64317
BLOCK04/SES043/SA043S11	SES101	0.360718	-9.28246	-9.64317
BLOCK04/SES043/SA043S11	SES144	0.137424	-9.50575	-9.64317
BLOCK04/SES043/SA043S11	SES172	-0.152217	-9.79539	-9.64317
BLOCK04/SES043/SA043S23	SES083	0.121593	-9.89498	-10.0166
BLOCK04/SES043/SA043S23	SES144	0.137725	-9.87884	-10.0166
BLOCK04/SES043/SA043S23	SES177	0.201412	-9.81516	-10.0166
BLOCK04/SES043/SA043S23	SES275	-0.0245361	-10.0411	-10.0166
BLOCK04/SES043/SA043S26	SES083	0.622724	-10.7807	-11.4034
BLOCK04/SES043/SA043S26	SES101	0.711064	-10.6923	-11.4034
BLOCK04/SES043/SA043S26	SES144	0.596543	-10.8068	-11.4034
BLOCK04/SES043/SA043S26	SES177	0.361525	-11.0419	-11.4034
BLOCK04/SES043/SA043S28	SES016	-0.647655	-10.6649	-10.0172
BLOCK04/SES043/SA043S28	SES083	-0.197425	-10.2147	-10.0172
BLOCK04/SES043/SA043S28	SES101	-0.335535	-10.3528	-10.0172
BLOCK04/SES043/SA043S28	SES144	-0.478351	-10.4956	-10.0172
BLOCK04/SES044/SA044S10	SES127	-0.345002	-12.159	-11.814
BLOCK04/SES044/SA044S10	SES144	0.701812	-11.1122	-11.814
BLOCK04/SES044/SA044S10	SES147	-0.500197	-12.3142	-11.814
BLOCK04/SES044/SA044S10	SES148	0.100619	-11.7134	-11.814
BLOCK04/SES044/SA044S11	SES101	0.571429	-10.1096	-10.6811
BLOCK04/SES044/SA044S11	SES144	0.768372	-9.91269	-10.6811
BLOCK04/SES044/SA044S11	SES147	-0.622725	-11.3038	-10.6811
BLOCK04/SES044/SA044S11	SES177	0.0384512	-10.6426	-10.6811
BLOCK04/SES044/SA044S24	SES007	-0.908146	-11.765	-10.8569
BLOCK04/SES044/SA044S24	SES101	0.784659	-10.0722	-10.8569
BLOCK04/SES044/SA044S24	SES147	-0.0587492	-10.9156	-10.8569
BLOCK04/SES044/SA044S24	SES177	0.192367	-10.6645	-10.8569
BLOCK04/SES044/SA044S26	SES007	-0.456923	-10.4899	-10.033
BLOCK04/SES044/SA044S26	SES016	0.121356	-9.91161	-10.033
BLOCK04/SES044/SA044S26	SES101	0.485583	-9.54738	-10.033
BLOCK04/SES044/SA044S26	SES147	0.376065	-9.6569	-10.033
BLOCK04/SES044/SA044S29	SES007	-0.959108	-11.3509	-10.3918
BLOCK04/SES044/SA044S29	SES101	-0.294164	-10.686	-10.3918
BLOCK04/SES044/SA044S29	SES147	0.0743399	-10.3175	-10.3918
BLOCK04/SES044/SA044S29	SES177	-0.590105	-10.9819	-10.3918
BLOCK04/SES046/SA046S13	SES101	-0.0205259	-11.2554	-11.2349
BLOCK04/SES046/SA046S13	SES144	0.0666418	-11.1683	-11.2349
BLOCK04/SES046/SA046S13	SES147	-0.689348	-11.9243	-11.2349
BLOCK04/SES046/SA046S13	SES177	-0.11859	-11.3535	-11.2349
BLOCK04/SES046/SA046S15	SES048	-0.510525	-10.2242	-9.71364
BLOCK04/SES046/SA046S15	SES083	-0.626391	-10.34	-9.71364
BLOCK04/SES046/SA046S15	SES120	-0.899581	-10.6132	-9.71364
BLOCK04/SES046/SA046S15	SES148	-0.738951	-10.4526	-9.71364
BLOCK04/SES046/SA046S22	SES101	0.13719	-10.5446	-10.6818
BLOCK04/SES046/SA046S22	SES144	0.194949	-10.4869	-10.6818
BLOCK04/SES046/SA046S22	SES147	0.0574703	-10.6244	-10.6818
BLOCK04/SES046/SA046S22	SES172	0.183688	-10.4981	-10.6818
BLOCK04/SES046/SA046S25	SES083	-0.0654707	-9.54795	-9.48248
BLOCK04/SES046/SA046S25	SES127	-0.560272	-10.0428	-9.48248
BLOCK04/SES046/SA046S25	SES144	0.184541	-9.29794	-9.48248
BLOCK04/SES046/SA046S25	SES148	-0.340536	-9.82302	-9.48248
BLOCK04/SES046/SA046S28	SES007	-0.487073	-10.3084	-9.82135
BLOCK04/SES046/SA046S28	SES105	0.162215	-9.65913	-9.82135
BLOCK04/SES046/SA046S28	SES147	0.153824	-9.66753	-9.82135
BLOCK04/SES046/SA046S28	SES148	-0.533846	-10.3552	-9.82135
BLOCK04/SES049/SA049S16	SES104	-0.32055	-12.5473	-12.2268
BLOCK04/SES049/SA049S16	SES106	-0.809131	-13.0359	-12.2268
BLOCK04/SES049/SA049S16	SES120	-0.0739717	-12.3008	-12.2268
BLOCK04/SES049/SA049S16	SES206	-0.246832	-12.4736	-12.2268
BLOCK04/SES049/SA049S18	SES099	0.494931	-10.6679	-11.1628
BLOCK04/SES049/SA049S18	SES104	-0.0636692	-11.2265	-11.1628
BLOCK04/SES049/SA049S18	SES125	-0.0166521	-11.1794	-11.1628
BLOCK04/SES049/SA049S18	SES206	-0.132495	-11.2953	-11.1628
BLOCK04/SES049/SA049S25	SES087	0.141382	-12.3245	-12.4659
BLOCK04/SES049/SA049S25	SES104	0.484418	-11.9815	-12.4659
BLOCK04/SES049/SA049S25	SES125	-0.298671	-12.7646	-12.4659
BLOCK04/SES049/SA049S25	SES206	-0.161212	-12.6271	-12.4659
BLOCK04/SES049/SA049S27	SES099	-0.817292	-11.2476	-10.4303
BLOCK04/SES049/SA049S27	SES104	-0.170222	-10.6005	-10.4303
BLOCK04/SES049/SA049S27	SES125	-0.568262	-10.9986	-10.4303
BLOCK04/SES049/SA049S27	SES206	-0.506778	-10.9371	-10.4303
BLOCK04/SES049/SA049S29	SES099	-0.155557	-10.4515	-10.296
BLOCK04/SES049/SA049S29	SES104	0.0985956	-10.1974	-10.296
BLOCK04/SES049/SA049S29	SES125	0.514242	-9.78173	-10.296
BLOCK04/SES049/SA049S29	SES206	-0.144545	-10.4405	-10.296
BLOCK06/SES063/SA063S09	SES068	-0.68729	-12.3632	-11.6759
BLOCK06/SES063/SA063S09	SES083	0.28467	-11.3912	-11.6759
BLOCK06/SES063/SA063S09	SES177	0.0899057	-11.586	-11.6759
BLOCK06/SES063/SA063S09	SES187	-0.00215816	-11.678	-11.6759
BLOCK06/SES063/SA063S10	SES068	-0.173101	-11.3961	-11.223
BLOCK06/SES063/SA063S10	SES083	-0.0285254	-11.2515	-11.223
BLOCK06/SES063/SA063S10	SES172	0.125497	-11.0975	-11.223
BLOCK06/SES063/SA063S10	SES187	-0.279841	-11.5028	-11.223
BLOCK06/SES063/SA063S20	SES068	-0.736502	-12.6522	-11.9157
BLOCK06/SES063/SA063S20	SES083	-0.11562	-12.0313	-11.9157
BLOCK06/SES063/SA063S20	SES172	0.080349	-11.8354	-11.9157
BLOCK06/SES063/SA063S20	SES187	-0.243866	-12.1596	-11.9157
BLOCK06/SES063/SA063S24	SES029	-0.489633	-12.7186	-12.229
BLOCK06/SES063/SA063S24	SES083	1.28831	-10.9407	-12.229
BLOCK06/SES063/SA063S24	SES177	0.562325	-11.6667	-12.229
BLOCK06/SES063/SA063S24	SES189	1.11716	-11.1118	-12.229
BLOCK06/SES063/SA063S27	SES083	0.554812	-10.619	-11.1738
BLOCK06/SES063/SA063S27	SES172	0.0962229	-11.0776	-11.1738
BLOCK06/SES063/SA063S27	SES187	-0.113194	-11.287	-11.1738
BLOCK06/SES063/SA063S27	SES292	-0.0280514	-11.2019	-11.1738
BLOCK06/SES067/SA067S12	SES083	-0.398059	-9.77551	-9.37746
BLOCK06/SES067/SA067S12	SES172	-0.143185	-9.52064	-9.37746
BLOCK06/SES067/SA067S12	SES202	-0.58805	-9.96551	-9.37746
BLOCK06/SES067/SA067S12	SES292	-0.305913	-9.68337	-9.37746
BLOCK06/SES067/SA067S14	SES085	-0.444554	-8.56667	-8.12212
BLOCK06/SES067/SA067S14	SES177	-0.104013	-8.22613	-8.12212
BLOCK06/SES067/SA067S14	SES183	0.0312414	-8.09088	-8.12212
BLOCK06/SES067/SA067S14	SES202	-0.577174	-8.69929	-8.12212
BLOCK06/SES067/SA067S21	SES144	-1.03901	-11.7052	-10.6662
BLOCK06/SES067/SA067S21	SES177	-0.0390072	-10.7052	-10.6662
BLOCK06/SES067/SA067S21	SES183	-0.972528	-11.6387	-10.6662
BLOCK06/SES067/SA067S21	SES189	-0.317223	-10.9834	-10.6662
BLOCK06/SES067/SA067S25	SES085	-1.69684	-11.5137	-9.81683
BLOCK06/SES067/SA067S25	SES177	-0.377684	-10.1945	-9.81683
BLOCK06/SES067/SA067S25	SES183	-0.627669	-10.4445	-9.81683
BLOCK06/SES067/SA067S25	SES202	-1.51119	-11.328	-9.81683
BLOCK06/SES067/SA067S29	SES085	-1.33302	-11.9994	-10.6664
BLOCK06/SES067/SA067S29	SES177	-0.276129	-10.9425	-10.6664
BLOCK06/SES067/SA067S29	SES183	-0.295052	-10.9615	-10.6664
BLOCK06/SES067/SA067S29	SES202	0.00669193	-10.6597	-10.6664
BLOCK06/SES069/SA069S12	SES029	-0.451601	-10.9068	-10.4552
BLOCK06/SES069/SA069S12	SES082	0.0198822	-10.4353	-10.4552
BLOCK06/SES069/SA069S12	SES087	-0.578484	-11.0336	-10.4552
BLOCK06/SES069/SA069S12	SES206	0.0126123	-10.4425	-10.4552
BLOCK06/SES069/SA069S13	SES029	0.159871	-10.231	-10.3909
BLOCK06/SES069/SA069S13	SES087	0.0869188	-10.304	-10.3909
BLOCK06/SES069/SA069S13	SES206	-0.133756	-10.5247	-10.3909
BLOCK06/SES069/SA069S13	SES226	0.771479	-9.61943	-10.3909
BLOCK06/SES069/SA069S23	SES029	0.122313	-9.06078	-9.18309
BLOCK06/SES069/SA069S23	SES087	0.265086	-8.918	-9.18309
BLOCK06/SES069/SA069S23	SES206	0.248032	-8.93506	-9.18309
BLOCK06/SES069/SA069S23	SES226	0.0113382	-9.17175	-9.18309
BLOCK06/SES069/SA069S25	SES087	-0.508365	-10.7499	-10.2416
BLOCK06/SES069/SA069S25	SES206	-0.476535	-10.7181	-10.2416
BLOCK06/SES069/SA069S25	SES226	0.289579	-9.95198	-10.2416
BLOCK06/SES069/SA069S25	SES270	-0.0715427	-10.3131	-10.2416
BLOCK06/SES069/SA069S27	SES087	-0.951541	-11.9305	-10.9789
BLOCK06/SES069/SA069S27	SES206	0.0275707	-10.9514	-10.9789
BLOCK06/SES069/SA069S27	SES226	-0.0970764	-11.076	-10.9789
BLOCK06/SES069/SA069S27	SES270	-1.35309	-12.332	-10.9789
BLOCK08/SES081/SA081S11	SES060	-1.19839	-11.6235	-10.4251
BLOCK08/SES081/SA081S11	SES062	-0.202223	-10.6273	-10.4251
BLOCK08/SES081/SA081S11	SES117	-1.56431	-11.9894	-10.4251
BLOCK08/SES081/SA081S11	SES162	-0.915869	-11.341	-10.4251
BLOCK08/SES081/SA081S13	SES016	-0.329395	-9.61499	-9.28559
BLOCK08/SES081/SA081S13	SES060	-0.108745	-9.39434	-9.28559
BLOCK08/SES081/SA081S13	SES068	-0.719686	-10.0053	-9.28559
BLOCK08/SES081/SA081S13	SES129	-0.675697	-9.96129	-9.28559
BLOCK08/SES081/SA081S24	SES060	-0.255985	-10.188	-9.93204
BLOCK08/SES081/SA081S24	SES068	-0.720161	-10.6522	-9.93204
BLOCK08/SES081/SA081S24	SES117	-0.657384	-10.5894	-9.93204
BLOCK08/SES081/SA081S24	SES275	-0.748412	-10.6805	-9.93204
BLOCK08/SES081/SA081S27	SES007	0.0327854	-11.4502	-11.483
BLOCK08/SES081/SA081S27	SES060	0.145193	-11.3378	-11.483
BLOCK08/SES081/SA081S27	SES117	-0.439894	-11.9229	-11.483
BLOCK08/SES081/SA081S27	SES275	-2.02577	-13.5087	-11.483
BLOCK08/SES081/SA081S29	SES007	0.1041	-11.1566	-11.2607
BLOCK08/SES081/SA081S29	SES060	0.254935	-11.0057	-11.2607
BLOCK08/SES081/SA081S29	SES117	-0.402779	-11.6634	-11.2607
BLOCK08/SES081/SA081S29	SES275	-2.46395	-13.7246	-11.2607
BLOCK08/SES086/SA086S11	SES029	-0.787369	-13.703	-12.9156
BLOCK08/SES086/SA086S11	SES082	0.132276	-12.7833	-12.9156
BLOCK08/SES086/SA086S11	SES087	1.06632	-11.8493	-12.9156
BLOCK08/SES086/SA086S11	SES206	0.476228	-12.4394	-12.9156
BLOCK08/SES086/SA086S12	SES029	-0.44726	-12.779	-12.3317
BLOCK08/SES086/SA086S12	SES082	0.253626	-12.0781	-12.3317
BLOCK08/SES086/SA086S12	SES087	1.25362	-11.0781	-12.3317
BLOCK08/SES086/SA086S12	SES206	0.870692	-11.461	-12.3317
BLOCK08/SES086/SA086S20	SES029	-0.846673	-12.5133	-11.6667
BLOCK08/SES086/SA086S20	SES082	0.115872	-11.5508	-11.6667
BLOCK08/SES086/SA086S20	SES087	1.05101	-10.6157	-11.6667
BLOCK08/SES086/SA086S20	SES206	0.815679	-10.851	-11.6667
BLOCK08/SES086/SA086S24	SES087	1.52814	-11.693	-13.2212
BLOCK08/SES086/SA086S24	SES104	0.594098	-12.6271	-13.2212
BLOCK08/SES086/SA086S24	SES120	1.12263	-12.0986	-13.2212
BLOCK08/SES086/SA086S24	SES206	1.16632	-12.0549	-13.2212
BLOCK08/SES086/SA086S28	SES029	-0.327746	-11.8512	-11.5234
BLOCK08/SES086/SA086S28	SES082	0.181632	-11.3418	-11.5234
BLOCK08/SES086/SA086S28	SES087	1.43656	-10.0869	-11.5234
BLOCK08/SES086/SA086S28	SES206	0.966537	-10.5569	-11.5234
BLOCK08/SES089/SA089S13	SES087	0.567413	-11.1735	-11.7409
BLOCK08/SES089/SA089S13	SES206	-0.246271	-11.9872	-11.7409
BLOCK08/SES089/SA089S13	SES226	0.774643	-10.9663	-11.7409
BLOCK08/SES089/SA089S13	SES270	0.250987	-11.4899	-11.7409
BLOCK08/SES089/SA089S14	SES062	-0.571554	-10.9699	-10.3984
BLOCK08/SES089/SA089S14	SES087	0.738628	-9.65976	-10.3984
BLOCK08/SES089/SA089S14	SES206	0.133679	-10.2647	-10.3984
BLOCK08/SES089/SA089S14	SES226	-0.516923	-10.9153	-10.3984
BLOCK08/SES089/SA089S23	SES087	0.487964	-12.8561	-13.344
BLOCK08/SES089/SA089S23	SES206	0.177304	-13.1667	-13.344
BLOCK08/SES089/SA089S23	SES226	1.6627	-11.6813	-13.344
BLOCK08/SES089/SA089S23	SES270	1.12802	-12.216	-13.344
BLOCK08/SES089/SA089S25	SES062	-0.0707827	-11.1919	-11.1211
BLOCK08/SES089/SA089S25	SES087	0.72948	-10.3916	-11.1211
BLOCK08/SES089/SA089S25	SES206	-0.0649691	-11.1861	-11.1211
BLOCK08/SES089/SA089S25	SES226	0.312044	-10.8091	-11.1211
BLOCK08/SES089/SA089S28	SES062	0.179276	-11.375	-11.5542
BLOCK08/SES089/SA089S28	SES087	1.26338	-10.2909	-11.5542
BLOCK08/SES089/SA089S28	SES206	-0.0105324	-11.5648	-11.5542
BLOCK08/SES089/SA089S28	SES226	0.674043	-10.8802	-11.5542
BLOCK09/SES097/SA097S11	SES099	0.250234	-11.3507	-11.6009
BLOCK09/SES097/SA097S11	SES125	0.270538	-11.3304	-11.6009
BLOCK09/SES097/SA097S11	SES206	-0.250901	-11.8518	-11.6009
BLOCK09/SES097/SA097S11	SES226	0.57757	-11.0233	-11.6009
BLOCK09/SES097/SA097S14	SES062	-0.706445	-12.0794	-11.373
BLOCK09/SES097/SA097S14	SES099	-0.0634289	-11.4364	-11.373
BLOCK09/SES097/SA097S14	SES104	0.473927	-10.8991	-11.373
BLOCK09/SES097/SA097S14	SES206	-0.557824	-11.9308	-11.373
BLOCK09/SES097/SA097S22	SES099	0.252002	-10.734	-10.986
BLOCK09/SES097/SA097S22	SES206	-0.0865793	-11.0725	-10.986
BLOCK09/SES097/SA097S22	SES226	0.00290489	-10.9831	-10.986
BLOCK09/SES097/SA097S22	SES270	-0.474993	-11.461	-10.986
BLOCK09/SES097/SA097S26	SES099	1.7566	-10.9235	-12.6801
BLOCK09/SES097/SA097S26	SES120	0.0594769	-12.6206	-12.6801
BLOCK09/SES097/SA097S26	SES206	0.415246	-12.2649	-12.6801
BLOCK09/SES097/SA097S26	SES226	1.79618	-10.8839	-12.6801
BLOCK09/SES097/SA097S28	SES099	0.262799	-10.1462	-10.409
BLOCK09/SES097/SA097S28	SES120	-0.0505495	-10.4595	-10.409
BLOCK09/SES097/SA097S28	SES206	-0.0218735	-10.4308	-10.409
BLOCK09/SES097/SA097S28	SES226	0.00384331	-10.4051	-10.409
BLOCK09/SES098/SA098S11	SES127	-0.662856	-10.4817	-9.81882
BLOCK09/SES098/SA098S11	SES144	-0.227703	-10.0465	-9.81882
BLOCK09/SES098/SA098S11	SES147	-0.0264091	-9.84523	-9.81882
BLOCK09/SES098/SA098S11	SES148	-1.64187	-11.4607	-9.81882
BLOCK09/SES098/SA098S12	SES127	-1.03279	-12.7092	-11.6764
BLOCK09/SES098/SA098S12	SES144	-1.61969	-13.2961	-11.6764
BLOCK09/SES098/SA098S12	SES147	-0.768603	-12.445	-11.6764
BLOCK09/SES098/SA098S12	SES189	-1.33296	-13.0093	-11.6764
BLOCK09/SES098/SA098S20	SES127	-2.4435	-13.6702	-11.2267
BLOCK09/SES098/SA098S20	SES147	-1.00317	-12.2298	-11.2267
BLOCK09/SES098/SA098S20	SES148	-3.62064	-14.8473	-11.2267
BLOCK09/SES098/SA098S20	SES292	-0.94286	-12.1695	-11.2267
BLOCK09/SES098/SA098S23	SES127	-1.28574	-11.6958	-10.4101
BLOCK09/SES098/SA098S23	SES147	-0.648581	-11.0587	-10.4101
BLOCK09/SES098/SA098S23	SES187	-0.500702	-10.9108	-10.4101
BLOCK09/SES098/SA098S23	SES292	-0.702301	-11.1124	-10.4101
BLOCK09/SES098/SA098S27	SES127	-1.68985	-12.7144	-11.0246
BLOCK09/SES098/SA098S27	SES147	-1.0097	-12.0343	-11.0246
BLOCK09/SES098/SA098S27	SES148	-1.35517	-12.3798	-11.0246
BLOCK09/SES098/SA098S27	SES292	-0.17847	-11.2031	-11.0246
BLOCK10/SES102/SA102S13	SES101	-0.278952	-12.4211	-12.1421
BLOCK10/SES102/SA102S13	SES105	-0.0671387	-12.2092	-12.1421
BLOCK10/SES102/SA102S13	SES120	-0.26625	-12.4084	-12.1421
BLOCK10/SES102/SA102S13	SES158	0.221426	-11.9207	-12.1421
BLOCK10/SES102/SA102S14	SES007	-0.0293016	-9.8527	-9.8234
BLOCK10/SES102/SA102S14	SES101	-1.06393	-10.8873	-9.8234
BLOCK10/SES102/SA102S14	SES105	-0.939082	-10.7625	-9.8234
BLOCK10/SES102/SA102S14	SES147	-0.619255	-10.4427	-9.8234
BLOCK10/SES102/SA102S22	SES007	-0.373425	-10.5541	-10.1807
BLOCK10/SES102/SA102S22	SES101	-0.218718	-10.3994	-10.1807
BLOCK10/SES102/SA102S22	SES105	0.00011158	-10.1806	-10.1807
BLOCK10/SES102/SA102S22	SES158	-0.492216	-10.6729	-10.1807
BLOCK10/SES102/SA102S25	SES007	-0.142409	-10.3452	-10.2028
BLOCK10/SES102/SA102S25	SES101	-0.0801525	-10.2829	-10.2028
BLOCK10/SES102/SA102S25	SES105	-0.357019	-10.5598	-10.2028
BLOCK10/SES102/SA102S25	SES147	-0.48625	-10.689	-10.2028
BLOCK10/SES102/SA102S27	SES007	-0.141903	-10.7874	-10.6455
BLOCK10/SES102/SA102S27	SES101	0.469272	-10.1762	-10.6455
BLOCK10/SES102/SA102S27	SES105	-0.376249	-11.0217	-10.6455
BLOCK10/SES102/SA102S27	SES147	-0.40451	-11.05	-10.6455
BLOCK10/SES103/SA103S14	SES105	-0.303444	-12.172	-11.8686
BLOCK10/SES103/SA103S14	SES106	-0.591269	-12.4598	-11.8686
BLOCK10/SES103/SA103S14	SES120	-0.505008	-12.3736	-11.8686
BLOCK10/SES103/SA103S14	SES206	-0.147421	-12.016	-11.8686
BLOCK10/SES103/SA103S15	SES099	-0.271083	-12.7081	-12.437
BLOCK10/SES103/SA103S15	SES101	-0.0865984	-12.5236	-12.437
BLOCK10/SES103/SA103S15	SES104	0.0776386	-12.3594	-12.437
BLOCK10/SES103/SA103S15	SES125	-0.176311	-12.6133	-12.437
BLOCK10/SES103/SA103S24	SES104	-0.579804	-12.5432	-11.9634
BLOCK10/SES103/SA103S24	SES125	-0.872981	-12.8364	-11.9634
BLOCK10/SES103/SA103S24	SES148	0.0764065	-11.887	-11.9634
BLOCK10/SES103/SA103S24	SES158	0.49656	-11.4668	-11.9634
BLOCK10/SES103/SA103S26	SES104	-0.173998	-11.4178	-11.2438
BLOCK10/SES103/SA103S26	SES106	-0.460056	-11.7039	-11.2438
BLOCK10/SES103/SA103S26	SES125	0.0392103	-11.2046	-11.2438
BLOCK10/SES103/SA103S26	SES148	-0.473646	-11.7175	-11.2438
BLOCK10/SES103/SA103S28	SES104	-0.132591	-12.0383	-11.9057
BLOCK10/SES103/SA103S28	SES106	-1.11476	-13.0205	-11.9057
BLOCK10/SES103/SA103S28	SES125	-0.745258	-12.651	-11.9057
BLOCK10/SES103/SA103S28	SES206	-0.455626	-12.3613	-11.9057
BLOCK12/SES121/SA121S12	SES042	-0.367412	-11.6064	-11.239
BLOCK12/SES121/SA121S12	SES087	-0.110246	-11.3492	-11.239
BLOCK12/SES121/SA121S12	SES105	0.0391216	-11.1999	-11.239
BLOCK12/SES121/SA121S12	SES206	0.180919	-11.0581	-11.239
BLOCK12/SES121/SA121S14	SES007	0.310095	-15.3511	-15.6612
BLOCK12/SES121/SA121S14	SES105	0.257951	-15.4033	-15.6612
BLOCK12/SES121/SA121S14	SES106	1.42349	-14.2377	-15.6612
BLOCK12/SES121/SA121S14	SES206	1.35524	-14.306	-15.6612
BLOCK12/SES121/SA121S23	SES105	0.967093	-14.9786	-15.9457
BLOCK12/SES121/SA121S23	SES106	1.34377	-14.6019	-15.9457
BLOCK12/SES121/SA121S23	SES120	1.54299	-14.4027	-15.9457
BLOCK12/SES121/SA121S23	SES206	1.86752	-14.0781	-15.9457
BLOCK12/SES121/SA121S25	SES007	0.599101	-14.6738	-15.273
BLOCK12/SES121/SA121S25	SES105	-0.233737	-15.5067	-15.273
BLOCK12/SES121/SA121S25	SES106	1.95286	-13.3201	-15.273
BLOCK12/SES121/SA121S25	SES206	1.73203	-13.5409	-15.273
BLOCK12/SES121/SA121S27	SES087	2.6995	-12.3892	-15.0887
BLOCK12/SES121/SA121S27	SES105	0.130678	-14.958	-15.0887
BLOCK12/SES121/SA121S27	SES120	1.829	-13.2597	-15.0887
BLOCK12/SES121/SA121S27	SES206	1.74498	-13.3437	-15.0887
BLOCK12/SES124/SA124S16	SES042	0.127774	-8.53452	-8.66229
BLOCK12/SES124/SA124S16	SES082	0.0290518	-8.63324	-8.66229
BLOCK12/SES124/SA124S16	SES183	-0.676269	-9.33856	-8.66229
BLOCK12/SES124/SA124S16	SES206	-0.313825	-8.97612	-8.66229
BLOCK12/SES124/SA124S17	SES105	-0.483196	-10.5388	-10.0556
BLOCK12/SES124/SA124S17	SES149	-0.518977	-10.5746	-10.0556
BLOCK12/SES124/SA124S17	SES158	-0.744077	-10.7997	-10.0556
BLOCK12/SES124/SA124S17	SES275	-0.553788	-10.6094	-10.0556
BLOCK12/SES124/SA124S23	SES105	-0.650274	-9.85497	-9.2047
BLOCK12/SES124/SA124S23	SES125	1.00358	-8.20112	-9.2047
BLOCK12/SES124/SA124S23	SES129	-0.50826	-9.71296	-9.2047
BLOCK12/SES124/SA124S23	SES158	-0.265083	-9.46978	-9.2047
BLOCK12/SES124/SA124S26	SES105	-0.868952	-10.3464	-9.47741
BLOCK12/SES124/SA124S26	SES125	-0.163985	-9.6414	-9.47741
BLOCK12/SES124/SA124S26	SES129	-0.659437	-10.1368	-9.47741
BLOCK12/SES124/SA124S26	SES158	-0.800109	-10.2775	-9.47741
BLOCK12/SES124/SA124S28	SES104	0.278631	-9.0066	-9.28523
BLOCK12/SES124/SA124S28	SES106	-0.411642	-9.69687	-9.28523
BLOCK12/SES124/SA124S28	SES125	0.734927	-8.55031	-9.28523
BLOCK12/SES124/SA124S28	SES275	-0.627618	-9.91285	-9.28523
BLOCK12/SES126/SA126S13	SES007	-0.0122681	-10.5511	-10.5388
BLOCK12/SES126/SA126S13	SES162	-0.7171	-11.2559	-10.5388
BLOCK12/SES126/SA126S13	SES177	-0.153367	-10.6922	-10.5388
BLOCK12/SES126/SA126S13	SES180	-1.01998	-11.5588	-10.5388
BLOCK12/SES126/SA126S14	SES144	-0.0229797	-9.97254	-9.94956
BLOCK12/SES126/SA126S14	SES148	-1.19254	-11.1421	-9.94956
BLOCK12/SES126/SA126S14	SES177	0.254427	-9.69513	-9.94956
BLOCK12/SES126/SA126S14	SES180	-0.164825	-10.1144	-9.94956
BLOCK12/SES126/SA126S20	SES007	0.0756998	-8.7598	-8.8355
BLOCK12/SES126/SA126S20	SES162	-0.170259	-9.00576	-8.8355
BLOCK12/SES126/SA126S20	SES172	-0.285952	-9.12146	-8.8355
BLOCK12/SES126/SA126S20	SES180	-0.0724821	-8.90799	-8.8355
BLOCK12/SES126/SA126S24	SES120	-0.132374	-9.63081	-9.49844
BLOCK12/SES126/SA126S24	SES162	-0.450595	-9.94903	-9.49844
BLOCK12/SES126/SA126S24	SES177	0.0990896	-9.39935	-9.49844
BLOCK12/SES126/SA126S24	SES180	-0.6561	-10.1545	-9.49844
BLOCK12/SES126/SA126S26	SES120	0.0600491	-9.96506	-10.0251
BLOCK12/SES126/SA126S26	SES177	-0.0355396	-10.0606	-10.0251
BLOCK12/SES126/SA126S26	SES180	0.0364056	-9.9887	-10.0251
BLOCK12/SES126/SA126S26	SES202	-0.530107	-10.5552	-10.0251
BLOCK12/SES128/SA128S10	SES087	-0.720445	-12.2021	-11.4816
BLOCK12/SES128/SA128S10	SES206	0.310241	-11.1714	-11.4816
BLOCK12/SES128/SA128S10	SES226	-0.00837898	-11.49	-11.4816
BLOCK12/SES128/SA128S10	SES270	-0.538005	-12.0196	-11.4816
BLOCK12/SES128/SA128S12	SES120	0.407749	-10.4616	-10.8693
BLOCK12/SES128/SA128S12	SES158	-0.213484	-11.0828	-10.8693
BLOCK12/SES128/SA128S12	SES206	0.411937	-10.4574	-10.8693
BLOCK12/SES128/SA128S12	SES226	-1.19887	-12.0682	-10.8693
BLOCK12/SES128/SA128S21	SES106	-0.408724	-11.4704	-11.0616
BLOCK12/SES128/SA128S21	SES120	0.0889511	-10.9727	-11.0616
BLOCK12/SES128/SA128S21	SES206	-0.257641	-11.3193	-11.0616
BLOCK12/SES128/SA128S21	SES226	0.730828	-10.3308	-11.0616
BLOCK12/SES128/SA128S24	SES087	0.77088	-11.3857	-12.1566
BLOCK12/SES128/SA128S24	SES120	0.777466	-11.3791	-12.1566
BLOCK12/SES128/SA128S24	SES206	0.646765	-11.5098	-12.1566
BLOCK12/SES128/SA128S24	SES226	0.0318623	-12.1247	-12.1566
BLOCK12/SES128/SA128S27	SES099	0.691805	-10.7839	-11.4757
BLOCK12/SES128/SA128S27	SES120	0.937923	-10.5378	-11.4757
BLOCK12/SES128/SA128S27	SES206	0.661653	-10.814	-11.4757
BLOCK12/SES128/SA128S27	SES226	-0.483842	-11.9595	-11.4757
BLOCK13/SES130/SA130S13	SES143	0.352263	-10.5506	-10.9028
BLOCK13/SES130/SA130S13	SES144	0.686437	-10.2164	-10.9028
BLOCK13/SES130/SA130S13	SES146	-1.32544	-12.2283	-10.9028
BLOCK13/SES130/SA130S13	SES275	-0.723349	-11.6262	-10.9028
BLOCK13/SES130/SA130S15	SES143	-0.337222	-10.1166	-9.77935
BLOCK13/SES130/SA130S15	SES144	0.0448561	-9.73449	-9.77935
BLOCK13/SES130/SA130S15	SES146	-0.760407	-10.5398	-9.77935
BLOCK13/SES130/SA130S15	SES275	-0.596083	-10.3754	-9.77935
BLOCK13/SES130/SA130S23	SES127	0.0523214	-10.393	-10.4453
BLOCK13/SES130/SA130S23	SES144	0.37046	-10.0749	-10.4453
BLOCK13/SES130/SA130S23	SES146	-0.846489	-11.2918	-10.4453
BLOCK13/SES130/SA130S23	SES162	-0.0545912	-10.4999	-10.4453
BLOCK13/SES130/SA130S25	SES127	-0.202644	-9.70177	-9.49912
BLOCK13/SES130/SA130S25	SES144	0.161715	-9.33741	-9.49912
BLOCK13/SES130/SA130S25	SES146	-0.497599	-9.99672	-9.49912
BLOCK13/SES130/SA130S25	SES275	-0.714758	-10.2139	-9.49912
BLOCK13/SES130/SA130S28	SES127	-0.475337	-10.5729	-10.0976
BLOCK13/SES130/SA130S28	SES144	-0.251638	-10.3492	-10.0976
BLOCK13/SES130/SA130S28	SES146	-0.431119	-10.5287	-10.0976
BLOCK13/SES130/SA130S28	SES275	-0.423976	-10.5216	-10.0976
BLOCK13/SES131/SA131S13	SES002	0.0399742	-10.592	-10.632
BLOCK13/SES131/SA131S13	SES007	-0.206706	-10.8387	-10.632
BLOCK13/SES131/SA131S13	SES099	0.172149	-10.4598	-10.632
BLOCK13/SES131/SA131S13	SES105	-0.146929	-10.7789	-10.632
BLOCK13/SES131/SA131S14	SES104	0.0125551	-9.0878	-9.10036
BLOCK13/SES131/SA131S14	SES106	-0.213128	-9.31348	-9.10036
BLOCK13/SES131/SA131S14	SES125	-0.177142	-9.2775	-9.10036
BLOCK13/SES131/SA131S14	SES148	0.282757	-8.8176	-9.10036
BLOCK13/SES131/SA131S20	SES104	0.302116	-11.3161	-11.6183
BLOCK13/SES131/SA131S20	SES106	-0.441302	-12.0596	-11.6183
BLOCK13/SES131/SA131S20	SES125	-0.0808611	-11.6991	-11.6183
BLOCK13/SES131/SA131S20	SES148	-0.551347	-12.1696	-11.6183
BLOCK13/SES131/SA131S22	SES099	0.0288439	-9.85007	-9.87892
BLOCK13/SES131/SA131S22	SES104	0.301605	-9.57731	-9.87892
BLOCK13/SES131/SA131S22	SES125	0.564275	-9.31464	-9.87892
BLOCK13/SES131/SA131S22	SES206	0.161713	-9.71721	-9.87892
BLOCK13/SES131/SA131S29	SES087	-0.746358	-13.2121	-12.4657
BLOCK13/SES131/SA131S29	SES104	0.0395765	-12.4262	-12.4657
BLOCK13/SES131/SA131S29	SES125	-1.11689	-13.5826	-12.4657
BLOCK13/SES131/SA131S29	SES206	0.63609	-11.8296	-12.4657
BLOCK13/SES132/SA132S11	SES083	-0.617188	-11.0441	-10.4269
BLOCK13/SES132/SA132S11	SES120	0.119887	-10.307	-10.4269
BLOCK13/SES132/SA132S11	SES127	-1.83506	-12.2619	-10.4269
BLOCK13/SES132/SA132S11	SES275	-1.17996	-11.6068	-10.4269
BLOCK13/SES132/SA132S12	SES083	-0.422737	-10.297	-9.87426
BLOCK13/SES132/SA132S12	SES143	-1.95644	-11.8307	-9.87426
BLOCK13/SES132/SA132S12	SES144	-0.683702	-10.558	-9.87426
BLOCK13/SES132/SA132S12	SES148	-1.19446	-11.0687	-9.87426
BLOCK13/SES132/SA132S22	SES062	-1.32321	-11.8064	-10.4832
BLOCK13/SES132/SA132S22	SES083	-1.43798	-11.9212	-10.4832
BLOCK13/SES132/SA132S22	SES127	-2.60396	-13.0871	-10.4832
BLOCK13/SES132/SA132S22	SES275	-1.47648	-11.9597	-10.4832
BLOCK13/SES132/SA132S24	SES007	0.24	-9.91274	-10.1527
BLOCK13/SES132/SA132S24	SES083	-0.52312	-10.6759	-10.1527
BLOCK13/SES132/SA132S24	SES127	-2.4896	-12.6423	-10.1527
BLOCK13/SES132/SA132S24	SES275	-1.36378	-11.5165	-10.1527
BLOCK13/SES132/SA132S27	SES083	-1.9341	-13.0507	-11.1166
BLOCK13/SES132/SA132S27	SES120	0.463994	-10.6526	-11.1166
BLOCK13/SES132/SA132S27	SES127	-3.51399	-14.6306	-11.1166
BLOCK13/SES132/SA132S27	SES275	-2.09347	-13.2101	-11.1166
BLOCK14/SES141/SA141S09	SES143	-0.539176	-9.34722	-8.80805
BLOCK14/SES141/SA141S09	SES144	-0.134546	-8.94259	-8.80805
BLOCK14/SES141/SA141S09	SES162	0.0311823	-8.77686	-8.80805
BLOCK14/SES141/SA141S09	SES180	-0.176468	-8.98451	-8.80805
BLOCK14/SES141/SA141S15	SES127	-0.855357	-10.5434	-9.68803
BLOCK14/SES141/SA141S15	SES144	-0.515323	-10.2033	-9.68803
BLOCK14/SES141/SA141S15	SES162	-0.376625	-10.0647	-9.68803
BLOCK14/SES141/SA141S15	SES180	-0.216146	-9.90417	-9.68803
BLOCK14/SES141/SA141S24	SES127	-1.10663	-11.1162	-10.0095
BLOCK14/SES141/SA141S24	SES144	-1.00385	-11.0134	-10.0095
BLOCK14/SES141/SA141S24	SES162	-0.306407	-10.3159	-10.0095
BLOCK14/SES141/SA141S24	SES183	-1.04268	-11.0522	-10.0095
BLOCK14/SES141/SA141S26	SES142	-0.0114517	-10.2919	-10.2805
BLOCK14/SES141/SA141S26	SES144	-0.731004	-11.0115	-10.2805
BLOCK14/SES141/SA141S26	SES172	-0.0832138	-10.3637	-10.2805
BLOCK14/SES141/SA141S26	SES180	-0.417416	-10.6979	-10.2805
BLOCK14/SES141/SA141S29	SES127	-0.33247	-9.89912	-9.56665
BLOCK14/SES141/SA141S29	SES142	-0.600132	-10.1668	-9.56665
BLOCK14/SES141/SA141S29	SES144	-0.291316	-9.85797	-9.56665
BLOCK14/SES141/SA141S29	SES180	0.104625	-9.46202	-9.56665
BLOCK15/SES157/SA157S08	SES083	-0.946873	-9.93902	-8.99215
BLOCK15/SES157/SA157S08	SES127	-0.663524	-9.65568	-8.99215
BLOCK15/SES157/SA157S08	SES148	-0.680994	-9.67315	-8.99215
BLOCK15/SES157/SA157S08	SES292	-0.651227	-9.64338	-8.99215
BLOCK15/SES157/SA157S11	SES083	-0.570497	-10.671	-10.1006
BLOCK15/SES157/SA157S11	SES127	-0.983322	-11.0839	-10.1006
BLOCK15/SES157/SA157S11	SES148	-0.541941	-10.6425	-10.1006
BLOCK15/SES157/SA157S11	SES292	-0.311792	-10.4123	-10.1006
BLOCK15/SES157/SA157S21	SES127	0.254517	-8.98305	-9.23757
BLOCK15/SES157/SA157S21	SES148	0.0865898	-9.15098	-9.23757
BLOCK15/SES157/SA157S21	SES158	-1.90295	-11.1405	-9.23757
BLOCK15/SES157/SA157S21	SES292	-0.360017	-9.59758	-9.23757
BLOCK15/SES157/SA157S24	SES127	-0.249591	-10.0304	-9.78083
BLOCK15/SES157/SA157S24	SES148	-0.657706	-10.4385	-9.78083
BLOCK15/SES157/SA157S24	SES183	-0.86836	-10.6492	-9.78083
BLOCK15/SES157/SA157S24	SES292	-0.352869	-10.1337	-9.78083
BLOCK15/SES157/SA157S26	SES007	-0.387696	-9.69621	-9.30851
BLOCK15/SES157/SA157S26	SES127	0.0562391	-9.25227	-9.30851
BLOCK15/SES157/SA157S26	SES147	0.0763283	-9.23218	-9.30851
BLOCK15/SES157/SA157S26	SES148	-0.671994	-9.9805	-9.30851
BLOCK16/SES161/SA161S10	SES007	0.0534286	-10.4638	-10.5173
BLOCK16/SES161/SA161S10	SES105	0.0766649	-10.4406	-10.5173
BLOCK16/SES161/SA161S10	SES158	-0.050169	-10.5674	-10.5173
BLOCK16/SES161/SA161S10	SES275	-0.413273	-10.9305	-10.5173
BLOCK16/SES161/SA161S12	SES007	0.0600748	-14.1474	-14.2075
BLOCK16/SES161/SA161S12	SES105	0.581104	-13.6263	-14.2075
BLOCK16/SES161/SA161S12	SES158	1.83395	-12.3735	-14.2075
BLOCK16/SES161/SA161S12	SES275	-1.6959	-15.9033	-14.2075
BLOCK16/SES161/SA161S20	SES007	0.432189	-12.0787	-12.5109
BLOCK16/SES161/SA161S20	SES105	-0.345752	-12.8567	-12.5109
BLOCK16/SES161/SA161S20	SES158	0.90421	-11.6067	-12.5109
BLOCK16/SES161/SA161S20	SES275	-1.73911	-14.25	-12.5109
BLOCK16/SES161/SA161S23	SES007	-0.719851	-14.734	-14.0141
BLOCK16/SES161/SA161S23	SES105	1.93504	-12.0791	-14.0141
BLOCK16/SES161/SA161S23	SES148	1.92692	-12.0872	-14.0141
BLOCK16/SES161/SA161S23	SES158	1.6318	-12.3823	-14.0141
BLOCK16/SES161/SA161S28	SES007	0.300976	-12.5575	-12.8585
BLOCK16/SES161/SA161S28	SES105	-0.466724	-13.3252	-12.8585
BLOCK16/SES161/SA161S28	SES158	1.21727	-11.6412	-12.8585
BLOCK16/SES161/SA161S28	SES206	1.2885	-11.57	-12.8585
BLOCK16/SES164/SA164S11	SES104	-0.110951	-11.016	-10.905
BLOCK16/SES164/SA164S11	SES125	0.917729	-9.9873	-10.905
BLOCK16/SES164/SA164S11	SES158	0.46172	-10.4433	-10.905
BLOCK16/SES164/SA164S11	SES206	0.00485992	-10.9002	-10.905
BLOCK16/SES164/SA164S13	SES099	-1.25553	-12.3944	-11.1389
BLOCK16/SES164/SA164S13	SES104	-0.0233727	-11.1623	-11.1389
BLOCK16/SES164/SA164S13	SES125	-0.613577	-11.7525	-11.1389
BLOCK16/SES164/SA164S13	SES206	-0.856278	-11.9952	-11.1389
BLOCK16/SES164/SA164S24	SES002	1.25631	-9.09526	-10.3516
BLOCK16/SES164/SA164S24	SES099	-0.781597	-11.1332	-10.3516
BLOCK16/SES164/SA164S24	SES125	0.0153732	-10.3362	-10.3516
BLOCK16/SES164/SA164S24	SES226	0.594228	-9.75734	-10.3516
BLOCK16/SES164/SA164S27	SES087	-1.08398	-11.8397	-10.7557
BLOCK16/SES164/SA164S27	SES125	0.11623	-10.6395	-10.7557
BLOCK16/SES164/SA164S27	SES206	-0.738729	-11.4945	-10.7557
BLOCK16/SES164/SA164S27	SES226	0.961634	-9.79411	-10.7557
BLOCK16/SES164/SA164S29	SES002	0.607861	-9.83867	-10.4465
BLOCK16/SES164/SA164S29	SES019	-0.414497	-10.861	-10.4465
BLOCK16/SES164/SA164S29	SES125	0.0604906	-10.386	-10.4465
BLOCK16/SES164/SA164S29	SES226	0.585216	-9.86132	-10.4465
BLOCK16/SES169/SA169S13	SES117	-0.260993	-10.5928	-10.3318
BLOCK16/SES169/SA169S13	SES144	-0.616976	-10.9487	-10.3318
BLOCK16/SES169/SA169S13	SES146	-0.283747	-10.6155	-10.3318
BLOCK16/SES169/SA169S13	SES162	-0.401593	-10.7334	-10.3318
BLOCK16/SES169/SA169S14	SES144	-0.464785	-9.52524	-9.06046
BLOCK16/SES169/SA169S14	SES148	-0.511079	-9.57154	-9.06046
BLOCK16/SES169/SA169S14	SES177	0.337639	-8.72282	-9.06046
BLOCK16/SES169/SA169S14	SES180	-0.0658197	-9.12628	-9.06046
BLOCK16/SES169/SA169S24	SES117	-0.127694	-10.7129	-10.5853
BLOCK16/SES169/SA169S24	SES144	-0.193793	-10.779	-10.5853
BLOCK16/SES169/SA169S24	SES146	0.100295	-10.485	-10.5853
BLOCK16/SES169/SA169S24	SES162	0.0859299	-10.4993	-10.5853
BLOCK16/SES169/SA169S27	SES127	-0.505293	-10.4696	-9.96428
BLOCK16/SES169/SA169S27	SES129	-0.265972	-10.2303	-9.96428
BLOCK16/SES169/SA169S27	SES144	-0.814914	-10.7792	-9.96428
BLOCK16/SES169/SA169S27	SES146	-0.410408	-10.3747	-9.96428
BLOCK16/SES169/SA169S29	SES144	-0.526249	-9.57805	-9.0518
BLOCK16/SES169/SA169S29	SES162	-0.0594969	-9.11129	-9.0518
BLOCK16/SES169/SA169S29	SES177	0.0195522	-9.03224	-9.0518
BLOCK16/SES169/SA169S29	SES180	-0.424306	-9.4761	-9.0518
BLOCK17/SES171/SA171S12	SES083	-0.148103	-11.6872	-11.5391
BLOCK17/SES171/SA171S12	SES148	0.217799	-11.3213	-11.5391
BLOCK17/SES171/SA171S12	SES172	-0.000159264	-11.5392	-11.5391
BLOCK17/SES171/SA171S12	SES292	-0.209794	-11.7489	-11.5391
BLOCK17/SES171/SA171S15	SES148	0.117861	-10.184	-10.3019
BLOCK17/SES171/SA171S15	SES177	-0.0685778	-10.3704	-10.3019
BLOCK17/SES171/SA171S15	SES180	-0.157693	-10.4596	-10.3019
BLOCK17/SES171/SA171S15	SES292	-0.174372	-10.4762	-10.3019
BLOCK17/SES171/SA171S22	SES007	-0.313909	-8.7998	-8.48589
BLOCK17/SES171/SA171S22	SES148	-0.179195	-8.66508	-8.48589
BLOCK17/SES171/SA171S22	SES177	-0.271987	-8.75787	-8.48589
BLOCK17/SES171/SA171S22	SES180	-0.568784	-9.05467	-8.48589
BLOCK17/SES171/SA171S25	SES101	0.053771	-10.9722	-11.026
BLOCK17/SES171/SA171S25	SES120	-0.885087	-11.9111	-11.026
BLOCK17/SES171/SA171S25	SES177	0.0258675	-11.0001	-11.026
BLOCK17/SES171/SA171S25	SES180	0.185998	-10.84	-11.026
BLOCK17/SES171/SA171S27	SES177	0.118213	-11.1602	-11.2784
BLOCK17/SES171/SA171S27	SES180	-0.14447	-11.4229	-11.2784
BLOCK17/SES171/SA171S27	SES189	0.496912	-10.7815	-11.2784
BLOCK17/SES171/SA171S27	SES292	-0.126677	-11.4051	-11.2784
BLOCK17/SES173/SA173S13	SES162	-0.517509	-11.71	-11.1925
BLOCK17/SES173/SA173S13	SES177	-0.0781775	-11.2706	-11.1925
BLOCK17/SES173/SA173S13	SES180	-0.0907192	-11.2832	-11.1925
BLOCK17/SES173/SA173S13	SES292	0.175617	-11.0168	-11.1925
BLOCK17/SES173/SA173S14	SES007	0.0421028	-9.96785	-10.01
BLOCK17/SES173/SA173S14	SES162	-0.714782	-10.7247	-10.01
BLOCK17/SES173/SA173S14	SES177	-0.0479593	-10.0579	-10.01
BLOCK17/SES173/SA173S14	SES180	-0.374502	-10.3845	-10.01
BLOCK17/SES173/SA173S24	SES144	-1.01721	-11.9084	-10.8912
BLOCK17/SES173/SA173S24	SES162	-0.70602	-11.5972	-10.8912
BLOCK17/SES173/SA173S24	SES177	-0.0462141	-10.9374	-10.8912
BLOCK17/SES173/SA173S24	SES180	-0.92452	-11.8157	-10.8912
BLOCK17/SES173/SA173S27	SES162	-1.98567	-12.5302	-10.5445
BLOCK17/SES173/SA173S27	SES177	-0.640001	-11.1845	-10.5445
BLOCK17/SES173/SA173S27	SES180	-0.747774	-11.2923	-10.5445
BLOCK17/SES173/SA173S27	SES292	0.280195	-10.2643	-10.5445
BLOCK17/SES173/SA173S29	SES162	-0.399655	-10.745	-10.3453
BLOCK17/SES173/SA173S29	SES175	-0.20437	-10.5497	-10.3453
BLOCK17/SES173/SA173S29	SES177	-0.0724916	-10.4178	-10.3453
BLOCK17/SES173/SA173S29	SES292	-0.00211811	-10.3474	-10.3453
BLOCK18/SES182/SA182S10	SES144	-1.17663	-10.8191	-9.64251
BLOCK18/SES182/SA182S10	SES177	-0.365657	-10.0082	-9.64251
BLOCK18/SES182/SA182S10	SES180	-1.38725	-11.0298	-9.64251
BLOCK18/SES182/SA182S10	SES275	-1.49718	-11.1397	-9.64251
BLOCK18/SES182/SA182S12	SES144	-1.20081	-10.8321	-9.63129
BLOCK18/SES182/SA182S12	SES177	-0.232213	-9.8635	-9.63129
BLOCK18/SES182/SA182S12	SES180	-1.63554	-11.2668	-9.63129
BLOCK18/SES182/SA182S12	SES275	-1.17358	-10.8049	-9.63129
BLOCK18/SES182/SA182S21	SES117	-0.982253	-12.4282	-11.446
BLOCK18/SES182/SA182S21	SES144	-1.02093	-12.4669	-11.446
BLOCK18/SES182/SA182S21	SES162	-0.729924	-12.1759	-11.446
BLOCK18/SES182/SA182S21	SES180	-1.79177	-13.2378	-11.446
BLOCK18/SES182/SA182S23	SES117	-1.37665	-13.7433	-12.3666
BLOCK18/SES182/SA182S23	SES144	-1.99438	-14.361	-12.3666
BLOCK18/SES182/SA182S23	SES180	-2.8357	-15.2023	-12.3666
BLOCK18/SES182/SA182S23	SES275	-1.82566	-14.1923	-12.3666
BLOCK18/SES182/SA182S25	SES007	0.294231	-9.99984	-10.2941
BLOCK18/SES182/SA182S25	SES162	-1.06691	-11.361	-10.2941
BLOCK18/SES182/SA182S25	SES177	-0.321536	-10.6156	-10.2941
BLOCK18/SES182/SA182S25	SES180	-2.48023	-12.7743	-10.2941
BLOCK18/SES184/SA184S12	SES177	-0.261129	-10.4881	-10.227
BLOCK18/SES184/SA184S12	SES180	0.148786	-10.0782	-10.227
BLOCK18/SES184/SA184S12	SES189	-0.990267	-11.2173	-10.227
BLOCK18/SES184/SA184S12	SES292	-0.0961962	-10.3232	-10.227
BLOCK18/SES184/SA184S13	SES101	-0.693175	-10.5071	-9.81394
BLOCK18/SES184/SA184S13	SES177	-0.35496	-10.1689	-9.81394
BLOCK18/SES184/SA184S13	SES180	-0.328562	-10.1425	-9.81394
BLOCK18/SES184/SA184S13	SES292	-0.359704	-10.1736	-9.81394
BLOCK18/SES184/SA184S22	SES177	-0.0846262	-10.416	-10.3313
BLOCK18/SES184/SA184S22	SES180	0.0533066	-10.278	-10.3313
BLOCK18/SES184/SA184S22	SES189	-1.2858	-11.6171	-10.3313
BLOCK18/SES184/SA184S22	SES292	-0.558028	-10.8894	-10.3313
BLOCK18/SES184/SA184S25	SES101	-0.743273	-10.547	-9.80373
BLOCK18/SES184/SA184S25	SES177	-0.481928	-10.2857	-9.80373
BLOCK18/SES184/SA184S25	SES180	-0.380843	-10.1846	-9.80373
BLOCK18/SES184/SA184S25	SES292	-0.268414	-10.0721	-9.80373
BLOCK18/SES184/SA184S27	SES083	-0.957309	-10.5457	-9.58838
BLOCK18/SES184/SA184S27	SES177	-0.132351	-9.72073	-9.58838
BLOCK18/SES184/SA184S27	SES202	-0.357704	-9.94609	-9.58838
BLOCK18/SES184/SA184S27	SES292	-0.265827	-9.85421	-9.58838
BLOCK20/SES204/SA204S12	SES062	-0.329723	-10.6899	-10.3602
BLOCK20/SES204/SA204S12	SES083	-0.602571	-10.9628	-10.3602
BLOCK20/SES204/SA204S12	SES206	0.630079	-9.73012	-10.3602
BLOCK20/SES204/SA204S12	SES226	-0.581821	-10.942	-10.3602
BLOCK20/SES204/SA204S14	SES068	0.16454	-9.59659	-9.76113
BLOCK20/SES204/SA204S14	SES087	0.424554	-9.33657	-9.76113
BLOCK20/SES204/SA204S14	SES206	0.350672	-9.41045	-9.76113
BLOCK20/SES204/SA204S14	SES226	-0.718553	-10.4797	-9.76113
BLOCK20/SES204/SA204S22	SES068	0.102373	-9.9502	-10.0526
BLOCK20/SES204/SA204S22	SES082	0.173995	-9.87858	-10.0526
BLOCK20/SES204/SA204S22	SES083	-1.21181	-11.2644	-10.0526
BLOCK20/SES204/SA204S22	SES206	0.220325	-9.83224	-10.0526
BLOCK20/SES204/SA204S25	SES062	-0.246796	-10.201	-9.95424
BLOCK20/SES204/SA204S25	SES083	-0.906753	-10.861	-9.95424
BLOCK20/SES204/SA204S25	SES206	0.402154	-9.55209	-9.95424
BLOCK20/SES204/SA204S25	SES226	-0.591944	-10.5462	-9.95424
BLOCK20/SES204/SA204S27	SES068	0.569028	-9.95694	-10.526
BLOCK20/SES204/SA204S27	SES082	-0.0460072	-10.572	-10.526
BLOCK20/SES204/SA204S27	SES087	0.635986	-9.88998	-10.526
BLOCK20/SES204/SA204S27	SES206	0.168702	-10.3573	-10.526
BLOCK20/SES207/SA207S10	SES127	-1.21282	-10.4736	-9.26077
BLOCK20/SES207/SA207S10	SES183	-0.57149	-9.83226	-9.26077
BLOCK20/SES207/SA207S10	SES189	-0.0997162	-9.36049	-9.26077
BLOCK20/SES207/SA207S10	SES292	-0.83782	-10.0986	-9.26077
BLOCK20/SES207/SA207S11	SES127	-0.636007	-10.8037	-10.1677
BLOCK20/SES207/SA207S11	SES183	-1.70165	-11.8693	-10.1677
BLOCK20/SES207/SA207S11	SES187	-0.10685	-10.2745	-10.1677
BLOCK20/SES207/SA207S11	SES292	0.0965919	-10.0711	-10.1677
BLOCK20/SES207/SA207S25	SES068	-0.0590725	-10.4751	-10.416
BLOCK20/SES207/SA207S25	SES083	-1.00862	-11.4246	-10.416
BLOCK20/SES207/SA207S25	SES127	-0.340063	-10.7561	-10.416
BLOCK20/SES207/SA207S25	SES187	-0.053833	-10.4698	-10.416
BLOCK20/SES207/SA207S27	SES127	-0.847711	-11.22	-10.3722
BLOCK20/SES207/SA207S27	SES183	-0.889939	-11.2622	-10.3722
BLOCK20/SES207/SA207S27	SES187	-0.304748	-10.677	-10.3722
BLOCK20/SES207/SA207S27	SES292	-0.28698	-10.6592	-10.3722
BLOCK20/SES207/SA207S29	SES083	-1.45853	-11.1425	-9.68401
BLOCK20/SES207/SA207S29	SES085	-0.569804	-10.2538	-9.68401
BLOCK20/SES207/SA207S29	SES172	0.120182	-9.56383	-9.68401
BLOCK20/SES207/SA207S29	SES189	-0.90297	-10.587	-9.68401
BLOCK22/SES221/SA221S12	SES068	0.252662	-9.29211	-9.54477
BLOCK22/SES221/SA221S12	SES143	-0.645288	-10.1901	-9.54477
BLOCK22/SES221/SA221S12	SES175	-0.118666	-9.66344	-9.54477
BLOCK22/SES221/SA221S12	SES202	-0.285574	-9.83035	-9.54477
BLOCK22/SES221/SA221S15	SES085	-0.297129	-9.75327	-9.45614
BLOCK22/SES221/SA221S15	SES143	-0.777977	-10.2341	-9.45614
BLOCK22/SES221/SA221S15	SES175	-0.280193	-9.73633	-9.45614
BLOCK22/SES221/SA221S15	SES187	-0.607604	-10.0637	-9.45614
BLOCK22/SES221/SA221S23	SES068	0.249977	-9.51509	-9.76507
BLOCK22/SES221/SA221S23	SES143	-0.916964	-10.682	-9.76507
BLOCK22/SES221/SA221S23	SES175	-0.667252	-10.4323	-9.76507
BLOCK22/SES221/SA221S23	SES189	-0.681356	-10.4464	-9.76507
BLOCK22/SES221/SA221S27	SES085	-0.257605	-9.93609	-9.67848
BLOCK22/SES221/SA221S27	SES143	-0.919469	-10.598	-9.67848
BLOCK22/SES221/SA221S27	SES175	-0.450131	-10.1286	-9.67848
BLOCK22/SES221/SA221S27	SES189	-0.834408	-10.5129	-9.67848
BLOCK22/SES221/SA221S29	SES085	0.797634	-9.03783	-9.83546
BLOCK22/SES221/SA221S29	SES143	-0.265405	-10.1009	-9.83546
BLOCK22/SES221/SA221S29	SES175	0.130256	-9.70521	-9.83546
BLOCK22/SES221/SA221S29	SES187	-0.781755	-10.6172	-9.83546
BLOCK22/SES223/SA223S11	SES143	-0.33733	-10.3948	-10.0575
BLOCK22/SES223/SA223S11	SES144	-0.840369	-10.8979	-10.0575
BLOCK22/SES223/SA223S11	SES175	-0.00197792	-10.0595	-10.0575
BLOCK22/SES223/SA223S11	SES187	-0.395862	-10.4533	-10.0575
BLOCK22/SES223/SA223S13	SES068	0.372321	-9.71473	-10.0871
BLOCK22/SES223/SA223S13	SES143	-0.673851	-10.7609	-10.0871
BLOCK22/SES223/SA223S13	SES146	-0.825908	-10.913	-10.0871
BLOCK22/SES223/SA223S13	SES202	-0.131721	-10.2188	-10.0871
BLOCK22/SES223/SA223S22	SES143	-0.709455	-10.4936	-9.78411
BLOCK22/SES223/SA223S22	SES144	-1.13808	-10.9222	-9.78411
BLOCK22/SES223/SA223S22	SES175	-0.35049	-10.1346	-9.78411
BLOCK22/SES223/SA223S22	SES187	-0.699339	-10.4835	-9.78411
BLOCK22/SES223/SA223S25	SES068	-0.565253	-10.8689	-10.3036
BLOCK22/SES223/SA223S25	SES143	-0.733041	-11.0367	-10.3036
BLOCK22/SES223/SA223S25	SES175	0.10315	-10.2005	-10.3036
BLOCK22/SES223/SA223S25	SES187	-0.557169	-10.8608	-10.3036
BLOCK22/SES223/SA223S27	SES143	0.312283	-10.6844	-10.9967
BLOCK22/SES223/SA223S27	SES146	-1.06102	-12.0577	-10.9967
BLOCK22/SES223/SA223S27	SES187	-0.303203	-11.2999	-10.9967
BLOCK22/SES223/SA223S27	SES292	-0.0300179	-11.0267	-10.9967
BLOCK27/SES273/SA273S12	SES099	-0.0152798	-10.6578	-10.6425
BLOCK27/SES273/SA273S12	SES104	0.549013	-10.0935	-10.6425
BLOCK27/SES273/SA273S12	SES125	0.430117	-10.2124	-10.6425
BLOCK27/SES273/SA273S12	SES206	0.513212	-10.1293	-10.6425
BLOCK27/SES273/SA273S13	SES099	-1.126	-10.7311	-9.60508
BLOCK27/SES273/SA273S13	SES104	-0.530102	-10.1352	-9.60508
BLOCK27/SES273/SA273S13	SES206	-0.673897	-10.279	-9.60508
BLOCK27/SES273/SA273S13	SES292	-0.343423	-9.9485	-9.60508
BLOCK27/SES273/SA273S21	SES099	-0.494705	-10.6338	-10.1391
BLOCK27/SES273/SA273S21	SES148	-0.929937	-11.069	-10.1391
BLOCK27/SES273/SA273S21	SES149	-0.417094	-10.5562	-10.1391
BLOCK27/SES273/SA273S21	SES177	-0.326922	-10.466	-10.1391
BLOCK27/SES273/SA273S25	SES104	0.0757856	-10.8678	-10.9436
BLOCK27/SES273/SA273S25	SES125	0.00345898	-10.9401	-10.9436
BLOCK27/SES273/SA273S25	SES158	-0.426313	-11.3699	-10.9436
BLOCK27/SES273/SA273S25	SES206	0.186103	-10.7575	-10.9436
BLOCK27/SES273/SA273S27	SES099	-0.821663	-9.87171	-9.05004
BLOCK27/SES273/SA273S27	SES104	-0.272975	-9.32302	-9.05004
BLOCK27/SES273/SA273S27	SES149	-0.113523	-9.16356	-9.05004
BLOCK27/SES273/SA273S27	SES275	-0.489425	-9.53947	-9.05004
BLOCK27/SES274/SA274S10	SES105	-0.640634	-9.91605	-9.27541
BLOCK27/SES274/SA274S10	SES125	-1.01765	-10.2931	-9.27541
BLOCK27/SES274/SA274S10	SES129	0.722694	-8.55272	-9.27541
BLOCK27/SES274/SA274S10	SES158	-0.852874	-10.1283	-9.27541
BLOCK27/SES274/SA274S11	SES105	-0.488033	-9.77607	-9.28803
BLOCK27/SES274/SA274S11	SES149	-0.201388	-9.48942	-9.28803
BLOCK27/SES274/SA274S11	SES158	-0.427774	-9.71581	-9.28803
BLOCK27/SES274/SA274S11	SES275	-0.436851	-9.72488	-9.28803
BLOCK27/SES274/SA274S21	SES105	-0.100286	-9.68868	-9.58839
BLOCK27/SES274/SA274S21	SES129	0.165556	-9.42284	-9.58839
BLOCK27/SES274/SA274S21	SES149	-0.369409	-9.9578	-9.58839
BLOCK27/SES274/SA274S21	SES158	-0.74733	-10.3357	-9.58839
BLOCK27/SES274/SA274S24	SES105	-0.166144	-10.3853	-10.2192
BLOCK27/SES274/SA274S24	SES129	0.348289	-9.8709	-10.2192
BLOCK27/SES274/SA274S24	SES149	-0.667595	-10.8868	-10.2192
BLOCK27/SES274/SA274S24	SES158	-0.824949	-11.0441	-10.2192
BLOCK27/SES274/SA274S29	SES105	-0.764427	-10.4933	-9.72891
BLOCK27/SES274/SA274S29	SES106	-0.958387	-10.6873	-9.72891
BLOCK27/SES274/SA274S29	SES120	-0.237994	-9.9669	-9.72891
BLOCK27/SES274/SA274S29	SES275	-0.693742	-10.4227	-9.72891
BLOCK27/SES276/SA276S16	SES148	-0.752209	-10.2175	-9.46529
BLOCK27/SES276/SA276S16	SES172	0.294096	-9.1712	-9.46529
BLOCK27/SES276/SA276S16	SES180	-0.244858	-9.71015	-9.46529
BLOCK27/SES276/SA276S16	SES292	-0.326983	-9.79228	-9.46529
BLOCK27/SES276/SA276S17	SES101	0.445521	-9.80842	-10.2539
BLOCK27/SES276/SA276S17	SES177	-0.04212	-10.2961	-10.2539
BLOCK27/SES276/SA276S17	SES180	0.44059	-9.81335	-10.2539
BLOCK27/SES276/SA276S17	SES292	-0.117501	-10.3714	-10.2539
BLOCK27/SES276/SA276S24	SES101	-0.114517	-9.32855	-9.21403
BLOCK27/SES276/SA276S24	SES177	-0.0137815	-9.22782	-9.21403
BLOCK27/SES276/SA276S24	SES180	-0.238556	-9.45259	-9.21403
BLOCK27/SES276/SA276S24	SES292	-0.584033	-9.79807	-9.21403
BLOCK27/SES276/SA276S26	SES101	-0.144565	-9.33267	-9.18811
BLOCK27/SES276/SA276S26	SES177	-0.356289	-9.5444	-9.18811
BLOCK27/SES276/SA276S26	SES180	-0.256742	-9.44485	-9.18811
BLOCK27/SES276/SA276S26	SES292	-0.0270195	-9.21513	-9.18811
BLOCK27/SES276/SA276S28	SES101	-0.0342579	-9.11052	-9.07627
BLOCK27/SES276/SA276S28	SES177	-0.393255	-9.46952	-9.07627
BLOCK27/SES276/SA276S28	SES180	0.207492	-8.86877	-9.07627
BLOCK27/SES276/SA276S28	SES292	-0.23324	-9.30951	-9.07627
BLOCK27/SES277/SA277S12	SES101	0.501702	-10.7322	-11.2339
BLOCK27/SES277/SA277S12	SES177	-0.26077	-11.4947	-11.2339
BLOCK27/SES277/SA277S12	SES180	0.20152	-11.0324	-11.2339
BLOCK27/SES277/SA277S12	SES292	-0.145324	-11.3793	-11.2339
BLOCK27/SES277/SA277S14	SES177	0.100883	-11.5287	-11.6296
BLOCK27/SES277/SA277S14	SES180	-0.15269	-11.7823	-11.6296
BLOCK27/SES277/SA277S14	SES189	0.557342	-11.0722	-11.6296
BLOCK27/SES277/SA277S14	SES292	-0.260679	-11.8903	-11.6296
BLOCK27/SES277/SA277S21	SES177	0.0238781	-10.8557	-10.8796
BLOCK27/SES277/SA277S21	SES180	0.224852	-10.6548	-10.8796
BLOCK27/SES277/SA277S21	SES189	0.263917	-10.6157	-10.8796
BLOCK27/SES277/SA277S21	SES292	-0.185461	-11.0651	-10.8796
BLOCK27/SES277/SA277S24	SES144	0.542988	-10.9274	-11.4704
BLOCK27/SES277/SA277S24	SES177	0.00480366	-11.4656	-11.4704
BLOCK27/SES277/SA277S24	SES180	-0.148993	-11.6194	-11.4704
BLOCK27/SES277/SA277S24	SES189	0.430853	-11.0395	-11.4704
BLOCK27/SES277/SA277S29	SES177	0.0484486	-9.06678	-9.11523
BLOCK27/SES277/SA277S29	SES180	0.175218	-8.94001	-9.11523
BLOCK27/SES277/SA277S29	SES202	-0.812366	-9.92759	-9.11523
BLOCK27/SES277/SA277S29	SES292	-0.765708	-9.88093	-9.11523
BLOCK27/SES279/SA279S09	SES120	0.00431442	-9.84541	-9.84973
BLOCK27/SES279/SA279S09	SES146	-0.700514	-10.5502	-9.84973
BLOCK27/SES279/SA279S09	SES206	0.218265	-9.63146	-9.84973
BLOCK27/SES279/SA279S09	SES226	-0.860674	-10.7104	-9.84973
BLOCK27/SES279/SA279S10	SES099	-0.161894	-10.8029	-10.641
BLOCK27/SES279/SA279S10	SES206	0.141369	-10.4996	-10.641
BLOCK27/SES279/SA279S10	SES226	-0.765548	-11.4065	-10.641
BLOCK27/SES279/SA279S10	SES292	-0.122094	-10.7631	-10.641
BLOCK27/SES279/SA279S20	SES099	-0.63361	-11.6205	-10.9869
BLOCK27/SES279/SA279S20	SES206	-0.0937052	-11.0806	-10.9869
BLOCK27/SES279/SA279S20	SES226	-0.653166	-11.6401	-10.9869
BLOCK27/SES279/SA279S20	SES292	-0.340504	-11.3274	-10.9869
BLOCK27/SES279/SA279S26	SES099	1.13647	-11.2052	-12.3417
BLOCK27/SES279/SA279S26	SES206	0.781898	-11.5598	-12.3417
BLOCK27/SES279/SA279S26	SES226	0.436275	-11.9054	-12.3417
BLOCK27/SES279/SA279S26	SES292	0.418797	-11.9229	-12.3417
BLOCK27/SES279/SA279S28	SES099	0.0624762	-9.75922	-9.82169
BLOCK27/SES279/SA279S28	SES120	0.190366	-9.63133	-9.82169
BLOCK27/SES279/SA279S28	SES177	-0.265115	-10.0868	-9.82169
BLOCK27/SES279/SA279S28	SES206	0.220816	-9.60088	-9.82169
BLOCK29/SES290/SA290S12	SES162	0.137074	-9.04157	-9.17864
BLOCK29/SES290/SA290S12	SES177	0.133965	-9.04468	-9.17864
BLOCK29/SES290/SA290S12	SES180	-0.000710487	-9.17935	-9.17864
BLOCK29/SES290/SA290S12	SES292	-0.823133	-10.0018	-9.17864
BLOCK29/SES290/SA290S13	SES007	-0.106148	-9.28647	-9.18032
BLOCK29/SES290/SA290S13	SES162	-0.587745	-9.76807	-9.18032
BLOCK29/SES290/SA290S13	SES177	-0.254506	-9.43483	-9.18032
BLOCK29/SES290/SA290S13	SES180	-0.247877	-9.4282	-9.18032
BLOCK29/SES290/SA290S22	SES177	-0.145795	-9.28165	-9.13586
BLOCK29/SES290/SA290S22	SES180	-0.0657663	-9.20163	-9.13586
BLOCK29/SES290/SA290S22	SES202	-0.490571	-9.62643	-9.13586
BLOCK29/SES290/SA290S22	SES292	-0.444329	-9.58019	-9.13586
BLOCK29/SES290/SA290S25	SES162	0.173306	-9.51303	-9.68633
BLOCK29/SES290/SA290S25	SES177	0.261734	-9.4246	-9.68633
BLOCK29/SES290/SA290S25	SES180	0.225444	-9.46089	-9.68633
BLOCK29/SES290/SA290S25	SES292	-0.383281	-10.0696	-9.68633
BLOCK29/SES290/SA290S29	SES177	0.186982	-8.78707	-8.97405
BLOCK29/SES290/SA290S29	SES180	0.158281	-8.81577	-8.97405
BLOCK29/SES290/SA290S29	SES275	-0.315932	-9.28999	-8.97405
BLOCK29/SES290/SA290S29	SES292	-0.511022	-9.48507	-8.97405
BLOCK29/SES291/SA291S11	SES105	-0.382436	-11.0889	-10.7064
BLOCK29/SES291/SA291S11	SES125	-0.134166	-10.8406	-10.7064
BLOCK29/SES291/SA291S11	SES158	-0.299308	-11.0057	-10.7064
BLOCK29/SES291/SA291S11	SES275	-0.590767	-11.2972	-10.7064
BLOCK29/SES291/SA291S12	SES158	0.339069	-10.9943	-11.3334
BLOCK29/SES291/SA291S12	SES226	-1.15629	-12.4897	-11.3334
BLOCK29/SES291/SA291S12	SES270	-1.0595	-12.3929	-11.3334
BLOCK29/SES291/SA291S12	SES275	-1.73819	-13.0716	-11.3334
BLOCK29/SES291/SA291S22	SES082	-0.0520859	-10.2524	-10.2004
BLOCK29/SES291/SA291S22	SES158	-0.302453	-10.5028	-10.2004
BLOCK29/SES291/SA291S22	SES259	-0.103189	-10.3036	-10.2004
BLOCK29/SES291/SA291S22	SES275	-1.61866	-11.819	-10.2004
BLOCK29/SES291/SA291S24	SES104	0.348145	-9.8593	-10.2074
BLOCK29/SES291/SA291S24	SES125	0.323767	-9.88368	-10.2074
BLOCK29/SES291/SA291S24	SES158	-0.347491	-10.5549	-10.2074
BLOCK29/SES291/SA291S24	SES275	-0.839262	-11.0467	-10.2074
BLOCK29/SES291/SA291S27	SES158	-0.550055	-10.5041	-9.95407
BLOCK29/SES291/SA291S27	SES172	-0.388094	-10.3422	-9.95407
BLOCK29/SES291/SA291S27	SES275	-0.795884	-10.75	-9.95407
BLOCK29/SES291/SA291S27	SES292	-0.141574	-10.0956	-9.95407
