BLOCK00/SES002/SA002S12	SES002	1.55134	6.26224	4.7109
BLOCK00/SES002/SA002S13	SES002	1.98924	5.82339	3.83415
BLOCK00/SES002/SA002S23	SES002	1.7364	6.10655	4.37014
BLOCK00/SES002/SA002S26	SES002	1.52992	5.85843	4.3285
BLOCK00/SES002/SA002S28	SES002	1.29734	6.74336	5.44602
BLOCK00/SES007/SA007S14	SES007	1.31714	8.54559	7.22845
BLOCK00/SES007/SA007S15	SES007	0.0820389	6.76264	6.6806
BLOCK00/SES007/SA007S24	SES007	0.442134	6.91134	6.46921
BLOCK00/SES007/SA007S27	SES007	0.821343	6.04732	5.22598
BLOCK00/SES007/SA007S29	SES007	0.0688682	7.21945	7.15058
BLOCK00/SES008/SA008S11	SES008	1.37489	7.32636	5.95147
BLOCK00/SES008/SA008S12	SES008	0.272711	6.13196	5.85925
BLOCK00/SES008/SA008S19	SES008	2.10829	8.68266	6.57436
BLOCK00/SES008/SA008S22	SES008	0.700511	6.11132	5.41081
BLOCK00/SES008/SA008S29	SES008	1.53309	7.9135	6.38041
BLOCK01/SES014/SA014S10	SES014	1.29501	6.93445	5.63944
BLOCK01/SES014/SA014S12	SES014	2.14696	8.92116	6.77419
BLOCK01/SES014/SA014S24	SES014	1.16067	6.88466	5.72399
BLOCK01/SES014/SA014S26	SES014	1.91841	8.9438	7.02538
BLOCK01/SES014/SA014S28	SES014	2.87052	9.70698	6.83646
BLOCK01/SES016/SA016S12	SES016	0.867367	5.26861	4.40124
BLOCK01/SES016/SA016S13	SES016	1.19704	7.15878	5.96174
BLOCK01/SES016/SA016S22	SES016	1.5528	8.27268	6.71988
BLOCK01/SES016/SA016S25	SES016	1.90517	9.58075	7.67558
BLOCK01/SES016/SA016S27	SES016	1.55835	8.52229	6.96394
BLOCK01/SES019/SA019S13	SES019	3.66841	6.55951	2.8911
BLOCK01/SES019/SA019S14	SES019	1.52323	5.53052	4.00729
BLOCK01/SES019/SA019S22	SES019	3.22797	6.20645	2.97848
BLOCK01/SES019/SA019S25	SES019	3.55926	6.43833	2.87907
BLOCK01/SES019/SA019S29	SES019	3.95056	6.66532	2.71475
BLOCK02/SES029/SA029S11	SES029	1.2502	8.71424	7.46404
BLOCK02/SES029/SA029S12	SES029	0.858456	8.07319	7.21473
BLOCK02/SES029/SA029S20	SES029	0.690343	7.85978	7.16943
BLOCK02/SES029/SA029S25	SES029	0.770136	7.67509	6.90496
BLOCK02/SES029/SA029S28	SES029	0.45678	7.37835	6.92157
BLOCK04/SES042/SA042S12	SES042	1.80344	7.58873	5.7853
BLOCK04/SES042/SA042S15	SES042	1.7988	8.81668	7.01788
BLOCK04/SES042/SA042S22	SES042	2.00418	8.44466	6.44048
BLOCK04/SES042/SA042S25	SES042	0.652416	5.53051	4.8781
BLOCK04/SES042/SA042S27	SES042	1.28361	7.26316	5.97955
BLOCK04/SES048/SA048S11	SES048	0.805265	7.55228	6.74701
BLOCK04/SES048/SA048S12	SES048	0.43326	6.21459	5.78133
BLOCK04/SES048/SA048S20	SES048	-0.00792456	7.58912	7.59704
BLOCK04/SES048/SA048S23	SES048	0.719107	6.85726	6.13816
BLOCK04/SES048/SA048S27	SES048	0.498554	8.0058	7.50725
BLOCK06/SES060/SA060S11	SES060	1.51089	7.57629	6.06541
BLOCK06/SES060/SA060S12	SES060	0.549077	7.25243	6.70335
BLOCK06/SES060/SA060S22	SES060	-1.02881	5.31063	6.33944
BLOCK06/SES060/SA060S24	SES060	1.74211	8.98513	7.24303
BLOCK06/SES060/SA060S28	SES060	1.30907	9.08783	7.77875
BLOCK06/SES062/SA062S10	SES062	0.660909	7.2962	6.63529
BLOCK06/SES062/SA062S11	SES062	0.996217	7.73176	6.73554
BLOCK06/SES062/SA062S21	SES062	0.961094	9.58058	8.61949
BLOCK06/SES062/SA062S26	SES062	0.483055	8.01788	7.53483
BLOCK06/SES062/SA062S29	SES062	1.22104	8.86433	7.64329
BLOCK06/SES068/SA068S14	SES068	0.477863	6.91431	6.43644
BLOCK06/SES068/SA068S15	SES068	1.03301	7.9216	6.88859
BLOCK06/SES068/SA068S23	SES068	0.937007	7.25348	6.31647
BLOCK06/SES068/SA068S27	SES068	2.38794	8.06192	5.67398
BLOCK06/SES068/SA068S29	SES068	0.826981	7.73685	6.90987
BLOCK08/SES082/SA082S12	SES082	0.0221872	5.09049	5.06831
BLOCK08/SES082/SA082S14	SES082	-0.448606	4.62905	5.07766
BLOCK08/SES082/SA082S21	SES082	0.559595	5.86056	5.30097
BLOCK08/SES082/SA082S24	SES082	0.323029	6.1701	5.84708
BLOCK08/SES082/SA082S28	SES082	0.880717	6.0259	5.14518
BLOCK08/SES083/SA083S14	SES083	0.396123	7.46697	7.07084
BLOCK08/SES083/SA083S15	SES083	1.39007	8.27101	6.88094
BLOCK08/SES083/SA083S24	SES083	0.210799	6.9872	6.7764
BLOCK08/SES083/SA083S26	SES083	0.67633	6.43381	5.75748
BLOCK08/SES083/SA083S29	SES083	0.139834	7.09885	6.95902
BLOCK08/SES085/SA085S10	SES085	0.355388	7.85364	7.49825
BLOCK08/SES085/SA085S13	SES085	0.180274	7.02582	6.84555
BLOCK08/SES085/SA085S22	SES085	0.0565238	6.74338	6.68685
BLOCK08/SES085/SA085S26	SES085	0.0410433	7.0871	7.04605
BLOCK08/SES085/SA085S28	SES085	1.039	8.30308	7.26408
BLOCK08/SES087/SA087S15	SES087	1.22842	7.58001	6.35159
BLOCK08/SES087/SA087S16	SES087	1.19498	6.12554	4.93056
BLOCK08/SES087/SA087S24	SES087	1.22083	7.10538	5.88455
BLOCK08/SES087/SA087S26	SES087	0.410199	7.74065	7.33045
BLOCK08/SES087/SA087S29	SES087	1.64982	8.05403	6.40422
BLOCK09/SES099/SA099S15	SES099	0.836778	5.77757	4.94079
BLOCK09/SES099/SA099S16	SES099	1.19687	5.9304	4.73353
BLOCK09/SES099/SA099S24	SES099	1.26486	6.97785	5.71299
BLOCK09/SES099/SA099S26	SES099	1.18834	7.00309	5.81475
BLOCK09/SES099/SA099S29	SES099	1.29517	6.76563	5.47047
BLOCK10/SES101/SA101S11	SES101	0.486576	7.45001	6.96343
BLOCK10/SES101/SA101S13	SES101	1.14235	8.18989	7.04754
BLOCK10/SES101/SA101S22	SES101	1.35159	6.36911	5.01752
BLOCK10/SES101/SA101S24	SES101	1.6859	7.15941	5.47351
BLOCK10/SES101/SA101S28	SES101	0.573927	7.03738	6.46345
BLOCK10/SES104/SA104S11	SES104	1.39164	8.06103	6.66938
BLOCK10/SES104/SA104S12	SES104	1.09263	7.63504	6.54241
BLOCK10/SES104/SA104S21	SES104	1.23741	6.67834	5.44093
BLOCK10/SES104/SA104S24	SES104	1.36039	6.64116	5.28076
BLOCK10/SES104/SA104S28	SES104	0.996051	6.89942	5.90337
BLOCK10/SES105/SA105S12	SES105	0.275759	5.68946	5.4137
BLOCK10/SES105/SA105S13	SES105	0.633389	6.50617	5.87278
BLOCK10/SES105/SA105S22	SES105	0.314524	5.06646	4.75194
BLOCK10/SES105/SA105S26	SES105	1.46723	7.18731	5.72007
BLOCK10/SES105/SA105S29	SES105	1.37811	7.40743	6.02932
BLOCK10/SES106/SA106S09	SES106	1.6705	5.5978	3.92731
BLOCK10/SES106/SA106S11	SES106	1.22256	6.71381	5.49125
BLOCK10/SES106/SA106S22	SES106	2.77395	5.57733	2.80338
BLOCK10/SES106/SA106S27	SES106	1.29779	6.62626	5.32847
BLOCK10/SES106/SA106S29	SES106	0.832633	6.86794	6.03531
BLOCK11/SES117/SA117S12	SES117	1.24763	6.79184	5.54421
BLOCK11/SES117/SA117S13	SES117	0.586248	7.22822	6.64197
BLOCK11/SES117/SA117S23	SES117	1.28673	5.96103	4.6743
BLOCK11/SES117/SA117S25	SES117	0.735565	5.28722	4.55166
BLOCK11/SES117/SA117S28	SES117	0.835746	5.83266	4.99691
BLOCK12/SES120/SA120S08	SES120	1.54086	6.07406	4.5332
BLOCK12/SES120/SA120S11	SES120	1.60121	4.96819	3.36698
BLOCK12/SES120/SA120S22	SES120	0.475749	6.98659	6.51084
BLOCK12/SES120/SA120S24	SES120	0.297438	5.35072	5.05329
BLOCK12/SES120/SA120S28	SES120	-0.235766	4.79763	5.0334
BLOCK12/SES125/SA125S13	SES125	1.97194	8.11652	6.14458
BLOCK12/SES125/SA125S14	SES125	0.954841	6.44477	5.48993
BLOCK12/SES125/SA125S25	SES125	2.29318	7.54945	5.25627
BLOCK12/SES125/SA125S27	SES125	2.22313	9.02981	6.80668
BLOCK12/SES125/SA125S29	SES125	1.31737	7.36768	6.05031
BLOCK12/SES127/SA127S11	SES127	0.51348	6.51333	5.99985
BLOCK12/SES127/SA127S12	SES127	-0.202898	8.00023	8.20313
BLOCK12/SES127/SA127S23	SES127	0.457053	7.05791	6.60086
BLOCK12/SES127/SA127S25	SES127	0.820403	6.73328	5.91288
BLOCK12/SES127/SA127S27	SES127	1.01296	6.7022	5.68924
BLOCK12/SES129/SA129S11	SES129	1.2533	8.45649	7.20318
BLOCK12/SES129/SA129S12	SES129	0.98492	7.74624	6.76132
BLOCK12/SES129/SA129S22	SES129	1.59994	7.49146	5.89152
BLOCK12/SES129/SA129S27	SES129	1.17352	7.52293	6.34941
BLOCK12/SES129/SA129S29	SES129	0.901551	8.09961	7.19806
BLOCK14/SES142/SA142S11	SES142	0.784074	6.67636	5.89229
BLOCK14/SES142/SA142S12	SES142	0.764065	7.07414	6.31008
BLOCK14/SES142/SA142S24	SES142	1.26462	7.94093	6.67631
BLOCK14/SES142/SA142S27	SES142	1.24236	8.29353	7.05116
BLOCK14/SES142/SA142S29	SES142	1.60631	8.5944	6.98808
BLOCK14/SES143/SA143S12	SES143	0.835434	6.84935	6.01391
BLOCK14/SES143/SA143S13	SES143	0.770783	6.74423	5.97345
BLOCK14/SES143/SA143S23	SES143	1.10518	7.53592	6.43074
BLOCK14/SES143/SA143S25	SES143	1.11481	7.8049	6.69009
BLOCK14/SES143/SA143S28	SES143	0.413393	6.59271	6.17932
BLOCK14/SES144/SA144S09	SES144	0.837548	7.28598	6.44844
BLOCK14/SES144/SA144S11	SES144	0.468462	6.7742	6.30574
BLOCK14/SES144/SA144S21	SES144	-0.409424	5.47894	5.88837
BLOCK14/SES144/SA144S25	SES144	0.499222	7.00489	6.50567
BLOCK14/SES144/SA144S29	SES144	-0.14405	5.73198	5.87603
BLOCK14/SES146/SA146S14	SES146	0.476638	6.07196	5.59532
BLOCK14/SES146/SA146S15	SES146	-0.0288725	5.84976	5.87863
BLOCK14/SES146/SA146S24	SES146	0.859049	6.14902	5.28997
BLOCK14/SES146/SA146S26	SES146	1.3551	6.92291	5.56781
BLOCK14/SES146/SA146S29	SES146	-0.134418	5.0873	5.22172
BLOCK14/SES147/SA147S11	SES147	1.42605	7.81304	6.387
BLOCK14/SES147/SA147S13	SES147	1.76147	8.52649	6.76502
BLOCK14/SES147/SA147S23	SES147	0.205975	6.53838	6.3324
BLOCK14/SES147/SA147S26	SES147	0.908401	6.25753	5.34913
BLOCK14/SES147/SA147S28	SES147	1.14637	7.16911	6.02274
BLOCK14/SES148/SA148S10	SES148	0.784318	7.98118	7.19687
BLOCK14/SES148/SA148S12	SES148	0.374187	5.84882	5.47463
BLOCK14/SES148/SA148S22	SES148	0.873293	8.17037	7.29707
BLOCK14/SES148/SA148S26	SES148	0.0160937	7.28047	7.26438
BLOCK14/SES148/SA148S29	SES148	0.368124	6.9521	6.58397
BLOCK14/SES149/SA149S13	SES149	-0.591546	4.93973	5.53127
BLOCK14/SES149/SA149S14	SES149	0.517411	7.161	6.64359
BLOCK14/SES149/SA149S24	SES149	1.46032	7.80141	6.34109
BLOCK14/SES149/SA149S26	SES149	1.43441	8.69021	7.2558
BLOCK14/SES149/SA149S28	SES149	2.07874	8.68829	6.60955
BLOCK15/SES158/SA158S13	SES158	0.819112	5.72209	4.90298
BLOCK15/SES158/SA158S14	SES158	1.72588	5.94611	4.22024
BLOCK15/SES158/SA158S23	SES158	1.20518	6.89175	5.68657
BLOCK15/SES158/SA158S26	SES158	1.92744	5.63451	3.70707
BLOCK15/SES158/SA158S28	SES158	0.57165	5.6371	5.06545
BLOCK16/SES162/SA162S10	SES162	0.563659	6.31472	5.75106
BLOCK16/SES162/SA162S11	SES162	1.03562	7.76168	6.72606
BLOCK16/SES162/SA162S21	SES162	1.74897	7.56154	5.81257
BLOCK16/SES162/SA162S24	SES162	0.536895	6.77849	6.2416
BLOCK16/SES162/SA162S27	SES162	1.64352	6.4085	4.76499
BLOCK16/SES167/SA167S14	SES167	1.04071	8.70833	7.66762
BLOCK16/SES167/SA167S15	SES167	1.06032	8.43708	7.37677
BLOCK16/SES167/SA167S21	SES167	1.42746	9.12438	7.69692
BLOCK16/SES167/SA167S25	SES167	2.4111	9.38545	6.97436
BLOCK16/SES167/SA167S29	SES167	2.07642	9.79995	7.72353
BLOCK17/SES172/SA172S12	SES172	1.65159	6.80997	5.15838
BLOCK17/SES172/SA172S13	SES172	1.41974	7.44772	6.02797
BLOCK17/SES172/SA172S23	SES172	1.00976	7.50107	6.4913
BLOCK17/SES172/SA172S27	SES172	1.08009	7.09398	6.01389
BLOCK17/SES172/SA172S29	SES172	1.93268	7.74807	5.8154
BLOCK17/SES175/SA175S11	SES175	0.0814333	7.01748	6.93605
BLOCK17/SES175/SA175S13	SES175	0.416466	8.2228	7.80634
BLOCK17/SES175/SA175S23	SES175	0.592267	7.83895	7.24669
BLOCK17/SES175/SA175S25	SES175	0.730668	5.77765	5.04698
BLOCK17/SES175/SA175S28	SES175	-0.0412035	7.43625	7.47745
BLOCK17/SES177/SA177S15	SES177	0.435189	6.51901	6.08382
BLOCK17/SES177/SA177S17	SES177	0.168503	5.94828	5.77978
BLOCK17/SES177/SA177S23	SES177	-0.155894	5.29496	5.45085
BLOCK17/SES177/SA177S26	SES177	0.899352	8.7431	7.84375
BLOCK17/SES177/SA177S28	SES177	0.784706	6.76196	5.97726
BLOCK18/SES180/SA180S13	SES180	0.10795	6.06782	5.95987
BLOCK18/SES180/SA180S15	SES180	0.467315	6.27432	5.80701
BLOCK18/SES180/SA180S24	SES180	0.665978	7.84697	7.18099
BLOCK18/SES180/SA180S26	SES180	0.808032	7.10983	6.3018
BLOCK18/SES180/SA180S29	SES180	1.03219	7.51523	6.48304
BLOCK18/SES183/SA183S13	SES183	1.17928	6.71371	5.53444
BLOCK18/SES183/SA183S14	SES183	0.204769	6.0209	5.81613
BLOCK18/SES183/SA183S24	SES183	1.15046	5.88309	4.73263
BLOCK18/SES183/SA183S27	SES183	1.32347	6.80545	5.48198
BLOCK18/SES183/SA183S29	SES183	1.23129	6.72318	5.49189
BLOCK18/SES187/SA187S13	SES187	0.507152	6.12376	5.61661
BLOCK18/SES187/SA187S14	SES187	0.189122	5.72671	5.53758
BLOCK18/SES187/SA187S24	SES187	1.00479	6.70601	5.70122
BLOCK18/SES187/SA187S27	SES187	1.67129	6.64706	4.97577
BLOCK18/SES187/SA187S29	SES187	1.02685	5.81622	4.78937
BLOCK18/SES189/SA189S10	SES189	1.06891	6.58852	5.51962
BLOCK18/SES189/SA189S13	SES189	0.534735	5.51533	4.98059
BLOCK18/SES189/SA189S24	SES189	0.466126	7.62056	7.15444
BLOCK18/SES189/SA189S26	SES189	0.70501	8.17394	7.46893
BLOCK18/SES189/SA189S29	SES189	1.5334	7.70544	6.17204
BLOCK20/SES202/SA202S12	SES202	0.739647	7.23216	6.49251
BLOCK20/SES202/SA202S14	SES202	2.08628	7.91955	5.83328
BLOCK20/SES202/SA202S24	SES202	0.854414	7.19851	6.3441
BLOCK20/SES202/SA202S27	SES202	1.09323	8.2865	7.19327
BLOCK20/SES202/SA202S29	SES202	1.54729	8.5111	6.96381
BLOCK20/SES206/SA206S15	SES206	-0.469994	6.17953	6.64953
BLOCK20/SES206/SA206S17	SES206	0.775454	6.74948	5.97403
BLOCK20/SES206/SA206S24	SES206	1.82153	8.64817	6.82664
BLOCK20/SES206/SA206S27	SES206	1.72724	6.84174	5.11451
BLOCK20/SES206/SA206S29	SES206	1.14215	8.23437	7.09223
BLOCK22/SES226/SA226S12	SES226	1.11792	6.22334	5.10543
BLOCK22/SES226/SA226S13	SES226	0.303986	5.05923	4.75524
BLOCK22/SES226/SA226S20	SES226	1.89501	6.55508	4.66007
BLOCK22/SES226/SA226S23	SES226	1.7977	7.52733	5.72963
BLOCK22/SES226/SA226S28	SES226	2.05507	7.97742	5.92236
BLOCK25/SES259/SA259S13	SES259	2.91406	8.30909	5.39503
BLOCK25/SES259/SA259S14	SES259	2.11049	7.55088	5.44039
BLOCK25/SES259/SA259S22	SES259	1.96043	7.92166	5.96123
BLOCK25/SES259/SA259S24	SES259	1.4155	7.20951	5.79401
BLOCK25/SES259/SA259S28	SES259	2.0926	7.56942	5.47682
BLOCK27/SES270/SA270S14	SES270	2.3808	4.92576	2.54496
BLOCK27/SES270/SA270S16	SES270	0.414433	5.15273	4.7383
BLOCK27/SES270/SA270S22	SES270	2.7366	6.47354	3.73694
BLOCK27/SES270/SA270S26	SES270	1.35302	4.75302	3.4
BLOCK27/SES270/SA270S28	SES270	1.7321	5.71231	3.98021
BLOCK27/SES275/SA275S17	SES275	0.871247	7.37035	6.4991
BLOCK27/SES275/SA275S18	SES275	0.481981	7.06659	6.58461
BLOCK27/SES275/SA275S24	SES275	0.584383	6.02527	5.44089
BLOCK27/SES275/SA275S26	SES275	0.775949	7.28135	6.5054
BLOCK27/SES275/SA275S28	SES275	0.433178	6.82498	6.3918
BLOCK29/SES292/SA292S10	SES292	0.00434923	7.34908	7.34474
BLOCK29/SES292/SA292S12	SES292	0.36856	5.94172	5.57316
BLOCK29/SES292/SA292S22	SES292	0.716973	7.22936	6.51238
BLOCK29/SES292/SA292S24	SES292	0.385169	6.96261	6.57744
BLOCK29/SES292/SA292S27	SES292	-0.233172	6.34651	6.57968
BLOCK00/SES001/SA001S14	SES062	-2.27149	3.831	6.10249
BLOCK00/SES001/SA001S14	SES082	-1.21152	4.89097	6.10249
BLOCK00/SES001/SA001S14	SES106	-1.45937	4.64312	6.10249
BLOCK00/SES001/SA001S14	SES206	-1.56184	4.54065	6.10249
BLOCK00/SES001/SA001S15	SES062	-1.43583	5.37548	6.81131
BLOCK00/SES001/SA001S15	SES104	-2.31348	4.49782	6.81131
BLOCK00/SES001/SA001S15	SES106	-2.11519	4.69612	6.81131
BLOCK00/SES001/SA001S15	SES206	-1.68617	5.12513	6.81131
BLOCK00/SES001/SA001S24	SES062	-2.44974	3.59732	6.04706
BLOCK00/SES001/SA001S24	SES082	-0.466916	5.58015	6.04706
BLOCK00/SES001/SA001S24	SES087	-1.44942	4.59765	6.04706
BLOCK00/SES001/SA001S24	SES206	-0.615426	5.43164	6.04706
BLOCK00/SES001/SA001S27	SES062	-1.37564	6.22486	7.6005
BLOCK00/SES001/SA001S27	SES082	-0.919954	6.68055	7.6005
BLOCK00/SES001/SA001S27	SES087	-0.564154	7.03635	7.6005
BLOCK00/SES001/SA001S27	SES206	-0.935276	6.66523	7.6005
BLOCK00/SES001/SA001S29	SES062	-2.36794	3.57904	5.94698
BLOCK00/SES001/SA001S29	SES082	-0.54285	5.40413	5.94698
BLOCK00/SES001/SA001S29	SES158	-0.732879	5.2141	5.94698
BLOCK00/SES001/SA001S29	SES206	-1.36597	4.58101	5.94698
BLOCK00/SES003/SA003S11	SES002	-0.390513	4.32569	4.7162
BLOCK00/SES003/SA003S11	SES019	-1.23317	3.48303	4.7162
BLOCK00/SES003/SA003S11	SES082	-1.11504	3.60116	4.7162
BLOCK00/SES003/SA003S11	SES125	-1.37527	3.34093	4.7162
BLOCK00/SES003/SA003S15	SES016	-1.80998	4.70587	6.51584
BLOCK00/SES003/SA003S15	SES019	-2.43378	4.08206	6.51584
BLOCK00/SES003/SA003S15	SES062	-0.597484	5.91836	6.51584
BLOCK00/SES003/SA003S15	SES206	-2.28506	4.23078	6.51584
BLOCK00/SES003/SA003S22	SES002	-1.68078	3.91844	5.59922
BLOCK00/SES003/SA003S22	SES062	-0.95076	4.64846	5.59922
BLOCK00/SES003/SA003S22	SES082	-2.83338	2.76584	5.59922
BLOCK00/SES003/SA003S22	SES087	-2.52627	3.07295	5.59922
BLOCK00/SES003/SA003S25	SES062	-2.62711	2.69943	5.32654
BLOCK00/SES003/SA003S25	SES082	-1.87756	3.44897	5.32654
BLOCK00/SES003/SA003S25	SES087	-1.11266	4.21387	5.32654
BLOCK00/SES003/SA003S25	SES206	-0.800363	4.52617	5.32654
BLOCK00/SES003/SA003S29	SES002	-1.39324	3.86033	5.25357
BLOCK00/SES003/SA003S29	SES062	-1.63679	3.61678	5.25357
BLOCK00/SES003/SA003S29	SES082	-1.56398	3.68959	5.25357
BLOCK00/SES003/SA003S29	SES087	-2.42887	2.82471	5.25357
BLOCK00/SES004/SA004S12	SES083	-1.42093	4.98	6.40093
BLOCK00/SES004/SA004S12	SES148	-2.09692	4.30401	6.40093
BLOCK00/SES004/SA004S12	SES172	0.164269	6.5652	6.40093
BLOCK00/SES004/SA004S12	SES292	-1.70106	4.69987	6.40093
BLOCK00/SES004/SA004S17	SES083	-1.42454	5.11753	6.54207
BLOCK00/SES004/SA004S17	SES162	-1.23272	5.30935	6.54207
BLOCK00/SES004/SA004S17	SES172	-0.619193	5.92287	6.54207
BLOCK00/SES004/SA004S17	SES292	-1.65007	4.892	6.54207
BLOCK00/SES004/SA004S24	SES083	-1.60662	5.29102	6.89764
BLOCK00/SES004/SA004S24	SES148	-2.21647	4.68117	6.89764
BLOCK00/SES004/SA004S24	SES172	-0.308118	6.58952	6.89764
BLOCK00/SES004/SA004S24	SES292	-1.325	5.57263	6.89764
BLOCK00/SES004/SA004S26	SES083	-1.77683	4.52332	6.30014
BLOCK00/SES004/SA004S26	SES127	-1.66568	4.63446	6.30014
BLOCK00/SES004/SA004S26	SES148	-3.28655	3.01359	6.30014
BLOCK00/SES004/SA004S26	SES292	-2.0436	4.25655	6.30014
BLOCK00/SES004/SA004S28	SES083	-1.29994	5.03793	6.33787
BLOCK00/SES004/SA004S28	SES127	-0.473045	5.86482	6.33787
BLOCK00/SES004/SA004S28	SES187	-0.384514	5.95335	6.33787
BLOCK00/SES004/SA004S28	SES292	-2.25102	4.08685	6.33787
BLOCK00/SES006/SA006S10	SES014	-2.10939	0.85348	2.96287
BLOCK00/SES006/SA006S10	SES158	-0.928767	2.03411	2.96287
BLOCK00/SES006/SA006S10	SES226	-3.26064	-0.297766	2.96287
BLOCK00/SES006/SA006S10	SES270	-0.0584514	2.90442	2.96287
BLOCK00/SES006/SA006S11	SES158	-1.22716	2.01859	3.24574
BLOCK00/SES006/SA006S11	SES226	-1.81133	1.43441	3.24574
BLOCK00/SES006/SA006S11	SES270	-0.671036	2.57471	3.24574
BLOCK00/SES006/SA006S11	SES275	-2.86276	0.382982	3.24574
BLOCK00/SES006/SA006S23	SES062	-2.58787	1.52815	4.11602
BLOCK00/SES006/SA006S23	SES105	-3.73162	0.384402	4.11602
BLOCK00/SES006/SA006S23	SES158	-0.863179	3.25284	4.11602
BLOCK00/SES006/SA006S23	SES275	-2.1046	2.01142	4.11602
BLOCK00/SES006/SA006S26	SES104	-2.95075	1.44512	4.39587
BLOCK00/SES006/SA006S26	SES158	-1.12279	3.27308	4.39587
BLOCK00/SES006/SA006S26	SES270	0.112843	4.50871	4.39587
BLOCK00/SES006/SA006S26	SES275	-3.51767	0.878206	4.39587
BLOCK00/SES006/SA006S28	SES007	-3.39919	-0.159741	3.23945
BLOCK00/SES006/SA006S28	SES105	-3.40709	-0.167634	3.23945
BLOCK00/SES006/SA006S28	SES158	-2.78827	0.451179	3.23945
BLOCK00/SES006/SA006S28	SES275	-3.02638	0.213071	3.23945
BLOCK00/SES009/SA009S12	SES083	-3.25919	3.2214	6.48059
BLOCK00/SES009/SA009S12	SES148	-1.6135	4.86708	6.48059
BLOCK00/SES009/SA009S12	SES177	-0.626268	5.85432	6.48059
BLOCK00/SES009/SA009S12	SES292	-1.87828	4.60231	6.48059
BLOCK00/SES009/SA009S15	SES007	-0.367288	6.79265	7.15993
BLOCK00/SES009/SA009S15	SES099	-3.43717	3.72277	7.15993
BLOCK00/SES009/SA009S15	SES148	-1.66849	5.49144	7.15993
BLOCK00/SES009/SA009S15	SES172	-1.22653	5.9334	7.15993
BLOCK00/SES009/SA009S24	SES146	-0.987074	5.59954	6.58661
BLOCK00/SES009/SA009S24	SES148	-1.9193	4.66731	6.58661
BLOCK00/SES009/SA009S24	SES177	-0.520307	6.0663	6.58661
BLOCK00/SES009/SA009S24	SES292	-1.56573	5.02088	6.58661
BLOCK00/SES009/SA009S26	SES083	-2.6649	3.10625	5.77115
BLOCK00/SES009/SA009S26	SES101	-3.23546	2.53569	5.77115
BLOCK00/SES009/SA009S26	SES120	-1.07366	4.69749	5.77115
BLOCK00/SES009/SA009S26	SES177	-1.04353	4.72763	5.77115
BLOCK00/SES009/SA009S29	SES083	-2.12364	4.49425	6.61789
BLOCK00/SES009/SA009S29	SES101	-2.05433	4.56357	6.61789
BLOCK00/SES009/SA009S29	SES177	-0.475957	6.14193	6.61789
BLOCK00/SES009/SA009S29	SES292	-1.74	4.87789	6.61789
BLOCK01/SES011/SA011S10	SES019	-1.5504	2.31581	3.86621
BLOCK01/SES011/SA011S10	SES042	1.31764	5.18385	3.86621
BLOCK01/SES011/SA011S10	SES082	-2.06245	1.80376	3.86621
BLOCK01/SES011/SA011S10	SES206	-0.592016	3.27419	3.86621
BLOCK01/SES011/SA011S11	SES019	-1.35663	2.77972	4.13635
BLOCK01/SES011/SA011S11	SES042	0.180527	4.31687	4.13635
BLOCK01/SES011/SA011S11	SES082	-1.28967	2.84668	4.13635
BLOCK01/SES011/SA011S11	SES206	-1.05474	3.08161	4.13635
BLOCK01/SES011/SA011S22	SES019	-1.09736	3.26465	4.36201
BLOCK01/SES011/SA011S22	SES042	0.729331	5.09134	4.36201
BLOCK01/SES011/SA011S22	SES082	-1.5241	2.83791	4.36201
BLOCK01/SES011/SA011S22	SES206	-0.912519	3.44949	4.36201
BLOCK01/SES011/SA011S24	SES019	-1.41595	3.90662	5.32258
BLOCK01/SES011/SA011S24	SES042	1.24131	6.56388	5.32258
BLOCK01/SES011/SA011S24	SES104	-1.56378	3.7588	5.32258
BLOCK01/SES011/SA011S24	SES206	-0.498163	4.82441	5.32258
BLOCK01/SES011/SA011S27	SES082	-0.0768819	5.36429	5.44117
BLOCK01/SES011/SA011S27	SES087	-1.45059	3.99058	5.44117
BLOCK01/SES011/SA011S27	SES125	-0.629285	4.81188	5.44117
BLOCK01/SES011/SA011S27	SES206	-0.139268	5.3019	5.44117
BLOCK01/SES012/SA012S11	SES007	-0.793979	6.30173	7.09571
BLOCK01/SES012/SA012S11	SES082	-1.66641	5.42931	7.09571
BLOCK01/SES012/SA012S11	SES083	-1.98922	5.10649	7.09571
BLOCK01/SES012/SA012S11	SES206	-2.15556	4.94015	7.09571
BLOCK01/SES012/SA012S14	SES082	-0.440215	5.95354	6.39376
BLOCK01/SES012/SA012S14	SES087	-1.75976	4.63399	6.39376
BLOCK01/SES012/SA012S14	SES206	-0.946078	5.44768	6.39376
BLOCK01/SES012/SA012S14	SES292	-1.68412	4.70964	6.39376
BLOCK01/SES012/SA012S24	SES082	-1.07935	3.99447	5.07383
BLOCK01/SES012/SA012S24	SES087	-2.00818	3.06564	5.07383
BLOCK01/SES012/SA012S24	SES120	-2.05838	3.01544	5.07383
BLOCK01/SES012/SA012S24	SES206	-1.13238	3.94145	5.07383
BLOCK01/SES012/SA012S26	SES019	-3.85642	2.17324	6.02966
BLOCK01/SES012/SA012S26	SES082	-2.51643	3.51323	6.02966
BLOCK01/SES012/SA012S26	SES206	-0.795071	5.23459	6.02966
BLOCK01/SES012/SA012S26	SES292	-1.40674	4.62292	6.02966
BLOCK01/SES012/SA012S29	SES062	-1.52255	4.55247	6.07502
BLOCK01/SES012/SA012S29	SES082	-1.1957	4.87932	6.07502
BLOCK01/SES012/SA012S29	SES083	-3.49006	2.58496	6.07502
BLOCK01/SES012/SA012S29	SES206	-2.33895	3.73607	6.07502
BLOCK01/SES013/SA013S16	SES062	-2.83816	1.62796	4.46613
BLOCK01/SES013/SA013S16	SES106	-0.640818	3.82531	4.46613
BLOCK01/SES013/SA013S16	SES206	-1.27846	3.18766	4.46613
BLOCK01/SES013/SA013S16	SES226	-0.422397	4.04373	4.46613
BLOCK01/SES013/SA013S17	SES062	-2.27837	4.00969	6.28806
BLOCK01/SES013/SA013S17	SES106	-1.83458	4.45348	6.28806
BLOCK01/SES013/SA013S17	SES206	-1.08705	5.20101	6.28806
BLOCK01/SES013/SA013S17	SES226	-0.291299	5.99676	6.28806
BLOCK01/SES013/SA013S23	SES104	-1.38939	2.09707	3.48646
BLOCK01/SES013/SA013S23	SES106	-0.234596	3.25187	3.48646
BLOCK01/SES013/SA013S23	SES206	-0.936902	2.54956	3.48646
BLOCK01/SES013/SA013S23	SES270	0.34199	3.82845	3.48646
BLOCK01/SES013/SA013S25	SES042	-1.67848	3.23926	4.91774
BLOCK01/SES013/SA013S25	SES104	-2.08237	2.83537	4.91774
BLOCK01/SES013/SA013S25	SES106	-0.82198	4.09576	4.91774
BLOCK01/SES013/SA013S25	SES206	-1.9192	2.99854	4.91774
BLOCK01/SES013/SA013S29	SES062	-3.65857	1.00253	4.6611
BLOCK01/SES013/SA013S29	SES104	-1.92231	2.73879	4.6611
BLOCK01/SES013/SA013S29	SES106	-0.735261	3.92584	4.6611
BLOCK01/SES013/SA013S29	SES206	-1.99955	2.66155	4.6611
BLOCK02/SES021/SA021S13	SES016	-2.78845	3.41585	6.2043
BLOCK02/SES021/SA021S13	SES029	-1.02463	5.17966	6.2043
BLOCK02/SES021/SA021S13	SES087	-2.55551	3.64879	6.2043
BLOCK02/SES021/SA021S13	SES206	-1.64548	4.55882	6.2043
BLOCK02/SES021/SA021S15	SES087	-1.25748	5.72431	6.9818
BLOCK02/SES021/SA021S15	SES125	-1.58504	5.39675	6.9818
BLOCK02/SES021/SA021S15	SES206	-0.720493	6.2613	6.9818
BLOCK02/SES021/SA021S15	SES226	-1.94481	5.03699	6.9818
BLOCK02/SES021/SA021S23	SES062	-2.69087	2.25505	4.94592
BLOCK02/SES021/SA021S23	SES087	-1.41938	3.52653	4.94592
BLOCK02/SES021/SA021S23	SES206	-1.40354	3.54237	4.94592
BLOCK02/SES021/SA021S23	SES226	-1.08911	3.8568	4.94592
BLOCK02/SES021/SA021S27	SES002	-1.53593	5.34837	6.8843
BLOCK02/SES021/SA021S27	SES016	-4.3653	2.519	6.8843
BLOCK02/SES021/SA021S27	SES019	-1.25956	5.62473	6.8843
BLOCK02/SES021/SA021S27	SES062	-1.33897	5.54532	6.8843
BLOCK02/SES021/SA021S29	SES087	-0.930845	4.60934	5.54019
BLOCK02/SES021/SA021S29	SES125	-1.3316	4.20859	5.54019
BLOCK02/SES021/SA021S29	SES206	-0.181646	5.35854	5.54019
BLOCK02/SES021/SA021S29	SES226	-1.61142	3.92877	5.54019
BLOCK04/SES043/SA043S09	SES083	-0.91572	4.70147	5.61719
BLOCK04/SES043/SA043S09	SES101	-1.16796	4.44923	5.61719
BLOCK04/SES043/SA043S09	SES144	-0.491075	5.12611	5.61719
BLOCK04/SES043/SA043S09	SES172	-1.60556	4.01163	5.61719
BLOCK04/SES043/SA043S11	SES083	-0.772996	5.63684	6.40984
BLOCK04/SES043/SA043S11	SES101	-0.921632	5.48821	6.40984
BLOCK04/SES043/SA043S11	SES144	0.235523	6.64536	6.40984
BLOCK04/SES043/SA043S11	SES172	-0.738925	5.67091	6.40984
BLOCK04/SES043/SA043S23	SES083	-1.15747	4.69703	5.8545
BLOCK04/SES043/SA043S23	SES144	0.247703	6.10221	5.8545
BLOCK04/SES043/SA043S23	SES177	-1.16141	4.69309	5.8545
BLOCK04/SES043/SA043S23	SES275	-0.820051	5.03445	5.8545
BLOCK04/SES043/SA043S26	SES083	-0.906444	4.84997	5.75641
BLOCK04/SES043/SA043S26	SES101	-1.19349	4.56292	5.75641
BLOCK04/SES043/SA043S26	SES144	0.194075	5.95049	5.75641
BLOCK04/SES043/SA043S26	SES177	-1.22099	4.53542	5.75641
BLOCK04/SES043/SA043S28	SES016	-2.36062	3.75218	6.11281
BLOCK04/SES043/SA043S28	SES083	-0.362097	5.75071	6.11281
BLOCK04/SES043/SA043S28	SES101	-0.74823	5.36458	6.11281
BLOCK04/SES043/SA043S28	SES144	-0.4382	5.67461	6.11281
BLOCK04/SES044/SA044S10	SES127	-1.17488	3.90228	5.07715
BLOCK04/SES044/SA044S10	SES144	-0.632602	4.44455	5.07715
BLOCK04/SES044/SA044S10	SES147	-2.8536	2.22356	5.07715
BLOCK04/SES044/SA044S10	SES148	-2.20732	2.86983	5.07715
BLOCK04/SES044/SA044S11	SES101	-0.883896	4.84552	5.72942
BLOCK04/SES044/SA044S11	SES144	0.344527	6.07394	5.72942
BLOCK04/SES044/SA044S11	SES147	-2.06309	3.66633	5.72942
BLOCK04/SES044/SA044S11	SES177	-1.44399	4.28542	5.72942
BLOCK04/SES044/SA044S24	SES007	-2.32941	3.06448	5.39388
BLOCK04/SES044/SA044S24	SES101	-0.757214	4.63667	5.39388
BLOCK04/SES044/SA044S24	SES147	-1.55324	3.84064	5.39388
BLOCK04/SES044/SA044S24	SES177	-1.49591	3.89797	5.39388
BLOCK04/SES044/SA044S26	SES007	-2.3883	3.35442	5.74273
BLOCK04/SES044/SA044S26	SES016	-1.75213	3.9906	5.74273
BLOCK04/SES044/SA044S26	SES101	-0.0527143	5.69001	5.74273
BLOCK04/SES044/SA044S26	SES147	-1.13076	4.61197	5.74273
BLOCK04/SES044/SA044S29	SES007	-2.65578	3.97892	6.6347
BLOCK04/SES044/SA044S29	SES101	-0.102489	6.53221	6.6347
BLOCK04/SES044/SA044S29	SES147	-1.63196	5.00274	6.6347
BLOCK04/SES044/SA044S29	SES177	-2.1168	4.5179	6.6347
BLOCK04/SES046/SA046S13	SES101	-1.05387	4.43212	5.486
BLOCK04/SES046/SA046S13	SES144	-0.597717	4.88828	5.486
BLOCK04/SES046/SA046S13	SES147	-1.94795	3.53805	5.486
BLOCK04/SES046/SA046S13	SES177	-2.07103	3.41497	5.486
BLOCK04/SES046/SA046S15	SES048	-0.887373	6.45943	7.34681
BLOCK04/SES046/SA046S15	SES083	-1.19501	6.1518	7.34681
BLOCK04/SES046/SA046S15	SES120	-3.15837	4.18844	7.34681
BLOCK04/SES046/SA046S15	SES148	-1.80901	5.5378	7.34681
BLOCK04/SES046/SA046S22	SES101	-0.70065	5.00293	5.70358
BLOCK04/SES046/SA046S22	SES144	-0.192107	5.51147	5.70358
BLOCK04/SES046/SA046S22	SES147	-2.13699	3.56659	5.70358
BLOCK04/SES046/SA046S22	SES172	-0.395454	5.30812	5.70358
BLOCK04/SES046/SA046S25	SES083	-0.829553	5.07066	5.90021
BLOCK04/SES046/SA046S25	SES127	-1.40183	4.49838	5.90021
BLOCK04/SES046/SA046S25	SES144	-0.738847	5.16137	5.90021
BLOCK04/SES046/SA046S25	SES148	-1.26912	4.63109	5.90021
BLOCK04/SES046/SA046S28	SES007	-2.64036	3.8652	6.50556
BLOCK04/SES046/SA046S28	SES105	-2.02604	4.47952	6.50556
BLOCK04/SES046/SA046S28	SES147	-1.66576	4.8398	6.50556
BLOCK04/SES046/SA046S28	SES148	-1.22462	5.28093	6.50556
BLOCK04/SES049/SA049S16	SES104	-0.67281	3.688	4.36081
BLOCK04/SES049/SA049S16	SES106	-1.86012	2.50069	4.36081
BLOCK04/SES049/SA049S16	SES120	-2.17447	2.18634	4.36081
BLOCK04/SES049/SA049S16	SES206	-1.30077	3.06004	4.36081
BLOCK04/SES049/SA049S18	SES099	-0.571854	3.55611	4.12797
BLOCK04/SES049/SA049S18	SES104	-2.70203	1.42594	4.12797
BLOCK04/SES049/SA049S18	SES125	-2.21797	1.91	4.12797
BLOCK04/SES049/SA049S18	SES206	-2.2278	1.90017	4.12797
BLOCK04/SES049/SA049S25	SES087	-2.60684	1.32075	3.92759
BLOCK04/SES049/SA049S25	SES104	-0.725804	3.20179	3.92759
BLOCK04/SES049/SA049S25	SES125	-1.31144	2.61615	3.92759
BLOCK04/SES049/SA049S25	SES206	-0.581718	3.34587	3.92759
BLOCK04/SES049/SA049S27	SES099	-0.0690532	4.63739	4.70644
BLOCK04/SES049/SA049S27	SES104	0.00220871	4.70865	4.70644
BLOCK04/SES049/SA049S27	SES125	-1.88879	2.81766	4.70644
BLOCK04/SES049/SA049S27	SES206	-1.04701	3.65943	4.70644
BLOCK04/SES049/SA049S29	SES099	0.194956	6.09419	5.89924
BLOCK04/SES049/SA049S29	SES104	-0.143432	5.75581	5.89924
BLOCK04/SES049/SA049S29	SES125	-1.48595	4.41329	5.89924
BLOCK04/SES049/SA049S29	SES206	-0.96604	4.9332	5.89924
BLOCK06/SES063/SA063S09	SES068	-0.85756	5.62468	6.48224
BLOCK06/SES063/SA063S09	SES083	-0.76694	5.7153	6.48224
BLOCK06/SES063/SA063S09	SES177	-1.27154	5.2107	6.48224
BLOCK06/SES063/SA063S09	SES187	-2.14435	4.33789	6.48224
BLOCK06/SES063/SA063S10	SES068	-1.7677	5.05765	6.82535
BLOCK06/SES063/SA063S10	SES083	-0.750405	6.07494	6.82535
BLOCK06/SES063/SA063S10	SES172	-0.700395	6.12495	6.82535
BLOCK06/SES063/SA063S10	SES187	-1.7636	5.06174	6.82535
BLOCK06/SES063/SA063S20	SES068	-1.36811	4.82522	6.19333
BLOCK06/SES063/SA063S20	SES083	-0.35096	5.84237	6.19333
BLOCK06/SES063/SA063S20	SES172	-0.090951	6.10238	6.19333
BLOCK06/SES063/SA063S20	SES187	-0.902664	5.29067	6.19333
BLOCK06/SES063/SA063S24	SES029	-2.17994	4.21926	6.3992
BLOCK06/SES063/SA063S24	SES083	-0.403619	5.99558	6.3992
BLOCK06/SES063/SA063S24	SES177	-0.644611	5.75459	6.3992
BLOCK06/SES063/SA063S24	SES189	0.0275779	6.42678	6.3992
BLOCK06/SES063/SA063S27	SES083	0.0525208	6.43636	6.38384
BLOCK06/SES063/SA063S27	SES172	-1.30422	5.07962	6.38384
BLOCK06/SES063/SA063S27	SES187	-1.26601	5.11783	6.38384
BLOCK06/SES063/SA063S27	SES292	-2.16724	4.2166	6.38384
BLOCK06/SES067/SA067S12	SES083	-0.799771	6.86842	7.66819
BLOCK06/SES067/SA067S12	SES172	-1.52468	6.14351	7.66819
BLOCK06/SES067/SA067S12	SES202	-1.19762	6.47057	7.66819
BLOCK06/SES067/SA067S12	SES292	-2.04406	5.62413	7.66819
BLOCK06/SES067/SA067S14	SES085	-1.67641	6.60289	8.2793
BLOCK06/SES067/SA067S14	SES177	-1.62314	6.65616	8.2793
BLOCK06/SES067/SA067S14	SES183	-0.0165586	8.26274	8.2793
BLOCK06/SES067/SA067S14	SES202	-0.991828	7.28747	8.2793
BLOCK06/SES067/SA067S21	SES144	-0.70053	6.16707	6.8676
BLOCK06/SES067/SA067S21	SES177	-0.864324	6.00327	6.8676
BLOCK06/SES067/SA067S21	SES183	-0.862769	6.00483	6.8676
BLOCK06/SES067/SA067S21	SES189	-1.15171	5.71588	6.8676
BLOCK06/SES067/SA067S25	SES085	-0.77871	5.8244	6.60311
BLOCK06/SES067/SA067S25	SES177	-1.53785	5.06526	6.60311
BLOCK06/SES067/SA067S25	SES183	-0.354527	6.24858	6.60311
BLOCK06/SES067/SA067S25	SES202	-1.92447	4.67864	6.60311
BLOCK06/SES067/SA067S29	SES085	-2.06903	5.10663	7.17566
BLOCK06/SES067/SA067S29	SES177	-1.37727	5.79839	7.17566
BLOCK06/SES067/SA067S29	SES183	-0.515564	6.6601	7.17566
BLOCK06/SES067/SA067S29	SES202	-0.143261	7.0324	7.17566
BLOCK06/SES069/SA069S12	SES029	-2.52336	3.36931	5.89267
BLOCK06/SES069/SA069S12	SES082	-0.715916	5.17676	5.89267
BLOCK06/SES069/SA069S12	SES087	-1.57426	4.31841	5.89267
BLOCK06/SES069/SA069S12	SES206	-1.09568	4.797	5.89267
BLOCK06/SES069/SA069S13	SES029	-2.66176	3.22305	5.88482
BLOCK06/SES069/SA069S13	SES087	-0.675818	5.209	5.88482
BLOCK06/SES069/SA069S13	SES206	-0.582883	5.30193	5.88482
BLOCK06/SES069/SA069S13	SES226	-0.125847	5.75897	5.88482
BLOCK06/SES069/SA069S23	SES029	-1.68334	5.38544	7.06879
BLOCK06/SES069/SA069S23	SES087	-0.953252	6.11553	7.06879
BLOCK06/SES069/SA069S23	SES206	-1.59769	5.47109	7.06879
BLOCK06/SES069/SA069S23	SES226	-0.102783	6.966	7.06879
BLOCK06/SES069/SA069S25	SES087	-1.25906	6.22458	7.48364
BLOCK06/SES069/SA069S25	SES206	-2.30035	5.18329	7.48364
BLOCK06/SES069/SA069S25	SES226	-0.662435	6.8212	7.48364
BLOCK06/SES069/SA069S25	SES270	-2.30433	5.17931	7.48364
BLOCK06/SES069/SA069S27	SES087	-1.60024	4.32069	5.92094
BLOCK06/SES069/SA069S27	SES206	-0.777685	5.14325	5.92094
BLOCK06/SES069/SA069S27	SES226	0.199543	6.12048	5.92094
BLOCK06/SES069/SA069S27	SES270	-1.28914	4.6318	5.92094
BLOCK08/SES081/SA081S11	SES060	-1.45773	4.74108	6.1988
BLOCK08/SES081/SA081S11	SES062	-1.23902	4.95978	6.1988
BLOCK08/SES081/SA081S11	SES117	-3.10643	3.09238	6.1988
BLOCK08/SES081/SA081S11	SES162	-2.16378	4.03502	6.1988
BLOCK08/SES081/SA081S13	SES016	-0.786761	6.2928	7.07956
BLOCK08/SES081/SA081S13	SES060	-0.0645614	7.015	7.07956
BLOCK08/SES081/SA081S13	SES068	-0.854874	6.22469	7.07956
BLOCK08/SES081/SA081S13	SES129	-1.83516	5.2444	7.07956
BLOCK08/SES081/SA081S24	SES060	-0.462449	6.19627	6.65872
BLOCK08/SES081/SA081S24	SES068	-0.88256	5.77616	6.65872
BLOCK08/SES081/SA081S24	SES117	-2.80174	3.85698	6.65872
BLOCK08/SES081/SA081S24	SES275	-1.81564	4.84308	6.65872
BLOCK08/SES081/SA081S27	SES007	-0.986519	5.0685	6.05502
BLOCK08/SES081/SA081S27	SES060	-1.08078	4.97424	6.05502
BLOCK08/SES081/SA081S27	SES117	-1.36216	4.69286	6.05502
BLOCK08/SES081/SA081S27	SES275	-1.63908	4.41593	6.05502
BLOCK08/SES081/SA081S29	SES007	-1.17404	5.1235	6.29754
BLOCK08/SES081/SA081S29	SES060	-0.959259	5.33828	6.29754
BLOCK08/SES081/SA081S29	SES117	-1.85713	4.44041	6.29754
BLOCK08/SES081/SA081S29	SES275	-1.3984	4.89914	6.29754
BLOCK08/SES086/SA086S11	SES029	-2.71517	1.52527	4.24044
BLOCK08/SES086/SA086S11	SES082	-1.74701	2.49343	4.24044
BLOCK08/SES086/SA086S11	SES087	-0.726944	3.51349	4.24044
BLOCK08/SES086/SA086S11	SES206	-1.6816	2.55884	4.24044
BLOCK08/SES086/SA086S12	SES029	-1.77522	3.99351	5.76873
BLOCK08/SES086/SA086S12	SES082	-1.97261	3.79612	5.76873
BLOCK08/SES086/SA086S12	SES087	-0.426731	5.342	5.76873
BLOCK08/SES086/SA086S12	SES206	-1.12561	4.64312	5.76873
BLOCK08/SES086/SA086S20	SES029	-2.64346	4.10562	6.74908
BLOCK08/SES086/SA086S20	SES082	-1.53302	5.21606	6.74908
BLOCK08/SES086/SA086S20	SES087	0.546649	7.29573	6.74908
BLOCK08/SES086/SA086S20	SES206	-0.646146	6.10293	6.74908
BLOCK08/SES086/SA086S24	SES087	-0.416089	4.25266	4.66875
BLOCK08/SES086/SA086S24	SES104	-2.04588	2.62287	4.66875
BLOCK08/SES086/SA086S24	SES120	-2.27916	2.38959	4.66875
BLOCK08/SES086/SA086S24	SES206	-0.720965	3.94778	4.66875
BLOCK08/SES086/SA086S28	SES029	-2.45908	3.75106	6.21014
BLOCK08/SES086/SA086S28	SES082	-1.58465	4.62549	6.21014
BLOCK08/SES086/SA086S28	SES087	-0.781804	5.42833	6.21014
BLOCK08/SES086/SA086S28	SES206	-0.85905	5.35109	6.21014
BLOCK08/SES089/SA089S13	SES087	-1.57366	3.77907	5.35273
BLOCK08/SES089/SA089S13	SES206	-1.57386	3.77887	5.35273
BLOCK08/SES089/SA089S13	SES226	-1.23467	4.11806	5.35273
BLOCK08/SES089/SA089S13	SES270	-1.82778	3.52496	5.35273
BLOCK08/SES089/SA089S14	SES062	-1.80238	4.51584	6.31822
BLOCK08/SES089/SA089S14	SES087	-0.344269	5.97396	6.31822
BLOCK08/SES089/SA089S14	SES206	-1.2422	5.07603	6.31822
BLOCK08/SES089/SA089S14	SES226	-1.45753	4.8607	6.31822
BLOCK08/SES089/SA089S23	SES087	-1.43393	3.48851	4.92244
BLOCK08/SES089/SA089S23	SES206	-1.21603	3.70641	4.92244
BLOCK08/SES089/SA089S23	SES226	-1.72382	3.19862	4.92244
BLOCK08/SES089/SA089S23	SES270	-2.53741	2.38503	4.92244
BLOCK08/SES089/SA089S25	SES062	-1.74175	4.3164	6.05816
BLOCK08/SES089/SA089S25	SES087	-0.667734	5.39042	6.05816
BLOCK08/SES089/SA089S25	SES206	-2.57894	3.47922	6.05816
BLOCK08/SES089/SA089S25	SES226	-1.08251	4.97565	6.05816
BLOCK08/SES089/SA089S28	SES062	-1.31273	4.32893	5.64166
BLOCK08/SES089/SA089S28	SES087	-0.0814543	5.56021	5.64166
BLOCK08/SES089/SA089S28	SES206	-0.948191	4.69347	5.64166
BLOCK08/SES089/SA089S28	SES226	-0.775874	4.86579	5.64166
BLOCK09/SES097/SA097S11	SES099	0.860003	5.29404	4.43404
BLOCK09/SES097/SA097S11	SES125	-1.87155	2.56248	4.43404
BLOCK09/SES097/SA097S11	SES206	-0.596544	3.83749	4.43404
BLOCK09/SES097/SA097S11	SES226	0.0947657	4.5288	4.43404
BLOCK09/SES097/SA097S14	SES062	-1.67746	3.18726	4.86473
BLOCK09/SES097/SA097S14	SES099	-0.381389	4.48334	4.86473
BLOCK09/SES097/SA097S14	SES104	-0.717662	4.14707	4.86473
BLOCK09/SES097/SA097S14	SES206	-1.64502	3.2197	4.86473
BLOCK09/SES097/SA097S22	SES099	0.373527	4.94715	4.57362
BLOCK09/SES097/SA097S22	SES206	-1.32762	3.24601	4.57362
BLOCK09/SES097/SA097S22	SES226	-1.94415	2.62947	4.57362
BLOCK09/SES097/SA097S22	SES270	0.15415	4.72777	4.57362
BLOCK09/SES097/SA097S26	SES099	0.796326	4.9133	4.11698
BLOCK09/SES097/SA097S26	SES120	-0.706907	3.41007	4.11698
BLOCK09/SES097/SA097S26	SES206	-1.77476	2.34221	4.11698
BLOCK09/SES097/SA097S26	SES226	-1.33122	2.78575	4.11698
BLOCK09/SES097/SA097S28	SES099	-0.373063	5.30173	5.67479
BLOCK09/SES097/SA097S28	SES120	-1.52042	4.15438	5.67479
BLOCK09/SES097/SA097S28	SES206	-2.43189	3.2429	5.67479
BLOCK09/SES097/SA097S28	SES226	-1.99128	3.68352	5.67479
BLOCK09/SES098/SA098S11	SES127	-1.72324	4.60017	6.32342
BLOCK09/SES098/SA098S11	SES144	-1.72707	4.59634	6.32342
BLOCK09/SES098/SA098S11	SES147	-0.959371	5.36405	6.32342
BLOCK09/SES098/SA098S11	SES148	-3.83445	2.48896	6.32342
BLOCK09/SES098/SA098S12	SES127	-2.96174	1.4892	4.45093
BLOCK09/SES098/SA098S12	SES144	-2.61462	1.83631	4.45093
BLOCK09/SES098/SA098S12	SES147	-1.90969	2.54124	4.45093
BLOCK09/SES098/SA098S12	SES189	-2.74115	1.70978	4.45093
BLOCK09/SES098/SA098S20	SES127	-2.6687	3.17225	5.84095
BLOCK09/SES098/SA098S20	SES147	-2.70527	3.13568	5.84095
BLOCK09/SES098/SA098S20	SES148	-3.53565	2.30531	5.84095
BLOCK09/SES098/SA098S20	SES292	-2.07638	3.76457	5.84095
BLOCK09/SES098/SA098S23	SES127	-1.91052	3.68606	5.59659
BLOCK09/SES098/SA098S23	SES147	-1.69129	3.9053	5.59659
BLOCK09/SES098/SA098S23	SES187	-1.63413	3.96245	5.59659
BLOCK09/SES098/SA098S23	SES292	-1.34612	4.25046	5.59659
BLOCK09/SES098/SA098S27	SES127	-2.72245	2.89772	5.62017
BLOCK09/SES098/SA098S27	SES147	-2.7552	2.86497	5.62017
BLOCK09/SES098/SA098S27	SES148	-3.96441	1.65576	5.62017
BLOCK09/SES098/SA098S27	SES292	-0.907696	4.71247	5.62017
BLOCK10/SES102/SA102S13	SES101	-0.775211	4.94379	5.719
BLOCK10/SES102/SA102S13	SES105	-1.35288	4.36612	5.719
BLOCK10/SES102/SA102S13	SES120	-2.2305	3.4885	5.719
BLOCK10/SES102/SA102S13	SES158	-2.92225	2.79675	5.719
BLOCK10/SES102/SA102S14	SES007	-0.758451	6.80974	7.56819
BLOCK10/SES102/SA102S14	SES101	-0.372159	7.19603	7.56819
BLOCK10/SES102/SA102S14	SES105	-0.646996	6.92119	7.56819
BLOCK10/SES102/SA102S14	SES147	-2.849	4.71919	7.56819
BLOCK10/SES102/SA102S22	SES007	-1.93425	4.68589	6.62015
BLOCK10/SES102/SA102S22	SES101	-0.828054	5.79209	6.62015
BLOCK10/SES102/SA102S22	SES105	-0.951401	5.66875	6.62015
BLOCK10/SES102/SA102S22	SES158	-2.87887	3.74128	6.62015
BLOCK10/SES102/SA102S25	SES007	-0.839321	5.82989	6.66921
BLOCK10/SES102/SA102S25	SES101	0.102749	6.77196	6.66921
BLOCK10/SES102/SA102S25	SES105	-1.10321	5.566	6.66921
BLOCK10/SES102/SA102S25	SES147	-2.88909	3.78012	6.66921
BLOCK10/SES102/SA102S27	SES007	-1.34802	4.77083	6.11885
BLOCK10/SES102/SA102S27	SES101	-0.2002	5.91865	6.11885
BLOCK10/SES102/SA102S27	SES105	-1.65747	4.46138	6.11885
BLOCK10/SES102/SA102S27	SES147	-2.47099	3.64786	6.11885
BLOCK10/SES103/SA103S14	SES105	-2.85228	1.13114	3.98342
BLOCK10/SES103/SA103S14	SES106	-1.41423	2.56919	3.98342
BLOCK10/SES103/SA103S14	SES120	-1.73885	2.24457	3.98342
BLOCK10/SES103/SA103S14	SES206	-2.58158	1.40183	3.98342
BLOCK10/SES103/SA103S15	SES099	-1.58474	1.68518	3.26992
BLOCK10/SES103/SA103S15	SES101	-4.31858	-1.04866	3.26992
BLOCK10/SES103/SA103S15	SES104	-1.33236	1.93757	3.26992
BLOCK10/SES103/SA103S15	SES125	-1.84201	1.42792	3.26992
BLOCK10/SES103/SA103S24	SES104	-1.52271	2.65659	4.1793
BLOCK10/SES103/SA103S24	SES125	-1.78404	2.39526	4.1793
BLOCK10/SES103/SA103S24	SES148	-2.20898	1.97032	4.1793
BLOCK10/SES103/SA103S24	SES158	-1.44678	2.73253	4.1793
BLOCK10/SES103/SA103S26	SES104	-1.44779	3.1584	4.60618
BLOCK10/SES103/SA103S26	SES106	-0.573173	4.03301	4.60618
BLOCK10/SES103/SA103S26	SES125	-1.70948	2.89671	4.60618
BLOCK10/SES103/SA103S26	SES148	-2.61087	1.99531	4.60618
BLOCK10/SES103/SA103S28	SES104	-1.3085	2.6451	3.95359
BLOCK10/SES103/SA103S28	SES106	-0.431046	3.52255	3.95359
BLOCK10/SES103/SA103S28	SES125	-1.30373	2.64987	3.95359
BLOCK10/SES103/SA103S28	SES206	-2.88568	1.06792	3.95359
BLOCK12/SES121/SA121S12	SES042	-2.37432	1.74257	4.11689
BLOCK12/SES121/SA121S12	SES087	-1.77327	2.34362	4.11689
BLOCK12/SES121/SA121S12	SES105	-1.94691	2.16998	4.11689
BLOCK12/SES121/SA121S12	SES206	-1.5947	2.52218	4.11689
BLOCK12/SES121/SA121S14	SES007	-2.00831	0.82527	2.83358
BLOCK12/SES121/SA121S14	SES105	-3.32487	-0.491287	2.83358
BLOCK12/SES121/SA121S14	SES106	-2.04065	0.792936	2.83358
BLOCK12/SES121/SA121S14	SES206	-2.16882	0.66476	2.83358
BLOCK12/SES121/SA121S23	SES105	-3.00194	-0.0550174	2.94692
BLOCK12/SES121/SA121S23	SES106	-0.650999	2.29592	2.94692
BLOCK12/SES121/SA121S23	SES120	-1.7734	1.17352	2.94692
BLOCK12/SES121/SA121S23	SES206	-0.203466	2.74345	2.94692
BLOCK12/SES121/SA121S25	SES007	-2.2253	0.431454	2.65676
BLOCK12/SES121/SA121S25	SES105	-3.84901	-1.19225	2.65676
BLOCK12/SES121/SA121S25	SES106	-2.14637	0.510386	2.65676
BLOCK12/SES121/SA121S25	SES206	-2.14396	0.512801	2.65676
BLOCK12/SES121/SA121S27	SES087	-0.988452	3.23888	4.22733
BLOCK12/SES121/SA121S27	SES105	-5.44208	-1.21475	4.22733
BLOCK12/SES121/SA121S27	SES120	-1.27799	2.94934	4.22733
BLOCK12/SES121/SA121S27	SES206	-0.704746	3.52259	4.22733
BLOCK12/SES124/SA124S16	SES042	-0.404258	5.54188	5.94614
BLOCK12/SES124/SA124S16	SES082	-0.890832	5.05531	5.94614
BLOCK12/SES124/SA124S16	SES183	-2.94916	2.99698	5.94614
BLOCK12/SES124/SA124S16	SES206	-1.74462	4.20152	5.94614
BLOCK12/SES124/SA124S17	SES105	-2.61861	2.28148	4.90009
BLOCK12/SES124/SA124S17	SES149	-2.83352	2.06658	4.90009
BLOCK12/SES124/SA124S17	SES158	-3.39086	1.50923	4.90009
BLOCK12/SES124/SA124S17	SES275	-1.43884	3.46126	4.90009
BLOCK12/SES124/SA124S23	SES105	-3.23306	4.38702	7.62007
BLOCK12/SES124/SA124S23	SES125	-0.235239	7.38484	7.62007
BLOCK12/SES124/SA124S23	SES129	-3.48074	4.13933	7.62007
BLOCK12/SES124/SA124S23	SES158	-0.807284	6.81279	7.62007
BLOCK12/SES124/SA124S26	SES105	-3.82107	2.32151	6.14258
BLOCK12/SES124/SA124S26	SES125	-0.811132	5.33144	6.14258
BLOCK12/SES124/SA124S26	SES129	-3.99092	2.15166	6.14258
BLOCK12/SES124/SA124S26	SES158	-2.16934	3.97324	6.14258
BLOCK12/SES124/SA124S28	SES104	-0.441718	5.73021	6.17193
BLOCK12/SES124/SA124S28	SES106	-1.17816	4.99377	6.17193
BLOCK12/SES124/SA124S28	SES125	-0.380667	5.79126	6.17193
BLOCK12/SES124/SA124S28	SES275	-1.91901	4.25292	6.17193
BLOCK12/SES126/SA126S13	SES007	-1.02079	4.94502	5.96581
BLOCK12/SES126/SA126S13	SES162	-1.62574	4.34007	5.96581
BLOCK12/SES126/SA126S13	SES177	-0.850825	5.11499	5.96581
BLOCK12/SES126/SA126S13	SES180	-1.88173	4.08408	5.96581
BLOCK12/SES126/SA126S14	SES144	-0.616479	6.47213	7.08861
BLOCK12/SES126/SA126S14	SES148	-1.98639	5.10222	7.08861
BLOCK12/SES126/SA126S14	SES177	-0.604404	6.4842	7.08861
BLOCK12/SES126/SA126S14	SES180	-2.40866	4.67995	7.08861
BLOCK12/SES126/SA126S20	SES007	-0.974887	6.05626	7.03115
BLOCK12/SES126/SA126S20	SES162	-1.70556	5.32559	7.03115
BLOCK12/SES126/SA126S20	SES172	-1.87716	5.15399	7.03115
BLOCK12/SES126/SA126S20	SES180	-2.4705	4.56065	7.03115
BLOCK12/SES126/SA126S24	SES120	-0.37914	6.4846	6.86374
BLOCK12/SES126/SA126S24	SES162	-1.56535	5.29839	6.86374
BLOCK12/SES126/SA126S24	SES177	-0.691387	6.17236	6.86374
BLOCK12/SES126/SA126S24	SES180	-1.27465	5.5891	6.86374
BLOCK12/SES126/SA126S26	SES120	-0.437613	5.24812	5.68573
BLOCK12/SES126/SA126S26	SES177	-0.836999	4.84873	5.68573
BLOCK12/SES126/SA126S26	SES180	-1.57706	4.10867	5.68573
BLOCK12/SES126/SA126S26	SES202	-2.01134	3.67439	5.68573
BLOCK12/SES128/SA128S10	SES087	-2.52015	2.01132	4.53147
BLOCK12/SES128/SA128S10	SES206	-1.5287	3.00277	4.53147
BLOCK12/SES128/SA128S10	SES226	-0.494541	4.03693	4.53147
BLOCK12/SES128/SA128S10	SES270	-0.303531	4.22794	4.53147
BLOCK12/SES128/SA128S12	SES120	-1.30498	3.9242	5.22918
BLOCK12/SES128/SA128S12	SES158	-1.72659	3.50259	5.22918
BLOCK12/SES128/SA128S12	SES206	-1.34709	3.88209	5.22918
BLOCK12/SES128/SA128S12	SES226	-1.79517	3.43401	5.22918
BLOCK12/SES128/SA128S21	SES106	-0.846767	3.07878	3.92555
BLOCK12/SES128/SA128S21	SES120	-0.858884	3.06667	3.92555
BLOCK12/SES128/SA128S21	SES206	-0.657686	3.26787	3.92555
BLOCK12/SES128/SA128S21	SES226	0.244564	4.17012	3.92555
BLOCK12/SES128/SA128S24	SES087	-1.40848	3.7891	5.19758
BLOCK12/SES128/SA128S24	SES120	-1.51047	3.68711	5.19758
BLOCK12/SES128/SA128S24	SES206	-0.737837	4.45974	5.19758
BLOCK12/SES128/SA128S24	SES226	-1.515	3.68258	5.19758
BLOCK12/SES128/SA128S27	SES099	-0.304173	5.74362	6.04779
BLOCK12/SES128/SA128S27	SES120	-0.856887	5.1909	6.04779
BLOCK12/SES128/SA128S27	SES206	-0.909915	5.13788	6.04779
BLOCK12/SES128/SA128S27	SES226	-1.09923	4.94856	6.04779
BLOCK13/SES130/SA130S13	SES143	-0.779023	4.07346	4.85249
BLOCK13/SES130/SA130S13	SES144	-0.659181	4.19331	4.85249
BLOCK13/SES130/SA130S13	SES146	-1.89391	2.95857	4.85249
BLOCK13/SES130/SA130S13	SES275	-2.49022	2.36227	4.85249
BLOCK13/SES130/SA130S15	SES143	-1.72953	5.19859	6.92813
BLOCK13/SES130/SA130S15	SES144	0.0615716	6.9897	6.92813
BLOCK13/SES130/SA130S15	SES146	-1.04886	5.87927	6.92813
BLOCK13/SES130/SA130S15	SES275	-1.09385	5.83428	6.92813
BLOCK13/SES130/SA130S23	SES127	-1.67599	3.66575	5.34174
BLOCK13/SES130/SA130S23	SES144	-1.23032	4.11142	5.34174
BLOCK13/SES130/SA130S23	SES146	-1.68531	3.65644	5.34174
BLOCK13/SES130/SA130S23	SES162	-0.85865	4.48309	5.34174
BLOCK13/SES130/SA130S25	SES127	-1.00315	5.0794	6.08255
BLOCK13/SES130/SA130S25	SES144	-0.35578	5.72677	6.08255
BLOCK13/SES130/SA130S25	SES146	-1.71833	4.36422	6.08255
BLOCK13/SES130/SA130S25	SES275	-1.01934	5.06321	6.08255
BLOCK13/SES130/SA130S28	SES127	-1.12842	4.57153	5.69995
BLOCK13/SES130/SA130S28	SES144	-1.08611	4.61384	5.69995
BLOCK13/SES130/SA130S28	SES146	-0.925401	4.77455	5.69995
BLOCK13/SES130/SA130S28	SES275	-0.612626	5.08733	5.69995
BLOCK13/SES131/SA131S13	SES002	-1.73412	1.646	3.38012
BLOCK13/SES131/SA131S13	SES007	-1.91294	1.46718	3.38012
BLOCK13/SES131/SA131S13	SES099	-0.77969	2.60043	3.38012
BLOCK13/SES131/SA131S13	SES105	-2.2046	1.17552	3.38012
BLOCK13/SES131/SA131S14	SES104	-0.750627	5.3059	6.05653
BLOCK13/SES131/SA131S14	SES106	-1.34216	4.71437	6.05653
BLOCK13/SES131/SA131S14	SES125	-1.73996	4.31657	6.05653
BLOCK13/SES131/SA131S14	SES148	-0.856534	5.19999	6.05653
BLOCK13/SES131/SA131S20	SES104	-1.68228	2.23112	3.9134
BLOCK13/SES131/SA131S20	SES106	-1.0458	2.86759	3.9134
BLOCK13/SES131/SA131S20	SES125	-2.29635	1.61705	3.9134
BLOCK13/SES131/SA131S20	SES148	-2.09112	1.82228	3.9134
BLOCK13/SES131/SA131S22	SES099	-0.690426	5.0258	5.71623
BLOCK13/SES131/SA131S22	SES104	-1.11786	4.59837	5.71623
BLOCK13/SES131/SA131S22	SES125	-2.31966	3.39657	5.71623
BLOCK13/SES131/SA131S22	SES206	-1.74248	3.97375	5.71623
BLOCK13/SES131/SA131S29	SES087	-1.55983	2.75861	4.31844
BLOCK13/SES131/SA131S29	SES104	-2.45674	1.8617	4.31844
BLOCK13/SES131/SA131S29	SES125	-2.4855	1.83294	4.31844
BLOCK13/SES131/SA131S29	SES206	-1.42968	2.88876	4.31844
BLOCK13/SES132/SA132S11	SES083	-2.16015	4.27954	6.43968
BLOCK13/SES132/SA132S11	SES120	0.0642676	6.50395	6.43968
BLOCK13/SES132/SA132S11	SES127	-1.99468	4.445	6.43968
BLOCK13/SES132/SA132S11	SES275	-1.33535	5.10433	6.43968
BLOCK13/SES132/SA132S12	SES083	-2.04643	5.33462	7.38104
BLOCK13/SES132/SA132S12	SES143	-1.85176	5.52929	7.38104
BLOCK13/SES132/SA132S12	SES144	-1.0341	6.34694	7.38104
BLOCK13/SES132/SA132S12	SES148	-0.769632	6.61141	7.38104
BLOCK13/SES132/SA132S22	SES062	-0.906744	4.86954	5.77628
BLOCK13/SES132/SA132S22	SES083	-2.65165	3.12463	5.77628
BLOCK13/SES132/SA132S22	SES127	-1.79524	3.98103	5.77628
BLOCK13/SES132/SA132S22	SES275	-0.747992	5.02829	5.77628
BLOCK13/SES132/SA132S24	SES007	-0.848097	6.64592	7.49402
BLOCK13/SES132/SA132S24	SES083	-2.44757	5.04644	7.49402
BLOCK13/SES132/SA132S24	SES127	-2.53091	4.9631	7.49402
BLOCK13/SES132/SA132S24	SES275	-0.881932	6.61209	7.49402
BLOCK13/SES132/SA132S27	SES083	-2.7691	2.44448	5.21359
BLOCK13/SES132/SA132S27	SES120	-0.112806	5.10078	5.21359
BLOCK13/SES132/SA132S27	SES127	-2.28296	2.93063	5.21359
BLOCK13/SES132/SA132S27	SES275	-1.91902	3.29457	5.21359
BLOCK14/SES141/SA141S09	SES143	-1.86072	5.4121	7.27282
BLOCK14/SES141/SA141S09	SES144	-1.23116	6.04167	7.27282
BLOCK14/SES141/SA141S09	SES162	-1.36272	5.9101	7.27282
BLOCK14/SES141/SA141S09	SES180	-1.85962	5.4132	7.27282
BLOCK14/SES141/SA141S15	SES127	-1.37159	5.52148	6.89307
BLOCK14/SES141/SA141S15	SES144	-1.58508	5.30799	6.89307
BLOCK14/SES141/SA141S15	SES162	-2.06339	4.82968	6.89307
BLOCK14/SES141/SA141S15	SES180	-1.61415	5.27892	6.89307
BLOCK14/SES141/SA141S24	SES127	-1.32731	5.70681	7.03413
BLOCK14/SES141/SA141S24	SES144	-1.58917	5.44496	7.03413
BLOCK14/SES141/SA141S24	SES162	-1.51182	5.52231	7.03413
BLOCK14/SES141/SA141S24	SES183	-2.09663	4.93749	7.03413
BLOCK14/SES141/SA141S26	SES142	-1.05621	4.94097	5.99719
BLOCK14/SES141/SA141S26	SES144	-1.8423	4.15489	5.99719
BLOCK14/SES141/SA141S26	SES172	-0.593044	5.40414	5.99719
BLOCK14/SES141/SA141S26	SES180	-1.46898	4.5282	5.99719
BLOCK14/SES141/SA141S29	SES127	-0.668225	6.24091	6.90913
BLOCK14/SES141/SA141S29	SES142	-0.63629	6.27284	6.90913
BLOCK14/SES141/SA141S29	SES144	-1.41323	5.4959	6.90913
BLOCK14/SES141/SA141S29	SES180	-1.55814	5.35099	6.90913
BLOCK15/SES157/SA157S08	SES083	-1.98658	4.79716	6.78373
BLOCK15/SES157/SA157S08	SES127	-1.80151	4.98222	6.78373
BLOCK15/SES157/SA157S08	SES148	-1.30118	5.48255	6.78373
BLOCK15/SES157/SA157S08	SES292	-2.64411	4.13963	6.78373
BLOCK15/SES157/SA157S11	SES083	-1.89862	4.61872	6.51734
BLOCK15/SES157/SA157S11	SES127	-1.41388	5.10346	6.51734
BLOCK15/SES157/SA157S11	SES148	-1.59308	4.92426	6.51734
BLOCK15/SES157/SA157S11	SES292	-2.17012	4.34722	6.51734
BLOCK15/SES157/SA157S21	SES127	-0.911928	5.84237	6.7543
BLOCK15/SES157/SA157S21	SES148	-0.845738	5.90856	6.7543
BLOCK15/SES157/SA157S21	SES158	-5.84994	0.904361	6.7543
BLOCK15/SES157/SA157S21	SES292	-2.33318	4.42112	6.7543
BLOCK15/SES157/SA157S24	SES127	-1.15742	5.73151	6.88893
BLOCK15/SES157/SA157S24	SES148	-1.25684	5.63209	6.88893
BLOCK15/SES157/SA157S24	SES183	-1.88903	4.99991	6.88893
BLOCK15/SES157/SA157S24	SES292	-2.25489	4.63404	6.88893
BLOCK15/SES157/SA157S26	SES007	-1.38586	5.78991	7.17577
BLOCK15/SES157/SA157S26	SES127	-0.89103	6.28474	7.17577
BLOCK15/SES157/SA157S26	SES147	-1.91488	5.26089	7.17577
BLOCK15/SES157/SA157S26	SES148	-1.14443	6.03134	7.17577
BLOCK16/SES161/SA161S10	SES007	-1.25236	3.76732	5.01968
BLOCK16/SES161/SA161S10	SES105	-1.70232	3.31736	5.01968
BLOCK16/SES161/SA161S10	SES158	-2.39923	2.62045	5.01968
BLOCK16/SES161/SA161S10	SES275	-1.49414	3.52554	5.01968
BLOCK16/SES161/SA161S12	SES007	-2.09926	3.11762	5.21688
BLOCK16/SES161/SA161S12	SES105	-2.5681	2.64878	5.21688
BLOCK16/SES161/SA161S12	SES158	-1.91153	3.30535	5.21688
BLOCK16/SES161/SA161S12	SES275	-1.12082	4.09606	5.21688
BLOCK16/SES161/SA161S20	SES007	-1.55261	2.35692	3.90952
BLOCK16/SES161/SA161S20	SES105	-2.93935	0.970176	3.90952
BLOCK16/SES161/SA161S20	SES158	-1.50509	2.40444	3.90952
BLOCK16/SES161/SA161S20	SES275	-1.66001	2.24951	3.90952
BLOCK16/SES161/SA161S23	SES007	-2.31943	3.3433	5.66273
BLOCK16/SES161/SA161S23	SES105	-1.67638	3.98635	5.66273
BLOCK16/SES161/SA161S23	SES148	-2.28831	3.37442	5.66273
BLOCK16/SES161/SA161S23	SES158	-2.67342	2.9893	5.66273
BLOCK16/SES161/SA161S28	SES007	-2.90395	2.64985	5.5538
BLOCK16/SES161/SA161S28	SES105	-3.97723	1.57657	5.5538
BLOCK16/SES161/SA161S28	SES158	-1.46738	4.08643	5.5538
BLOCK16/SES161/SA161S28	SES206	-1.55001	4.00379	5.5538
BLOCK16/SES164/SA164S11	SES104	-1.21653	2.99729	4.21382
BLOCK16/SES164/SA164S11	SES125	-1.48967	2.72415	4.21382
BLOCK16/SES164/SA164S11	SES158	0.54688	4.7607	4.21382
BLOCK16/SES164/SA164S11	SES206	-1.94675	2.26706	4.21382
BLOCK16/SES164/SA164S13	SES099	-1.34715	2.24186	3.58901
BLOCK16/SES164/SA164S13	SES104	-0.58962	2.99939	3.58901
BLOCK16/SES164/SA164S13	SES125	-1.3463	2.24271	3.58901
BLOCK16/SES164/SA164S13	SES206	-1.60539	1.98362	3.58901
BLOCK16/SES164/SA164S24	SES002	0.708426	4.37694	3.66851
BLOCK16/SES164/SA164S24	SES099	-0.847637	2.82087	3.66851
BLOCK16/SES164/SA164S24	SES125	-2.73284	0.935673	3.66851
BLOCK16/SES164/SA164S24	SES226	-0.113406	3.5551	3.66851
BLOCK16/SES164/SA164S27	SES087	-2.02654	1.16992	3.19646
BLOCK16/SES164/SA164S27	SES125	-1.27045	1.92601	3.19646
BLOCK16/SES164/SA164S27	SES206	-2.33676	0.859701	3.19646
BLOCK16/SES164/SA164S27	SES226	-0.41219	2.78427	3.19646
BLOCK16/SES164/SA164S29	SES002	0.640137	3.98491	3.34477
BLOCK16/SES164/SA164S29	SES019	-1.438	1.90676	3.34477
BLOCK16/SES164/SA164S29	SES125	-2.10175	1.24302	3.34477
BLOCK16/SES164/SA164S29	SES226	-1.17783	2.16694	3.34477
BLOCK16/SES169/SA169S13	SES117	-1.25243	5.06839	6.32082
BLOCK16/SES169/SA169S13	SES144	-1.21656	5.10426	6.32082
BLOCK16/SES169/SA169S13	SES146	-1.52157	4.79924	6.32082
BLOCK16/SES169/SA169S13	SES162	-1.17204	5.14878	6.32082
BLOCK16/SES169/SA169S14	SES144	-1.64094	6.35902	7.99996
BLOCK16/SES169/SA169S14	SES148	-2.11519	5.88476	7.99996
BLOCK16/SES169/SA169S14	SES177	-0.717968	7.28199	7.99996
BLOCK16/SES169/SA169S14	SES180	-2.22334	5.77662	7.99996
BLOCK16/SES169/SA169S24	SES117	-2.28777	3.04946	5.33722
BLOCK16/SES169/SA169S24	SES144	-1.64645	3.69078	5.33722
BLOCK16/SES169/SA169S24	SES146	-1.62997	3.70726	5.33722
BLOCK16/SES169/SA169S24	SES162	-1.90179	3.43544	5.33722
BLOCK16/SES169/SA169S27	SES127	-1.76999	4.22253	5.99252
BLOCK16/SES169/SA169S27	SES129	-1.48177	4.51075	5.99252
BLOCK16/SES169/SA169S27	SES144	-2.40119	3.59133	5.99252
BLOCK16/SES169/SA169S27	SES146	-0.194884	5.79764	5.99252
BLOCK16/SES169/SA169S29	SES144	-0.518011	7.04071	7.55873
BLOCK16/SES169/SA169S29	SES162	-0.63226	6.92647	7.55873
BLOCK16/SES169/SA169S29	SES177	-1.29009	6.26864	7.55873
BLOCK16/SES169/SA169S29	SES180	-0.993968	6.56476	7.55873
BLOCK17/SES171/SA171S12	SES083	-1.50843	3.25578	4.76421
BLOCK17/SES171/SA171S12	SES148	-1.95393	2.81027	4.76421
BLOCK17/SES171/SA171S12	SES172	-1.26169	3.50252	4.76421
BLOCK17/SES171/SA171S12	SES292	-3.58407	1.18013	4.76421
BLOCK17/SES171/SA171S15	SES148	-1.52328	3.96275	5.48603
BLOCK17/SES171/SA171S15	SES177	-1.13256	4.35347	5.48603
BLOCK17/SES171/SA171S15	SES180	-2.43455	3.05148	5.48603
BLOCK17/SES171/SA171S15	SES292	-1.94798	3.53805	5.48603
BLOCK17/SES171/SA171S22	SES007	-1.9022	5.58695	7.48915
BLOCK17/SES171/SA171S22	SES148	-1.79976	5.6894	7.48915
BLOCK17/SES171/SA171S22	SES177	-0.962371	6.52678	7.48915
BLOCK17/SES171/SA171S22	SES180	-2.8163	4.67285	7.48915
BLOCK17/SES171/SA171S25	SES101	-1.59891	4.07116	5.67007
BLOCK17/SES171/SA171S25	SES120	-3.4772	2.19288	5.67007
BLOCK17/SES171/SA171S25	SES177	-1.9587	3.71137	5.67007
BLOCK17/SES171/SA171S25	SES180	-2.60408	3.066	5.67007
BLOCK17/SES171/SA171S27	SES177	-0.597149	4.9155	5.51265
BLOCK17/SES171/SA171S27	SES180	-2.05891	3.45374	5.51265
BLOCK17/SES171/SA171S27	SES189	0.102723	5.61537	5.51265
BLOCK17/SES171/SA171S27	SES292	-2.28728	3.22537	5.51265
BLOCK17/SES173/SA173S13	SES162	-3.32242	2.79995	6.12237
BLOCK17/SES173/SA173S13	SES177	-1.70122	4.42115	6.12237
BLOCK17/SES173/SA173S13	SES180	-3.65998	2.46239	6.12237
BLOCK17/SES173/SA173S13	SES292	-0.734057	5.38831	6.12237
BLOCK17/SES173/SA173S14	SES007	-1.23887	5.50278	6.74165
BLOCK17/SES173/SA173S14	SES162	-3.54493	3.19673	6.74165
BLOCK17/SES173/SA173S14	SES177	-1.46018	5.28148	6.74165
BLOCK17/SES173/SA173S14	SES180	-3.99301	2.74865	6.74165
BLOCK17/SES173/SA173S24	SES144	-2.79455	2.93939	5.73395
BLOCK17/SES173/SA173S24	SES162	-3.7476	1.98634	5.73395
BLOCK17/SES173/SA173S24	SES177	-1.31317	4.42077	5.73395
BLOCK17/SES173/SA173S24	SES180	-3.61542	2.11853	5.73395
BLOCK17/SES173/SA173S27	SES162	-3.47544	3.122	6.59744
BLOCK17/SES173/SA173S27	SES177	-2.09308	4.50436	6.59744
BLOCK17/SES173/SA173S27	SES180	-2.51937	4.07807	6.59744
BLOCK17/SES173/SA173S27	SES292	-0.694521	5.90292	6.59744
BLOCK17/SES173/SA173S29	SES162	-3.00224	2.76775	5.76999
BLOCK17/SES173/SA173S29	SES175	-1.04317	4.72682	5.76999
BLOCK17/SES173/SA173S29	SES177	-0.855939	4.91405	5.76999
BLOCK17/SES173/SA173S29	SES292	-2.08031	3.68967	5.76999
BLOCK18/SES182/SA182S10	SES144	-1.65757	4.08096	5.73853
BLOCK18/SES182/SA182S10	SES177	-1.52757	4.21096	5.73853
BLOCK18/SES182/SA182S10	SES180	-2.74711	2.99142	5.73853
BLOCK18/SES182/SA182S10	SES275	-1.03729	4.70124	5.73853
BLOCK18/SES182/SA182S12	SES144	-0.143719	7.11646	7.26018
BLOCK18/SES182/SA182S12	SES177	-0.85615	6.40403	7.26018
BLOCK18/SES182/SA182S12	SES180	-1.51735	5.74283	7.26018
BLOCK18/SES182/SA182S12	SES275	-0.565129	6.69505	7.26018
BLOCK18/SES182/SA182S21	SES117	-1.77716	3.43118	5.20834
BLOCK18/SES182/SA182S21	SES144	-1.35322	3.85511	5.20834
BLOCK18/SES182/SA182S21	SES162	-1.33422	3.87412	5.20834
BLOCK18/SES182/SA182S21	SES180	-3.14455	2.06379	5.20834
BLOCK18/SES182/SA182S23	SES117	-1.86437	3.24724	5.11161
BLOCK18/SES182/SA182S23	SES144	-1.96599	3.14562	5.11161
BLOCK18/SES182/SA182S23	SES180	-2.03877	3.07284	5.11161
BLOCK18/SES182/SA182S23	SES275	0.308368	5.41998	5.11161
BLOCK18/SES182/SA182S25	SES007	-0.388693	4.3757	4.7644
BLOCK18/SES182/SA182S25	SES162	-0.413097	4.3513	4.7644
BLOCK18/SES182/SA182S25	SES177	-0.74431	4.02009	4.7644
BLOCK18/SES182/SA182S25	SES180	-2.05416	2.71023	4.7644
BLOCK18/SES184/SA184S12	SES177	-3.04701	2.93537	5.98239
BLOCK18/SES184/SA184S12	SES180	-1.65046	4.33193	5.98239
BLOCK18/SES184/SA184S12	SES189	-1.63408	4.34831	5.98239
BLOCK18/SES184/SA184S12	SES292	-1.27445	4.70794	5.98239
BLOCK18/SES184/SA184S13	SES101	-1.72372	4.23875	5.96248
BLOCK18/SES184/SA184S13	SES177	-1.43717	4.52531	5.96248
BLOCK18/SES184/SA184S13	SES180	-1.94632	4.01616	5.96248
BLOCK18/SES184/SA184S13	SES292	-2.09937	3.86311	5.96248
BLOCK18/SES184/SA184S22	SES177	-2.46622	3.28179	5.74802
BLOCK18/SES184/SA184S22	SES180	-1.13086	4.61715	5.74802
BLOCK18/SES184/SA184S22	SES189	-2.03703	3.71098	5.74802
BLOCK18/SES184/SA184S22	SES292	-2.36002	3.388	5.74802
BLOCK18/SES184/SA184S25	SES101	-1.09925	5.64237	6.74162
BLOCK18/SES184/SA184S25	SES177	-2.42257	4.31904	6.74162
BLOCK18/SES184/SA184S25	SES180	-1.42264	5.31897	6.74162
BLOCK18/SES184/SA184S25	SES292	-1.85439	4.88723	6.74162
BLOCK18/SES184/SA184S27	SES083	-1.25788	4.75557	6.01345
BLOCK18/SES184/SA184S27	SES177	-1.06259	4.95086	6.01345
BLOCK18/SES184/SA184S27	SES202	-1.76067	4.25279	6.01345
BLOCK18/SES184/SA184S27	SES292	-1.15455	4.8589	6.01345
BLOCK20/SES204/SA204S12	SES062	-0.891382	6.1677	7.05908
BLOCK20/SES204/SA204S12	SES083	-3.25939	3.79969	7.05908
BLOCK20/SES204/SA204S12	SES206	-0.971435	6.08765	7.05908
BLOCK20/SES204/SA204S12	SES226	-2.67714	4.38194	7.05908
BLOCK20/SES204/SA204S14	SES068	-0.625109	7.26436	7.88947
BLOCK20/SES204/SA204S14	SES087	-0.435703	7.45377	7.88947
BLOCK20/SES204/SA204S14	SES206	-1.53999	6.34948	7.88947
BLOCK20/SES204/SA204S14	SES226	-2.39944	5.49003	7.88947
BLOCK20/SES204/SA204S22	SES068	-0.883717	5.85067	6.73439
BLOCK20/SES204/SA204S22	SES082	-2.9206	3.81378	6.73439
BLOCK20/SES204/SA204S22	SES083	-3.06749	3.6669	6.73439
BLOCK20/SES204/SA204S22	SES206	-1.26697	5.46741	6.73439
BLOCK20/SES204/SA204S25	SES062	-0.883284	6.29058	7.17386
BLOCK20/SES204/SA204S25	SES083	-2.88125	4.29261	7.17386
BLOCK20/SES204/SA204S25	SES206	-1.14932	6.02454	7.17386
BLOCK20/SES204/SA204S25	SES226	-2.29039	4.88347	7.17386
BLOCK20/SES204/SA204S27	SES068	-1.10486	5.09669	6.20156
BLOCK20/SES204/SA204S27	SES082	-2.16928	4.03228	6.20156
BLOCK20/SES204/SA204S27	SES087	-1.12824	5.07331	6.20156
BLOCK20/SES204/SA204S27	SES206	-1.91744	4.28411	6.20156
BLOCK20/SES207/SA207S10	SES127	-1.64682	4.9004	6.54722
BLOCK20/SES207/SA207S10	SES183	-1.52798	5.01925	6.54722
BLOCK20/SES207/SA207S10	SES189	-1.62389	4.92333	6.54722
BLOCK20/SES207/SA207S10	SES292	-2.60631	3.94091	6.54722
BLOCK20/SES207/SA207S11	SES127	-1.85499	4.12655	5.98153
BLOCK20/SES207/SA207S11	SES183	-1.25296	4.72857	5.98153
BLOCK20/SES207/SA207S11	SES187	-1.71566	4.26588	5.98153
BLOCK20/SES207/SA207S11	SES292	-1.21723	4.76431	5.98153
BLOCK20/SES207/SA207S25	SES068	-1.4426	4.43469	5.87729
BLOCK20/SES207/SA207S25	SES083	-1.84165	4.03564	5.87729
BLOCK20/SES207/SA207S25	SES127	-1.49217	4.38512	5.87729
BLOCK20/SES207/SA207S25	SES187	-1.1911	4.68619	5.87729
BLOCK20/SES207/SA207S27	SES127	-1.54006	3.94401	5.48406
BLOCK20/SES207/SA207S27	SES183	-1.99431	3.48975	5.48406
BLOCK20/SES207/SA207S27	SES187	-1.50136	3.9827	5.48406
BLOCK20/SES207/SA207S27	SES292	-2.42783	3.05623	5.48406
BLOCK20/SES207/SA207S29	SES083	-1.79369	4.41692	6.21062
BLOCK20/SES207/SA207S29	SES085	-1.4423	4.76831	6.21062
BLOCK20/SES207/SA207S29	SES172	-0.637069	5.57355	6.21062
BLOCK20/SES207/SA207S29	SES189	-1.79619	4.41443	6.21062
BLOCK22/SES221/SA221S12	SES068	-0.17039	7.12004	7.29043
BLOCK22/SES221/SA221S12	SES143	-2.68874	4.60169	7.29043
BLOCK22/SES221/SA221S12	SES175	-2.03519	5.25524	7.29043
BLOCK22/SES221/SA221S12	SES202	-1.48015	5.81028	7.29043
BLOCK22/SES221/SA221S15	SES085	-1.22087	5.65216	6.87303
BLOCK22/SES221/SA221S15	SES143	-2.90132	3.97171	6.87303
BLOCK22/SES221/SA221S15	SES175	-1.43307	5.43995	6.87303
BLOCK22/SES221/SA221S15	SES187	-1.88152	4.9915	6.87303
BLOCK22/SES221/SA221S23	SES068	0.387525	7.21407	6.82655
BLOCK22/SES221/SA221S23	SES143	-2.2186	4.60795	6.82655
BLOCK22/SES221/SA221S23	SES175	-0.835002	5.99154	6.82655
BLOCK22/SES221/SA221S23	SES189	-1.80089	5.02565	6.82655
BLOCK22/SES221/SA221S27	SES085	-0.316613	5.97631	6.29292
BLOCK22/SES221/SA221S27	SES143	-2.1897	4.10322	6.29292
BLOCK22/SES221/SA221S27	SES175	-1.65728	4.63564	6.29292
BLOCK22/SES221/SA221S27	SES189	-0.849171	5.44375	6.29292
BLOCK22/SES221/SA221S29	SES085	-0.555098	6.5869	7.142
BLOCK22/SES221/SA221S29	SES143	-2.27569	4.86631	7.142
BLOCK22/SES221/SA221S29	SES175	-1.17643	5.96557	7.142
BLOCK22/SES221/SA221S29	SES187	-2.01044	5.13156	7.142
BLOCK22/SES223/SA223S11	SES143	-1.75214	4.17008	5.92222
BLOCK22/SES223/SA223S11	SES144	-3.22865	2.69357	5.92222
BLOCK22/SES223/SA223S11	SES175	-1.59794	4.32428	5.92222
BLOCK22/SES223/SA223S11	SES187	-2.353	3.56922	5.92222
BLOCK22/SES223/SA223S13	SES068	-0.432129	5.69873	6.13085
BLOCK22/SES223/SA223S13	SES143	-3.13453	2.99633	6.13085
BLOCK22/SES223/SA223S13	SES146	-3.48172	2.64913	6.13085
BLOCK22/SES223/SA223S13	SES202	-3.13407	2.99678	6.13085
BLOCK22/SES223/SA223S22	SES143	-2.07445	3.41896	5.49341
BLOCK22/SES223/SA223S22	SES144	-3.25637	2.23703	5.49341
BLOCK22/SES223/SA223S22	SES175	-1.71014	3.78327	5.49341
BLOCK22/SES223/SA223S22	SES187	-1.86592	3.62749	5.49341
BLOCK22/SES223/SA223S25	SES068	-0.541194	5.46558	6.00678
BLOCK22/SES223/SA223S25	SES143	-2.15402	3.85276	6.00678
BLOCK22/SES223/SA223S25	SES175	-1.2146	4.79217	6.00678
BLOCK22/SES223/SA223S25	SES187	-1.86515	4.14163	6.00678
BLOCK22/SES223/SA223S27	SES143	-1.67289	3.96447	5.63736
BLOCK22/SES223/SA223S27	SES146	-1.74245	3.89491	5.63736
BLOCK22/SES223/SA223S27	SES187	-2.51973	3.11763	5.63736
BLOCK22/SES223/SA223S27	SES292	-0.400431	5.23693	5.63736
BLOCK27/SES273/SA273S12	SES099	-0.210067	6.18373	6.3938
BLOCK27/SES273/SA273S12	SES104	-0.216875	6.17692	6.3938
BLOCK27/SES273/SA273S12	SES125	-1.70961	4.68419	6.3938
BLOCK27/SES273/SA273S12	SES206	-0.562311	5.83149	6.3938
BLOCK27/SES273/SA273S13	SES099	-0.603124	5.9088	6.51192
BLOCK27/SES273/SA273S13	SES104	-1.34734	5.16458	6.51192
BLOCK27/SES273/SA273S13	SES206	-1.2746	5.23732	6.51192
BLOCK27/SES273/SA273S13	SES292	-1.56273	4.9492	6.51192
BLOCK27/SES273/SA273S21	SES099	-0.844293	5.39172	6.23601
BLOCK27/SES273/SA273S21	SES148	-2.20002	4.03599	6.23601
BLOCK27/SES273/SA273S21	SES149	-1.81379	4.42222	6.23601
BLOCK27/SES273/SA273S21	SES177	-2.07479	4.16122	6.23601
BLOCK27/SES273/SA273S25	SES104	-1.36127	4.29913	5.66039
BLOCK27/SES273/SA273S25	SES125	-2.57777	3.08262	5.66039
BLOCK27/SES273/SA273S25	SES158	-0.65774	5.00265	5.66039
BLOCK27/SES273/SA273S25	SES206	-1.35878	4.30161	5.66039
BLOCK27/SES273/SA273S27	SES099	-0.249812	6.59303	6.84284
BLOCK27/SES273/SA273S27	SES104	-1.07288	5.76996	6.84284
BLOCK27/SES273/SA273S27	SES149	-1.51491	5.32793	6.84284
BLOCK27/SES273/SA273S27	SES275	-1.54482	5.29802	6.84284
BLOCK27/SES274/SA274S10	SES105	-2.45701	4.62918	7.08618
BLOCK27/SES274/SA274S10	SES125	-2.8522	4.23398	7.08618
BLOCK27/SES274/SA274S10	SES129	-0.666552	6.41963	7.08618
BLOCK27/SES274/SA274S10	SES158	-3.80258	3.2836	7.08618
BLOCK27/SES274/SA274S11	SES105	-1.79416	6.09789	7.89206
BLOCK27/SES274/SA274S11	SES149	-2.29827	5.59378	7.89206
BLOCK27/SES274/SA274S11	SES158	-2.0695	5.82256	7.89206
BLOCK27/SES274/SA274S11	SES275	-1.02439	6.86767	7.89206
BLOCK27/SES274/SA274S21	SES105	-2.68977	5.51693	8.2067
BLOCK27/SES274/SA274S21	SES129	-0.873078	7.33362	8.2067
BLOCK27/SES274/SA274S21	SES149	-2.36531	5.84138	8.2067
BLOCK27/SES274/SA274S21	SES158	-4.17064	4.03606	8.2067
BLOCK27/SES274/SA274S24	SES105	-2.40329	4.56499	6.96828
BLOCK27/SES274/SA274S24	SES129	-0.572622	6.39566	6.96828
BLOCK27/SES274/SA274S24	SES149	-3.55368	3.4146	6.96828
BLOCK27/SES274/SA274S24	SES158	-4.67858	2.2897	6.96828
BLOCK27/SES274/SA274S29	SES105	-1.97129	4.76531	6.7366
BLOCK27/SES274/SA274S29	SES106	-2.23826	4.49834	6.7366
BLOCK27/SES274/SA274S29	SES120	-1.54013	5.19646	6.7366
BLOCK27/SES274/SA274S29	SES275	-1.10493	5.63167	6.7366
BLOCK27/SES276/SA276S16	SES148	-1.33814	4.94033	6.27846
BLOCK27/SES276/SA276S16	SES172	-0.948547	5.32992	6.27846
BLOCK27/SES276/SA276S16	SES180	-2.69699	3.58147	6.27846
BLOCK27/SES276/SA276S16	SES292	-1.66421	4.61425	6.27846
BLOCK27/SES276/SA276S17	SES101	-1.2255	5.02427	6.24977
BLOCK27/SES276/SA276S17	SES177	-1.50549	4.74427	6.24977
BLOCK27/SES276/SA276S17	SES180	-1.86831	4.38146	6.24977
BLOCK27/SES276/SA276S17	SES292	-1.73576	4.514	6.24977
BLOCK27/SES276/SA276S24	SES101	-0.47843	6.52458	7.00301
BLOCK27/SES276/SA276S24	SES177	-1.25408	5.74893	7.00301
BLOCK27/SES276/SA276S24	SES180	-2.28857	4.71443	7.00301
BLOCK27/SES276/SA276S24	SES292	-2.08993	4.91307	7.00301
BLOCK27/SES276/SA276S26	SES101	-1.74926	5.66831	7.41757
BLOCK27/SES276/SA276S26	SES177	-1.1571	6.26047	7.41757
BLOCK27/SES276/SA276S26	SES180	-0.667487	6.75009	7.41757
BLOCK27/SES276/SA276S26	SES292	-0.735405	6.68217	7.41757
BLOCK27/SES276/SA276S28	SES101	-0.863859	6.25937	7.12323
BLOCK27/SES276/SA276S28	SES177	-1.18588	5.93735	7.12323
BLOCK27/SES276/SA276S28	SES180	-0.634542	6.48869	7.12323
BLOCK27/SES276/SA276S28	SES292	-0.915037	6.20819	7.12323
BLOCK27/SES277/SA277S12	SES101	-0.443594	4.1969	4.64049
BLOCK27/SES277/SA277S12	SES177	-1.33233	3.30817	4.64049
BLOCK27/SES277/SA277S12	SES180	-3.0753	1.56519	4.64049
BLOCK27/SES277/SA277S12	SES292	-3.67614	0.964355	4.64049
BLOCK27/SES277/SA277S14	SES177	-0.890591	3.25587	4.14646
BLOCK27/SES277/SA277S14	SES180	-2.48631	1.66015	4.14646
BLOCK27/SES277/SA277S14	SES189	-0.430463	3.716	4.14646
BLOCK27/SES277/SA277S14	SES292	-2.86126	1.2852	4.14646
BLOCK27/SES277/SA277S21	SES177	-1.05673	4.47489	5.53162
BLOCK27/SES277/SA277S21	SES180	-1.75075	3.78087	5.53162
BLOCK27/SES277/SA277S21	SES189	0.496273	6.02789	5.53162
BLOCK27/SES277/SA277S21	SES292	-2.62658	2.90504	5.53162
BLOCK27/SES277/SA277S24	SES144	-0.930893	2.02654	2.95744
BLOCK27/SES277/SA277S24	SES177	-0.937908	2.01953	2.95744
BLOCK27/SES277/SA277S24	SES180	-2.79409	0.163346	2.95744
BLOCK27/SES277/SA277S24	SES189	0.175576	3.13301	2.95744
BLOCK27/SES277/SA277S29	SES177	-1.49824	4.52261	6.02084
BLOCK27/SES277/SA277S29	SES180	-2.27559	3.74526	6.02084
BLOCK27/SES277/SA277S29	SES202	-1.92152	4.09932	6.02084
BLOCK27/SES277/SA277S29	SES292	-3.04194	2.9789	6.02084
BLOCK27/SES279/SA279S09	SES120	-1.14113	4.92602	6.06715
BLOCK27/SES279/SA279S09	SES146	-2.49413	3.57302	6.06715
BLOCK27/SES279/SA279S09	SES206	-1.78763	4.27953	6.06715
BLOCK27/SES279/SA279S09	SES226	-2.31828	3.74887	6.06715
BLOCK27/SES279/SA279S10	SES099	-0.564597	5.48678	6.05138
BLOCK27/SES279/SA279S10	SES206	-1.17637	4.87501	6.05138
BLOCK27/SES279/SA279S10	SES226	-2.25364	3.79774	6.05138
BLOCK27/SES279/SA279S10	SES292	-0.691809	5.35957	6.05138
BLOCK27/SES279/SA279S20	SES099	-1.61353	3.50894	5.12247
BLOCK27/SES279/SA279S20	SES206	-1.47555	3.64692	5.12247
BLOCK27/SES279/SA279S20	SES226	-2.95475	2.16772	5.12247
BLOCK27/SES279/SA279S20	SES292	-0.671327	4.45114	5.12247
BLOCK27/SES279/SA279S26	SES099	-1.26938	4.0134	5.28277
BLOCK27/SES279/SA279S26	SES206	-0.611401	4.67137	5.28277
BLOCK27/SES279/SA279S26	SES226	-1.87373	3.40904	5.28277
BLOCK27/SES279/SA279S26	SES292	-0.194186	5.08859	5.28277
BLOCK27/SES279/SA279S28	SES099	-1.22204	6.64801	7.87005
BLOCK27/SES279/SA279S28	SES120	-1.28725	6.58279	7.87005
BLOCK27/SES279/SA279S28	SES177	-1.89525	5.9748	7.87005
BLOCK27/SES279/SA279S28	SES206	-1.19755	6.6725	7.87005
BLOCK29/SES290/SA290S12	SES162	-0.890682	7.6845	8.57519
BLOCK29/SES290/SA290S12	SES177	-0.765266	7.80992	8.57519
BLOCK29/SES290/SA290S12	SES180	-1.51526	7.05993	8.57519
BLOCK29/SES290/SA290S12	SES292	-2.1357	6.43949	8.57519
BLOCK29/SES290/SA290S13	SES007	-0.498627	6.4285	6.92713
BLOCK29/SES290/SA290S13	SES162	-2.16457	4.76256	6.92713
BLOCK29/SES290/SA290S13	SES177	-0.996452	5.93068	6.92713
BLOCK29/SES290/SA290S13	SES180	-0.740271	6.18686	6.92713
BLOCK29/SES290/SA290S22	SES177	-1.33003	5.76982	7.09985
BLOCK29/SES290/SA290S22	SES180	-1.40073	5.69912	7.09985
BLOCK29/SES290/SA290S22	SES202	-1.7582	5.34165	7.09985
BLOCK29/SES290/SA290S22	SES292	-1.73807	5.36178	7.09985
BLOCK29/SES290/SA290S25	SES162	-1.23775	6.69715	7.93491
BLOCK29/SES290/SA290S25	SES177	-1.31986	6.61505	7.93491
BLOCK29/SES290/SA290S25	SES180	-1.258	6.6769	7.93491
BLOCK29/SES290/SA290S25	SES292	-1.02739	6.90751	7.93491
BLOCK29/SES290/SA290S29	SES177	-0.969415	6.51171	7.48112
BLOCK29/SES290/SA290S29	SES180	-0.989276	6.49185	7.48112
BLOCK29/SES290/SA290S29	SES275	-1.08899	6.39214	7.48112
BLOCK29/SES290/SA290S29	SES292	-1.34078	6.14034	7.48112
BLOCK29/SES291/SA291S11	SES105	-3.65231	1.23875	4.89107
BLOCK29/SES291/SA291S11	SES125	-1.15054	3.74053	4.89107
BLOCK29/SES291/SA291S11	SES158	-0.851179	4.03989	4.89107
BLOCK29/SES291/SA291S11	SES275	-2.39352	2.49755	4.89107
BLOCK29/SES291/SA291S12	SES158	0.300412	5.94792	5.64751
BLOCK29/SES291/SA291S12	SES226	-1.68016	3.96734	5.64751
BLOCK29/SES291/SA291S12	SES270	0.338586	5.98609	5.64751
BLOCK29/SES291/SA291S12	SES275	-4.48229	1.16521	5.64751
BLOCK29/SES291/SA291S22	SES082	-1.42039	4.26091	5.6813
BLOCK29/SES291/SA291S22	SES158	-1.29491	4.38639	5.6813
BLOCK29/SES291/SA291S22	SES259	-1.67652	4.00478	5.6813
BLOCK29/SES291/SA291S22	SES275	-2.75372	2.92758	5.6813
BLOCK29/SES291/SA291S24	SES104	-0.402366	6.20157	6.60394
BLOCK29/SES291/SA291S24	SES125	-0.943395	5.66055	6.60394
BLOCK29/SES291/SA291S24	SES158	-0.568829	6.03511	6.60394
BLOCK29/SES291/SA291S24	SES275	-3.00916	3.59478	6.60394
BLOCK29/SES291/SA291S27	SES158	-0.291181	5.94639	6.23758
BLOCK29/SES291/SA291S27	SES172	-3.62004	2.61753	6.23758
BLOCK29/SES291/SA291S27	SES275	-3.27994	2.95763	6.23758
BLOCK29/SES291/SA291S27	SES292	-1.78283	4.45474	6.23758
