BLOCK00/SES002/SA002S12	SES002	1e+38	-48.0386	-1e+38
BLOCK00/SES002/SA002S13	SES002	1e+38	-47.4931	-1e+38
BLOCK00/SES002/SA002S23	SES002	1e+38	-46.9853	-1e+38
BLOCK00/SES002/SA002S26	SES002	1e+38	-46.5203	-1e+38
BLOCK00/SES002/SA002S28	SES002	1e+38	-49.1514	-1e+38
BLOCK00/SES007/SA007S14	SES007	1e+38	-48.6344	-1e+38
BLOCK00/SES007/SA007S15	SES007	1e+38	-50.5476	-1e+38
BLOCK00/SES007/SA007S24	SES007	1e+38	-49.6766	-1e+38
BLOCK00/SES007/SA007S27	SES007	1e+38	-51.1381	-1e+38
BLOCK00/SES007/SA007S29	SES007	1e+38	-50.538	-1e+38
BLOCK00/SES008/SA008S11	SES008	1e+38	-49.851	-1e+38
BLOCK00/SES008/SA008S12	SES008	1e+38	-50.633	-1e+38
BLOCK00/SES008/SA008S19	SES008	1e+38	-49.2632	-1e+38
BLOCK00/SES008/SA008S22	SES008	1e+38	-50.991	-1e+38
BLOCK00/SES008/SA008S29	SES008	1e+38	-50.3301	-1e+38
BLOCK01/SES014/SA014S10	SES014	1e+38	-48.9984	-1e+38
BLOCK01/SES014/SA014S12	SES014	1e+38	-46.1072	-1e+38
BLOCK01/SES014/SA014S24	SES014	1e+38	-46.5477	-1e+38
BLOCK01/SES014/SA014S26	SES014	1e+38	-44.5378	-1e+38
BLOCK01/SES014/SA014S28	SES014	1e+38	-46.9627	-1e+38
BLOCK01/SES016/SA016S12	SES016	1e+38	-52.5196	-1e+38
BLOCK01/SES016/SA016S13	SES016	1e+38	-51.0648	-1e+38
BLOCK01/SES016/SA016S22	SES016	1e+38	-50.4271	-1e+38
BLOCK01/SES016/SA016S25	SES016	1e+38	-48.3381	-1e+38
BLOCK01/SES016/SA016S27	SES016	1e+38	-48.4391	-1e+38
BLOCK01/SES019/SA019S13	SES019	1e+38	-49.0503	-1e+38
BLOCK01/SES019/SA019S14	SES019	1e+38	-49.4024	-1e+38
BLOCK01/SES019/SA019S22	SES019	1e+38	-48.5021	-1e+38
BLOCK01/SES019/SA019S25	SES019	1e+38	-49.8104	-1e+38
BLOCK01/SES019/SA019S29	SES019	1e+38	-48.9161	-1e+38
BLOCK02/SES029/SA029S11	SES029	1e+38	-49.5484	-1e+38
BLOCK02/SES029/SA029S12	SES029	1e+38	-50.5905	-1e+38
BLOCK02/SES029/SA029S20	SES029	1e+38	-52.3669	-1e+38
BLOCK02/SES029/SA029S25	SES029	1e+38	-49.7617	-1e+38
BLOCK02/SES029/SA029S28	SES029	1e+38	-50.151	-1e+38
BLOCK04/SES042/SA042S12	SES042	1e+38	-47.0576	-1e+38
BLOCK04/SES042/SA042S15	SES042	1e+38	-46.9447	-1e+38
BLOCK04/SES042/SA042S22	SES042	1e+38	-45.0069	-1e+38
BLOCK04/SES042/SA042S25	SES042	1e+38	-48.5056	-1e+38
BLOCK04/SES042/SA042S27	SES042	1e+38	-47.4689	-1e+38
BLOCK04/SES048/SA048S11	SES048	1e+38	-50.8045	-1e+38
BLOCK04/SES048/SA048S12	SES048	1e+38	-51.1884	-1e+38
BLOCK04/SES048/SA048S20	SES048	1e+38	-49.8753	-1e+38
BLOCK04/SES048/SA048S23	SES048	1e+38	-49.8572	-1e+38
BLOCK04/SES048/SA048S27	SES048	1e+38	-49.9721	-1e+38
BLOCK06/SES060/SA060S11	SES060	1e+38	-49.6005	-1e+38
BLOCK06/SES060/SA060S12	SES060	1e+38	-54.3676	-1e+38
BLOCK06/SES060/SA060S22	SES060	1e+38	-52.2254	-1e+38
BLOCK06/SES060/SA060S24	SES060	1e+38	-49.6851	-1e+38
BLOCK06/SES060/SA060S28	SES060	1e+38	-47.0703	-1e+38
BLOCK06/SES062/SA062S10	SES062	1e+38	-47.55	-1e+38
BLOCK06/SES062/SA062S11	SES062	1e+38	-47.7738	-1e+38
BLOCK06/SES062/SA062S21	SES062	1e+38	-47.2794	-1e+38
BLOCK06/SES062/SA062S26	SES062	1e+38	-47.9645	-1e+38
BLOCK06/SES062/SA062S29	SES062	1e+38	-47.9816	-1e+38
BLOCK06/SES068/SA068S14	SES068	1e+38	-49.7312	-1e+38
BLOCK06/SES068/SA068S15	SES068	1e+38	-48.7878	-1e+38
BLOCK06/SES068/SA068S23	SES068	1e+38	-51.3643	-1e+38
BLOCK06/SES068/SA068S27	SES068	1e+38	-47.8322	-1e+38
BLOCK06/SES068/SA068S29	SES068	1e+38	-49.6667	-1e+38
BLOCK08/SES082/SA082S12	SES082	1e+38	-49.7421	-1e+38
BLOCK08/SES082/SA082S14	SES082	1e+38	-49.6528	-1e+38
BLOCK08/SES082/SA082S21	SES082	1e+38	-49.4757	-1e+38
BLOCK08/SES082/SA082S24	SES082	1e+38	-48.6877	-1e+38
BLOCK08/SES082/SA082S28	SES082	1e+38	-50.8434	-1e+38
BLOCK08/SES083/SA083S14	SES083	1e+38	-50.1435	-1e+38
BLOCK08/SES083/SA083S15	SES083	1e+38	-50.6317	-1e+38
BLOCK08/SES083/SA083S24	SES083	1e+38	-50.2068	-1e+38
BLOCK08/SES083/SA083S26	SES083	1e+38	-49.7217	-1e+38
BLOCK08/SES083/SA083S29	SES083	1e+38	-50.0033	-1e+38
BLOCK08/SES085/SA085S10	SES085	1e+38	-51.0425	-1e+38
BLOCK08/SES085/SA085S13	SES085	1e+38	-50.2236	-1e+38
BLOCK08/SES085/SA085S22	SES085	1e+38	-53.5827	-1e+38
BLOCK08/SES085/SA085S26	SES085	1e+38	-51.8861	-1e+38
BLOCK08/SES085/SA085S28	SES085	1e+38	-50.0816	-1e+38
BLOCK08/SES087/SA087S15	SES087	1e+38	-49.6126	-1e+38
BLOCK08/SES087/SA087S16	SES087	1e+38	-48.1254	-1e+38
BLOCK08/SES087/SA087S24	SES087	1e+38	-49.2335	-1e+38
BLOCK08/SES087/SA087S26	SES087	1e+38	-47.8711	-1e+38
BLOCK08/SES087/SA087S29	SES087	1e+38	-49.2849	-1e+38
BLOCK09/SES099/SA099S15	SES099	1e+38	-49.7846	-1e+38
BLOCK09/SES099/SA099S16	SES099	1e+38	-49.7066	-1e+38
BLOCK09/SES099/SA099S24	SES099	1e+38	-50.0726	-1e+38
BLOCK09/SES099/SA099S26	SES099	1e+38	-49.8612	-1e+38
BLOCK09/SES099/SA099S29	SES099	1e+38	-49.7471	-1e+38
BLOCK10/SES101/SA101S11	SES101	1e+38	-49.3507	-1e+38
BLOCK10/SES101/SA101S13	SES101	1e+38	-49.3074	-1e+38
BLOCK10/SES101/SA101S22	SES101	1e+38	-50.5735	-1e+38
BLOCK10/SES101/SA101S24	SES101	1e+38	-48.1442	-1e+38
BLOCK10/SES101/SA101S28	SES101	1e+38	-51.4027	-1e+38
BLOCK10/SES104/SA104S11	SES104	1e+38	-49.3782	-1e+38
BLOCK10/SES104/SA104S12	SES104	1e+38	-47.769	-1e+38
BLOCK10/SES104/SA104S21	SES104	1e+38	-49.397	-1e+38
BLOCK10/SES104/SA104S24	SES104	1e+38	-49.3902	-1e+38
BLOCK10/SES104/SA104S28	SES104	1e+38	-48.0886	-1e+38
BLOCK10/SES105/SA105S12	SES105	1e+38	-51.5622	-1e+38
BLOCK10/SES105/SA105S13	SES105	1e+38	-51.1709	-1e+38
BLOCK10/SES105/SA105S22	SES105	1e+38	-52.2414	-1e+38
BLOCK10/SES105/SA105S26	SES105	1e+38	-51.1531	-1e+38
BLOCK10/SES105/SA105S29	SES105	1e+38	-51.822	-1e+38
BLOCK10/SES106/SA106S09	SES106	1e+38	-50.4023	-1e+38
BLOCK10/SES106/SA106S11	SES106	1e+38	-49.3924	-1e+38
BLOCK10/SES106/SA106S22	SES106	1e+38	-48.8151	-1e+38
BLOCK10/SES106/SA106S27	SES106	1e+38	-50.4832	-1e+38
BLOCK10/SES106/SA106S29	SES106	1e+38	-49.2656	-1e+38
BLOCK11/SES117/SA117S12	SES117	1e+38	-51.8289	-1e+38
BLOCK11/SES117/SA117S13	SES117	1e+38	-51.8155	-1e+38
BLOCK11/SES117/SA117S23	SES117	1e+38	-52.0725	-1e+38
BLOCK11/SES117/SA117S25	SES117	1e+38	-51.5563	-1e+38
BLOCK11/SES117/SA117S28	SES117	1e+38	-51.8412	-1e+38
BLOCK12/SES120/SA120S08	SES120	1e+38	-52.3924	-1e+38
BLOCK12/SES120/SA120S11	SES120	1e+38	-52.3208	-1e+38
BLOCK12/SES120/SA120S22	SES120	1e+38	-51.3445	-1e+38
BLOCK12/SES120/SA120S24	SES120	1e+38	-51.9932	-1e+38
BLOCK12/SES120/SA120S28	SES120	1e+38	-54.2788	-1e+38
BLOCK12/SES125/SA125S13	SES125	1e+38	-47.1636	-1e+38
BLOCK12/SES125/SA125S14	SES125	1e+38	-48.6627	-1e+38
BLOCK12/SES125/SA125S25	SES125	1e+38	-47.3019	-1e+38
BLOCK12/SES125/SA125S27	SES125	1e+38	-48.9575	-1e+38
BLOCK12/SES125/SA125S29	SES125	1e+38	-48.7379	-1e+38
BLOCK12/SES127/SA127S11	SES127	1e+38	-50.2357	-1e+38
BLOCK12/SES127/SA127S12	SES127	1e+38	-51.731	-1e+38
BLOCK12/SES127/SA127S23	SES127	1e+38	-51.4593	-1e+38
BLOCK12/SES127/SA127S25	SES127	1e+38	-54.4373	-1e+38
BLOCK12/SES127/SA127S27	SES127	1e+38	-50.6083	-1e+38
BLOCK12/SES129/SA129S11	SES129	1e+38	-50.0481	-1e+38
BLOCK12/SES129/SA129S12	SES129	1e+38	-49.6832	-1e+38
BLOCK12/SES129/SA129S22	SES129	1e+38	-49.7998	-1e+38
BLOCK12/SES129/SA129S27	SES129	1e+38	-48.4301	-1e+38
BLOCK12/SES129/SA129S29	SES129	1e+38	-47.6589	-1e+38
BLOCK14/SES142/SA142S11	SES142	1e+38	-49.4778	-1e+38
BLOCK14/SES142/SA142S12	SES142	1e+38	-50.4344	-1e+38
BLOCK14/SES142/SA142S24	SES142	1e+38	-49.0857	-1e+38
BLOCK14/SES142/SA142S27	SES142	1e+38	-48.5139	-1e+38
BLOCK14/SES142/SA142S29	SES142	1e+38	-47.7397	-1e+38
BLOCK14/SES143/SA143S12	SES143	1e+38	-50.4772	-1e+38
BLOCK14/SES143/SA143S13	SES143	1e+38	-49.6423	-1e+38
BLOCK14/SES143/SA143S23	SES143	1e+38	-50.5031	-1e+38
BLOCK14/SES143/SA143S25	SES143	1e+38	-51.412	-1e+38
BLOCK14/SES143/SA143S28	SES143	1e+38	-48.2919	-1e+38
BLOCK14/SES144/SA144S09	SES144	1e+38	-51.1836	-1e+38
BLOCK14/SES144/SA144S11	SES144	1e+38	-50.9105	-1e+38
BLOCK14/SES144/SA144S21	SES144	1e+38	-51.7401	-1e+38
BLOCK14/SES144/SA144S25	SES144	1e+38	-52.8138	-1e+38
BLOCK14/SES144/SA144S29	SES144	1e+38	-51.1896	-1e+38
BLOCK14/SES146/SA146S14	SES146	1e+38	-51.5177	-1e+38
BLOCK14/SES146/SA146S15	SES146	1e+38	-51.2593	-1e+38
BLOCK14/SES146/SA146S24	SES146	1e+38	-51.9045	-1e+38
BLOCK14/SES146/SA146S26	SES146	1e+38	-52.1417	-1e+38
BLOCK14/SES146/SA146S29	SES146	1e+38	-52.268	-1e+38
BLOCK14/SES147/SA147S11	SES147	1e+38	-50.713	-1e+38
BLOCK14/SES147/SA147S13	SES147	1e+38	-48.8305	-1e+38
BLOCK14/SES147/SA147S23	SES147	1e+38	-51.0777	-1e+38
BLOCK14/SES147/SA147S26	SES147	1e+38	-50.2547	-1e+38
BLOCK14/SES147/SA147S28	SES147	1e+38	-49.5636	-1e+38
BLOCK14/SES148/SA148S10	SES148	1e+38	-49.8294	-1e+38
BLOCK14/SES148/SA148S12	SES148	1e+38	-51.2219	-1e+38
BLOCK14/SES148/SA148S22	SES148	1e+38	-49.5244	-1e+38
BLOCK14/SES148/SA148S26	SES148	1e+38	-51.2746	-1e+38
BLOCK14/SES148/SA148S29	SES148	1e+38	-51.1393	-1e+38
BLOCK14/SES149/SA149S13	SES149	1e+38	-53.6287	-1e+38
BLOCK14/SES149/SA149S14	SES149	1e+38	-51.4037	-1e+38
BLOCK14/SES149/SA149S24	SES149	1e+38	-50.2594	-1e+38
BLOCK14/SES149/SA149S26	SES149	1e+38	-49.3671	-1e+38
BLOCK14/SES149/SA149S28	SES149	1e+38	-49.1336	-1e+38
BLOCK15/SES158/SA158S13	SES158	1e+38	-49.5799	-1e+38
BLOCK15/SES158/SA158S14	SES158	1e+38	-49.125	-1e+38
BLOCK15/SES158/SA158S23	SES158	1e+38	-49.4752	-1e+38
BLOCK15/SES158/SA158S26	SES158	1e+38	-48.5719	-1e+38
BLOCK15/SES158/SA158S28	SES158	1e+38	-50.3457	-1e+38
BLOCK16/SES162/SA162S10	SES162	1e+38	-51.7732	-1e+38
BLOCK16/SES162/SA162S11	SES162	1e+38	-50.6167	-1e+38
BLOCK16/SES162/SA162S21	SES162	1e+38	-49.1475	-1e+38
BLOCK16/SES162/SA162S24	SES162	1e+38	-49.4564	-1e+38
BLOCK16/SES162/SA162S27	SES162	1e+38	-50.6575	-1e+38
BLOCK16/SES167/SA167S14	SES167	1e+38	-48.6218	-1e+38
BLOCK16/SES167/SA167S15	SES167	1e+38	-50.3759	-1e+38
BLOCK16/SES167/SA167S21	SES167	1e+38	-48.9124	-1e+38
BLOCK16/SES167/SA167S25	SES167	1e+38	-50.1651	-1e+38
BLOCK16/SES167/SA167S29	SES167	1e+38	-48.0695	-1e+38
BLOCK17/SES172/SA172S12	SES172	1e+38	-49.463	-1e+38
BLOCK17/SES172/SA172S13	SES172	1e+38	-50.5513	-1e+38
BLOCK17/SES172/SA172S23	SES172	1e+38	-49.946	-1e+38
BLOCK17/SES172/SA172S27	SES172	1e+38	-50.6238	-1e+38
BLOCK17/SES172/SA172S29	SES172	1e+38	-49.0817	-1e+38
BLOCK17/SES175/SA175S11	SES175	1e+38	-50.5516	-1e+38
BLOCK17/SES175/SA175S13	SES175	1e+38	-50.4524	-1e+38
BLOCK17/SES175/SA175S23	SES175	1e+38	-50.175	-1e+38
BLOCK17/SES175/SA175S25	SES175	1e+38	-52.0316	-1e+38
BLOCK17/SES175/SA175S28	SES175	1e+38	-49.6779	-1e+38
BLOCK17/SES177/SA177S15	SES177	1e+38	-50.979	-1e+38
BLOCK17/SES177/SA177S17	SES177	1e+38	-50.9544	-1e+38
BLOCK17/SES177/SA177S23	SES177	1e+38	-51.0174	-1e+38
BLOCK17/SES177/SA177S26	SES177	1e+38	-48.235	-1e+38
BLOCK17/SES177/SA177S28	SES177	1e+38	-48.8926	-1e+38
BLOCK18/SES180/SA180S13	SES180	1e+38	-49.8388	-1e+38
BLOCK18/SES180/SA180S15	SES180	1e+38	-50.3706	-1e+38
BLOCK18/SES180/SA180S24	SES180	1e+38	-49.2026	-1e+38
BLOCK18/SES180/SA180S26	SES180	1e+38	-49.4943	-1e+38
BLOCK18/SES180/SA180S29	SES180	1e+38	-50.8326	-1e+38
BLOCK18/SES183/SA183S13	SES183	1e+38	-50.9973	-1e+38
BLOCK18/SES183/SA183S14	SES183	1e+38	-52.5484	-1e+38
BLOCK18/SES183/SA183S24	SES183	1e+38	-51.466	-1e+38
BLOCK18/SES183/SA183S27	SES183	1e+38	-51.0234	-1e+38
BLOCK18/SES183/SA183S29	SES183	1e+38	-50.1269	-1e+38
BLOCK18/SES187/SA187S13	SES187	1e+38	-51.0827	-1e+38
BLOCK18/SES187/SA187S14	SES187	1e+38	-51.3613	-1e+38
BLOCK18/SES187/SA187S24	SES187	1e+38	-51.1676	-1e+38
BLOCK18/SES187/SA187S27	SES187	1e+38	-50.5578	-1e+38
BLOCK18/SES187/SA187S29	SES187	1e+38	-51.6081	-1e+38
BLOCK18/SES189/SA189S10	SES189	1e+38	-53.2602	-1e+38
BLOCK18/SES189/SA189S13	SES189	1e+38	-53.1072	-1e+38
BLOCK18/SES189/SA189S24	SES189	1e+38	-51.2164	-1e+38
BLOCK18/SES189/SA189S26	SES189	1e+38	-52.5724	-1e+38
BLOCK18/SES189/SA189S29	SES189	1e+38	-51.3971	-1e+38
BLOCK20/SES202/SA202S12	SES202	1e+38	-51.1867	-1e+38
BLOCK20/SES202/SA202S14	SES202	1e+38	-48.1798	-1e+38
BLOCK20/SES202/SA202S24	SES202	1e+38	-50.818	-1e+38
BLOCK20/SES202/SA202S27	SES202	1e+38	-48.2366	-1e+38
BLOCK20/SES202/SA202S29	SES202	1e+38	-47.9719	-1e+38
BLOCK20/SES206/SA206S15	SES206	1e+38	-48.6339	-1e+38
BLOCK20/SES206/SA206S17	SES206	1e+38	-47.7427	-1e+38
BLOCK20/SES206/SA206S24	SES206	1e+38	-48.5664	-1e+38
BLOCK20/SES206/SA206S27	SES206	1e+38	-49.0705	-1e+38
BLOCK20/SES206/SA206S29	SES206	1e+38	-48.2097	-1e+38
BLOCK22/SES226/SA226S12	SES226	1e+38	-49.4486	-1e+38
BLOCK22/SES226/SA226S13	SES226	1e+38	-50.8525	-1e+38
BLOCK22/SES226/SA226S20	SES226	1e+38	-50.1403	-1e+38
BLOCK22/SES226/SA226S23	SES226	1e+38	-48.644	-1e+38
BLOCK22/SES226/SA226S28	SES226	1e+38	-48.8589	-1e+38
BLOCK25/SES259/SA259S13	SES259	1e+38	-46.5086	-1e+38
BLOCK25/SES259/SA259S14	SES259	1e+38	-49.0054	-1e+38
BLOCK25/SES259/SA259S22	SES259	1e+38	-48.9324	-1e+38
BLOCK25/SES259/SA259S24	SES259	1e+38	-47.4619	-1e+38
BLOCK25/SES259/SA259S28	SES259	1e+38	-48.2331	-1e+38
BLOCK27/SES270/SA270S14	SES270	1e+38	-49.2011	-1e+38
BLOCK27/SES270/SA270S16	SES270	1e+38	-50.7242	-1e+38
BLOCK27/SES270/SA270S22	SES270	1e+38	-49.3227	-1e+38
BLOCK27/SES270/SA270S26	SES270	1e+38	-49.9016	-1e+38
BLOCK27/SES270/SA270S28	SES270	1e+38	-49.3944	-1e+38
BLOCK27/SES275/SA275S17	SES275	1e+38	-49.7888	-1e+38
BLOCK27/SES275/SA275S18	SES275	1e+38	-50.6585	-1e+38
BLOCK27/SES275/SA275S24	SES275	1e+38	-51.7563	-1e+38
BLOCK27/SES275/SA275S26	SES275	1e+38	-49.982	-1e+38
BLOCK27/SES275/SA275S28	SES275	1e+38	-51.4302	-1e+38
BLOCK29/SES292/SA292S10	SES292	1e+38	-51.1879	-1e+38
BLOCK29/SES292/SA292S12	SES292	1e+38	-52.0515	-1e+38
BLOCK29/SES292/SA292S22	SES292	1e+38	-49.8028	-1e+38
BLOCK29/SES292/SA292S24	SES292	1e+38	-50.0504	-1e+38
BLOCK29/SES292/SA292S27	SES292	1e+38	-50.2176	-1e+38
BLOCK00/SES001/SA001S14	SES062	1e+38	-53.2904	-1e+38
BLOCK00/SES001/SA001S14	SES082	1e+38	-53.7327	-1e+38
BLOCK00/SES001/SA001S14	SES106	1e+38	-56.6176	-1e+38
BLOCK00/SES001/SA001S14	SES206	1e+38	-55.9144	-1e+38
BLOCK00/SES001/SA001S15	SES062	1e+38	-53.7594	-1e+38
BLOCK00/SES001/SA001S15	SES104	1e+38	-53.8442	-1e+38
BLOCK00/SES001/SA001S15	SES106	1e+38	-55.7866	-1e+38
BLOCK00/SES001/SA001S15	SES206	1e+38	-55.2952	-1e+38
BLOCK00/SES001/SA001S24	SES062	1e+38	-57.6791	-1e+38
BLOCK00/SES001/SA001S24	SES082	1e+38	-54.8461	-1e+38
BLOCK00/SES001/SA001S24	SES087	1e+38	-57.1409	-1e+38
BLOCK00/SES001/SA001S24	SES206	1e+38	-55.1743	-1e+38
BLOCK00/SES001/SA001S27	SES062	1e+38	-53.8308	-1e+38
BLOCK00/SES001/SA001S27	SES082	1e+38	-54.0551	-1e+38
BLOCK00/SES001/SA001S27	SES087	1e+38	-55.8265	-1e+38
BLOCK00/SES001/SA001S27	SES206	1e+38	-56.5609	-1e+38
BLOCK00/SES001/SA001S29	SES062	1e+38	-53.9561	-1e+38
BLOCK00/SES001/SA001S29	SES082	1e+38	-52.3861	-1e+38
BLOCK00/SES001/SA001S29	SES158	1e+38	-55.1916	-1e+38
BLOCK00/SES001/SA001S29	SES206	1e+38	-56.0429	-1e+38
BLOCK00/SES003/SA003S11	SES002	1e+38	-54.9667	-1e+38
BLOCK00/SES003/SA003S11	SES019	1e+38	-52.4333	-1e+38
BLOCK00/SES003/SA003S11	SES082	1e+38	-51.7391	-1e+38
BLOCK00/SES003/SA003S11	SES125	1e+38	-53.3643	-1e+38
BLOCK00/SES003/SA003S15	SES016	1e+38	-63.4988	-1e+38
BLOCK00/SES003/SA003S15	SES019	1e+38	-51.8962	-1e+38
BLOCK00/SES003/SA003S15	SES062	1e+38	-58.1264	-1e+38
BLOCK00/SES003/SA003S15	SES206	1e+38	-53.3821	-1e+38
BLOCK00/SES003/SA003S22	SES002	1e+38	-56.3975	-1e+38
BLOCK00/SES003/SA003S22	SES062	1e+38	-54.8785	-1e+38
BLOCK00/SES003/SA003S22	SES082	1e+38	-52.3608	-1e+38
BLOCK00/SES003/SA003S22	SES087	1e+38	-54.0347	-1e+38
BLOCK00/SES003/SA003S25	SES062	1e+38	-66.37	-1e+38
BLOCK00/SES003/SA003S25	SES082	1e+38	-53.7191	-1e+38
BLOCK00/SES003/SA003S25	SES087	1e+38	-56.4986	-1e+38
BLOCK00/SES003/SA003S25	SES206	1e+38	-57.4395	-1e+38
BLOCK00/SES003/SA003S29	SES002	1e+38	-57.3125	-1e+38
BLOCK00/SES003/SA003S29	SES062	1e+38	-59.6147	-1e+38
BLOCK00/SES003/SA003S29	SES082	1e+38	-52.9732	-1e+38
BLOCK00/SES003/SA003S29	SES087	1e+38	-55.5952	-1e+38
BLOCK00/SES004/SA004S12	SES083	1e+38	-52.5458	-1e+38
BLOCK00/SES004/SA004S12	SES148	1e+38	-54.6187	-1e+38
BLOCK00/SES004/SA004S12	SES172	1e+38	-51.8103	-1e+38
BLOCK00/SES004/SA004S12	SES292	1e+38	-54.8237	-1e+38
BLOCK00/SES004/SA004S17	SES083	1e+38	-53.2755	-1e+38
BLOCK00/SES004/SA004S17	SES162	1e+38	-54.2982	-1e+38
BLOCK00/SES004/SA004S17	SES172	1e+38	-54.3681	-1e+38
BLOCK00/SES004/SA004S17	SES292	1e+38	-54.726	-1e+38
BLOCK00/SES004/SA004S24	SES083	1e+38	-52.3791	-1e+38
BLOCK00/SES004/SA004S24	SES148	1e+38	-53.5384	-1e+38
BLOCK00/SES004/SA004S24	SES172	1e+38	-51.8162	-1e+38
BLOCK00/SES004/SA004S24	SES292	1e+38	-52.5156	-1e+38
BLOCK00/SES004/SA004S26	SES083	1e+38	-51.0374	-1e+38
BLOCK00/SES004/SA004S26	SES127	1e+38	-51.563	-1e+38
BLOCK00/SES004/SA004S26	SES148	1e+38	-52.6877	-1e+38
BLOCK00/SES004/SA004S26	SES292	1e+38	-51.4515	-1e+38
BLOCK00/SES004/SA004S28	SES083	1e+38	-52.2921	-1e+38
BLOCK00/SES004/SA004S28	SES127	1e+38	-53.0389	-1e+38
BLOCK00/SES004/SA004S28	SES187	1e+38	-52.9323	-1e+38
BLOCK00/SES004/SA004S28	SES292	1e+38	-53.4287	-1e+38
BLOCK00/SES006/SA006S10	SES014	1e+38	-53.9542	-1e+38
BLOCK00/SES006/SA006S10	SES158	1e+38	-51.2991	-1e+38
BLOCK00/SES006/SA006S10	SES226	1e+38	-55.8276	-1e+38
BLOCK00/SES006/SA006S10	SES270	1e+38	-52.0327	-1e+38
BLOCK00/SES006/SA006S11	SES158	1e+38	-52.6553	-1e+38
BLOCK00/SES006/SA006S11	SES226	1e+38	-55.2479	-1e+38
BLOCK00/SES006/SA006S11	SES270	1e+38	-52.0135	-1e+38
BLOCK00/SES006/SA006S11	SES275	1e+38	-59.8806	-1e+38
BLOCK00/SES006/SA006S23	SES062	1e+38	-63.4978	-1e+38
BLOCK00/SES006/SA006S23	SES105	1e+38	-61.2652	-1e+38
BLOCK00/SES006/SA006S23	SES158	1e+38	-55.1228	-1e+38
BLOCK00/SES006/SA006S23	SES275	1e+38	-61.9166	-1e+38
BLOCK00/SES006/SA006S26	SES104	1e+38	-52.2319	-1e+38
BLOCK00/SES006/SA006S26	SES158	1e+38	-52.3787	-1e+38
BLOCK00/SES006/SA006S26	SES270	1e+38	-54.0166	-1e+38
BLOCK00/SES006/SA006S26	SES275	1e+38	-59.2104	-1e+38
BLOCK00/SES006/SA006S28	SES007	1e+38	-58.0712	-1e+38
BLOCK00/SES006/SA006S28	SES105	1e+38	-58.1501	-1e+38
BLOCK00/SES006/SA006S28	SES158	1e+38	-53.6078	-1e+38
BLOCK00/SES006/SA006S28	SES275	1e+38	-58.5702	-1e+38
BLOCK00/SES009/SA009S12	SES083	1e+38	-50.9688	-1e+38
BLOCK00/SES009/SA009S12	SES148	1e+38	-52.5552	-1e+38
BLOCK00/SES009/SA009S12	SES177	1e+38	-54.9695	-1e+38
BLOCK00/SES009/SA009S12	SES292	1e+38	-51.2578	-1e+38
BLOCK00/SES009/SA009S15	SES007	1e+38	-49.7989	-1e+38
BLOCK00/SES009/SA009S15	SES099	1e+38	-63.5907	-1e+38
BLOCK00/SES009/SA009S15	SES148	1e+38	-53.0641	-1e+38
BLOCK00/SES009/SA009S15	SES172	1e+38	-53.2483	-1e+38
BLOCK00/SES009/SA009S24	SES146	1e+38	-52.636	-1e+38
BLOCK00/SES009/SA009S24	SES148	1e+38	-53.057	-1e+38
BLOCK00/SES009/SA009S24	SES177	1e+38	-54.6213	-1e+38
BLOCK00/SES009/SA009S24	SES292	1e+38	-51.5597	-1e+38
BLOCK00/SES009/SA009S26	SES083	1e+38	-52.4126	-1e+38
BLOCK00/SES009/SA009S26	SES101	1e+38	-52.4395	-1e+38
BLOCK00/SES009/SA009S26	SES120	1e+38	-53.2495	-1e+38
BLOCK00/SES009/SA009S26	SES177	1e+38	-56.2928	-1e+38
BLOCK00/SES009/SA009S29	SES083	1e+38	-51.9551	-1e+38
BLOCK00/SES009/SA009S29	SES101	1e+38	-51.866	-1e+38
BLOCK00/SES009/SA009S29	SES177	1e+38	-55.7875	-1e+38
BLOCK00/SES009/SA009S29	SES292	1e+38	-52.3063	-1e+38
BLOCK01/SES011/SA011S10	SES019	1e+38	-54.5141	-1e+38
BLOCK01/SES011/SA011S10	SES042	1e+38	-52.1137	-1e+38
BLOCK01/SES011/SA011S10	SES082	1e+38	-54.6462	-1e+38
BLOCK01/SES011/SA011S10	SES206	1e+38	-52.9124	-1e+38
BLOCK01/SES011/SA011S11	SES019	1e+38	-56.3398	-1e+38
BLOCK01/SES011/SA011S11	SES042	1e+38	-53.5076	-1e+38
BLOCK01/SES011/SA011S11	SES082	1e+38	-56.1998	-1e+38
BLOCK01/SES011/SA011S11	SES206	1e+38	-55.7283	-1e+38
BLOCK01/SES011/SA011S22	SES019	1e+38	-56.2862	-1e+38
BLOCK01/SES011/SA011S22	SES042	1e+38	-51.9985	-1e+38
BLOCK01/SES011/SA011S22	SES082	1e+38	-56.3581	-1e+38
BLOCK01/SES011/SA011S22	SES206	1e+38	-55.2974	-1e+38
BLOCK01/SES011/SA011S24	SES019	1e+38	-55.243	-1e+38
BLOCK01/SES011/SA011S24	SES042	1e+38	-51.0898	-1e+38
BLOCK01/SES011/SA011S24	SES104	1e+38	-56.0024	-1e+38
BLOCK01/SES011/SA011S24	SES206	1e+38	-54.3661	-1e+38
BLOCK01/SES011/SA011S27	SES082	1e+38	-51.9214	-1e+38
BLOCK01/SES011/SA011S27	SES087	1e+38	-50.9065	-1e+38
BLOCK01/SES011/SA011S27	SES125	1e+38	-50.4354	-1e+38
BLOCK01/SES011/SA011S27	SES206	1e+38	-52.6845	-1e+38
BLOCK01/SES012/SA012S11	SES007	1e+38	-56.3437	-1e+38
BLOCK01/SES012/SA012S11	SES082	1e+38	-50.8944	-1e+38
BLOCK01/SES012/SA012S11	SES083	1e+38	-57.5216	-1e+38
BLOCK01/SES012/SA012S11	SES206	1e+38	-50.3254	-1e+38
BLOCK01/SES012/SA012S14	SES082	1e+38	-52.0022	-1e+38
BLOCK01/SES012/SA012S14	SES087	1e+38	-53.4329	-1e+38
BLOCK01/SES012/SA012S14	SES206	1e+38	-52.7572	-1e+38
BLOCK01/SES012/SA012S14	SES292	1e+38	-62.9888	-1e+38
BLOCK01/SES012/SA012S24	SES082	1e+38	-49.4343	-1e+38
BLOCK01/SES012/SA012S24	SES087	1e+38	-51.0735	-1e+38
BLOCK01/SES012/SA012S24	SES120	1e+38	-58.7197	-1e+38
BLOCK01/SES012/SA012S24	SES206	1e+38	-50.7177	-1e+38
BLOCK01/SES012/SA012S26	SES019	1e+38	-55.5826	-1e+38
BLOCK01/SES012/SA012S26	SES082	1e+38	-54.1759	-1e+38
BLOCK01/SES012/SA012S26	SES206	1e+38	-52.6849	-1e+38
BLOCK01/SES012/SA012S26	SES292	1e+38	-64.9297	-1e+38
BLOCK01/SES012/SA012S29	SES062	1e+38	-57.6938	-1e+38
BLOCK01/SES012/SA012S29	SES082	1e+38	-51.6308	-1e+38
BLOCK01/SES012/SA012S29	SES083	1e+38	-56.0174	-1e+38
BLOCK01/SES012/SA012S29	SES206	1e+38	-50.8658	-1e+38
BLOCK01/SES013/SA013S16	SES062	1e+38	-67.4997	-1e+38
BLOCK01/SES013/SA013S16	SES106	1e+38	-52.361	-1e+38
BLOCK01/SES013/SA013S16	SES206	1e+38	-53.2175	-1e+38
BLOCK01/SES013/SA013S16	SES226	1e+38	-53.3631	-1e+38
BLOCK01/SES013/SA013S17	SES062	1e+38	-67.2018	-1e+38
BLOCK01/SES013/SA013S17	SES106	1e+38	-51.5991	-1e+38
BLOCK01/SES013/SA013S17	SES206	1e+38	-52.2232	-1e+38
BLOCK01/SES013/SA013S17	SES226	1e+38	-51.8422	-1e+38
BLOCK01/SES013/SA013S23	SES104	1e+38	-54.4723	-1e+38
BLOCK01/SES013/SA013S23	SES106	1e+38	-51.197	-1e+38
BLOCK01/SES013/SA013S23	SES206	1e+38	-52.0293	-1e+38
BLOCK01/SES013/SA013S23	SES270	1e+38	-59.4561	-1e+38
BLOCK01/SES013/SA013S25	SES042	1e+38	-52.3329	-1e+38
BLOCK01/SES013/SA013S25	SES104	1e+38	-53.6328	-1e+38
BLOCK01/SES013/SA013S25	SES106	1e+38	-50.6558	-1e+38
BLOCK01/SES013/SA013S25	SES206	1e+38	-51.6874	-1e+38
BLOCK01/SES013/SA013S29	SES062	1e+38	-67.9315	-1e+38
BLOCK01/SES013/SA013S29	SES104	1e+38	-52.7155	-1e+38
BLOCK01/SES013/SA013S29	SES106	1e+38	-50.1324	-1e+38
BLOCK01/SES013/SA013S29	SES206	1e+38	-50.8856	-1e+38
BLOCK02/SES021/SA021S13	SES016	1e+38	-63.5294	-1e+38
BLOCK02/SES021/SA021S13	SES029	1e+38	-58.7595	-1e+38
BLOCK02/SES021/SA021S13	SES087	1e+38	-52.5287	-1e+38
BLOCK02/SES021/SA021S13	SES206	1e+38	-50.99	-1e+38
BLOCK02/SES021/SA021S15	SES087	1e+38	-51.4561	-1e+38
BLOCK02/SES021/SA021S15	SES125	1e+38	-50.5196	-1e+38
BLOCK02/SES021/SA021S15	SES206	1e+38	-49.0636	-1e+38
BLOCK02/SES021/SA021S15	SES226	1e+38	-50.2947	-1e+38
BLOCK02/SES021/SA021S23	SES062	1e+38	-59.9009	-1e+38
BLOCK02/SES021/SA021S23	SES087	1e+38	-56.4775	-1e+38
BLOCK02/SES021/SA021S23	SES206	1e+38	-54.411	-1e+38
BLOCK02/SES021/SA021S23	SES226	1e+38	-53.4384	-1e+38
BLOCK02/SES021/SA021S27	SES002	1e+38	-54.2823	-1e+38
BLOCK02/SES021/SA021S27	SES016	1e+38	-60.6862	-1e+38
BLOCK02/SES021/SA021S27	SES019	1e+38	-51.9137	-1e+38
BLOCK02/SES021/SA021S27	SES062	1e+38	-54.3501	-1e+38
BLOCK02/SES021/SA021S29	SES087	1e+38	-53.7801	-1e+38
BLOCK02/SES021/SA021S29	SES125	1e+38	-53.1492	-1e+38
BLOCK02/SES021/SA021S29	SES206	1e+38	-50.736	-1e+38
BLOCK02/SES021/SA021S29	SES226	1e+38	-50.5537	-1e+38
BLOCK04/SES043/SA043S09	SES083	1e+38	-54.6386	-1e+38
BLOCK04/SES043/SA043S09	SES101	1e+38	-56.8305	-1e+38
BLOCK04/SES043/SA043S09	SES144	1e+38	-54.6004	-1e+38
BLOCK04/SES043/SA043S09	SES172	1e+38	-57.6616	-1e+38
BLOCK04/SES043/SA043S11	SES083	1e+38	-52.9988	-1e+38
BLOCK04/SES043/SA043S11	SES101	1e+38	-54.4635	-1e+38
BLOCK04/SES043/SA043S11	SES144	1e+38	-53.3978	-1e+38
BLOCK04/SES043/SA043S11	SES172	1e+38	-53.9799	-1e+38
BLOCK04/SES043/SA043S23	SES083	1e+38	-52.515	-1e+38
BLOCK04/SES043/SA043S23	SES144	1e+38	-52.6981	-1e+38
BLOCK04/SES043/SA043S23	SES177	1e+38	-56.7733	-1e+38
BLOCK04/SES043/SA043S23	SES275	1e+38	-52.5597	-1e+38
BLOCK04/SES043/SA043S26	SES083	1e+38	-54.2599	-1e+38
BLOCK04/SES043/SA043S26	SES101	1e+38	-54.7844	-1e+38
BLOCK04/SES043/SA043S26	SES144	1e+38	-53.9754	-1e+38
BLOCK04/SES043/SA043S26	SES177	1e+38	-57.077	-1e+38
BLOCK04/SES043/SA043S28	SES016	1e+38	-53.7395	-1e+38
BLOCK04/SES043/SA043S28	SES083	1e+38	-51.8528	-1e+38
BLOCK04/SES043/SA043S28	SES101	1e+38	-52.2279	-1e+38
BLOCK04/SES043/SA043S28	SES144	1e+38	-52.5752	-1e+38
BLOCK04/SES044/SA044S10	SES127	1e+38	-57.9768	-1e+38
BLOCK04/SES044/SA044S10	SES144	1e+38	-55.1678	-1e+38
BLOCK04/SES044/SA044S10	SES147	1e+38	-59.9723	-1e+38
BLOCK04/SES044/SA044S10	SES148	1e+38	-56.6405	-1e+38
BLOCK04/SES044/SA044S11	SES101	1e+38	-56.5579	-1e+38
BLOCK04/SES044/SA044S11	SES144	1e+38	-53.5014	-1e+38
BLOCK04/SES044/SA044S11	SES147	1e+38	-57.6474	-1e+38
BLOCK04/SES044/SA044S11	SES177	1e+38	-56.4043	-1e+38
BLOCK04/SES044/SA044S24	SES007	1e+38	-54.1488	-1e+38
BLOCK04/SES044/SA044S24	SES101	1e+38	-53.8869	-1e+38
BLOCK04/SES044/SA044S24	SES147	1e+38	-59.2081	-1e+38
BLOCK04/SES044/SA044S24	SES177	1e+38	-56.7205	-1e+38
BLOCK04/SES044/SA044S26	SES007	1e+38	-55.6911	-1e+38
BLOCK04/SES044/SA044S26	SES016	1e+38	-54.6077	-1e+38
BLOCK04/SES044/SA044S26	SES101	1e+38	-54.3993	-1e+38
BLOCK04/SES044/SA044S26	SES147	1e+38	-57.3631	-1e+38
BLOCK04/SES044/SA044S29	SES007	1e+38	-53.3075	-1e+38
BLOCK04/SES044/SA044S29	SES101	1e+38	-52.3132	-1e+38
BLOCK04/SES044/SA044S29	SES147	1e+38	-55.6805	-1e+38
BLOCK04/SES044/SA044S29	SES177	1e+38	-53.0185	-1e+38
BLOCK04/SES046/SA046S13	SES101	1e+38	-56.5671	-1e+38
BLOCK04/SES046/SA046S13	SES144	1e+38	-54.3007	-1e+38
BLOCK04/SES046/SA046S13	SES147	1e+38	-57.5327	-1e+38
BLOCK04/SES046/SA046S13	SES177	1e+38	-53.4252	-1e+38
BLOCK04/SES046/SA046S15	SES048	1e+38	-55.8445	-1e+38
BLOCK04/SES046/SA046S15	SES083	1e+38	-53.689	-1e+38
BLOCK04/SES046/SA046S15	SES120	1e+38	-54.6265	-1e+38
BLOCK04/SES046/SA046S15	SES148	1e+38	-53.1773	-1e+38
BLOCK04/SES046/SA046S22	SES101	1e+38	-54.8838	-1e+38
BLOCK04/SES046/SA046S22	SES144	1e+38	-55.484	-1e+38
BLOCK04/SES046/SA046S22	SES147	1e+38	-56.6482	-1e+38
BLOCK04/SES046/SA046S22	SES172	1e+38	-55.3555	-1e+38
BLOCK04/SES046/SA046S25	SES083	1e+38	-54.9722	-1e+38
BLOCK04/SES046/SA046S25	SES127	1e+38	-54.9458	-1e+38
BLOCK04/SES046/SA046S25	SES144	1e+38	-56.6402	-1e+38
BLOCK04/SES046/SA046S25	SES148	1e+38	-54.4007	-1e+38
BLOCK04/SES046/SA046S28	SES007	1e+38	-59.2965	-1e+38
BLOCK04/SES046/SA046S28	SES105	1e+38	-58.2552	-1e+38
BLOCK04/SES046/SA046S28	SES147	1e+38	-60.1474	-1e+38
BLOCK04/SES046/SA046S28	SES148	1e+38	-55.8858	-1e+38
BLOCK04/SES049/SA049S16	SES104	1e+38	-55.516	-1e+38
BLOCK04/SES049/SA049S16	SES106	1e+38	-53.0453	-1e+38
BLOCK04/SES049/SA049S16	SES120	1e+38	-62.1008	-1e+38
BLOCK04/SES049/SA049S16	SES206	1e+38	-55.6827	-1e+38
BLOCK04/SES049/SA049S18	SES099	1e+38	-58.3657	-1e+38
BLOCK04/SES049/SA049S18	SES104	1e+38	-58.2579	-1e+38
BLOCK04/SES049/SA049S18	SES125	1e+38	-57.6081	-1e+38
BLOCK04/SES049/SA049S18	SES206	1e+38	-59.0293	-1e+38
BLOCK04/SES049/SA049S25	SES087	1e+38	-54.029	-1e+38
BLOCK04/SES049/SA049S25	SES104	1e+38	-53.3815	-1e+38
BLOCK04/SES049/SA049S25	SES125	1e+38	-55.3006	-1e+38
BLOCK04/SES049/SA049S25	SES206	1e+38	-53.8423	-1e+38
BLOCK04/SES049/SA049S27	SES099	1e+38	-54.8971	-1e+38
BLOCK04/SES049/SA049S27	SES104	1e+38	-52.6692	-1e+38
BLOCK04/SES049/SA049S27	SES125	1e+38	-54.9477	-1e+38
BLOCK04/SES049/SA049S27	SES206	1e+38	-54.764	-1e+38
BLOCK04/SES049/SA049S29	SES099	1e+38	-54.5213	-1e+38
BLOCK04/SES049/SA049S29	SES104	1e+38	-51.838	-1e+38
BLOCK04/SES049/SA049S29	SES125	1e+38	-54.3639	-1e+38
BLOCK04/SES049/SA049S29	SES206	1e+38	-53.0881	-1e+38
BLOCK06/SES063/SA063S09	SES068	1e+38	-54.4086	-1e+38
BLOCK06/SES063/SA063S09	SES083	1e+38	-52.8478	-1e+38
BLOCK06/SES063/SA063S09	SES177	1e+38	-54.8174	-1e+38
BLOCK06/SES063/SA063S09	SES187	1e+38	-54.3805	-1e+38
BLOCK06/SES063/SA063S10	SES068	1e+38	-56.2773	-1e+38
BLOCK06/SES063/SA063S10	SES083	1e+38	-52.8472	-1e+38
BLOCK06/SES063/SA063S10	SES172	1e+38	-53.3007	-1e+38
BLOCK06/SES063/SA063S10	SES187	1e+38	-56.165	-1e+38
BLOCK06/SES063/SA063S20	SES068	1e+38	-54.7946	-1e+38
BLOCK06/SES063/SA063S20	SES083	1e+38	-52.6712	-1e+38
BLOCK06/SES063/SA063S20	SES172	1e+38	-52.967	-1e+38
BLOCK06/SES063/SA063S20	SES187	1e+38	-53.0419	-1e+38
BLOCK06/SES063/SA063S24	SES029	1e+38	-56.5452	-1e+38
BLOCK06/SES063/SA063S24	SES083	1e+38	-51.103	-1e+38
BLOCK06/SES063/SA063S24	SES177	1e+38	-53.1008	-1e+38
BLOCK06/SES063/SA063S24	SES189	1e+38	-54.8819	-1e+38
BLOCK06/SES063/SA063S27	SES083	1e+38	-52.7545	-1e+38
BLOCK06/SES063/SA063S27	SES172	1e+38	-52.7509	-1e+38
BLOCK06/SES063/SA063S27	SES187	1e+38	-53.9312	-1e+38
BLOCK06/SES063/SA063S27	SES292	1e+38	-54.3521	-1e+38
BLOCK06/SES067/SA067S12	SES083	1e+38	-53.8288	-1e+38
BLOCK06/SES067/SA067S12	SES172	1e+38	-54.9902	-1e+38
BLOCK06/SES067/SA067S12	SES202	1e+38	-51.2439	-1e+38
BLOCK06/SES067/SA067S12	SES292	1e+38	-54.2593	-1e+38
BLOCK06/SES067/SA067S14	SES085	1e+38	-53.9452	-1e+38
BLOCK06/SES067/SA067S14	SES177	1e+38	-53.0942	-1e+38
BLOCK06/SES067/SA067S14	SES183	1e+38	-54.0429	-1e+38
BLOCK06/SES067/SA067S14	SES202	1e+38	-52.1992	-1e+38
BLOCK06/SES067/SA067S21	SES144	1e+38	-54.737	-1e+38
BLOCK06/SES067/SA067S21	SES177	1e+38	-53.86	-1e+38
BLOCK06/SES067/SA067S21	SES183	1e+38	-57.3631	-1e+38
BLOCK06/SES067/SA067S21	SES189	1e+38	-55.3726	-1e+38
BLOCK06/SES067/SA067S25	SES085	1e+38	-51.6809	-1e+38
BLOCK06/SES067/SA067S25	SES177	1e+38	-51.8507	-1e+38
BLOCK06/SES067/SA067S25	SES183	1e+38	-54.293	-1e+38
BLOCK06/SES067/SA067S25	SES202	1e+38	-51.143	-1e+38
BLOCK06/SES067/SA067S29	SES085	1e+38	-53.4031	-1e+38
BLOCK06/SES067/SA067S29	SES177	1e+38	-53.4853	-1e+38
BLOCK06/SES067/SA067S29	SES183	1e+38	-54.5842	-1e+38
BLOCK06/SES067/SA067S29	SES202	1e+38	-52.2457	-1e+38
BLOCK06/SES069/SA069S12	SES029	1e+38	-55.7266	-1e+38
BLOCK06/SES069/SA069S12	SES082	1e+38	-52.3932	-1e+38
BLOCK06/SES069/SA069S12	SES087	1e+38	-54.3532	-1e+38
BLOCK06/SES069/SA069S12	SES206	1e+38	-51.9651	-1e+38
BLOCK06/SES069/SA069S13	SES029	1e+38	-56.6026	-1e+38
BLOCK06/SES069/SA069S13	SES087	1e+38	-54.7764	-1e+38
BLOCK06/SES069/SA069S13	SES206	1e+38	-54.3345	-1e+38
BLOCK06/SES069/SA069S13	SES226	1e+38	-53.8672	-1e+38
BLOCK06/SES069/SA069S23	SES029	1e+38	-53.609	-1e+38
BLOCK06/SES069/SA069S23	SES087	1e+38	-53.282	-1e+38
BLOCK06/SES069/SA069S23	SES206	1e+38	-53.1811	-1e+38
BLOCK06/SES069/SA069S23	SES226	1e+38	-52.7658	-1e+38
BLOCK06/SES069/SA069S25	SES087	1e+38	-52.395	-1e+38
BLOCK06/SES069/SA069S25	SES206	1e+38	-52.3418	-1e+38
BLOCK06/SES069/SA069S25	SES226	1e+38	-51.729	-1e+38
BLOCK06/SES069/SA069S25	SES270	1e+38	-55.3168	-1e+38
BLOCK06/SES069/SA069S27	SES087	1e+38	-54.346	-1e+38
BLOCK06/SES069/SA069S27	SES206	1e+38	-51.2341	-1e+38
BLOCK06/SES069/SA069S27	SES226	1e+38	-51.4982	-1e+38
BLOCK06/SES069/SA069S27	SES270	1e+38	-54.6992	-1e+38
BLOCK08/SES081/SA081S11	SES060	1e+38	-51.0448	-1e+38
BLOCK08/SES081/SA081S11	SES062	1e+38	-53.4696	-1e+38
BLOCK08/SES081/SA081S11	SES117	1e+38	-55.0958	-1e+38
BLOCK08/SES081/SA081S11	SES162	1e+38	-51.7678	-1e+38
BLOCK08/SES081/SA081S13	SES016	1e+38	-50.3974	-1e+38
BLOCK08/SES081/SA081S13	SES060	1e+38	-49.9712	-1e+38
BLOCK08/SES081/SA081S13	SES068	1e+38	-50.7002	-1e+38
BLOCK08/SES081/SA081S13	SES129	1e+38	-53.9972	-1e+38
BLOCK08/SES081/SA081S24	SES060	1e+38	-51.1175	-1e+38
BLOCK08/SES081/SA081S24	SES068	1e+38	-51.7445	-1e+38
BLOCK08/SES081/SA081S24	SES117	1e+38	-55.6077	-1e+38
BLOCK08/SES081/SA081S24	SES275	1e+38	-54.9815	-1e+38
BLOCK08/SES081/SA081S27	SES007	1e+38	-53.4214	-1e+38
BLOCK08/SES081/SA081S27	SES060	1e+38	-52.3402	-1e+38
BLOCK08/SES081/SA081S27	SES117	1e+38	-54.0312	-1e+38
BLOCK08/SES081/SA081S27	SES275	1e+38	-54.3776	-1e+38
BLOCK08/SES081/SA081S29	SES007	1e+38	-53.5605	-1e+38
BLOCK08/SES081/SA081S29	SES060	1e+38	-51.5793	-1e+38
BLOCK08/SES081/SA081S29	SES117	1e+38	-55.7784	-1e+38
BLOCK08/SES081/SA081S29	SES275	1e+38	-54.9673	-1e+38
BLOCK08/SES086/SA086S11	SES029	1e+38	-63.8649	-1e+38
BLOCK08/SES086/SA086S11	SES082	1e+38	-54.8497	-1e+38
BLOCK08/SES086/SA086S11	SES087	1e+38	-52.102	-1e+38
BLOCK08/SES086/SA086S11	SES206	1e+38	-54.8491	-1e+38
BLOCK08/SES086/SA086S12	SES029	1e+38	-62.5834	-1e+38
BLOCK08/SES086/SA086S12	SES082	1e+38	-53.4539	-1e+38
BLOCK08/SES086/SA086S12	SES087	1e+38	-50.6001	-1e+38
BLOCK08/SES086/SA086S12	SES206	1e+38	-53.3609	-1e+38
BLOCK08/SES086/SA086S20	SES029	1e+38	-61.196	-1e+38
BLOCK08/SES086/SA086S20	SES082	1e+38	-53.6406	-1e+38
BLOCK08/SES086/SA086S20	SES087	1e+38	-50.0132	-1e+38
BLOCK08/SES086/SA086S20	SES206	1e+38	-51.4285	-1e+38
BLOCK08/SES086/SA086S24	SES087	1e+38	-51.8062	-1e+38
BLOCK08/SES086/SA086S24	SES104	1e+38	-52.9406	-1e+38
BLOCK08/SES086/SA086S24	SES120	1e+38	-61.382	-1e+38
BLOCK08/SES086/SA086S24	SES206	1e+38	-51.705	-1e+38
BLOCK08/SES086/SA086S28	SES029	1e+38	-56.7204	-1e+38
BLOCK08/SES086/SA086S28	SES082	1e+38	-50.651	-1e+38
BLOCK08/SES086/SA086S28	SES087	1e+38	-49.8326	-1e+38
BLOCK08/SES086/SA086S28	SES206	1e+38	-50.2947	-1e+38
BLOCK08/SES089/SA089S13	SES087	1e+38	-54.3642	-1e+38
BLOCK08/SES089/SA089S13	SES206	1e+38	-55.05	-1e+38
BLOCK08/SES089/SA089S13	SES226	1e+38	-52.4874	-1e+38
BLOCK08/SES089/SA089S13	SES270	1e+38	-62.6434	-1e+38
BLOCK08/SES089/SA089S14	SES062	1e+38	-60.1219	-1e+38
BLOCK08/SES089/SA089S14	SES087	1e+38	-52.8961	-1e+38
BLOCK08/SES089/SA089S14	SES206	1e+38	-53.228	-1e+38
BLOCK08/SES089/SA089S14	SES226	1e+38	-50.8695	-1e+38
BLOCK08/SES089/SA089S23	SES087	1e+38	-55.82	-1e+38
BLOCK08/SES089/SA089S23	SES206	1e+38	-55.7743	-1e+38
BLOCK08/SES089/SA089S23	SES226	1e+38	-52.8006	-1e+38
BLOCK08/SES089/SA089S23	SES270	1e+38	-61.3745	-1e+38
BLOCK08/SES089/SA089S25	SES062	1e+38	-61.9758	-1e+38
BLOCK08/SES089/SA089S25	SES087	1e+38	-53.302	-1e+38
BLOCK08/SES089/SA089S25	SES206	1e+38	-55.1991	-1e+38
BLOCK08/SES089/SA089S25	SES226	1e+38	-50.883	-1e+38
BLOCK08/SES089/SA089S28	SES062	1e+38	-58.4757	-1e+38
BLOCK08/SES089/SA089S28	SES087	1e+38	-53.4613	-1e+38
BLOCK08/SES089/SA089S28	SES206	1e+38	-52.9353	-1e+38
BLOCK08/SES089/SA089S28	SES226	1e+38	-50.6205	-1e+38
BLOCK09/SES097/SA097S11	SES099	1e+38	-52.173	-1e+38
BLOCK09/SES097/SA097S11	SES125	1e+38	-55.6017	-1e+38
BLOCK09/SES097/SA097S11	SES206	1e+38	-53.0801	-1e+38
BLOCK09/SES097/SA097S11	SES226	1e+38	-53.755	-1e+38
BLOCK09/SES097/SA097S14	SES062	1e+38	-59.75	-1e+38
BLOCK09/SES097/SA097S14	SES099	1e+38	-54.1311	-1e+38
BLOCK09/SES097/SA097S14	SES104	1e+38	-52.4989	-1e+38
BLOCK09/SES097/SA097S14	SES206	1e+38	-52.6864	-1e+38
BLOCK09/SES097/SA097S22	SES099	1e+38	-53.8198	-1e+38
BLOCK09/SES097/SA097S22	SES206	1e+38	-53.2115	-1e+38
BLOCK09/SES097/SA097S22	SES226	1e+38	-54.4153	-1e+38
BLOCK09/SES097/SA097S22	SES270	1e+38	-52.3249	-1e+38
BLOCK09/SES097/SA097S26	SES099	1e+38	-52.4639	-1e+38
BLOCK09/SES097/SA097S26	SES120	1e+38	-57.2673	-1e+38
BLOCK09/SES097/SA097S26	SES206	1e+38	-52.1981	-1e+38
BLOCK09/SES097/SA097S26	SES226	1e+38	-55.4658	-1e+38
BLOCK09/SES097/SA097S28	SES099	1e+38	-53.8102	-1e+38
BLOCK09/SES097/SA097S28	SES120	1e+38	-56.3841	-1e+38
BLOCK09/SES097/SA097S28	SES206	1e+38	-53.7892	-1e+38
BLOCK09/SES097/SA097S28	SES226	1e+38	-54.8518	-1e+38
BLOCK09/SES098/SA098S11	SES127	1e+38	-56.4337	-1e+38
BLOCK09/SES098/SA098S11	SES144	1e+38	-56.6031	-1e+38
BLOCK09/SES098/SA098S11	SES147	1e+38	-54.724	-1e+38
BLOCK09/SES098/SA098S11	SES148	1e+38	-59.8097	-1e+38
BLOCK09/SES098/SA098S12	SES127	1e+38	-59.6502	-1e+38
BLOCK09/SES098/SA098S12	SES144	1e+38	-58.4615	-1e+38
BLOCK09/SES098/SA098S12	SES147	1e+38	-57.2176	-1e+38
BLOCK09/SES098/SA098S12	SES189	1e+38	-56.6942	-1e+38
BLOCK09/SES098/SA098S20	SES127	1e+38	-57.571	-1e+38
BLOCK09/SES098/SA098S20	SES147	1e+38	-55.9195	-1e+38
BLOCK09/SES098/SA098S20	SES148	1e+38	-60.942	-1e+38
BLOCK09/SES098/SA098S20	SES292	1e+38	-60.6001	-1e+38
BLOCK09/SES098/SA098S23	SES127	1e+38	-55.5876	-1e+38
BLOCK09/SES098/SA098S23	SES147	1e+38	-54.1598	-1e+38
BLOCK09/SES098/SA098S23	SES187	1e+38	-53.9247	-1e+38
BLOCK09/SES098/SA098S23	SES292	1e+38	-57.9584	-1e+38
BLOCK09/SES098/SA098S27	SES127	1e+38	-57.2182	-1e+38
BLOCK09/SES098/SA098S27	SES147	1e+38	-56.1961	-1e+38
BLOCK09/SES098/SA098S27	SES148	1e+38	-60.4955	-1e+38
BLOCK09/SES098/SA098S27	SES292	1e+38	-59.1454	-1e+38
BLOCK10/SES102/SA102S13	SES101	1e+38	-53.2554	-1e+38
BLOCK10/SES102/SA102S13	SES105	1e+38	-54.5807	-1e+38
BLOCK10/SES102/SA102S13	SES120	1e+38	-54.3668	-1e+38
BLOCK10/SES102/SA102S13	SES158	1e+38	-61.9462	-1e+38
BLOCK10/SES102/SA102S14	SES007	1e+38	-50.9155	-1e+38
BLOCK10/SES102/SA102S14	SES101	1e+38	-50.5246	-1e+38
BLOCK10/SES102/SA102S14	SES105	1e+38	-52.4734	-1e+38
BLOCK10/SES102/SA102S14	SES147	1e+38	-58.0735	-1e+38
BLOCK10/SES102/SA102S22	SES007	1e+38	-52.2215	-1e+38
BLOCK10/SES102/SA102S22	SES101	1e+38	-51.5204	-1e+38
BLOCK10/SES102/SA102S22	SES105	1e+38	-52.8266	-1e+38
BLOCK10/SES102/SA102S22	SES158	1e+38	-56.1557	-1e+38
BLOCK10/SES102/SA102S25	SES007	1e+38	-52.1813	-1e+38
BLOCK10/SES102/SA102S25	SES101	1e+38	-51.8682	-1e+38
BLOCK10/SES102/SA102S25	SES105	1e+38	-52.7492	-1e+38
BLOCK10/SES102/SA102S25	SES147	1e+38	-59.9887	-1e+38
BLOCK10/SES102/SA102S27	SES007	1e+38	-52.911	-1e+38
BLOCK10/SES102/SA102S27	SES101	1e+38	-53.0834	-1e+38
BLOCK10/SES102/SA102S27	SES105	1e+38	-53.2554	-1e+38
BLOCK10/SES102/SA102S27	SES147	1e+38	-58.4756	-1e+38
BLOCK10/SES103/SA103S14	SES105	1e+38	-61.1562	-1e+38
BLOCK10/SES103/SA103S14	SES106	1e+38	-53.108	-1e+38
BLOCK10/SES103/SA103S14	SES120	1e+38	-60.4796	-1e+38
BLOCK10/SES103/SA103S14	SES206	1e+38	-54.9408	-1e+38
BLOCK10/SES103/SA103S15	SES099	1e+38	-55.9184	-1e+38
BLOCK10/SES103/SA103S15	SES101	1e+38	-67.5047	-1e+38
BLOCK10/SES103/SA103S15	SES104	1e+38	-53.9335	-1e+38
BLOCK10/SES103/SA103S15	SES125	1e+38	-54.1243	-1e+38
BLOCK10/SES103/SA103S24	SES104	1e+38	-52.9317	-1e+38
BLOCK10/SES103/SA103S24	SES125	1e+38	-54.3714	-1e+38
BLOCK10/SES103/SA103S24	SES148	1e+38	-60.6443	-1e+38
BLOCK10/SES103/SA103S24	SES158	1e+38	-55.4991	-1e+38
BLOCK10/SES103/SA103S26	SES104	1e+38	-52.3375	-1e+38
BLOCK10/SES103/SA103S26	SES106	1e+38	-51.4614	-1e+38
BLOCK10/SES103/SA103S26	SES125	1e+38	-53.5814	-1e+38
BLOCK10/SES103/SA103S26	SES148	1e+38	-60.5154	-1e+38
BLOCK10/SES103/SA103S28	SES104	1e+38	-53.132	-1e+38
BLOCK10/SES103/SA103S28	SES106	1e+38	-54.4864	-1e+38
BLOCK10/SES103/SA103S28	SES125	1e+38	-55.3282	-1e+38
BLOCK10/SES103/SA103S28	SES206	1e+38	-53.5468	-1e+38
BLOCK12/SES121/SA121S12	SES042	1e+38	-58.9843	-1e+38
BLOCK12/SES121/SA121S12	SES087	1e+38	-56.2149	-1e+38
BLOCK12/SES121/SA121S12	SES105	1e+38	-58.1891	-1e+38
BLOCK12/SES121/SA121S12	SES206	1e+38	-55.4782	-1e+38
BLOCK12/SES121/SA121S14	SES007	1e+38	-64.6928	-1e+38
BLOCK12/SES121/SA121S14	SES105	1e+38	-63.9044	-1e+38
BLOCK12/SES121/SA121S14	SES106	1e+38	-58.6498	-1e+38
BLOCK12/SES121/SA121S14	SES206	1e+38	-59.4512	-1e+38
BLOCK12/SES121/SA121S23	SES105	1e+38	-59.0118	-1e+38
BLOCK12/SES121/SA121S23	SES106	1e+38	-56.2189	-1e+38
BLOCK12/SES121/SA121S23	SES120	1e+38	-61.0234	-1e+38
BLOCK12/SES121/SA121S23	SES206	1e+38	-55.8556	-1e+38
BLOCK12/SES121/SA121S25	SES007	1e+38	-63.7356	-1e+38
BLOCK12/SES121/SA121S25	SES105	1e+38	-64.5101	-1e+38
BLOCK12/SES121/SA121S25	SES106	1e+38	-58.8242	-1e+38
BLOCK12/SES121/SA121S25	SES206	1e+38	-59.1888	-1e+38
BLOCK12/SES121/SA121S27	SES087	1e+38	-54.1824	-1e+38
BLOCK12/SES121/SA121S27	SES105	1e+38	-63.8944	-1e+38
BLOCK12/SES121/SA121S27	SES120	1e+38	-64.1606	-1e+38
BLOCK12/SES121/SA121S27	SES206	1e+38	-56.7084	-1e+38
BLOCK12/SES124/SA124S16	SES042	1e+38	-52.2156	-1e+38
BLOCK12/SES124/SA124S16	SES082	1e+38	-53.0547	-1e+38
BLOCK12/SES124/SA124S16	SES183	1e+38	-63.4341	-1e+38
BLOCK12/SES124/SA124S16	SES206	1e+38	-53.4436	-1e+38
BLOCK12/SES124/SA124S17	SES105	1e+38	-62.2535	-1e+38
BLOCK12/SES124/SA124S17	SES149	1e+38	-57.7139	-1e+38
BLOCK12/SES124/SA124S17	SES158	1e+38	-62.2583	-1e+38
BLOCK12/SES124/SA124S17	SES275	1e+38	-63.9455	-1e+38
BLOCK12/SES124/SA124S23	SES105	1e+38	-59.6715	-1e+38
BLOCK12/SES124/SA124S23	SES125	1e+38	-50.7246	-1e+38
BLOCK12/SES124/SA124S23	SES129	1e+38	-60.2052	-1e+38
BLOCK12/SES124/SA124S23	SES158	1e+38	-57.6257	-1e+38
BLOCK12/SES124/SA124S26	SES105	1e+38	-66.3229	-1e+38
BLOCK12/SES124/SA124S26	SES125	1e+38	-51.5591	-1e+38
BLOCK12/SES124/SA124S26	SES129	1e+38	-65.4393	-1e+38
BLOCK12/SES124/SA124S26	SES158	1e+38	-62.7005	-1e+38
BLOCK12/SES124/SA124S28	SES104	1e+38	-53.4801	-1e+38
BLOCK12/SES124/SA124S28	SES106	1e+38	-51.35	-1e+38
BLOCK12/SES124/SA124S28	SES125	1e+38	-50.5609	-1e+38
BLOCK12/SES124/SA124S28	SES275	1e+38	-63.236	-1e+38
BLOCK12/SES126/SA126S13	SES007	1e+38	-57.2988	-1e+38
BLOCK12/SES126/SA126S13	SES162	1e+38	-54.0024	-1e+38
BLOCK12/SES126/SA126S13	SES177	1e+38	-54.3806	-1e+38
BLOCK12/SES126/SA126S13	SES180	1e+38	-54.028	-1e+38
BLOCK12/SES126/SA126S14	SES144	1e+38	-53.9148	-1e+38
BLOCK12/SES126/SA126S14	SES148	1e+38	-55.9914	-1e+38
BLOCK12/SES126/SA126S14	SES177	1e+38	-53.1117	-1e+38
BLOCK12/SES126/SA126S14	SES180	1e+38	-53.6568	-1e+38
BLOCK12/SES126/SA126S20	SES007	1e+38	-56.7407	-1e+38
BLOCK12/SES126/SA126S20	SES162	1e+38	-55.651	-1e+38
BLOCK12/SES126/SA126S20	SES172	1e+38	-56.292	-1e+38
BLOCK12/SES126/SA126S20	SES180	1e+38	-54.4733	-1e+38
BLOCK12/SES126/SA126S24	SES120	1e+38	-54.314	-1e+38
BLOCK12/SES126/SA126S24	SES162	1e+38	-54.0221	-1e+38
BLOCK12/SES126/SA126S24	SES177	1e+38	-53.6125	-1e+38
BLOCK12/SES126/SA126S24	SES180	1e+38	-52.5687	-1e+38
BLOCK12/SES126/SA126S26	SES120	1e+38	-54.9332	-1e+38
BLOCK12/SES126/SA126S26	SES177	1e+38	-54.2404	-1e+38
BLOCK12/SES126/SA126S26	SES180	1e+38	-53.412	-1e+38
BLOCK12/SES126/SA126S26	SES202	1e+38	-56.3068	-1e+38
BLOCK12/SES128/SA128S10	SES087	1e+38	-55.5128	-1e+38
BLOCK12/SES128/SA128S10	SES206	1e+38	-54.3267	-1e+38
BLOCK12/SES128/SA128S10	SES226	1e+38	-53.1296	-1e+38
BLOCK12/SES128/SA128S10	SES270	1e+38	-56.3273	-1e+38
BLOCK12/SES128/SA128S12	SES120	1e+38	-57.234	-1e+38
BLOCK12/SES128/SA128S12	SES158	1e+38	-54.8113	-1e+38
BLOCK12/SES128/SA128S12	SES206	1e+38	-53.8659	-1e+38
BLOCK12/SES128/SA128S12	SES226	1e+38	-53.4916	-1e+38
BLOCK12/SES128/SA128S21	SES106	1e+38	-55.4021	-1e+38
BLOCK12/SES128/SA128S21	SES120	1e+38	-57.6471	-1e+38
BLOCK12/SES128/SA128S21	SES206	1e+38	-54.9084	-1e+38
BLOCK12/SES128/SA128S21	SES226	1e+38	-53.8709	-1e+38
BLOCK12/SES128/SA128S24	SES087	1e+38	-57.4234	-1e+38
BLOCK12/SES128/SA128S24	SES120	1e+38	-56.3463	-1e+38
BLOCK12/SES128/SA128S24	SES206	1e+38	-56.8548	-1e+38
BLOCK12/SES128/SA128S24	SES226	1e+38	-55.5659	-1e+38
BLOCK12/SES128/SA128S27	SES099	1e+38	-55.8708	-1e+38
BLOCK12/SES128/SA128S27	SES120	1e+38	-56.2786	-1e+38
BLOCK12/SES128/SA128S27	SES206	1e+38	-54.1499	-1e+38
BLOCK12/SES128/SA128S27	SES226	1e+38	-53.0424	-1e+38
BLOCK13/SES130/SA130S13	SES143	1e+38	-63.6788	-1e+38
BLOCK13/SES130/SA130S13	SES144	1e+38	-56.0333	-1e+38
BLOCK13/SES130/SA130S13	SES146	1e+38	-56.1383	-1e+38
BLOCK13/SES130/SA130S13	SES275	1e+38	-59.1228	-1e+38
BLOCK13/SES130/SA130S15	SES143	1e+38	-58.4543	-1e+38
BLOCK13/SES130/SA130S15	SES144	1e+38	-53.5819	-1e+38
BLOCK13/SES130/SA130S15	SES146	1e+38	-53.751	-1e+38
BLOCK13/SES130/SA130S15	SES275	1e+38	-55.0127	-1e+38
BLOCK13/SES130/SA130S23	SES127	1e+38	-60.6953	-1e+38
BLOCK13/SES130/SA130S23	SES144	1e+38	-55.7341	-1e+38
BLOCK13/SES130/SA130S23	SES146	1e+38	-54.8009	-1e+38
BLOCK13/SES130/SA130S23	SES162	1e+38	-58.4444	-1e+38
BLOCK13/SES130/SA130S25	SES127	1e+38	-56.4008	-1e+38
BLOCK13/SES130/SA130S25	SES144	1e+38	-53.0948	-1e+38
BLOCK13/SES130/SA130S25	SES146	1e+38	-53.0816	-1e+38
BLOCK13/SES130/SA130S25	SES275	1e+38	-54.326	-1e+38
BLOCK13/SES130/SA130S28	SES127	1e+38	-54.1626	-1e+38
BLOCK13/SES130/SA130S28	SES144	1e+38	-53.2814	-1e+38
BLOCK13/SES130/SA130S28	SES146	1e+38	-53.829	-1e+38
BLOCK13/SES130/SA130S28	SES275	1e+38	-53.5417	-1e+38
BLOCK13/SES131/SA131S13	SES002	1e+38	-58.0657	-1e+38
BLOCK13/SES131/SA131S13	SES007	1e+38	-63.7513	-1e+38
BLOCK13/SES131/SA131S13	SES099	1e+38	-58.297	-1e+38
BLOCK13/SES131/SA131S13	SES105	1e+38	-62.2726	-1e+38
BLOCK13/SES131/SA131S14	SES104	1e+38	-54.9104	-1e+38
BLOCK13/SES131/SA131S14	SES106	1e+38	-54.4859	-1e+38
BLOCK13/SES131/SA131S14	SES125	1e+38	-54.0817	-1e+38
BLOCK13/SES131/SA131S14	SES148	1e+38	-57.8051	-1e+38
BLOCK13/SES131/SA131S20	SES104	1e+38	-57.2427	-1e+38
BLOCK13/SES131/SA131S20	SES106	1e+38	-55.8648	-1e+38
BLOCK13/SES131/SA131S20	SES125	1e+38	-56.4661	-1e+38
BLOCK13/SES131/SA131S20	SES148	1e+38	-62.8542	-1e+38
BLOCK13/SES131/SA131S22	SES099	1e+38	-56.5013	-1e+38
BLOCK13/SES131/SA131S22	SES104	1e+38	-56.2928	-1e+38
BLOCK13/SES131/SA131S22	SES125	1e+38	-54.9512	-1e+38
BLOCK13/SES131/SA131S22	SES206	1e+38	-56.708	-1e+38
BLOCK13/SES131/SA131S29	SES087	1e+38	-54.5899	-1e+38
BLOCK13/SES131/SA131S29	SES104	1e+38	-57.7385	-1e+38
BLOCK13/SES131/SA131S29	SES125	1e+38	-56.5306	-1e+38
BLOCK13/SES131/SA131S29	SES206	1e+38	-57.3039	-1e+38
BLOCK13/SES132/SA132S11	SES083	1e+38	-52.7009	-1e+38
BLOCK13/SES132/SA132S11	SES120	1e+38	-52.0702	-1e+38
BLOCK13/SES132/SA132S11	SES127	1e+38	-52.4827	-1e+38
BLOCK13/SES132/SA132S11	SES275	1e+38	-53.9911	-1e+38
BLOCK13/SES132/SA132S12	SES083	1e+38	-52.9317	-1e+38
BLOCK13/SES132/SA132S12	SES143	1e+38	-54.5136	-1e+38
BLOCK13/SES132/SA132S12	SES144	1e+38	-52.2439	-1e+38
BLOCK13/SES132/SA132S12	SES148	1e+38	-53.3735	-1e+38
BLOCK13/SES132/SA132S22	SES062	1e+38	-52.3322	-1e+38
BLOCK13/SES132/SA132S22	SES083	1e+38	-51.8502	-1e+38
BLOCK13/SES132/SA132S22	SES127	1e+38	-51.9201	-1e+38
BLOCK13/SES132/SA132S22	SES275	1e+38	-53.4108	-1e+38
BLOCK13/SES132/SA132S24	SES007	1e+38	-52.7145	-1e+38
BLOCK13/SES132/SA132S24	SES083	1e+38	-52.0709	-1e+38
BLOCK13/SES132/SA132S24	SES127	1e+38	-52.4369	-1e+38
BLOCK13/SES132/SA132S24	SES275	1e+38	-53.5874	-1e+38
BLOCK13/SES132/SA132S27	SES083	1e+38	-53.3156	-1e+38
BLOCK13/SES132/SA132S27	SES120	1e+38	-52.1531	-1e+38
BLOCK13/SES132/SA132S27	SES127	1e+38	-53.0831	-1e+38
BLOCK13/SES132/SA132S27	SES275	1e+38	-54.247	-1e+38
BLOCK14/SES141/SA141S09	SES143	1e+38	-53.7498	-1e+38
BLOCK14/SES141/SA141S09	SES144	1e+38	-53.4794	-1e+38
BLOCK14/SES141/SA141S09	SES162	1e+38	-52.7748	-1e+38
BLOCK14/SES141/SA141S09	SES180	1e+38	-53.071	-1e+38
BLOCK14/SES141/SA141S15	SES127	1e+38	-53.7908	-1e+38
BLOCK14/SES141/SA141S15	SES144	1e+38	-53.2756	-1e+38
BLOCK14/SES141/SA141S15	SES162	1e+38	-53.006	-1e+38
BLOCK14/SES141/SA141S15	SES180	1e+38	-52.5319	-1e+38
BLOCK14/SES141/SA141S24	SES127	1e+38	-53.1572	-1e+38
BLOCK14/SES141/SA141S24	SES144	1e+38	-55.4895	-1e+38
BLOCK14/SES141/SA141S24	SES162	1e+38	-52.9292	-1e+38
BLOCK14/SES141/SA141S24	SES183	1e+38	-57.089	-1e+38
BLOCK14/SES141/SA141S26	SES142	1e+38	-56.3525	-1e+38
BLOCK14/SES141/SA141S26	SES144	1e+38	-54.9568	-1e+38
BLOCK14/SES141/SA141S26	SES172	1e+38	-55.3567	-1e+38
BLOCK14/SES141/SA141S26	SES180	1e+38	-54.4848	-1e+38
BLOCK14/SES141/SA141S29	SES127	1e+38	-51.9728	-1e+38
BLOCK14/SES141/SA141S29	SES142	1e+38	-50.9926	-1e+38
BLOCK14/SES141/SA141S29	SES144	1e+38	-52.8934	-1e+38
BLOCK14/SES141/SA141S29	SES180	1e+38	-51.26	-1e+38
BLOCK15/SES157/SA157S08	SES083	1e+38	-54.1361	-1e+38
BLOCK15/SES157/SA157S08	SES127	1e+38	-56.2797	-1e+38
BLOCK15/SES157/SA157S08	SES148	1e+38	-54.0105	-1e+38
BLOCK15/SES157/SA157S08	SES292	1e+38	-55.5828	-1e+38
BLOCK15/SES157/SA157S11	SES083	1e+38	-54.7433	-1e+38
BLOCK15/SES157/SA157S11	SES127	1e+38	-56.4795	-1e+38
BLOCK15/SES157/SA157S11	SES148	1e+38	-54.4523	-1e+38
BLOCK15/SES157/SA157S11	SES292	1e+38	-54.9851	-1e+38
BLOCK15/SES157/SA157S21	SES127	1e+38	-59.7311	-1e+38
BLOCK15/SES157/SA157S21	SES148	1e+38	-54.5424	-1e+38
BLOCK15/SES157/SA157S21	SES158	1e+38	-59.2184	-1e+38
BLOCK15/SES157/SA157S21	SES292	1e+38	-55.7548	-1e+38
BLOCK15/SES157/SA157S24	SES127	1e+38	-56.5113	-1e+38
BLOCK15/SES157/SA157S24	SES148	1e+38	-53.2879	-1e+38
BLOCK15/SES157/SA157S24	SES183	1e+38	-54.701	-1e+38
BLOCK15/SES157/SA157S24	SES292	1e+38	-53.6151	-1e+38
BLOCK15/SES157/SA157S26	SES007	1e+38	-51.9909	-1e+38
BLOCK15/SES157/SA157S26	SES127	1e+38	-53.768	-1e+38
BLOCK15/SES157/SA157S26	SES147	1e+38	-59.8193	-1e+38
BLOCK15/SES157/SA157S26	SES148	1e+38	-52.6908	-1e+38
BLOCK16/SES161/SA161S10	SES007	1e+38	-58.3886	-1e+38
BLOCK16/SES161/SA161S10	SES105	1e+38	-56.04	-1e+38
BLOCK16/SES161/SA161S10	SES158	1e+38	-58.7888	-1e+38
BLOCK16/SES161/SA161S10	SES275	1e+38	-57.1679	-1e+38
BLOCK16/SES161/SA161S12	SES007	1e+38	-55.5017	-1e+38
BLOCK16/SES161/SA161S12	SES105	1e+38	-56.9091	-1e+38
BLOCK16/SES161/SA161S12	SES158	1e+38	-57.3286	-1e+38
BLOCK16/SES161/SA161S12	SES275	1e+38	-56.6153	-1e+38
BLOCK16/SES161/SA161S20	SES007	1e+38	-61.4058	-1e+38
BLOCK16/SES161/SA161S20	SES105	1e+38	-60.9304	-1e+38
BLOCK16/SES161/SA161S20	SES158	1e+38	-61.9208	-1e+38
BLOCK16/SES161/SA161S20	SES275	1e+38	-60.2218	-1e+38
BLOCK16/SES161/SA161S23	SES007	1e+38	-57.7023	-1e+38
BLOCK16/SES161/SA161S23	SES105	1e+38	-56.0182	-1e+38
BLOCK16/SES161/SA161S23	SES148	1e+38	-58.6224	-1e+38
BLOCK16/SES161/SA161S23	SES158	1e+38	-56.9557	-1e+38
BLOCK16/SES161/SA161S28	SES007	1e+38	-56.347	-1e+38
BLOCK16/SES161/SA161S28	SES105	1e+38	-57.4417	-1e+38
BLOCK16/SES161/SA161S28	SES158	1e+38	-55.8735	-1e+38
BLOCK16/SES161/SA161S28	SES206	1e+38	-55.6638	-1e+38
BLOCK16/SES164/SA164S11	SES104	1e+38	-54.0179	-1e+38
BLOCK16/SES164/SA164S11	SES125	1e+38	-52.2747	-1e+38
BLOCK16/SES164/SA164S11	SES158	1e+38	-55.5358	-1e+38
BLOCK16/SES164/SA164S11	SES206	1e+38	-51.7458	-1e+38
BLOCK16/SES164/SA164S13	SES099	1e+38	-53.5327	-1e+38
BLOCK16/SES164/SA164S13	SES104	1e+38	-56.6651	-1e+38
BLOCK16/SES164/SA164S13	SES125	1e+38	-56.4943	-1e+38
BLOCK16/SES164/SA164S13	SES206	1e+38	-54.3525	-1e+38
BLOCK16/SES164/SA164S24	SES002	1e+38	-49.7237	-1e+38
BLOCK16/SES164/SA164S24	SES099	1e+38	-51.2628	-1e+38
BLOCK16/SES164/SA164S24	SES125	1e+38	-53.5134	-1e+38
BLOCK16/SES164/SA164S24	SES226	1e+38	-54.212	-1e+38
BLOCK16/SES164/SA164S27	SES087	1e+38	-55.0755	-1e+38
BLOCK16/SES164/SA164S27	SES125	1e+38	-54.9083	-1e+38
BLOCK16/SES164/SA164S27	SES206	1e+38	-53.2629	-1e+38
BLOCK16/SES164/SA164S27	SES226	1e+38	-55.7202	-1e+38
BLOCK16/SES164/SA164S29	SES002	1e+38	-51.215	-1e+38
BLOCK16/SES164/SA164S29	SES019	1e+38	-51.0067	-1e+38
BLOCK16/SES164/SA164S29	SES125	1e+38	-53.0728	-1e+38
BLOCK16/SES164/SA164S29	SES226	1e+38	-52.8195	-1e+38
BLOCK16/SES169/SA169S13	SES117	1e+38	-57.8919	-1e+38
BLOCK16/SES169/SA169S13	SES144	1e+38	-53.3889	-1e+38
BLOCK16/SES169/SA169S13	SES146	1e+38	-54.0935	-1e+38
BLOCK16/SES169/SA169S13	SES162	1e+38	-56.0955	-1e+38
BLOCK16/SES169/SA169S14	SES144	1e+38	-50.8035	-1e+38
BLOCK16/SES169/SA169S14	SES148	1e+38	-50.892	-1e+38
BLOCK16/SES169/SA169S14	SES177	1e+38	-50.7951	-1e+38
BLOCK16/SES169/SA169S14	SES180	1e+38	-52.7264	-1e+38
BLOCK16/SES169/SA169S24	SES117	1e+38	-58.6554	-1e+38
BLOCK16/SES169/SA169S24	SES144	1e+38	-53.4561	-1e+38
BLOCK16/SES169/SA169S24	SES146	1e+38	-53.9978	-1e+38
BLOCK16/SES169/SA169S24	SES162	1e+38	-56.5427	-1e+38
BLOCK16/SES169/SA169S27	SES127	1e+38	-54.3	-1e+38
BLOCK16/SES169/SA169S27	SES129	1e+38	-53.8573	-1e+38
BLOCK16/SES169/SA169S27	SES144	1e+38	-53.127	-1e+38
BLOCK16/SES169/SA169S27	SES146	1e+38	-52.5413	-1e+38
BLOCK16/SES169/SA169S29	SES144	1e+38	-51.9928	-1e+38
BLOCK16/SES169/SA169S29	SES162	1e+38	-54.0272	-1e+38
BLOCK16/SES169/SA169S29	SES177	1e+38	-55.9034	-1e+38
BLOCK16/SES169/SA169S29	SES180	1e+38	-55.1075	-1e+38
BLOCK17/SES171/SA171S12	SES083	1e+38	-55.1528	-1e+38
BLOCK17/SES171/SA171S12	SES148	1e+38	-55.3343	-1e+38
BLOCK17/SES171/SA171S12	SES172	1e+38	-53.9686	-1e+38
BLOCK17/SES171/SA171S12	SES292	1e+38	-57.1083	-1e+38
BLOCK17/SES171/SA171S15	SES148	1e+38	-56.5644	-1e+38
BLOCK17/SES171/SA171S15	SES177	1e+38	-55.7272	-1e+38
BLOCK17/SES171/SA171S15	SES180	1e+38	-57.4503	-1e+38
BLOCK17/SES171/SA171S15	SES292	1e+38	-60.0023	-1e+38
BLOCK17/SES171/SA171S22	SES007	1e+38	-53.4898	-1e+38
BLOCK17/SES171/SA171S22	SES148	1e+38	-53.9789	-1e+38
BLOCK17/SES171/SA171S22	SES177	1e+38	-52.5853	-1e+38
BLOCK17/SES171/SA171S22	SES180	1e+38	-55.1628	-1e+38
BLOCK17/SES171/SA171S25	SES101	1e+38	-56.4872	-1e+38
BLOCK17/SES171/SA171S25	SES120	1e+38	-57.8587	-1e+38
BLOCK17/SES171/SA171S25	SES177	1e+38	-55.3853	-1e+38
BLOCK17/SES171/SA171S25	SES180	1e+38	-57.4198	-1e+38
BLOCK17/SES171/SA171S27	SES177	1e+38	-53.1953	-1e+38
BLOCK17/SES171/SA171S27	SES180	1e+38	-55.6711	-1e+38
BLOCK17/SES171/SA171S27	SES189	1e+38	-54.1515	-1e+38
BLOCK17/SES171/SA171S27	SES292	1e+38	-56.898	-1e+38
BLOCK17/SES173/SA173S13	SES162	1e+38	-53.7391	-1e+38
BLOCK17/SES173/SA173S13	SES177	1e+38	-55.5674	-1e+38
BLOCK17/SES173/SA173S13	SES180	1e+38	-55.5218	-1e+38
BLOCK17/SES173/SA173S13	SES292	1e+38	-58.1039	-1e+38
BLOCK17/SES173/SA173S14	SES007	1e+38	-57.6562	-1e+38
BLOCK17/SES173/SA173S14	SES162	1e+38	-53.9917	-1e+38
BLOCK17/SES173/SA173S14	SES177	1e+38	-54.9801	-1e+38
BLOCK17/SES173/SA173S14	SES180	1e+38	-55.5585	-1e+38
BLOCK17/SES173/SA173S24	SES144	1e+38	-56.5159	-1e+38
BLOCK17/SES173/SA173S24	SES162	1e+38	-56.493	-1e+38
BLOCK17/SES173/SA173S24	SES177	1e+38	-57.4015	-1e+38
BLOCK17/SES173/SA173S24	SES180	1e+38	-58.1311	-1e+38
BLOCK17/SES173/SA173S27	SES162	1e+38	-53.9426	-1e+38
BLOCK17/SES173/SA173S27	SES177	1e+38	-54.4147	-1e+38
BLOCK17/SES173/SA173S27	SES180	1e+38	-54.3401	-1e+38
BLOCK17/SES173/SA173S27	SES292	1e+38	-57.9489	-1e+38
BLOCK17/SES173/SA173S29	SES162	1e+38	-55.3122	-1e+38
BLOCK17/SES173/SA173S29	SES175	1e+38	-55.2712	-1e+38
BLOCK17/SES173/SA173S29	SES177	1e+38	-55.5187	-1e+38
BLOCK17/SES173/SA173S29	SES292	1e+38	-59.4682	-1e+38
BLOCK18/SES182/SA182S10	SES144	1e+38	-54.164	-1e+38
BLOCK18/SES182/SA182S10	SES177	1e+38	-55.8677	-1e+38
BLOCK18/SES182/SA182S10	SES180	1e+38	-56.2212	-1e+38
BLOCK18/SES182/SA182S10	SES275	1e+38	-54.2381	-1e+38
BLOCK18/SES182/SA182S12	SES144	1e+38	-51.7553	-1e+38
BLOCK18/SES182/SA182S12	SES177	1e+38	-53.037	-1e+38
BLOCK18/SES182/SA182S12	SES180	1e+38	-52.5898	-1e+38
BLOCK18/SES182/SA182S12	SES275	1e+38	-53.0071	-1e+38
BLOCK18/SES182/SA182S21	SES117	1e+38	-54.7493	-1e+38
BLOCK18/SES182/SA182S21	SES144	1e+38	-53.7881	-1e+38
BLOCK18/SES182/SA182S21	SES162	1e+38	-52.3955	-1e+38
BLOCK18/SES182/SA182S21	SES180	1e+38	-53.8466	-1e+38
BLOCK18/SES182/SA182S23	SES117	1e+38	-55.4899	-1e+38
BLOCK18/SES182/SA182S23	SES144	1e+38	-54.6987	-1e+38
BLOCK18/SES182/SA182S23	SES180	1e+38	-54.4789	-1e+38
BLOCK18/SES182/SA182S23	SES275	1e+38	-55.3517	-1e+38
BLOCK18/SES182/SA182S25	SES007	1e+38	-55.498	-1e+38
BLOCK18/SES182/SA182S25	SES162	1e+38	-53.4346	-1e+38
BLOCK18/SES182/SA182S25	SES177	1e+38	-54.1517	-1e+38
BLOCK18/SES182/SA182S25	SES180	1e+38	-54.5973	-1e+38
BLOCK18/SES184/SA184S12	SES177	1e+38	-55.8502	-1e+38
BLOCK18/SES184/SA184S12	SES180	1e+38	-56.0698	-1e+38
BLOCK18/SES184/SA184S12	SES189	1e+38	-58.2091	-1e+38
BLOCK18/SES184/SA184S12	SES292	1e+38	-57.4346	-1e+38
BLOCK18/SES184/SA184S13	SES101	1e+38	-53.5233	-1e+38
BLOCK18/SES184/SA184S13	SES177	1e+38	-53.7857	-1e+38
BLOCK18/SES184/SA184S13	SES180	1e+38	-53.9763	-1e+38
BLOCK18/SES184/SA184S13	SES292	1e+38	-54.8165	-1e+38
BLOCK18/SES184/SA184S22	SES177	1e+38	-53.7532	-1e+38
BLOCK18/SES184/SA184S22	SES180	1e+38	-54.0041	-1e+38
BLOCK18/SES184/SA184S22	SES189	1e+38	-56.7841	-1e+38
BLOCK18/SES184/SA184S22	SES292	1e+38	-54.5697	-1e+38
BLOCK18/SES184/SA184S25	SES101	1e+38	-51.0607	-1e+38
BLOCK18/SES184/SA184S25	SES177	1e+38	-51.787	-1e+38
BLOCK18/SES184/SA184S25	SES180	1e+38	-52.3888	-1e+38
BLOCK18/SES184/SA184S25	SES292	1e+38	-52.1708	-1e+38
BLOCK18/SES184/SA184S27	SES083	1e+38	-53.6994	-1e+38
BLOCK18/SES184/SA184S27	SES177	1e+38	-52.3818	-1e+38
BLOCK18/SES184/SA184S27	SES202	1e+38	-56.6465	-1e+38
BLOCK18/SES184/SA184S27	SES292	1e+38	-53.3629	-1e+38
BLOCK20/SES204/SA204S12	SES062	1e+38	-58.6266	-1e+38
BLOCK20/SES204/SA204S12	SES083	1e+38	-58.0191	-1e+38
BLOCK20/SES204/SA204S12	SES206	1e+38	-52.7951	-1e+38
BLOCK20/SES204/SA204S12	SES226	1e+38	-54.0683	-1e+38
BLOCK20/SES204/SA204S14	SES068	1e+38	-58.5516	-1e+38
BLOCK20/SES204/SA204S14	SES087	1e+38	-51.8456	-1e+38
BLOCK20/SES204/SA204S14	SES206	1e+38	-53.2571	-1e+38
BLOCK20/SES204/SA204S14	SES226	1e+38	-52.6303	-1e+38
BLOCK20/SES204/SA204S22	SES068	1e+38	-60.7301	-1e+38
BLOCK20/SES204/SA204S22	SES082	1e+38	-56.1459	-1e+38
BLOCK20/SES204/SA204S22	SES083	1e+38	-59.9274	-1e+38
BLOCK20/SES204/SA204S22	SES206	1e+38	-54.2858	-1e+38
BLOCK20/SES204/SA204S25	SES062	1e+38	-60.9348	-1e+38
BLOCK20/SES204/SA204S25	SES083	1e+38	-59.5583	-1e+38
BLOCK20/SES204/SA204S25	SES206	1e+38	-52.5276	-1e+38
BLOCK20/SES204/SA204S25	SES226	1e+38	-54.0462	-1e+38
BLOCK20/SES204/SA204S27	SES068	1e+38	-63.0676	-1e+38
BLOCK20/SES204/SA204S27	SES082	1e+38	-53.8223	-1e+38
BLOCK20/SES204/SA204S27	SES087	1e+38	-52.3472	-1e+38
BLOCK20/SES204/SA204S27	SES206	1e+38	-53.5445	-1e+38
BLOCK20/SES207/SA207S10	SES127	1e+38	-54.2998	-1e+38
BLOCK20/SES207/SA207S10	SES183	1e+38	-55.6459	-1e+38
BLOCK20/SES207/SA207S10	SES189	1e+38	-55.2526	-1e+38
BLOCK20/SES207/SA207S10	SES292	1e+38	-55.1919	-1e+38
BLOCK20/SES207/SA207S11	SES127	1e+38	-55.742	-1e+38
BLOCK20/SES207/SA207S11	SES183	1e+38	-55.1221	-1e+38
BLOCK20/SES207/SA207S11	SES187	1e+38	-55.145	-1e+38
BLOCK20/SES207/SA207S11	SES292	1e+38	-55.2489	-1e+38
BLOCK20/SES207/SA207S25	SES068	1e+38	-54.8667	-1e+38
BLOCK20/SES207/SA207S25	SES083	1e+38	-54.943	-1e+38
BLOCK20/SES207/SA207S25	SES127	1e+38	-53.5376	-1e+38
BLOCK20/SES207/SA207S25	SES187	1e+38	-52.4325	-1e+38
BLOCK20/SES207/SA207S27	SES127	1e+38	-54.7019	-1e+38
BLOCK20/SES207/SA207S27	SES183	1e+38	-54.6794	-1e+38
BLOCK20/SES207/SA207S27	SES187	1e+38	-54.3636	-1e+38
BLOCK20/SES207/SA207S27	SES292	1e+38	-56.0123	-1e+38
BLOCK20/SES207/SA207S29	SES083	1e+38	-54.5603	-1e+38
BLOCK20/SES207/SA207S29	SES085	1e+38	-53.8037	-1e+38
BLOCK20/SES207/SA207S29	SES172	1e+38	-53.5149	-1e+38
BLOCK20/SES207/SA207S29	SES189	1e+38	-56.0793	-1e+38
BLOCK22/SES221/SA221S12	SES068	1e+38	-55.1601	-1e+38
BLOCK22/SES221/SA221S12	SES143	1e+38	-54.8857	-1e+38
BLOCK22/SES221/SA221S12	SES175	1e+38	-52.8878	-1e+38
BLOCK22/SES221/SA221S12	SES202	1e+38	-52.4477	-1e+38
BLOCK22/SES221/SA221S15	SES085	1e+38	-57.4203	-1e+38
BLOCK22/SES221/SA221S15	SES143	1e+38	-56.8934	-1e+38
BLOCK22/SES221/SA221S15	SES175	1e+38	-54.3507	-1e+38
BLOCK22/SES221/SA221S15	SES187	1e+38	-53.2329	-1e+38
BLOCK22/SES221/SA221S23	SES068	1e+38	-55.3733	-1e+38
BLOCK22/SES221/SA221S23	SES143	1e+38	-56.1153	-1e+38
BLOCK22/SES221/SA221S23	SES175	1e+38	-52.7034	-1e+38
BLOCK22/SES221/SA221S23	SES189	1e+38	-52.2706	-1e+38
BLOCK22/SES221/SA221S27	SES085	1e+38	-58.393	-1e+38
BLOCK22/SES221/SA221S27	SES143	1e+38	-55.5338	-1e+38
BLOCK22/SES221/SA221S27	SES175	1e+38	-54.677	-1e+38
BLOCK22/SES221/SA221S27	SES189	1e+38	-51.9383	-1e+38
BLOCK22/SES221/SA221S29	SES085	1e+38	-58.4899	-1e+38
BLOCK22/SES221/SA221S29	SES143	1e+38	-56.8308	-1e+38
BLOCK22/SES221/SA221S29	SES175	1e+38	-53.451	-1e+38
BLOCK22/SES221/SA221S29	SES187	1e+38	-52.5878	-1e+38
BLOCK22/SES223/SA223S11	SES143	1e+38	-56.0332	-1e+38
BLOCK22/SES223/SA223S11	SES144	1e+38	-56.9588	-1e+38
BLOCK22/SES223/SA223S11	SES175	1e+38	-54.1029	-1e+38
BLOCK22/SES223/SA223S11	SES187	1e+38	-54.3438	-1e+38
BLOCK22/SES223/SA223S13	SES068	1e+38	-57.1851	-1e+38
BLOCK22/SES223/SA223S13	SES143	1e+38	-59.3156	-1e+38
BLOCK22/SES223/SA223S13	SES146	1e+38	-61.2443	-1e+38
BLOCK22/SES223/SA223S13	SES202	1e+38	-57.2997	-1e+38
BLOCK22/SES223/SA223S22	SES143	1e+38	-54.6319	-1e+38
BLOCK22/SES223/SA223S22	SES144	1e+38	-56.7548	-1e+38
BLOCK22/SES223/SA223S22	SES175	1e+38	-53.9967	-1e+38
BLOCK22/SES223/SA223S22	SES187	1e+38	-53.7965	-1e+38
BLOCK22/SES223/SA223S25	SES068	1e+38	-56.3355	-1e+38
BLOCK22/SES223/SA223S25	SES143	1e+38	-56.6316	-1e+38
BLOCK22/SES223/SA223S25	SES175	1e+38	-55.1409	-1e+38
BLOCK22/SES223/SA223S25	SES187	1e+38	-54.4233	-1e+38
BLOCK22/SES223/SA223S27	SES143	1e+38	-54.654	-1e+38
BLOCK22/SES223/SA223S27	SES146	1e+38	-55.7348	-1e+38
BLOCK22/SES223/SA223S27	SES187	1e+38	-54.1726	-1e+38
BLOCK22/SES223/SA223S27	SES292	1e+38	-57.8757	-1e+38
BLOCK27/SES273/SA273S12	SES099	1e+38	-51.4328	-1e+38
BLOCK27/SES273/SA273S12	SES104	1e+38	-50.1376	-1e+38
BLOCK27/SES273/SA273S12	SES125	1e+38	-52.1624	-1e+38
BLOCK27/SES273/SA273S12	SES206	1e+38	-49.4797	-1e+38
BLOCK27/SES273/SA273S13	SES099	1e+38	-50.9876	-1e+38
BLOCK27/SES273/SA273S13	SES104	1e+38	-50.2776	-1e+38
BLOCK27/SES273/SA273S13	SES206	1e+38	-50.8104	-1e+38
BLOCK27/SES273/SA273S13	SES292	1e+38	-59.5244	-1e+38
BLOCK27/SES273/SA273S21	SES099	1e+38	-50.8238	-1e+38
BLOCK27/SES273/SA273S21	SES148	1e+38	-58.9885	-1e+38
BLOCK27/SES273/SA273S21	SES149	1e+38	-51.7719	-1e+38
BLOCK27/SES273/SA273S21	SES177	1e+38	-62.9489	-1e+38
BLOCK27/SES273/SA273S25	SES104	1e+38	-49.8547	-1e+38
BLOCK27/SES273/SA273S25	SES125	1e+38	-52.6117	-1e+38
BLOCK27/SES273/SA273S25	SES158	1e+38	-48.7247	-1e+38
BLOCK27/SES273/SA273S25	SES206	1e+38	-49.9284	-1e+38
BLOCK27/SES273/SA273S27	SES099	1e+38	-50.516	-1e+38
BLOCK27/SES273/SA273S27	SES104	1e+38	-50.7413	-1e+38
BLOCK27/SES273/SA273S27	SES149	1e+38	-51.7959	-1e+38
BLOCK27/SES273/SA273S27	SES275	1e+38	-55.0361	-1e+38
BLOCK27/SES274/SA274S10	SES105	1e+38	-58.9084	-1e+38
BLOCK27/SES274/SA274S10	SES125	1e+38	-51.7003	-1e+38
BLOCK27/SES274/SA274S10	SES129	1e+38	-56.5418	-1e+38
BLOCK27/SES274/SA274S10	SES158	1e+38	-55.7777	-1e+38
BLOCK27/SES274/SA274S11	SES105	1e+38	-57.7861	-1e+38
BLOCK27/SES274/SA274S11	SES149	1e+38	-52.2173	-1e+38
BLOCK27/SES274/SA274S11	SES158	1e+38	-55.3601	-1e+38
BLOCK27/SES274/SA274S11	SES275	1e+38	-58.1345	-1e+38
BLOCK27/SES274/SA274S21	SES105	1e+38	-59.4164	-1e+38
BLOCK27/SES274/SA274S21	SES129	1e+38	-57.2555	-1e+38
BLOCK27/SES274/SA274S21	SES149	1e+38	-52.8626	-1e+38
BLOCK27/SES274/SA274S21	SES158	1e+38	-58.1516	-1e+38
BLOCK27/SES274/SA274S24	SES105	1e+38	-62.5387	-1e+38
BLOCK27/SES274/SA274S24	SES129	1e+38	-58.0989	-1e+38
BLOCK27/SES274/SA274S24	SES149	1e+38	-54.6903	-1e+38
BLOCK27/SES274/SA274S24	SES158	1e+38	-59.5819	-1e+38
BLOCK27/SES274/SA274S29	SES105	1e+38	-57.5061	-1e+38
BLOCK27/SES274/SA274S29	SES106	1e+38	-52.9582	-1e+38
BLOCK27/SES274/SA274S29	SES120	1e+38	-56.209	-1e+38
BLOCK27/SES274/SA274S29	SES275	1e+38	-56.9759	-1e+38
BLOCK27/SES276/SA276S16	SES148	1e+38	-55.2092	-1e+38
BLOCK27/SES276/SA276S16	SES172	1e+38	-56.3336	-1e+38
BLOCK27/SES276/SA276S16	SES180	1e+38	-57.8326	-1e+38
BLOCK27/SES276/SA276S16	SES292	1e+38	-53.661	-1e+38
BLOCK27/SES276/SA276S17	SES101	1e+38	-54.5653	-1e+38
BLOCK27/SES276/SA276S17	SES177	1e+38	-55.0258	-1e+38
BLOCK27/SES276/SA276S17	SES180	1e+38	-55.1513	-1e+38
BLOCK27/SES276/SA276S17	SES292	1e+38	-53.7536	-1e+38
BLOCK27/SES276/SA276S24	SES101	1e+38	-51.8165	-1e+38
BLOCK27/SES276/SA276S24	SES177	1e+38	-52.3948	-1e+38
BLOCK27/SES276/SA276S24	SES180	1e+38	-53.2533	-1e+38
BLOCK27/SES276/SA276S24	SES292	1e+38	-52.4139	-1e+38
BLOCK27/SES276/SA276S26	SES101	1e+38	-55.5956	-1e+38
BLOCK27/SES276/SA276S26	SES177	1e+38	-55.0498	-1e+38
BLOCK27/SES276/SA276S26	SES180	1e+38	-54.7093	-1e+38
BLOCK27/SES276/SA276S26	SES292	1e+38	-54.7508	-1e+38
BLOCK27/SES276/SA276S28	SES101	1e+38	-54.8327	-1e+38
BLOCK27/SES276/SA276S28	SES177	1e+38	-54.7943	-1e+38
BLOCK27/SES276/SA276S28	SES180	1e+38	-54.4129	-1e+38
BLOCK27/SES276/SA276S28	SES292	1e+38	-55.1812	-1e+38
BLOCK27/SES277/SA277S12	SES101	1e+38	-54.5875	-1e+38
BLOCK27/SES277/SA277S12	SES177	1e+38	-56.0441	-1e+38
BLOCK27/SES277/SA277S12	SES180	1e+38	-55.8527	-1e+38
BLOCK27/SES277/SA277S12	SES292	1e+38	-57.6419	-1e+38
BLOCK27/SES277/SA277S14	SES177	1e+38	-53.5587	-1e+38
BLOCK27/SES277/SA277S14	SES180	1e+38	-56.2867	-1e+38
BLOCK27/SES277/SA277S14	SES189	1e+38	-53.8607	-1e+38
BLOCK27/SES277/SA277S14	SES292	1e+38	-58.0487	-1e+38
BLOCK27/SES277/SA277S21	SES177	1e+38	-53.1748	-1e+38
BLOCK27/SES277/SA277S21	SES180	1e+38	-54.9654	-1e+38
BLOCK27/SES277/SA277S21	SES189	1e+38	-54.2076	-1e+38
BLOCK27/SES277/SA277S21	SES292	1e+38	-57.1663	-1e+38
BLOCK27/SES277/SA277S24	SES144	1e+38	-57.1913	-1e+38
BLOCK27/SES277/SA277S24	SES177	1e+38	-55.1753	-1e+38
BLOCK27/SES277/SA277S24	SES180	1e+38	-56.4081	-1e+38
BLOCK27/SES277/SA277S24	SES189	1e+38	-54.6601	-1e+38
BLOCK27/SES277/SA277S29	SES177	1e+38	-50.7382	-1e+38
BLOCK27/SES277/SA277S29	SES180	1e+38	-52.8751	-1e+38
BLOCK27/SES277/SA277S29	SES202	1e+38	-52.5227	-1e+38
BLOCK27/SES277/SA277S29	SES292	1e+38	-53.5309	-1e+38
BLOCK27/SES279/SA279S09	SES120	1e+38	-53.9143	-1e+38
BLOCK27/SES279/SA279S09	SES146	1e+38	-53.8917	-1e+38
BLOCK27/SES279/SA279S09	SES206	1e+38	-55.7302	-1e+38
BLOCK27/SES279/SA279S09	SES226	1e+38	-56.17	-1e+38
BLOCK27/SES279/SA279S10	SES099	1e+38	-57.2296	-1e+38
BLOCK27/SES279/SA279S10	SES206	1e+38	-56.2783	-1e+38
BLOCK27/SES279/SA279S10	SES226	1e+38	-55.7211	-1e+38
BLOCK27/SES279/SA279S10	SES292	1e+38	-56.1371	-1e+38
BLOCK27/SES279/SA279S20	SES099	1e+38	-56.1678	-1e+38
BLOCK27/SES279/SA279S20	SES206	1e+38	-54.1062	-1e+38
BLOCK27/SES279/SA279S20	SES226	1e+38	-54.5847	-1e+38
BLOCK27/SES279/SA279S20	SES292	1e+38	-54.204	-1e+38
BLOCK27/SES279/SA279S26	SES099	1e+38	-56.8696	-1e+38
BLOCK27/SES279/SA279S26	SES206	1e+38	-54.7795	-1e+38
BLOCK27/SES279/SA279S26	SES226	1e+38	-54.753	-1e+38
BLOCK27/SES279/SA279S26	SES292	1e+38	-55.8332	-1e+38
BLOCK27/SES279/SA279S28	SES099	1e+38	-56.3244	-1e+38
BLOCK27/SES279/SA279S28	SES120	1e+38	-53.7271	-1e+38
BLOCK27/SES279/SA279S28	SES177	1e+38	-59.3188	-1e+38
BLOCK27/SES279/SA279S28	SES206	1e+38	-54.0719	-1e+38
BLOCK29/SES290/SA290S12	SES162	1e+38	-52.166	-1e+38
BLOCK29/SES290/SA290S12	SES177	1e+38	-51.9595	-1e+38
BLOCK29/SES290/SA290S12	SES180	1e+38	-52.6028	-1e+38
BLOCK29/SES290/SA290S12	SES292	1e+38	-54.8375	-1e+38
BLOCK29/SES290/SA290S13	SES007	1e+38	-58.2929	-1e+38
BLOCK29/SES290/SA290S13	SES162	1e+38	-55.7712	-1e+38
BLOCK29/SES290/SA290S13	SES177	1e+38	-53.6184	-1e+38
BLOCK29/SES290/SA290S13	SES180	1e+38	-53.8134	-1e+38
BLOCK29/SES290/SA290S22	SES177	1e+38	-52.2951	-1e+38
BLOCK29/SES290/SA290S22	SES180	1e+38	-53.527	-1e+38
BLOCK29/SES290/SA290S22	SES202	1e+38	-53.7312	-1e+38
BLOCK29/SES290/SA290S22	SES292	1e+38	-56.3149	-1e+38
BLOCK29/SES290/SA290S25	SES162	1e+38	-51.8481	-1e+38
BLOCK29/SES290/SA290S25	SES177	1e+38	-52.2973	-1e+38
BLOCK29/SES290/SA290S25	SES180	1e+38	-52.0144	-1e+38
BLOCK29/SES290/SA290S25	SES292	1e+38	-54.4713	-1e+38
BLOCK29/SES290/SA290S29	SES177	1e+38	-50.3822	-1e+38
BLOCK29/SES290/SA290S29	SES180	1e+38	-50.6095	-1e+38
BLOCK29/SES290/SA290S29	SES275	1e+38	-53.0292	-1e+38
BLOCK29/SES290/SA290S29	SES292	1e+38	-51.8815	-1e+38
BLOCK29/SES291/SA291S11	SES105	1e+38	-61.6644	-1e+38
BLOCK29/SES291/SA291S11	SES125	1e+38	-53.4185	-1e+38
BLOCK29/SES291/SA291S11	SES158	1e+38	-57.8459	-1e+38
BLOCK29/SES291/SA291S11	SES275	1e+38	-63.1118	-1e+38
BLOCK29/SES291/SA291S12	SES158	1e+38	-51.7203	-1e+38
BLOCK29/SES291/SA291S12	SES226	1e+38	-53.7425	-1e+38
BLOCK29/SES291/SA291S12	SES270	1e+38	-52.0171	-1e+38
BLOCK29/SES291/SA291S12	SES275	1e+38	-58.7989	-1e+38
BLOCK29/SES291/SA291S22	SES082	1e+38	-53.6446	-1e+38
BLOCK29/SES291/SA291S22	SES158	1e+38	-55.3509	-1e+38
BLOCK29/SES291/SA291S22	SES259	1e+38	-57.0084	-1e+38
BLOCK29/SES291/SA291S22	SES275	1e+38	-60.3865	-1e+38
BLOCK29/SES291/SA291S24	SES104	1e+38	-52.5712	-1e+38
BLOCK29/SES291/SA291S24	SES125	1e+38	-51.4016	-1e+38
BLOCK29/SES291/SA291S24	SES158	1e+38	-55.1235	-1e+38
BLOCK29/SES291/SA291S24	SES275	1e+38	-61.3954	-1e+38
BLOCK29/SES291/SA291S27	SES158	1e+38	-53.2915	-1e+38
BLOCK29/SES291/SA291S27	SES172	1e+38	-63.5993	-1e+38
BLOCK29/SES291/SA291S27	SES275	1e+38	-60.5086	-1e+38
BLOCK29/SES291/SA291S27	SES292	1e+38	-63.4308	-1e+38
